64 25 00190040 001A0041 0
64 26 001A0040 001B0041 0
65 26 001A0041 001B0042 0
6 27 001B0006 001C0007 0
42 27 001B002A 001C002B 0
65 27 001B0041 001C0042 0
66 27 001B0042 001C0043 0
0 28 001C0000 001D0001 0
1 28 001C0001 001E0002 4
2 28 001C0002 001D0003 0
6 28 001C0006 001D0007 0
8 28 001C0008 001D0009 0
42 28 001C002A 001D002B 0
0 29 001D0000 001E0002 2
1 29 001C0000 001E0002 9
2 29 001D0001 001E0003 8
6 29 001D0006 001E0007 0
8 29 001D0008 001E0009 0
9 29 001D0009 001E000A 0
0 30 001E0000 001F0001 0
1 30 001D0001 001F0002 1
65 35 00230041 00240042 0
153 35 00230099 0025009A 4
10 36 0024000A 0025000B 0
65 36 00240041 00250042 0
66 36 00240042 00250043 0
152 36 00240098 00250099 0
153 36 00240099 0025009A 0
154 36 0024009A 0025009B 0
10 37 0025000A 0026000B 0
11 37 0025000B 0026000C 0
154 37 0025009A 0026009B 0
150 38 00260096 00270097 0
151 38 00260097 00270098 0
125 39 0027007D 0028007E 0
84 40 00280054 002A0055 4
93 40 0028005D 0029005E 0
94 40 0028005E 0029005F 0
124 40 0028007C 0029007D 0
125 40 0028007D 0029007E 0
83 41 00290053 002A0055 2
84 41 00290054 002B0055 4
85 41 00290054 002A0056 8
93 41 0029005D 002A005E 0
94 41 0029005E 002A005F 0
124 41 0029007C 002A007D 0
83 42 002A0053 002B0055 2
84 42 00290054 002B0055 1
85 42 002A0054 002B0056 8
123 42 002A007B 002B007D 2
124 42 002A007C 002B007D 0
84 43 002A0054 002C0055 1
102 43 002B0066 002D0067 4
123 43 002B007B 002C007D 2
124 43 002B007B 002C007D 8
149 43 002B0095 002C0096 0
101 44 002C0065 002D0067 2
102 44 002C0066 002E0067 4
103 44 002C0066 002D0068 8
104 44 002C0068 002D0069 0
123 44 002C007B 002D007C 0
124 44 002C007B 002D007D 8
149 44 002C0095 002D0096 0
101 45 002D0065 002E0066 0
102 45 002C0066 002E0067 1
103 45 002C0067 002E0068 1
122 45 002D007A 002E007C 2
123 45 002D007B 002F007C 4
98 46 002E0062 002F0063 0
99 46 002E0063 002F0064 0
122 46 002E007A 002F007B 0
123 46 002E007A 002F007C 8
124 46 002E007C 002F007D 0
121 47 002F0079 0030007B 2
122 47 002F007A 0031007B 4
66 48 00300042 00310043 0
121 48 00300079 0031007A 0
122 48 00300079 0031007B 8
123 48 0030007B 0031007C 0
149 48 00300095 00310096 0
150 48 00300096 00310097 0
151 48 00300097 00310098 0
65 49 00310041 00320042 0
66 49 00310042 00320043 0
69 49 00310045 00320046 0
70 49 00310046 00320047 0
121 49 00310079 0032007A 0
123 49 0031007B 0032007C 0
149 49 00310095 00320097 2
150 49 00300095 00330097 D
64 50 00320040 00330041 0
65 50 00320041 00330042 0
73 50 00320049 0033004A 0
149 50 00320095 00340097 6
150 50 00320095 00340097 C
151 50 00320096 00340098 C
63 51 0033003F 00340040 0
64 51 00330040 00340041 0
73 51 00330049 0035004A 4
74 51 00330049 0035004B C
121 51 00330079 0034007A 0
122 51 0033007A 0034007B 0
123 51 0033007B 0034007C 0
148 51 00330094 00340096 2
149 51 00330095 00350097 6
150 51 00320095 00340097 9
151 51 00330096 00340098 8
152 51 00330098 00340099 0
70 52 00340046 00350047 0
72 52 00340048 0036004A 6
73 52 00340049 0036004B 6
74 52 00340049 0036004B C
75 52 0034004A 0036004C C
76 52 0034004C 0036004D 4
77 52 0034004D 0036004E 4
78 52 0034004E 0036004F 4
121 52 00340079 0035007A 0
122 52 0033007A 0035007B 1
148 52 00340094 00350096 2
149 52 00330094 00350096 9
150 52 00330095 00350097 9
3 53 00350003 00360004 0
4 53 00350004 00360005 0
70 53 00350046 00370047 4
71 53 00350046 00370049 E
72 53 00350048 0037004A 6
73 53 00340048 0037004B F
74 53 00340049 0037004C F
75 53 0034004A 0037004D F
76 53 0034004B 0037004E F
77 53 0034004C 0037004F F
78 53 0035004D 0037004F C
79 53 0035004E 00360050 8
148 53 00350094 00360096 2
149 53 00340095 00360096 1
3 54 00360003 00370004 0
4 54 00360004 00370005 0
69 54 00360045 00370047 2
70 54 00360046 00380048 6
71 54 00350046 00370048 9
72 54 00350047 00370049 9
73 54 00350049 0037004A 1
74 54 0035004A 0037004B 1
75 54 0035004B 0037004D 3
76 54 0035004C 0037004E 3
77 54 0035004C 0038004F F
78 54 0035004D 00380050 F
79 54 0036004E 00380050 C
149 54 00360095 00370096 0
155 54 0036009B 0037009C 0
69 55 00370045 00380046 0
70 55 00360046 00380047 1
71 55 00360047 00380048 1
76 55 0036004C 0038004E 3
77 55 0036004C 0039004F F
78 55 0036004D 00390050 F
79 55 0037004E 00390050 C
80 55 0037004F 00380051 8
111 55 0037006F 00380070 0
112 55 00370070 00390071 4
113 55 00370071 00390072 4
114 55 00370072 00380073 0
155 55 0037009B 0038009C 0
76 56 0038004C 0039004E 2
77 56 0037004D 0039004F 3
78 56 0037004D 003A0050 F
79 56 0037004E 00390050 9
80 56 0038004F 00390051 8
111 56 0038006F 00390070 0
112 56 00370070 00390071 1
113 56 00370071 00390072 1
114 56 00380072 00390073 0
77 57 0038004D 003A004F 3
78 57 0038004D 003B0050 F
79 57 0038004E 003A0050 9
4 58 003A0004 003B0005 0
5 58 003A0005 003B0006 0
77 58 003A004D 003C004F 6
78 58 0039004D 003C0050 F
79 58 003A004E 003B0050 8
4 59 003B0004 003C0006 2
5 59 003B0004 003C0006 8
76 59 003B004C 003C004E 2
77 59 003B004D 003D004F 6
78 59 003A004D 003D0050 F
79 59 003B004E 003C0050 8
4 60 003C0004 003D0006 2
5 60 003C0004 003D0006 8
76 60 003C004C 003D004E 2
77 60 003B004C 003E004F F
78 60 003B004D 003E0050 F
79 60 003C004E 003D0050 8
151 60 003C0097 003D0098 0
152 60 003C0098 003D0099 0
4 61 003D0004 003E0006 2
5 61 003D0004 003E0006 8
76 61 003D004C 003E004E 2
77 61 003C004C 003F004F F
78 61 003C004D 003F0050 F
79 61 003D004E 003E0050 8
116 61 003D0074 003F0075 4
117 61 003D0075 003F0076 4
152 61 003D0098 003E0099 0
4 62 003E0004 003F0006 2
5 62 003E0005 003F0006 0
76 62 003E004C 003F004E 2
77 62 003D004C 0040004F F
78 62 003D004D 00400050 F
79 62 003E004E 003F0050 8
115 62 003E0073 003F0075 2
116 62 003E0074 00400076 6
117 62 003E0074 00400076 C
118 62 003E0075 00400077 C
5 63 003F0005 00400006 0
76 63 003F004C 0041004E 6
77 63 003E004C 0041004F F
78 63 003E004D 00410050 F
79 63 003F004E 00410050 C
115 63 003F0073 00400075 2
116 63 003E0073 00410076 F
117 63 003E0074 00410077 F
118 63 003F0075 00400077 8
119 63 003F0076 00400078 8
121 63 003F0079 0040007A 0
122 63 003F007A 0040007B 0
129 63 003F0081 00400082 0
130 63 003F0082 00410083 4
131 63 003F0083 00410084 4
132 63 003F0084 00410085 4
133 63 003F0085 00410086 4
134 63 003F0086 00410087 4
135 63 003F0087 00410088 4
2 64 00400002 00420003 4
5 64 00400005 00420006 4
75 64 0040004B 0041004D 2
76 64 0040004C 0042004E 6
77 64 003F004C 0042004F F
78 64 003F004D 00420050 F
79 64 0040004E 00420050 C
80 64 0040004F 00420051 C
81 64 00400051 00420052 4
115 64 00400073 00410075 2
116 64 003F0073 00410075 9
117 64 003F0074 00410076 9
118 64 003F0076 00410077 1
129 64 00400081 00410083 2
130 64 003F0081 00420084 F
131 64 003F0082 00420085 F
132 64 003F0083 00420086 F
133 64 003F0084 00420087 F
134 64 003F0085 00420088 F
135 64 00400086 00420088 C
136 64 00400087 00420089 C
137 64 00400089 0042008A 4
138 64 0040008A 0042008B 4
139 64 0040008B 0042008C 4
140 64 0040008C 0041008D 0
0 65 00410000 00420001 0
1 65 00410001 00420003 2
2 65 00410002 00430003 4
3 65 00410002 00430004 C
4 65 00410004 00430006 6
5 65 00410005 00430006 4
6 65 00410005 00430007 C
7 65 00410007 00430008 4
8 65 00410008 00430009 4
9 65 00410009 0043000A 4
10 65 0041000A 0043000B 4
11 65 0041000B 0043000C 4
12 65 0041000C 0043000D 4
13 65 0041000D 0043000E 4
14 65 0041000E 0043000F 4
15 65 0041000F 00430010 4
16 65 00410010 00430011 4
17 65 00410011 00430012 4
18 65 00410012 00430013 4
19 65 00410013 00430014 4
20 65 00410014 00430015 4
21 65 00410015 00430016 4
22 65 00410016 00430017 4
23 65 00410017 00430018 4
24 65 00410018 00430019 4
25 65 00410019 0043001A 4
26 65 0041001A 0043001B 4
27 65 0041001B 0043001C 4
28 65 0041001C 0043001D 4
29 65 0041001D 0043001E 4
75 65 0041004B 0042004D 2
76 65 0040004B 0043004E F
77 65 0040004C 0043004F F
78 65 0040004D 00430050 F
79 65 0040004E 00430051 F
80 65 0040004F 00430052 F
81 65 00410050 00430052 C
82 65 00410051 00430053 C
115 65 00410073 00420074 0
116 65 00400074 00420075 1
129 65 00410081 00420083 2
130 65 00400081 00430084 F
131 65 00400082 00430085 F
132 65 00400083 00430086 F
133 65 00400084 00430087 F
134 65 00400085 00430088 F
135 65 00400086 00430089 F
136 65 00400087 0043008A F
137 65 00400088 0043008B F
138 65 00400089 0043008C F
139 65 0040008A 0043008D F
140 65 0041008B 0042008D 8
1 66 00410001 00430002 1
2 66 00410002 00430003 1
3 66 00410003 00430005 3
4 66 00410004 00430006 3
5 66 00410004 00440007 F
6 66 00410005 00440008 F
7 66 00410006 00440009 F
8 66 00410007 0044000A F
9 66 00410008 0044000B F
10 66 00410009 0044000C F
11 66 0041000A 0044000D F
12 66 0041000B 0044000E F
13 66 0041000C 0044000F F
14 66 0041000D 00440010 F
15 66 0041000E 00440011 F
16 66 0041000F 00440012 F
17 66 00410010 00440013 F
18 66 00410011 00440014 F
19 66 00410012 00440015 F
20 66 00410013 00440016 F
21 66 00410014 00440017 F
22 66 00410015 00440018 F
23 66 00410016 00440019 F
24 66 00410017 0044001A F
25 66 00410018 0044001B F
26 66 00410019 0044001C F
27 66 0041001A 0044001D F
28 66 0041001B 0044001E F
29 66 0042001C 0044001E C
30 66 0042001D 0044001F C
31 66 0042001F 00440020 4
32 66 00420020 00440021 4
33 66 00420021 00430022 0
34 66 00420022 00430023 0
35 66 00420023 00430024 0
36 66 00420024 00430025 0
37 66 00420025 00430026 0
38 66 00420026 00430027 0
39 66 00420027 00430028 0
40 66 00420028 00430029 0
41 66 00420029 0044002A 4
42 66 0042002A 0044002B 4
43 66 0042002B 0044002C 4
44 66 0042002C 0044002D 4
45 66 0042002D 0044002E 4
46 66 0042002E 0044002F 4
47 66 0042002F 00440030 4
48 66 00420030 00440031 4
49 66 00420031 00440032 4
50 66 00420032 00440033 4
51 66 00420033 00440034 4
52 66 00420034 00440035 4
53 66 00420035 00440036 4
54 66 00420036 00440037 4
55 66 00420037 00440038 4
56 66 00420038 00440039 4
57 66 00420039 0044003A 4
58 66 0042003A 0044003B 4
59 66 0042003B 0044003C 4
60 66 0042003C 0044003D 4
61 66 0042003D 0044003E 4
62 66 0042003E 0044003F 4
63 66 0042003F 00440040 4
64 66 00420040 00440041 4
65 66 00420041 00440042 4
66 66 00420042 00440043 4
75 66 0042004B 0044004D 6
76 66 0041004B 0044004E F
77 66 0041004C 0044004F F
78 66 0041004D 00440050 F
79 66 0041004E 00440051 F
80 66 0041004F 00440052 F
81 66 00410050 00440053 F
82 66 00420051 00440053 C
83 66 00420052 00440054 C
117 66 00420075 00440076 4
118 66 00420076 00430077 0
125 66 0042007D 0043007E 0
126 66 0042007E 0044007F 4
127 66 0042007F 00430080 0
129 66 00420081 00430082 0
130 66 00410082 00430083 1
131 66 00410083 00430084 1
132 66 00410084 00430085 1
133 66 00410085 00430086 1
134 66 00410086 00430087 1
135 66 00410087 00430089 3
136 66 00410088 0043008A 3
137 66 00410088 0044008B F
138 66 00410089 0044008C F
139 66 0041008A 0044008D F
140 66 0042008B 0043008D 8
4 67 00420004 00440006 3
5 67 00420004 00450007 F
6 67 00420005 00450008 F
7 67 00420006 00450009 F
8 67 00420007 0045000A F
9 67 00420008 0045000B F
10 67 00420009 0045000C F
11 67 0042000A 0045000D F
12 67 0042000B 0045000E F
13 67 0042000C 0045000F F
14 67 0042000D 00450010 F
15 67 0042000E 00450011 F
16 67 0042000F 00450012 F
17 67 00420010 00450013 F
18 67 00420011 00450014 F
19 67 00420012 00450015 F
20 67 00420013 00450016 F
21 67 00420014 00450017 F
22 67 00420015 00450018 F
23 67 00420016 00450019 F
24 67 00420017 0045001A F
25 67 00420018 0045001B F
26 67 00420019 0045001C F
27 67 0042001A 0045001D F
28 67 0042001B 0045001E F
29 67 0042001C 0045001F F
30 67 0042001D 00450020 F
31 67 0042001E 00450021 F
32 67 0042001F 00450022 F
33 67 00420020 00440022 9
38 67 00420026 00440027 1
40 67 00420028 00440029 1
41 67 00420029 0044002A 1
42 67 0042002A 0044002B 1
43 67 0042002B 0044002C 1
44 67 0042002C 0044002D 1
45 67 0042002D 0044002E 1
46 67 0042002E 0044002F 1
47 67 0042002F 00440030 1
48 67 00420030 00440031 1
49 67 00420031 00440032 1
50 67 00420032 00440033 1
51 67 00420033 00440034 1
52 67 00420034 00440035 1
53 67 00420035 00440036 1
54 67 00420036 00440037 1
55 67 00420037 00440038 1
56 67 00420038 00440039 1
57 67 00420039 0044003A 1
58 67 0042003A 0044003B 1
59 67 0042003B 0044003C 1
60 67 0042003C 0044003D 1
61 67 0042003D 0044003E 1
62 67 0042003E 0044003F 1
63 67 0042003F 00440040 1
64 67 00420040 00440041 1
65 67 00420041 00440042 1
66 67 00430042 00440043 0
67 67 00430043 00440044 0
68 67 00430044 00440045 0
69 67 00430045 00440046 0
70 67 00430046 00440047 0
71 67 00430047 00440048 0
72 67 00430048 00440049 0
73 67 00430049 0044004A 0
74 67 0043004A 0045004C 6
75 67 0043004B 0044004C 0
76 67 0042004B 0044004D 9
77 67 0042004D 0044004E 1
78 67 0042004E 00440050 3
79 67 0042004F 00440051 3
80 67 0042004F 00450052 F
81 67 00420050 00450053 F
82 67 00420051 00450054 F
83 67 00430052 00450054 C
84 67 00430053 00450055 C
85 67 00430055 00450056 4
86 67 00430056 00450057 4
87 67 00430057 00450058 4
88 67 00430058 00450059 4
89 67 00430059 0045005A 4
90 67 0043005A 0045005B 4
91 67 0043005B 0045005C 4
92 67 0043005C 0045005D 4
93 67 0043005D 0045005E 4
94 67 0043005E 0045005F 4
95 67 0043005F 00450060 4
96 67 00430060 00450061 4
97 67 00430061 00450062 4
98 67 00430062 00450063 4
99 67 00430063 00450064 4
100 67 00430064 00450065 4
109 67 0043006D 0045006E 4
111 67 0043006F 00450070 4
112 67 00430070 00450071 4
113 67 00430071 00440072 0
116 67 00430074 00440076 2
117 67 00430075 00440076 0
118 67 00430075 00440077 8
125 67 0043007D 0045007F 6
126 67 0042007D 00450080 F
127 67 0043007E 00450080 C
136 67 00420088 0045008A 7
137 67 00420088 0045008B F
138 67 00420089 0045008C F
139 67 0042008A 0045008D F
140 67 0043008B 0045008D C
142 67 0043008E 0045008F 4
143 67 0043008F 00440090 0
149 67 00430095 00450096 4
150 67 00430096 00450097 4
4 68 00440004 00450006 2
5 68 00430004 00460007 F
6 68 00430005 00460008 F
7 68 00430006 00460009 F
8 68 00430007 0046000A F
9 68 00430008 0046000B F
10 68 00430009 0046000C F
11 68 0043000A 0046000D F
12 68 0043000B 0046000E F
13 68 0043000C 0046000F F
14 68 0043000D 00460010 F
15 68 0043000E 00460011 F
16 68 0043000F 00460012 F
17 68 00430010 00460013 F
18 68 00430011 00460014 F
19 68 00430012 00460015 F
20 68 00430013 00460016 F
21 68 00430014 00460017 F
22 68 00430015 00460018 F
23 68 00430016 00460019 F
24 68 00430017 0046001A F
25 68 00430018 0046001B F
26 68 00430019 0046001C F
27 68 0043001A 0045001C 9
28 68 0043001B 0045001D 9
29 68 0043001D 0045001F 3
30 68 0043001E 00450020 3
31 68 0043001E 00460021 F
32 68 0043001F 00460022 F
33 68 00440020 00450022 8
73 68 00430049 0045004B 3
74 68 0043004A 0045004C 3
75 68 0043004A 0045004C 9
79 68 0043004F 00450051 3
80 68 0043004F 00460052 F
81 68 00430050 00460053 F
82 68 00430051 00450053 9
83 68 00430052 00450054 9
84 68 00430054 00450055 1
85 68 00430055 00450056 1
86 68 00430056 00450057 1
87 68 00430057 00450058 1
88 68 00430058 00450059 1
89 68 00430059 0045005A 1
90 68 0043005A 0045005B 1
91 68 0043005B 0045005C 1
92 68 0043005C 0045005D 1
93 68 0043005D 0045005E 1
94 68 0043005E 0045005F 1
95 68 0043005F 00450060 1
96 68 00430060 00450061 1
97 68 00430061 00450062 1
98 68 00430062 00450063 1
99 68 00430063 00450064 1
100 68 00440064 00450065 0
101 68 00440065 00450066 0
102 68 00440066 00450067 0
103 68 00440067 00450068 0
104 68 00440068 00450069 0
105 68 00440069 0045006A 0
106 68 0044006A 0045006B 0
107 68 0044006B 0045006C 0
108 68 0044006C 0045006E 2
109 68 0044006D 0046006E 4
110 68 0044006D 00460070 E
111 68 0044006F 00460071 6
112 68 0043006F 00450071 9
113 68 00440070 00450072 8
117 68 00430075 00450076 1
122 68 0044007A 0046007B 4
123 68 0044007B 0046007C 4
124 68 0044007C 0046007E 6
125 68 0044007D 0046007F 6
126 68 0043007D 00460080 F
127 68 0044007E 00460080 C
128 68 0044007F 00460081 C
129 68 00440081 00460082 4
130 68 00440082 00460083 4
131 68 00440083 00460084 4
132 68 00440084 00460085 4
133 68 00440085 00460086 4
134 68 00440086 00460087 4
135 68 00440087 00460089 6
136 68 00440088 0046008A 6
137 68 00430088 0046008B F
138 68 00430089 0046008C F
139 68 0043008A 0046008D F
140 68 0044008B 0046008D C
141 68 0044008C 0046008F E
142 68 0044008E 00460090 6
143 68 0044008E 00460090 C
146 68 00440092 00460093 4
147 68 00440093 00460094 4
148 68 00440094 00460096 6
149 68 00440095 00460097 6
150 68 00440095 00460097 C
151 68 00440096 00460098 C
152 68 00440098 00460099 4
153 68 00440099 0046009A 4
154 68 0044009A 0046009B 4
155 68 0044009B 0046009C 4
156 68 0044009C 0046009D 4
157 68 0044009D 0046009E 4
158 68 0044009E 0046009F 4
159 68 0044009F 004500A0 0
4 69 00450004 00460006 2
5 69 00440004 00470007 F
6 69 00440005 00470008 F
7 69 00440006 00470009 F
8 69 00440007 0047000A F
9 69 00440008 0047000B F
10 69 00440009 0047000C F
11 69 0044000A 0047000D F
12 69 0044000B 0047000E F
13 69 0044000C 0047000F F
14 69 0044000D 00470010 F
15 69 0044000E 00470011 F
16 69 0044000F 00470012 F
17 69 00440010 00470013 F
18 69 00440011 00470014 F
19 69 00440012 00470015 F
20 69 00440013 00470016 F
21 69 00440014 00470017 F
22 69 00440015 00470018 F
23 69 00440016 00470019 F
24 69 00440017 0047001A F
25 69 00440018 0047001B F
26 69 00440019 0047001C F
27 69 0044001A 0047001C D
30 69 0044001E 00470020 7
31 69 0044001E 00470021 F
32 69 0044001F 00470022 F
33 69 00450020 00460022 8
74 69 0044004A 0046004B 1
75 69 0045004B 0046004C 0
79 69 0045004F 00460051 2
80 69 00440050 00460052 3
81 69 00440050 00470053 F
82 69 00440051 00470053 D
108 69 0044006C 0046006D 1
109 69 0044006D 0046006E 1
110 69 0044006E 0046006F 1
111 69 0044006F 00460071 3
112 69 00440070 00460071 1
121 69 00450079 0046007B 2
122 69 0045007A 0046007B 0
123 69 0044007A 0046007C 9
124 69 0044007C 0046007D 1
125 69 0044007D 0046007E 1
126 69 0044007E 0046007F 1
127 69 0044007F 00460080 1
128 69 00440080 00460081 1
129 69 00440081 00460082 1
130 69 00440082 00460083 1
131 69 00440083 00460084 1
132 69 00440084 00460085 1
133 69 00440085 00460086 1
134 69 00440086 00460087 1
135 69 00440087 00460088 1
136 69 00440088 00460089 1
137 69 00440089 0046008A 1
138 69 0044008A 0046008B 1
139 69 0044008B 0046008C 1
140 69 0044008C 0046008D 1
141 69 0044008D 0046008E 1
142 69 0044008E 0046008F 1
143 69 0045008F 00460090 0
144 69 00450090 00460091 0
145 69 00450091 00460093 2
146 69 00450092 00460094 2
147 69 00440092 00470095 F
148 69 00440093 00470096 F
149 69 00440094 00470097 F
150 69 00440095 00470098 F
151 69 00440096 00470099 F
152 69 00440097 0047009A F
153 69 00440098 0047009B F
154 69 00440099 0047009C F
155 69 0044009A 0047009D F
156 69 0044009B 0047009E F
157 69 0044009C 0047009F F
158 69 0044009D 004700A0 F
159 69 0045009E 004600A0 8
4 70 00460004 00480006 6
5 70 00450004 00480007 F
6 70 00450005 00480008 F
7 70 00450006 00480009 F
8 70 00450007 0048000A F
9 70 00450008 0048000B F
10 70 00450009 0048000C F
11 70 0045000A 0048000D F
12 70 0045000B 0048000E F
13 70 0045000C 0048000F F
14 70 0045000D 00480010 F
15 70 0045000E 00480011 F
16 70 0045000F 00480012 F
17 70 00450010 00480013 F
18 70 00450011 00480014 F
19 70 00450012 00480015 F
20 70 00450013 00480016 F
21 70 00450014 00480017 F
22 70 00450015 00480018 F
23 70 00450016 00480019 F
24 70 00450017 0048001A F
25 70 00450018 0048001B F
26 70 00450019 0048001C F
27 70 0046001A 0048001C C
28 70 0046001B 0048001D C
29 70 0046001D 0048001F 6
30 70 0046001E 00480020 6
31 70 0045001E 00480021 F
32 70 0045001F 00480022 F
33 70 00460020 00470022 8
64 70 00460040 00480041 4
66 70 00460042 00480043 4
68 70 00460044 00480045 4
69 70 00460045 00480046 4
73 70 00460049 0048004A 4
80 70 00450050 00470052 3
81 70 00450050 00480053 F
82 70 00460051 00480053 C
83 70 00460052 00480054 C
106 70 0046006A 0048006B 4
112 70 00460070 00470071 0
121 70 00460079 0047007B 2
122 70 00450079 0047007B 9
146 70 00450092 00470093 1
147 70 00450093 00470094 1
148 70 00450094 00470095 1
149 70 00450095 00470096 1
150 70 00450096 00470097 1
151 70 00450097 00470098 1
152 70 00450098 00470099 1
153 70 00450099 0047009A 1
154 70 0045009A 0047009B 1
155 70 0045009B 0047009C 1
156 70 0045009C 0047009D 1
157 70 0045009D 0047009E 1
158 70 0045009E 0047009F 1
159 70 0046009F 004700A0 0
3 71 00470003 00480005 2
4 71 00470004 00490006 6
5 71 00460004 00490007 F
6 71 00460005 00490008 F
7 71 00460006 00490009 F
8 71 00460007 0049000A F
9 71 00460008 0049000B F
10 71 00460009 0049000C F
11 71 0046000A 0049000D F
12 71 0046000B 0049000E F
13 71 0046000C 0049000F F
14 71 0046000D 00490010 F
15 71 0046000E 00490011 F
16 71 0046000F 00490012 F
17 71 00460010 00490013 F
18 71 00460011 00490014 F
19 71 00460012 00490015 F
20 71 00460013 00490016 F
21 71 00460014 00490017 F
22 71 00460015 00490018 F
23 71 00460016 00490019 F
24 71 00460017 0049001A F
25 71 00460018 0049001B F
26 71 00460019 0049001C F
27 71 0046001A 0049001D F
28 71 0046001B 0049001E F
29 71 0046001C 0049001F F
30 71 0046001D 00490020 F
31 71 0046001E 00490021 F
32 71 0046001F 00490022 F
33 71 00470020 00480022 8
63 71 0047003F 00480041 2
64 71 00470040 00490041 4
65 71 00470040 00490043 E
66 71 00470042 00490043 4
67 71 00470042 00490045 E
68 71 00470044 00490046 6
69 71 00470044 00490046 C
70 71 00470045 00490047 C
71 71 00470047 00490048 4
72 71 00470048 0049004A 6
73 71 00470049 0048004A 0
74 71 00470049 0048004B 8
80 71 00470050 00480052 2
81 71 00460050 00490053 F
82 71 00460051 00490054 F
83 71 00470052 00490054 C
84 71 00470053 00490055 C
85 71 00470055 00490056 4
86 71 00470056 00490057 4
87 71 00470057 00490058 4
90 71 0047005A 0049005B 4
91 71 0047005B 0049005C 4
92 71 0047005C 0049005D 4
94 71 0047005E 0049005F 4
95 71 0047005F 00490060 4
96 71 00470060 00490061 4
97 71 00470061 00490062 4
98 71 00470062 00490063 4
99 71 00470063 00490064 4
105 71 00470069 0049006B 6
106 71 0047006A 0049006B 4
107 71 0047006A 0049006C C
112 71 00470070 00480071 0
113 71 00470070 00490072 C
121 71 00470079 0049007B 6
122 71 00470079 0048007B 8
3 72 00480003 00490005 2
4 72 00470003 004A0006 F
5 72 00470004 004A0007 F
6 72 00470005 004A0008 F
7 72 00470006 004A0009 F
8 72 00470007 004A000A F
9 72 00470008 004A000B F
10 72 00470009 004A000C F
11 72 0047000A 004A000D F
12 72 0047000B 004A000E F
13 72 0047000C 004A000F F
14 72 0047000D 004A0010 F
15 72 0047000E 004A0011 F
16 72 0047000F 004A0012 F
17 72 00470010 004A0013 F
18 72 00470011 004A0014 F
19 72 00470012 004A0015 F
20 72 00470013 004A0016 F
21 72 00470014 004A0017 F
22 72 00470015 004A0018 F
23 72 00470016 004A0019 F
24 72 00470017 004A001A F
25 72 00470018 004A001B F
26 72 00470019 004A001C F
27 72 0047001A 004A001D F
28 72 0047001B 004A001E F
29 72 0047001C 004A001F F
30 72 0047001D 004A0020 F
31 72 0047001E 004A0021 F
32 72 0047001F 004A0022 F
33 72 00480020 00490022 8
63 72 0048003F 00490041 2
64 72 00470040 00490042 3
65 72 00470040 004A0043 F
66 72 00470041 004A0044 F
67 72 00470042 004A0045 F
68 72 00470043 004A0046 F
69 72 00470044 004A0047 F
70 72 00470045 004A0048 F
71 72 00470046 004A0049 F
72 72 00470047 004A004A F
73 72 00470048 0049004A 9
80 72 00480050 004A0052 6
81 72 00470050 004A0053 F
82 72 00470051 004A0054 F
83 72 00470052 004A0055 F
84 72 00470053 004A0056 F
85 72 00470054 004A0057 F
86 72 00470055 004A0058 F
87 72 00480056 004A0058 C
88 72 00480057 004A0059 C
89 72 00480059 004A005B 6
90 72 0048005A 004A005C 6
91 72 0047005A 004A005D F
92 72 0048005B 004A005D C
93 72 0048005C 004A005F E
94 72 0048005E 004A0060 6
95 72 0047005E 004A0061 F
96 72 0047005F 004A0062 F
97 72 00470060 004A0063 F
98 72 00470061 004A0064 F
99 72 00480062 004A0064 C
100 72 00480063 004A0065 C
101 72 00480065 004A0066 4
102 72 00480066 004A0067 4
103 72 00480067 004A0068 4
104 72 00480068 004A006A 6
105 72 00480069 004A006B 6
106 72 00470069 004A006C F
107 72 0048006A 004A006C C
108 72 0048006B 0049006D 8
109 72 0048006D 0049006E 0
112 72 00480070 00490072 2
113 72 00480070 004A0072 C
114 72 00480071 004A0073 C
120 72 00480078 004A007A 6
121 72 00480079 004A007B 6
122 72 00480079 0049007B 8
3 73 00490003 004A0005 2
4 73 00480003 004B0006 F
5 73 00480004 004B0007 F
6 73 00480005 004B0008 F
7 73 00480006 004B0009 F
8 73 00480007 004B000A F
9 73 00480008 004B000B F
10 73 00480009 004B000C F
11 73 0048000A 004B000D F
12 73 0048000B 004B000E F
13 73 0048000C 004B000F F
14 73 0048000D 004B0010 F
15 73 0048000E 004B0011 F
16 73 0048000F 004B0012 F
17 73 00480010 004B0013 F
18 73 00480011 004B0014 F
19 73 00480012 004B0015 F
20 73 00480013 004B0016 F
21 73 00480014 004B0017 F
22 73 00480015 004B0018 F
23 73 00480016 004B0019 F
24 73 00480017 004B001A F
25 73 00480018 004B001B F
26 73 00480019 004B001C F
27 73 0048001A 004B001D F
28 73 0048001B 004B001E F
29 73 0048001C 004A001E 9
30 73 0048001D 004A0020 B
31 73 0048001F 004A0021 3
32 73 0048001F 004B0022 F
33 73 00490020 004A0022 8
64 73 00480040 004A0042 3
65 73 00480040 004B0043 F
66 73 00480041 004B0044 F
67 73 00480042 004A0044 9
68 73 00480043 004A0046 B
69 73 00480045 004A0047 3
70 73 00480045 004B0048 F
71 73 00480046 004B0049 F
72 73 00480047 004A0049 9
73 73 00490048 004A004A 8
79 73 0049004F 004A0050 0
80 73 00490050 004A0052 2
81 73 00480051 004A0053 3
82 73 00480051 004B0054 F
83 73 00480052 004B0055 F
84 73 00480053 004B0056 F
85 73 00480054 004B0057 F
86 73 00480055 004B0058 F
87 73 00480056 004B0059 F
88 73 00480057 004B005A F
89 73 00480058 004B005B F
90 73 00480059 004B005C F
91 73 0048005A 004B005D F
92 73 0048005B 004B005E F
93 73 0048005C 004B005F F
94 73 0048005D 004B0060 F
95 73 0048005E 004B0061 F
96 73 0048005F 004B0062 F
97 73 00480060 004B0063 F
98 73 00480061 004B0064 F
99 73 00480062 004B0065 F
100 73 00480063 004B0066 F
101 73 00480064 004B0067 F
102 73 00480065 004B0068 F
103 73 00480066 004B0069 F
104 73 00480067 004B006A F
105 73 00480068 004B006B F
106 73 00480069 004B006C F
107 73 0048006A 004B006D F
108 73 0048006B 004A006D 9
112 73 00490070 004B0072 6
113 73 00480070 004B0073 F
114 73 00490071 004B0073 C
115 73 00490072 004B0074 C
116 73 00490074 004B0075 4
117 73 00490075 004B0076 4
118 73 00490076 004B0077 4
119 73 00490077 004A0078 0
120 73 00490078 004A007A 2
121 73 00480079 004A007B 3
122 73 00490079 004A007B 8
145 73 00490091 004A0092 0
146 73 00490092 004B0093 4
147 73 00490093 004B0094 4
148 73 00490094 004B0095 4
150 73 00490096 004B0097 4
151 73 00490097 004B0098 4
152 73 00490098 004B0099 4
153 73 00490099 004B009A 4
154 73 0049009A 004B009B 4
155 73 0049009B 004B009C 4
156 73 0049009C 004B009D 4
157 73 0049009D 004B009E 4
159 73 0049009F 004A00A0 0
3 74 004A0003 004B0005 2
4 74 00490004 004B0006 3
5 74 00490004 004C0007 F
6 74 00490005 004C0008 F
7 74 00490006 004C0009 F
8 74 00490007 004C000A F
9 74 00490008 004C000B F
10 74 00490009 004C000C F
11 74 0049000A 004C000D F
12 74 0049000B 004C000E F
13 74 0049000C 004C000F F
14 74 0049000D 004C0010 F
15 74 0049000E 004C0011 F
16 74 0049000F 004C0012 F
17 74 00490010 004C0013 F
18 74 00490011 004C0014 F
19 74 00490012 004C0015 F
20 74 00490013 004C0016 F
21 74 00490014 004C0017 F
22 74 00490015 004C0018 F
23 74 00490016 004C0019 F
24 74 00490017 004C001A F
25 74 00490018 004C001B F
26 74 00490019 004C001C F
27 74 0049001A 004C001D F
28 74 0049001B 004C001E F
29 74 0049001C 004C001E D
31 74 0049001F 004C0021 7
32 74 0049001F 004C0022 F
33 74 004A0020 004B0022 8
64 74 004A0040 004B0041 0
65 74 00490041 004B0042 1
66 74 00490042 004B0043 1
67 74 00490043 004B0044 1
69 74 00490045 004B0046 1
70 74 00490046 004B0048 3
71 74 00490047 004B0049 3
72 74 00490047 004B0049 9
81 74 00490051 004B0053 3
82 74 00490052 004B0054 3
83 74 00490052 004C0055 F
84 74 00490053 004C0056 F
85 74 00490054 004C0057 F
86 74 00490055 004C0058 F
87 74 00490056 004C0059 F
88 74 00490057 004C005A F
89 74 00490058 004C005B F
90 74 00490059 004C005C F
91 74 0049005A 004C005D F
92 74 0049005B 004C005E F
93 74 0049005C 004C005F F
94 74 0049005D 004B005F 9
95 74 0049005E 004B0061 B
96 74 00490060 004B0062 3
97 74 00490060 004C0063 F
98 74 00490061 004C0064 F
99 74 00490062 004C0065 F
100 74 00490063 004C0066 F
101 74 00490064 004C0067 F
102 74 00490065 004C0068 F
103 74 00490066 004C0069 F
104 74 00490067 004C006A F
105 74 00490068 004C006B F
106 74 00490069 004C006C F
107 74 0049006A 004C006D F
108 74 004A006B 004C006D C
111 74 004A006F 004B0071 2
112 74 004A0070 004C0072 6
113 74 00490070 004C0073 F
114 74 00490071 004C0074 F
115 74 00490072 004C0075 F
116 74 00490073 004C0076 F
117 74 00490074 004C0077 F
118 74 00490075 004C0078 F
119 74 00490076 004C0078 D
121 74 00490079 004B007B 3
122 74 004A007A 004B007B 0
145 74 004A0091 004B0093 2
146 74 00490091 004C0094 F
147 74 00490092 004C0095 F
148 74 004A0093 004C0095 C
149 74 004A0094 004C0097 E
150 74 004A0096 004C0098 6
151 74 00490096 004C0099 F
152 74 00490097 004C009A F
153 74 00490098 004C009B F
154 74 00490099 004C009C F
155 74 0049009A 004C009D F
156 74 0049009B 004C009E F
157 74 004A009C 004C009E C
158 74 004A009D 004C00A0 E
159 74 004A009F 004B00A0 0
4 75 004A0004 004D0006 7
5 75 004A0004 004D0007 F
6 75 004A0005 004D0008 F
7 75 004A0006 004D0009 F
8 75 004A0007 004D000A F
9 75 004A0008 004D000B F
10 75 004A0009 004D000C F
11 75 004A000A 004D000D F
12 75 004A000B 004D000E F
13 75 004A000C 004D000F F
14 75 004A000D 004D0010 F
15 75 004A000E 004D0011 F
16 75 004A000F 004D0012 F
17 75 004A0010 004D0013 F
18 75 004A0011 004D0014 F
19 75 004A0012 004D0015 F
20 75 004A0013 004D0016 F
21 75 004A0014 004D0017 F
22 75 004A0015 004D0018 F
23 75 004A0016 004D0019 F
24 75 004A0017 004D001A F
25 75 004A0018 004D001B F
26 75 004A0019 004D001C F
27 75 004A001A 004D001D F
28 75 004A001B 004D001E F
29 75 004B001C 004D001E C
30 75 004B001D 004D0020 E
31 75 004B001F 004D0021 6
32 75 004A001F 004C0021 9
33 75 004B0020 004C0022 8
71 75 004A0047 004C0048 1
72 75 004B0048 004C0049 0
82 75 004A0052 004C0054 3
83 75 004A0052 004D0055 F
84 75 004A0053 004C0055 9
85 75 004A0054 004C0056 9
86 75 004A0056 004C0057 1
87 75 004A0057 004C0058 1
88 75 004A0058 004C0059 1
89 75 004A0059 004C005A 1
90 75 004A005A 004C005B 1
91 75 004A005B 004C005C 1
92 75 004A005C 004C005D 1
93 75 004A005D 004C005E 1
94 75 004A005E 004C005F 1
96 75 004A0060 004C0062 3
97 75 004A0060 004D0063 F
98 75 004A0061 004D0064 F
99 75 004A0062 004C0064 9
100 75 004A0063 004C0065 9
101 75 004A0065 004C0066 1
102 75 004A0066 004C0068 3
103 75 004A0067 004C0068 1
104 75 004A0067 004C0069 9
105 75 004A0069 004C006A 1
106 75 004A006A 004C006B 1
107 75 004A006B 004C006D 3
108 75 004B006C 004C006D 0
109 75 004B006C 004C006E 8
111 75 004B006F 004C0071 2
112 75 004A006F 004C0071 9
113 75 004A0070 004C0073 B
114 75 004A0072 004C0074 3
115 75 004A0072 004D0075 F
116 75 004A0073 004D0076 F
117 75 004A0074 004D0077 F
118 75 004A0075 004D0078 F
119 75 004B0076 004D0078 C
120 75 004B0077 004D0079 C
122 75 004B007A 004D007B 4
123 75 004B007A 004C007C 8
145 75 004B0091 004C0093 2
146 75 004A0092 004C0094 3
147 75 004A0092 004D0095 F
148 75 004A0093 004D0096 F
149 75 004A0094 004D0097 F
150 75 004A0095 004D0098 F
151 75 004A0096 004D0099 F
152 75 004A0097 004D009A F
153 75 004A0098 004D009B F
154 75 004A0099 004D009C F
155 75 004A009A 004D009D F
156 75 004A009B 004D009E F
157 75 004A009C 004D009F F
158 75 004A009D 004D00A0 F
159 75 004B009E 004C00A0 8
0 76 004C0000 004D0001 0
1 76 004C0001 004E0002 4
2 76 004C0002 004E0003 4
3 76 004C0003 004E0005 6
4 76 004C0004 004E0006 6
5 76 004B0004 004E0007 F
6 76 004B0005 004E0008 F
7 76 004B0006 004E0009 F
8 76 004B0007 004E000A F
9 76 004B0008 004E000B F
10 76 004B0009 004E000C F
11 76 004B000A 004E000D F
12 76 004B000B 004E000E F
13 76 004B000C 004E000F F
14 76 004B000D 004E0010 F
15 76 004B000E 004E0011 F
16 76 004B000F 004E0012 F
17 76 004B0010 004E0013 F
18 76 004B0011 004E0014 F
19 76 004B0012 004E0015 F
20 76 004B0013 004E0016 F
21 76 004B0014 004E0017 F
22 76 004B0015 004E0018 F
23 76 004B0016 004E0019 F
24 76 004B0017 004E001A F
25 76 004B0018 004E001B F
26 76 004B0019 004E001C F
27 76 004B001A 004E001D F
28 76 004B001B 004E001E F
29 76 004B001C 004E001F F
30 76 004B001D 004E0020 F
31 76 004B001E 004E0021 F
32 76 004B001F 004E0021 D
82 76 004C0052 004D0054 2
83 76 004B0052 004E0055 F
84 76 004B0053 004D0055 9
96 76 004C0060 004D0062 2
97 76 004B0061 004D0063 3
98 76 004B0061 004D0063 9
99 76 004B0062 004D0064 9
103 76 004B0067 004D0068 1
108 76 004B006C 004D006D 1
111 76 004C006F 004D0071 2
112 76 004B006F 004E0071 D
114 76 004B0072 004E0074 7
115 76 004B0072 004E0075 F
116 76 004B0073 004E0076 F
117 76 004B0074 004D0076 9
118 76 004B0075 004D0078 B
119 76 004B0077 004D0079 3
120 76 004C0077 004E0079 C
121 76 004C0078 004E007B E
122 76 004C007A 004E007C 6
123 76 004C007A 004E007C C
146 76 004B0092 004D0094 3
147 76 004B0092 004D0094 9
148 76 004B0093 004D0096 B
149 76 004B0095 004D0096 1
150 76 004B0095 004D0097 9
151 76 004B0097 004D0099 3
152 76 004B0098 004D0099 1
153 76 004B0098 004D009B B
154 76 004B009A 004D009C 3
155 76 004B009A 004D009C 9
156 76 004B009B 004D009E B
157 76 004B009D 004D009F 3
158 76 004B009D 004D009F 9
159 76 004C009E 004D00A0 8
0 77 004D0000 004E0002 2
1 77 004C0000 004F0003 F
2 77 004C0001 004F0004 F
3 77 004C0002 004F0005 F
4 77 004C0003 004F0006 F
5 77 004C0004 004F0007 F
6 77 004C0005 004F0008 F
7 77 004C0006 004F0009 F
8 77 004C0007 004F000A F
9 77 004C0008 004F000B F
10 77 004C0009 004F000C F
11 77 004C000A 004F000D F
12 77 004C000B 004F000E F
13 77 004C000C 004F000F F
14 77 004C000D 004F0010 F
15 77 004C000E 004F0011 F
16 77 004C000F 004F0012 F
17 77 004C0010 004F0013 F
18 77 004C0011 004F0014 F
19 77 004C0012 004F0015 F
20 77 004C0013 004F0016 F
21 77 004C0014 004F0017 F
22 77 004C0015 004F0018 F
23 77 004C0016 004F0019 F
24 77 004C0017 004F001A F
25 77 004C0018 004F001B F
26 77 004C0019 004F001C F
27 77 004C001A 004F001D F
28 77 004C001B 004F001E F
29 77 004C001C 004F001F F
30 77 004C001D 004F0020 F
31 77 004C001E 004F0021 F
32 77 004D001F 004F0021 C
33 77 004D0020 004F0022 C
34 77 004D0022 004F0023 4
35 77 004D0023 004F0024 4
36 77 004D0024 004F0025 4
37 77 004D0025 004F0026 4
38 77 004D0026 004F0027 4
39 77 004D0027 004F0028 4
40 77 004D0028 004F0029 4
41 77 004D0029 004F002A 4
42 77 004D002A 004F002B 4
43 77 004D002B 004F002C 4
44 77 004D002C 004F002D 4
45 77 004D002D 004F002E 4
46 77 004D002E 004F002F 4
47 77 004D002F 004F0030 4
48 77 004D0030 004F0031 4
49 77 004D0031 004F0032 4
50 77 004D0032 004F0033 4
51 77 004D0033 004F0034 4
52 77 004D0034 004F0035 4
53 77 004D0035 004F0036 4
54 77 004D0036 004F0037 4
55 77 004D0037 004F0038 4
56 77 004D0038 004F0039 4
57 77 004D0039 004F003A 4
71 77 004D0047 004F0048 4
82 77 004D0052 004F0054 6
83 77 004C0052 004F0055 F
84 77 004D0053 004F0055 C
97 77 004C0061 004E0062 1
98 77 004C0062 004E0063 1
111 77 004D006F 004E0071 2
112 77 004D006F 004F0071 C
113 77 004D0070 004E0072 8
114 77 004D0072 004E0073 0
115 77 004C0073 004E0074 1
116 77 004C0074 004E0076 3
117 77 004C0075 004E0076 1
119 77 004C0077 004E0078 1
120 77 004C0078 004E0079 1
121 77 004C0079 004E007A 1
122 77 004C007A 004E007C 3
123 77 004D007B 004E007C 0
124 77 004D007B 004E007D 8
146 77 004D0092 004E0093 0
147 77 004C0093 004E0094 1
149 77 004C0095 004E0096 1
152 77 004C0098 004E0099 1
154 77 004C009A 004E009B 1
155 77 004C009B 004E009C 1
157 77 004C009D 004E009E 1
158 77 004C009E 004E009F 1
0 78 004E0000 004F0001 0
1 78 004D0001 004F0002 1
2 78 004D0002 004F0003 1
3 78 004D0003 004F0004 1
4 78 004D0004 004F0005 1
5 78 004D0005 004F0006 1
6 78 004D0006 004F0007 1
7 78 004D0007 004F0008 1
8 78 004D0008 004F0009 1
9 78 004D0009 004F000A 1
10 78 004D000A 004F000B 1
11 78 004D000B 004F000C 1
12 78 004D000C 004F000D 1
13 78 004D000D 004F000E 1
14 78 004D000E 004F000F 1
15 78 004D000F 004F0010 1
16 78 004D0010 004F0011 1
17 78 004D0011 004F0012 1
18 78 004D0012 004F0013 1
19 78 004D0013 004F0014 1
20 78 004D0014 004F0016 3
21 78 004D0015 004F0017 3
22 78 004D0015 00500018 F
23 78 004D0016 00500019 F
24 78 004D0017 0050001A F
25 78 004D0018 0050001B F
26 78 004D0019 0050001C F
27 78 004D001A 0050001D F
28 78 004D001B 0050001E F
29 78 004D001C 0050001F F
30 78 004D001D 00500020 F
31 78 004D001E 00500021 F
32 78 004D001F 00500022 F
33 78 004D0020 00500023 F
34 78 004D0021 00500024 F
35 78 004D0022 00500025 F
36 78 004D0023 00500026 F
37 78 004D0024 00500027 F
38 78 004D0025 00500028 F
39 78 004D0026 00500029 F
40 78 004D0027 0050002A F
41 78 004D0028 0050002B F
42 78 004D0029 0050002C F
43 78 004D002A 0050002D F
44 78 004D002B 0050002E F
45 78 004D002C 0050002F F
46 78 004D002D 00500030 F
47 78 004D002E 00500031 F
48 78 004D002F 00500032 F
49 78 004D0030 00500033 F
50 78 004D0031 00500034 F
51 78 004D0032 00500035 F
52 78 004D0033 00500036 F
53 78 004D0034 00500037 F
54 78 004D0035 00500038 F
55 78 004D0036 00500039 F
56 78 004D0037 0050003A F
57 78 004E0038 0050003A C
58 78 004E0039 0050003B C
59 78 004E003B 0050003C 4
60 78 004E003C 0050003D 4
61 78 004E003D 0050003E 4
62 78 004E003E 0050003F 4
63 78 004E003F 00500040 4
64 78 004E0040 00500041 4
65 78 004E0041 00500042 4
66 78 004E0042 00500043 4
67 78 004E0043 00500044 4
68 78 004E0044 00500045 4
69 78 004E0045 00500046 4
70 78 004E0046 00500048 6
71 78 004E0047 00500048 4
72 78 004E0047 00500049 C
79 78 004E004F 004F0050 0
80 78 004E0050 00500051 4
81 78 004E0051 00500053 6
82 78 004E0052 00500054 6
83 78 004D0052 00500055 F
84 78 004E0053 00500055 C
85 78 004E0054 00500056 C
86 78 004E0056 00500057 4
111 78 004E006F 00500071 6
112 78 004D006F 00500072 F
113 78 004D0070 004F0072 9
117 78 004E0075 00500076 4
118 78 004E0075 00500077 C
123 78 004D007B 004F007D 3
124 78 004E007B 004F007D 8
21 79 004E0015 00500016 1
22 79 004E0016 00500017 1
23 79 004E0017 00500018 1
24 79 004E0018 00500019 1
25 79 004E0019 0050001A 1
26 79 004E001A 0050001B 1
27 79 004E001B 0050001C 1
28 79 004E001C 0050001D 1
29 79 004E001D 0050001E 1
30 79 004E001E 0050001F 1
31 79 004E001F 00500020 1
32 79 004E0020 00500021 1
33 79 004E0021 00500022 1
34 79 004E0022 00500023 1
35 79 004E0023 00500024 1
36 79 004E0024 00500025 1
37 79 004E0025 00500026 1
38 79 004E0026 00500027 1
39 79 004E0027 00500028 1
40 79 004E0028 00500029 1
41 79 004E0029 0050002A 1
42 79 004E002A 0050002B 1
43 79 004E002B 0050002C 1
44 79 004E002C 0050002D 1
45 79 004E002D 0050002E 1
46 79 004E002E 0050002F 1
47 79 004E002F 00500031 3
48 79 004E0030 00500032 3
49 79 004E0030 00510033 F
50 79 004E0031 00510034 F
51 79 004E0032 00500034 9
52 79 004E0033 00500035 9
53 79 004E0035 00500037 3
54 79 004E0036 00500038 3
55 79 004E0036 00510039 F
56 79 004E0037 0051003A F
57 79 004E0038 0051003B F
58 79 004E0039 0051003C F
59 79 004E003A 0051003D F
60 79 004E003B 0051003E F
61 79 004E003C 0051003F F
62 79 004E003D 00510040 F
63 79 004E003E 00510041 F
64 79 004E003F 00510042 F
65 79 004E0040 00510043 F
66 79 004E0041 00510044 F
67 79 004E0042 00510045 F
68 79 004E0043 00510046 F
69 79 004E0044 00510047 F
70 79 004E0045 00510048 F
71 79 004E0046 00510049 F
72 79 004F0047 00510049 C
73 79 004F0048 0050004A 8
79 79 004F004F 00510051 6
80 79 004E004F 00510052 F
81 79 004E0050 00510053 F
82 79 004E0051 00510054 F
83 79 004E0052 00510055 F
84 79 004E0053 00510056 F
85 79 004E0054 00510057 F
86 79 004F0055 00510057 C
87 79 004F0056 00510058 C
88 79 004F0058 00510059 4
89 79 004F0059 0051005A 4
90 79 004F005A 0051005B 4
91 79 004F005B 0051005C 4
92 79 004F005C 0051005D 4
93 79 004F005D 0051005E 4
94 79 004F005E 0051005F 4
95 79 004F005F 00510060 4
96 79 004F0060 00510061 4
97 79 004F0061 00510062 4
98 79 004F0062 00510063 4
99 79 004F0063 00510064 4
100 79 004F0064 00510065 4
101 79 004F0065 00510066 4
102 79 004F0066 00510067 4
103 79 004F0067 00510068 4
104 79 004F0068 00510069 4
105 79 004F0069 0051006A 4
106 79 004F006A 0051006B 4
107 79 004F006B 0051006C 4
108 79 004F006C 0051006D 4
109 79 004F006D 0051006E 4
110 79 004F006E 00510070 6
111 79 004F006F 00510071 6
112 79 004E006F 00510072 F
113 79 004F0070 00500072 8
115 79 004F0073 00500074 0
116 79 004F0074 00510076 6
117 79 004F0075 00510077 6
118 79 004F0075 00510077 C
119 79 004F0076 00510078 C
120 79 004F0078 00510079 4
121 79 004F0079 0050007A 0
123 79 004F007B 0050007D 2
124 79 004F007B 0051007D C
48 80 004F0030 00510031 1
49 80 004F0031 00510032 1
50 80 004F0032 00510033 1
51 80 004F0033 00510034 1
54 80 004F0036 00510037 1
55 80 004F0037 00510038 1
56 80 004F0038 00510039 1
57 80 004F0039 0051003A 1
58 80 004F003A 0051003B 1
59 80 004F003B 0051003C 1
60 80 004F003C 0051003D 1
61 80 004F003D 0051003E 1
62 80 004F003E 0051003F 1
63 80 004F003F 00510040 1
64 80 004F0040 00510041 1
65 80 004F0041 00510042 1
66 80 004F0042 00510043 1
67 80 004F0043 00510045 3
68 80 004F0044 00510046 3
69 80 004F0044 00520047 F
70 80 004F0045 00520048 F
71 80 004F0046 00520049 F
72 80 004F0047 0052004A F
73 80 00500048 0052004A C
78 80 0050004E 00520050 6
79 80 0050004F 00520051 6
80 80 004F004F 00520052 F
81 80 004F0050 00520053 F
82 80 004F0051 00520054 F
83 80 004F0052 00520055 F
84 80 004F0053 00520056 F
85 80 004F0054 00520057 F
86 80 004F0055 00520058 F
87 80 004F0056 00520059 F
88 80 004F0057 0052005A F
89 80 004F0058 0052005B F
90 80 004F0059 0052005C F
91 80 004F005A 0052005D F
92 80 004F005B 0052005E F
93 80 004F005C 0052005F F
94 80 004F005D 00520060 F
95 80 004F005E 00520061 F
96 80 004F005F 00520062 F
97 80 004F0060 00520063 F
98 80 004F0061 00520064 F
99 80 004F0062 00520065 F
100 80 004F0063 00520066 F
101 80 004F0064 00520067 F
102 80 004F0065 00520068 F
103 80 004F0066 00520069 F
104 80 004F0067 0052006A F
105 80 004F0068 0052006B F
106 80 004F0069 0052006C F
107 80 004F006A 0052006D F
108 80 004F006B 0052006E F
109 80 004F006C 0052006F F
110 80 004F006D 00520070 F
111 80 004F006E 00520071 F
112 80 004F006F 00520072 F
113 80 00500070 00510072 8
115 80 00500073 00510075 2
116 80 004F0073 00520076 F
117 80 004F0074 00520077 F
118 80 004F0075 00520078 F
119 80 004F0076 00520079 F
120 80 004F0077 0052007A F
121 80 00500078 0051007A 8
123 80 0050007B 0051007D 2
124 80 0050007C 0051007D 0
125 80 0050007C 0052007E C
126 80 0050007E 0052007F 4
127 80 0050007F 00520080 4
128 80 00500080 00520081 4
129 80 00500081 00520082 4
130 80 00500082 00520083 4
131 80 00500083 00520084 4
132 80 00500084 00520085 4
133 80 00500085 00520086 4
134 80 00500086 00520087 4
135 80 00500087 00520088 4
136 80 00500088 00520089 4
137 80 00500089 0052008A 4
138 80 0050008A 0052008B 4
139 80 0050008B 0052008C 4
140 80 0050008C 0052008D 4
141 80 0050008D 0052008E 4
142 80 0050008E 0052008F 4
143 80 0050008F 00520090 4
144 80 00500090 00520091 4
145 80 00500091 00520092 4
146 80 00500092 00520093 4
147 80 00500093 00520094 4
148 80 00500094 00520095 4
68 81 00500044 00520045 1
69 81 00500044 00520046 9
70 81 00500046 00520047 1
71 81 00500047 00520049 3
72 81 00500048 0052004A 3
73 81 00510048 0053004A C
74 81 00510049 0053004B C
75 81 0051004B 0053004C 4
77 81 0051004D 0052004E 0
78 81 0051004E 0052004F 0
79 81 0050004F 00520051 3
80 81 00500050 00520052 3
81 81 00500050 00530053 F
82 81 00500051 00530054 F
83 81 00500052 00520054 9
84 81 00500053 00520055 9
85 81 00500055 00520056 1
86 81 00500056 00520057 1
87 81 00500057 00520058 1
88 81 00500058 00520059 1
89 81 00500059 0052005A 1
90 81 0050005A 0052005B 1
91 81 0050005B 0052005C 1
92 81 0050005C 0052005D 1
93 81 0050005D 0052005E 1
94 81 0050005E 0052005F 1
95 81 0050005F 00520060 1
96 81 00500060 00520061 1
97 81 00500061 00520062 1
98 81 00500062 00520063 1
99 81 00500063 00520064 1
100 81 00500064 00520065 1
101 81 00500065 00520066 1
102 81 00500066 00520067 1
103 81 00500067 00520068 1
104 81 00500068 00520069 1
105 81 00500069 0052006A 1
106 81 0050006A 0052006C 3
107 81 0050006B 0052006D 3
108 81 0050006B 0053006E F
109 81 0050006C 0053006F F
110 81 0050006D 00530070 F
111 81 0050006E 00530071 F
112 81 0050006F 00530072 F
113 81 00510070 00520072 8
115 81 00510073 00520075 2
116 81 00500073 00530076 F
117 81 00500074 00530077 F
118 81 00500075 00520077 9
119 81 00500076 00520078 9
120 81 00500078 00520079 1
121 81 00510079 0052007A 0
124 81 0050007C 0053007E 7
125 81 0050007C 0053007F F
126 81 0050007D 00530080 F
127 81 0050007E 00530081 F
128 81 0050007F 00530082 F
129 81 00500080 00530083 F
130 81 00500081 00530084 F
131 81 00500082 00530085 F
132 81 00500083 00530086 F
133 81 00500084 00530087 F
134 81 00500085 00530088 F
135 81 00500086 00530089 F
136 81 00500087 0053008A F
137 81 00500088 0053008B F
138 81 00500089 0053008C F
139 81 0050008A 0053008D F
140 81 0050008B 0053008E F
141 81 0050008C 0053008F F
142 81 0050008D 00530090 F
143 81 0050008E 00530091 F
144 81 0050008F 00530092 F
145 81 00500090 00530093 F
146 81 00500091 00530094 F
147 81 00500092 00530095 F
148 81 00510093 00530095 C
149 81 00510094 00530096 C
150 81 00510096 00530097 4
151 81 00510097 00530098 4
152 81 00510098 00530099 4
153 81 00510099 0053009A 4
154 81 0051009A 0053009B 4
155 81 0051009B 0053009C 4
156 81 0051009C 0053009D 4
157 81 0051009D 0053009E 4
158 81 0051009E 0053009F 4
159 81 0051009F 005200A0 0
68 82 00520044 00540045 4
72 82 00510048 0053004A 3
73 82 00510049 0053004B 3
74 82 00510049 0054004C F
75 82 0052004A 0054004C C
76 82 0052004B 0054004E E
77 82 0052004D 0053004E 0
80 82 00510050 00530052 3
81 82 00510051 00530053 3
82 82 00510051 00530053 9
83 82 00510052 00530054 9
107 82 0051006B 0053006C 1
108 82 0051006C 0053006D 1
109 82 0051006D 0053006E 1
110 82 0051006E 0053006F 1
111 82 0051006F 00530071 3
112 82 00510070 00530072 3
113 82 00520070 00540072 C
115 82 00520073 00540075 6
116 82 00510073 00540076 F
117 82 00510074 00540077 F
118 82 00510075 00540077 D
123 82 0052007B 0054007D 6
124 82 0052007C 0053007D 0
125 82 0051007C 0053007E 9
126 82 0051007E 0053007F 1
127 82 0051007F 00530080 1
128 82 00510080 00530081 1
129 82 00510081 00530082 1
130 82 00510082 00530083 1
131 82 00510083 00530084 1
132 82 00510084 00530085 1
133 82 00510085 00530086 1
134 82 00510086 00530087 1
135 82 00510087 00530088 1
136 82 00510088 0053008A 3
137 82 00510089 0053008B 3
138 82 00510089 0053008B 9
139 82 0051008A 0053008C 9
140 82 0051008C 0053008D 1
141 82 0051008D 0053008F 3
142 82 0051008E 00530090 3
143 82 0051008E 00540091 F
144 82 0051008F 00540092 F
145 82 00510090 00540093 F
146 82 00510091 00540094 F
147 82 00510092 00540095 F
148 82 00510093 00540096 F
149 82 00510094 00540097 F
150 82 00510095 00540098 F
151 82 00510096 00540099 F
152 82 00510097 0054009A F
153 82 00510098 0054009B F
154 82 00510099 0054009C F
155 82 0051009A 0054009D F
156 82 0051009B 0054009E F
157 82 0051009C 0054009F F
158 82 0051009D 005400A0 F
159 82 0052009E 005300A0 8
67 83 00530043 00540045 2
68 83 00530044 00550045 4
69 83 00530044 00550046 C
70 83 00530046 00550047 4
73 83 00520049 0055004B 7
74 83 00520049 0054004B 9
75 83 0052004A 0054004D B
76 83 0052004C 0054004E 3
77 83 0053004C 0055004E C
81 83 00520051 00540052 1
82 83 00520052 00540053 1
112 83 00520070 00540072 3
113 83 00530070 00550072 C
114 83 00530071 00550074 E
115 83 00530073 00550075 6
116 83 00520073 00550076 F
117 83 00520074 00550077 F
118 83 00530075 00550077 C
119 83 00530076 00550078 C
120 83 00530078 00550079 4
121 83 00530079 0055007A 4
122 83 0053007A 0055007C 6
123 83 0053007B 0055007D 6
124 83 0052007B 0054007D 9
137 83 00520089 0054008A 1
138 83 0052008A 0054008B 1
142 83 0052008E 0054008F 1
143 83 0052008F 00540090 1
144 83 00520090 00540091 1
145 83 00520091 00540092 1
146 83 00520092 00540093 1
147 83 00520093 00540094 1
148 83 00520094 00540095 1
149 83 00520095 00540096 1
150 83 00520096 00540097 1
151 83 00520097 00540098 1
152 83 00520098 00540099 1
153 83 00520099 0054009A 1
154 83 0052009A 0054009B 1
155 83 0052009B 0054009C 1
156 83 0052009C 0054009D 1
157 83 0052009D 0054009E 1
158 83 0052009E 0054009F 1
159 83 0053009F 005400A0 0
67 84 00540043 00550045 2
68 84 00530043 00550045 9
69 84 00530044 00550047 B
70 84 00540046 00550047 0
71 84 00540046 00560048 C
72 84 00540048 0056004A 6
73 84 00540049 0056004B 6
74 84 00530049 0056004B D
76 84 0053004C 0056004E 7
77 84 0054004C 0055004E 8
78 84 0054004D 0055004F 8
112 84 00540070 00550071 0
113 84 00530071 00550072 1
114 84 00530072 00550073 1
115 84 00530073 00550074 1
116 84 00530074 00550075 1
117 84 00530075 00550076 1
118 84 00530076 00550077 1
119 84 00530077 00550078 1
120 84 00530078 00550079 1
121 84 00530079 0055007A 1
122 84 0053007A 0055007B 1
123 84 0053007B 0055007C 1
124 84 0054007C 0055007D 0
67 85 00550043 00560045 2
68 85 00540043 00570045 D
70 85 00540046 00570048 7
71 85 00540046 00570049 F
72 85 00540047 0057004A F
73 85 00540048 0057004B F
74 85 00550049 0057004B C
75 85 0055004A 0057004D E
76 85 0055004C 0057004E 6
77 85 0054004C 0056004E 9
67 86 00560043 00570045 2
68 86 00560043 00580045 C
69 86 00560044 00580047 E
70 86 00560046 00580048 6
71 86 00550046 00580049 F
72 86 00550047 0058004A F
73 86 00550048 0058004B F
74 86 00550049 0058004C F
75 86 0055004A 0058004D F
76 86 0055004B 0058004E F
77 86 0056004C 0057004E 8
67 87 00570043 00580045 2
68 87 00560043 00590046 F
69 87 00560044 00590047 F
70 87 00560045 00590048 F
71 87 00560046 00590049 F
72 87 00560047 0059004A F
73 87 00560048 0059004B F
74 87 00560049 0059004C F
75 87 0056004A 0059004D F
76 87 0056004B 0059004E F
77 87 0057004C 0058004E 8
67 88 00580043 00590045 2
68 88 00570043 005A0046 F
69 88 00570044 005A0047 F
70 88 00570045 005A0048 F
71 88 00570046 005A0049 F
72 88 00570047 005A004A F
73 88 00570048 005A004B F
74 88 00570049 005A004C F
75 88 0057004A 005A004D F
76 88 0057004B 005A004E F
77 88 0058004C 0059004E 8
67 89 00590043 005A0045 2
68 89 00580043 005B0046 F
69 89 00580044 005B0047 F
70 89 00580045 005B0048 F
71 89 00580046 005B0049 F
72 89 00580047 005B004A F
73 89 00580048 005A004A 9
74 89 00580049 005A004C B
75 89 0058004B 005A004D 3
76 89 0058004B 005B004E F
77 89 0059004C 005A004E 8
67 90 005A0043 005B0045 2
68 90 00590043 005C0046 F
69 90 00590044 005C0047 F
70 90 00590045 005C0048 F
71 90 00590046 005C0049 F
72 90 00590047 005C004A F
73 90 00590048 005C004A D
75 90 0059004B 005C004D 7
76 90 0059004B 005C004E F
77 90 005A004C 005B004E 8
67 91 005B0043 005C0045 2
68 91 005A0043 005D0046 F
69 91 005A0044 005D0047 F
70 91 005A0045 005C0047 9
71 91 005A0046 005C0049 B
72 91 005A0048 005C004A 3
73 91 005B0048 005D004A C
74 91 005B0049 005D004C E
75 91 005B004B 005D004D 6
76 91 005A004B 005C004D 9
77 91 005B004C 005C004E 8
67 92 005C0043 005D0045 2
68 92 005B0043 005E0046 F
69 92 005B0044 005E0047 F
70 92 005B0045 005D0047 9
72 92 005B0048 005D004A 3
73 92 005B0048 005E004B F
74 92 005B0049 005E004C F
75 92 005B004A 005E004D F
76 92 005B004B 005D004D 9
67 93 005D0043 005E0044 0
68 93 005C0043 005E0046 B
69 93 005C0045 005E0047 3
70 93 005D0045 005E0047 8
72 93 005D0048 005E004A 2
73 93 005C0049 005E004B 3
74 93 005C0049 005F004C F
75 93 005C004A 005F004D F
76 93 005D004B 005E004D 8
67 94 005E0043 005F0044 0
69 94 005D0045 005F0047 3
70 94 005E0045 005F0047 8
73 94 005D0049 005F004A 1
74 94 005D0049 005F004C B
75 94 005D004B 005F004D 3
76 94 005E004B 005F004D 8
66 95 005F0042 00600044 2
67 95 005F0043 00610044 4
69 95 005F0045 00610047 6
70 95 005F0045 00600047 8
73 95 005F0049 0061004A 4
75 95 005E004B 0061004D 7
76 95 005F004B 0060004D 8
66 96 00600042 00610044 2
67 96 00600042 00620044 C
68 96 00600043 00620046 E
69 96 00600045 00620047 6
70 96 00600045 00610047 8
72 96 00600048 0061004A 2
73 96 00600049 0061004A 0
74 96 00600049 0061004C A
75 96 0060004B 0061004D 2
76 96 0060004B 0061004D 8
95 96 0060005F 00620060 4
96 96 00600060 00620061 4
97 96 00600061 00620062 4
98 96 00600062 00620063 4
99 96 00600063 00620064 4
100 96 00600064 00620065 4
101 96 00600065 00620066 4
102 96 00600066 00620067 4
103 96 00600067 00620068 4
104 96 00600068 00620069 4
105 96 00600069 0062006A 4
106 96 0060006A 0062006B 4
107 96 0060006B 0062006C 4
108 96 0060006C 0062006D 4
109 96 0060006D 0062006E 4
110 96 0060006E 0062006F 4
111 96 0060006F 00620070 4
112 96 00600070 00620071 4
113 96 00600071 00620072 4
66 97 00610042 00620044 2
67 97 00600043 00620045 3
68 97 00600043 00630046 F
69 97 00600044 00630047 F
70 97 00610045 00620047 8
72 97 00610048 0062004A 2
73 97 00600048 0062004A 9
75 97 0060004B 0062004D 3
76 97 0061004B 0062004D 8
94 97 0061005E 00630060 6
95 97 0061005F 00630061 6
96 97 0060005F 00620061 9
97 97 00600060 00620062 9
98 97 00600062 00620063 1
99 97 00600063 00620064 1
100 97 00600064 00620065 1
101 97 00600065 00620066 1
102 97 00600066 00620067 1
103 97 00600067 00620068 1
104 97 00600068 0062006A 3
105 97 00600069 0062006B 3
106 97 00600069 0063006C F
107 97 0060006A 0063006D F
108 97 0060006B 0062006D 9
109 97 0060006C 0062006E 9
110 97 0060006E 00620070 3
111 97 0060006F 00620071 3
112 97 0060006F 00630072 F
113 97 00610070 00630072 C
114 97 00610071 00630073 C
115 97 00610073 00630074 4
116 97 00610074 00630075 4
117 97 00610075 00630076 4
118 97 00610076 00630077 4
119 97 00610077 00630078 4
120 97 00610078 00630079 4
121 97 00610079 0063007A 4
122 97 0061007A 0063007B 4
123 97 0061007B 0063007C 4
124 97 0061007C 0063007D 4
125 97 0061007D 0063007E 4
126 97 0061007E 0063007F 4
127 97 0061007F 00630080 4
128 97 00610080 00630081 4
129 97 00610081 00630082 4
130 97 00610082 00630083 4
131 97 00610083 00630084 4
132 97 00610084 00630085 4
133 97 00610085 00630086 4
134 97 00610086 00630087 4
135 97 00610087 00630088 4
136 97 00610088 00630089 4
67 98 00610043 00630045 3
68 98 00610043 00640046 F
69 98 00610044 00630046 9
70 98 00620045 00630047 8
72 98 00620048 0063004A 2
73 98 00620048 0064004A C
75 98 0062004B 0064004D 6
76 98 0062004B 0063004D 8
92 98 0062005C 0064005D 4
93 98 0062005D 0064005F 6
94 98 0062005E 0063005F 0
95 98 0061005E 00630060 9
96 98 00610060 00630061 1
105 98 00610069 0063006A 1
106 98 0061006A 0063006B 1
107 98 0061006B 0063006C 1
108 98 0061006C 0063006D 1
111 98 0061006F 00630070 1
112 98 00610070 00630071 1
113 98 00610071 00630072 1
114 98 00610072 00630073 1
115 98 00610073 00630074 1
116 98 00610074 00630075 1
117 98 00610075 00630076 1
118 98 00610076 00630077 1
119 98 00610077 00630078 1
120 98 00610078 00630079 1
121 98 00610079 0063007A 1
122 98 0061007A 0063007B 1
123 98 0061007B 0063007C 1
124 98 0061007C 0063007D 1
125 98 0061007D 0063007E 1
126 98 0061007E 0063007F 1
127 98 0061007F 00630081 3
128 98 00610080 00630082 3
129 98 00610080 00640083 F
130 98 00610081 00640084 F
131 98 00610082 00630084 9
132 98 00610083 00630085 9
133 98 00610085 00630087 3
134 98 00610086 00630088 3
135 98 00610086 00640089 F
136 98 00620087 00640089 C
137 98 00620088 0064008A C
138 98 0062008A 0064008B 4
139 98 0062008B 0064008C 4
140 98 0062008C 0064008D 4
141 98 0062008D 0064008E 4
142 98 0062008E 0064008F 4
143 98 0062008F 00640090 4
144 98 00620090 00640091 4
145 98 00620091 00640092 4
146 98 00620092 00640093 4
147 98 00620093 00640094 4
148 98 00620094 00640095 4
149 98 00620095 00640096 4
150 98 00620096 00640097 4
151 98 00620097 00640098 4
152 98 00620098 00640099 4
153 98 00620099 0064009A 4
154 98 0062009A 0064009B 4
155 98 0062009B 0064009C 4
156 98 0062009C 0064009D 4
157 98 0062009D 0064009E 4
158 98 0062009E 0064009F 4
159 98 0062009F 006300A0 0
67 99 00630043 00640045 2
68 99 00620043 00650046 F
69 99 00620044 00640046 9
72 99 00630048 0064004A 2
73 99 00630048 0065004A C
74 99 00630049 0065004C E
75 99 0063004B 0064004C 0
76 99 0063004B 0064004D 8
91 99 0063005B 0065005D 6
92 99 0063005C 0065005E 6
93 99 0062005C 0065005F F
94 99 0062005D 0065005F D
128 99 00620080 00640081 1
129 99 00620081 00640082 1
130 99 00620082 00640083 1
131 99 00620083 00640084 1
134 99 00620086 00640087 1
135 99 00620087 00640088 1
136 99 00620088 00640089 1
137 99 00620089 0064008A 1
138 99 0062008A 0064008B 1
139 99 0062008B 0064008C 1
140 99 0062008C 0064008D 1
141 99 0062008D 0064008E 1
142 99 0062008E 0064008F 1
143 99 0062008F 00640090 1
144 99 00620090 00640091 1
145 99 00620091 00640092 1
146 99 00620092 00640093 1
147 99 00620093 00640094 1
148 99 00620094 00640095 1
149 99 00620095 00640096 1
150 99 00620096 00640097 1
151 99 00620097 00640098 1
152 99 00620098 00640099 1
153 99 00620099 0064009B 3
154 99 0062009A 0064009C 3
155 99 0062009A 0065009D F
156 99 0062009B 0064009D 9
157 99 0062009C 0064009E 9
158 99 0062009E 006400A0 3
159 99 0063009F 006400A0 0
67 100 00640043 00650045 2
68 100 00630043 00660046 F
69 100 00640044 00650046 8
72 100 00640048 0065004A 2
73 100 00630048 0066004B F
74 100 00630049 0066004C F
75 100 0063004A 0065004C 9
89 100 00640059 0066005A 4
90 100 0064005A 0066005C 6
91 100 0064005B 0066005D 6
92 100 0063005B 0066005E F
93 100 0063005C 0066005F F
94 100 0064005D 0066005F C
95 100 0064005E 00660060 C
96 100 00640060 00660061 4
97 100 00640061 00660062 4
154 100 0063009A 0065009B 1
155 100 0063009B 0065009C 1
156 100 0063009C 0065009D 1
159 100 0064009F 006500A0 0
67 101 00650043 00660045 2
68 101 00640043 00670046 F
69 101 00650044 00670046 C
72 101 00650048 0067004A 6
73 101 00640048 0067004B F
74 101 00640049 0067004C F
75 101 0065004A 0066004C 8
88 101 00650058 0067005A 6
89 101 00650059 0067005B 6
90 101 00640059 0066005B 9
91 101 0064005A 0066005C 9
92 101 0064005C 0066005D 1
93 101 0064005D 0066005F 3
94 101 0064005E 00660060 3
95 101 0064005E 00670061 F
96 101 0064005F 00670062 F
97 101 00650060 00670062 C
98 101 00650061 00670063 C
99 101 00650063 00670064 4
100 101 00650064 00670065 4
101 101 00650065 00670066 4
102 101 00650066 00670067 4
103 101 00650067 00670068 4
104 101 00650068 00670069 4
105 101 00650069 0067006A 4
106 101 0065006A 0067006B 4
107 101 0065006B 0067006C 4
108 101 0065006C 0067006D 4
109 101 0065006D 0067006E 4
110 101 0065006E 0067006F 4
111 101 0065006F 00670070 4
112 101 00650070 00670071 4
113 101 00650071 00670072 4
114 101 00650072 00670073 4
115 101 00650073 00670074 4
116 101 00650074 00670075 4
117 101 00650075 00670076 4
118 101 00650076 00670077 4
119 101 00650077 00670078 4
120 101 00650078 00670079 4
123 101 0065007B 0067007C 4
124 101 0065007C 0067007D 4
125 101 0065007D 0067007E 4
67 102 00660043 00670045 2
68 102 00650043 00680046 F
69 102 00660044 00680046 C
70 102 00660045 00680047 C
71 102 00660047 00680049 6
72 102 00660048 0068004A 6
73 102 00650048 0068004B F
74 102 00650049 0067004B 9
75 102 0066004A 0067004C 8
86 102 00660056 00680057 4
87 102 00660057 00680059 6
88 102 00660058 0068005A 6
89 102 00650058 0067005A 9
90 102 00650059 0067005B 9
94 102 0065005E 0067005F 1
95 102 0065005F 00670060 1
96 102 00650060 00670061 1
97 102 00650061 00670062 1
98 102 00650062 00670063 1
99 102 00650063 00670064 1
100 102 00650064 00670065 1
101 102 00650065 00670066 1
102 102 00650066 00670067 1
103 102 00650067 00670068 1
104 102 00650068 00670069 1
105 102 00650069 0067006A 1
106 102 0065006A 0067006B 1
107 102 0065006B 0067006C 1
108 102 0065006C 0067006D 1
109 102 0065006D 0067006E 1
110 102 0065006E 0067006F 1
111 102 0065006F 00670071 3
112 102 00650070 00670072 3
113 102 00650070 00680073 F
114 102 00650071 00670073 9
115 102 00650072 00670075 B
116 102 00650074 00670076 3
117 102 00650074 00680077 F
118 102 00650075 00680078 F
119 102 00650076 00680079 F
120 102 00660077 00680079 C
121 102 00660078 0068007A C
122 102 0066007A 0068007C 6
123 102 0066007B 0068007D 6
124 102 0065007B 0068007E F
125 102 0066007C 0068007E C
126 102 0066007D 0068007F C
127 102 0066007F 00680080 4
128 102 00660080 00680081 4
129 102 00660081 00680082 4
130 102 00660082 00680083 4
131 102 00660083 00680084 4
132 102 00660084 00680085 4
133 102 00660085 00680086 4
134 102 00660086 00680087 4
135 102 00660087 00680088 4
136 102 00660088 00680089 4
137 102 00660089 0068008A 4
138 102 0066008A 0068008B 4
139 102 0066008B 0068008C 4
140 102 0066008C 0068008D 4
141 102 0066008D 0068008E 4
142 102 0066008E 0068008F 4
143 102 0066008F 00680090 4
147 102 00660093 00680094 4
148 102 00660094 00680095 4
67 103 00670043 00680045 2
68 103 00660043 00690046 F
69 103 00660044 00690047 F
70 103 00660045 00690048 F
71 103 00660046 00690049 F
72 103 00660047 0069004A F
73 103 00660048 0069004B F
74 103 00660049 0068004B 9
85 103 00670055 00690057 6
86 103 00670056 00690058 6
87 103 00660056 00680058 9
88 103 00660057 00680059 9
89 103 00660059 0068005A 1
112 103 00660070 00680071 1
113 103 00660071 00680072 1
114 103 00660072 00680073 1
116 103 00660074 00680075 1
117 103 00660075 00680076 1
118 103 00660076 00680077 1
119 103 00660077 00680078 1
120 103 00660078 00680079 1
121 103 00660079 0068007A 1
122 103 0066007A 0068007B 1
123 103 0066007B 0068007C 1
124 103 0066007C 0068007D 1
125 103 0066007D 0068007E 1
126 103 0066007E 0068007F 1
127 103 0066007F 00680080 1
128 103 00660080 00680081 1
129 103 00660081 00680082 1
130 103 00660082 00680083 1
131 103 00660083 00680084 1
132 103 00660084 00680085 1
133 103 00660085 00680087 3
134 103 00660086 00680088 3
135 103 00660086 00690089 F
136 103 00660087 00680089 9
137 103 00660088 0068008A 9
138 103 0066008A 0068008C 3
139 103 0066008B 0068008D 3
140 103 0066008B 0069008E F
141 103 0066008C 0069008F F
142 103 0066008D 00690090 F
143 103 0067008E 00690090 C
144 103 0067008F 00690091 C
145 103 00670091 00690092 4
146 103 00670092 00690094 6
147 103 00670093 00690095 6
148 103 00670093 00690095 C
149 103 00670094 00690096 C
150 103 00670096 00690097 4
151 103 00670097 00690098 4
152 103 00670098 00690099 4
153 103 00670099 0069009A 4
154 103 0067009A 0069009B 4
155 103 0067009B 0069009C 4
156 103 0067009C 0069009D 4
157 103 0067009D 0069009E 4
158 103 0067009E 0069009F 4
159 103 0067009F 006800A0 0
67 104 00680043 00690045 2
68 104 00670043 006A0046 F
69 104 00670044 006A0047 F
70 104 00670045 006A0048 F
71 104 00670046 006A0049 F
72 104 00670047 006A004A F
73 104 00670048 006A004B F
74 104 00680049 0069004B 8
83 104 00680053 006A0054 4
84 104 00680054 006A0056 6
85 104 00680055 006A0057 6
86 104 00670055 00690057 9
87 104 00670056 00690058 9
134 104 00670086 00690087 1
135 104 00670087 00690088 1
136 104 00670088 00690089 1
139 104 0067008B 0069008C 1
140 104 0067008C 0069008D 1
141 104 0067008D 0069008E 1
142 104 0067008E 0069008F 1
143 104 0067008F 00690090 1
144 104 00670090 00690091 1
145 104 00670091 00690092 1
146 104 00670092 00690093 1
147 104 00670093 00690094 1
148 104 00670094 00690095 1
149 104 00670095 00690096 1
150 104 00670096 00690097 1
151 104 00670097 00690098 1
152 104 00670098 00690099 1
153 104 00670099 0069009A 1
154 104 0067009A 0069009B 1
155 104 0067009B 0069009C 1
156 104 0067009C 0069009D 1
157 104 0067009D 0069009F 3
158 104 0067009E 006900A0 3
159 104 0068009E 006900A0 8
67 105 00690043 006A0045 2
68 105 00680044 006A0046 3
69 105 00680044 006B0047 F
70 105 00680045 006B0048 F
71 105 00680046 006B0049 F
72 105 00680047 006B004A F
73 105 00680048 006B004B F
74 105 00690049 006A004B 8
82 105 00690052 006B0054 6
83 105 00690053 006B0055 6
84 105 00680053 006A0055 9
85 105 00680054 006A0056 9
86 105 00680056 006A0057 1
158 105 0068009E 006A009F 1
159 105 0069009F 006A00A0 0
68 106 00690044 006B0046 3
69 106 00690044 006C0047 F
70 106 00690045 006C0048 F
71 106 00690046 006C0049 F
72 106 00690047 006C004A F
73 106 00690048 006C004B F
74 106 006A0049 006B004B 8
80 106 006A0050 006C0051 4
81 106 006A0051 006C0053 6
82 106 006A0052 006C0054 6
83 106 00690052 006B0054 9
84 106 00690053 006B0055 9
68 107 006B0044 006C0046 2
69 107 006A0045 006C0047 3
70 107 006A0045 006D0048 F
71 107 006A0046 006D0049 F
72 107 006A0047 006D004A F
73 107 006A0048 006D004B F
74 107 006B0049 006C004B 8
79 107 006B004F 006D0051 6
80 107 006B0050 006D0052 6
81 107 006A0050 006C0052 9
82 107 006A0051 006C0053 9
83 107 006A0053 006C0054 1
69 108 006B0045 006D0046 1
70 108 006B0046 006D0048 3
71 108 006B0047 006D0049 3
72 108 006B0047 006E004A F
73 108 006B0048 006D004A 9
74 108 006C0049 006D004B 8
77 108 006C004D 006E004E 4
78 108 006C004E 006E0050 6
79 108 006C004F 006E0051 6
80 108 006B004F 006D0051 9
81 108 006B0050 006D0052 9
71 109 006C0047 006E0048 1
72 109 006C0047 006E0049 9
73 109 006C0049 006E004A 1
76 109 006D004C 006F004E 6
77 109 006D004D 006F004F 6
78 109 006C004D 006E004F 9
79 109 006C004E 006E0050 9
80 109 006C0050 006E0051 1
67 110 006E0043 006F0044 0
68 110 006E0044 00700045 4
69 110 006E0045 00700046 4
70 110 006E0046 00700048 6
71 110 006E0047 00700048 4
74 110 006E004A 0070004B 4
75 110 006E004B 0070004D 6
76 110 006E004C 0070004E 6
77 110 006D004C 006F004E 9
78 110 006D004D 006F004F 9
67 111 006F0043 00700045 2
68 111 006E0044 00700046 3
69 111 006E0044 00710047 F
70 111 006E0045 00710048 F
71 111 006F0046 00710048 C
72 111 006F0047 00710049 C
73 111 006F0049 0071004B 6
74 111 006F004A 0071004C 6
75 111 006E004A 0071004D F
76 111 006E004B 0070004D 9
77 111 006E004C 0070004E 9
68 112 006F0044 00710045 1
69 112 006F0045 00710047 3
70 112 006F0046 00710048 3
71 112 006F0046 00720049 F
72 112 006F0047 0072004A F
73 112 006F0048 0072004B F
74 112 006F0049 0071004B 9
75 112 006F004A 0071004C 9
76 112 006F004C 0071004D 1
70 113 00700046 00730048 7
71 113 00700046 00730049 F
72 113 00700047 0073004A F
73 113 00700048 0072004A 9
74 113 00700049 0072004B 9
68 114 00720044 00740045 4
69 114 00720045 00740047 6
70 114 00720046 00740048 6
71 114 00710046 00730048 9
72 114 00710047 00730049 9
73 114 00710049 0073004A 1
67 115 00730043 00750045 6
68 115 00730044 00750046 6
69 115 00720044 00750047 F
70 115 00720045 00750048 F
71 115 00720046 00740048 9
65 116 00740041 00760042 4
66 116 00740042 00760044 6
67 116 00740043 00760045 6
68 116 00730043 00760046 F
69 116 00730044 00760047 F
70 116 00730045 00760048 F
71 116 00740046 00750048 8
64 117 00750040 00770042 6
65 117 00750041 00770043 6
66 117 00740041 00770044 F
67 117 00740042 00760044 9
68 117 00740043 00760045 9
69 117 00740045 00760046 1
70 117 00740046 00760047 1
71 117 00750047 00760048 0
62 118 0076003E 0077003F 0
63 118 0076003F 00770041 2
64 118 00760040 00770042 2
65 118 00750040 00770042 9
66 118 00750041 00770043 9
67 118 00750043 00770044 1
62 119 0077003E 0078003F 0
64 119 00760040 00780041 1
65 119 00760041 00780042 1
