75 2 0002004B 0003004C 0
76 2 0002004C 0003004D 0
76 3 0003004C 0004004D 0
60 9 0009003C 000B003D 4
61 9 0009003D 000B003E 4
63 9 0009003F 000B0040 4
58 10 000A003A 000B003B 0
59 10 000A003B 000B003C 0
60 10 000A003C 000B003E 2
61 10 000A003D 000B003E 0
62 10 000A003D 000B0040 A
63 10 000A003F 000B0040 0
64 10 000A003F 000B0041 8
65 10 000A0041 000B0042 0
66 10 000A0042 000C0043 4
56 11 000B0038 000C0039 0
57 11 000B0039 000C003A 0
58 11 000B003A 000C003B 0
61 11 000A003D 000D003E 5
63 11 000A003F 000D0040 5
65 11 000A0041 000C0042 1
66 11 000B0041 000C0043 8
67 11 000B0043 000C0044 0
68 11 000B0044 000C0045 0
69 11 000B0045 000D0046 4
55 12 000C0037 000D0038 0
56 12 000C0038 000D0039 0
60 12 000C003C 000D003E 2
61 12 000C003D 000E003E 4
62 12 000C003D 000E0040 E
63 12 000C003F 000E0040 4
64 12 000C003F 000E0042 E
65 12 000C0041 000D0042 0
68 12 000B0044 000D0045 1
69 12 000C0045 000D0046 0
70 12 000C0046 000D0047 0
54 13 000D0036 000E0037 0
55 13 000D0037 000E0038 0
60 13 000D003C 000E003E 2
61 13 000C003C 000F003F F
62 13 000C003D 000E003F 9
63 13 000C003E 000E0041 B
64 13 000C0040 000E0042 3
65 13 000D0040 000E0042 8
70 13 000D0046 000E0047 0
71 13 000D0047 000E0048 0
54 14 000E0036 000F0037 0
60 14 000E003C 000F003E 2
61 14 000D003C 0010003F F
62 14 000D003D 000F003F 9
64 14 000D0040 000F0042 3
65 14 000E0040 000F0042 8
71 14 000E0047 000F0048 0
72 14 000E0048 000F0049 0
53 15 000F0035 00100036 0
60 15 000F003C 0010003E 2
61 15 000E003C 0011003F F
62 15 000F003D 0010003F 8
64 15 000F0040 00100042 2
65 15 000F0040 00100042 8
73 15 000F0049 0010004A 0
52 16 00100034 00110035 0
53 16 00100035 00110036 0
56 16 00100038 00120039 4
57 16 00100039 0012003A 4
60 16 0010003C 0012003E 6
61 16 000F003C 0012003F F
62 16 0010003D 0012003F C
64 16 00100040 00120042 6
65 16 00100040 00120042 C
73 16 00100049 0011004A 0
74 16 0010004A 0011004B 0
52 17 00110034 00130035 4
55 17 00110037 00130039 6
56 17 00110038 0013003A 6
57 17 00110038 0013003A C
58 17 00110039 0013003B C
59 17 0011003B 0013003D 6
60 17 0011003C 0013003E 6
61 17 0010003C 0013003F F
62 17 0011003D 0013003F C
63 17 0011003E 00130041 E
64 17 00110040 00130042 6
65 17 00110040 00130042 C
66 17 00110041 00120043 8
68 17 00110044 00120045 0
69 17 00110045 00120046 0
74 17 0011004A 0012004B 0
51 18 00120033 00140035 6
52 18 00120034 00140035 4
53 18 00120034 00140036 C
54 18 00120036 00140038 6
55 18 00120037 00140039 6
56 18 00110037 00130039 9
57 18 00110038 0013003A 9
58 18 0011003A 0013003B 1
59 18 0011003B 0013003D 3
60 18 0011003C 0013003E 3
61 18 0011003C 0014003F F
62 18 0011003D 00140040 F
63 18 0011003E 00140041 F
64 18 0011003F 00140042 F
65 18 00110040 00140043 F
66 18 00120041 00130043 8
68 18 00120044 00130045 0
69 18 00120045 00130046 0
74 18 0012004A 0013004B 0
75 18 0012004A 0013004C 8
50 19 00130032 00140033 0
51 19 00130033 00140034 0
52 19 00120034 00140035 1
53 19 00120035 00140036 1
54 19 00120036 00140037 1
55 19 00120037 00140039 3
56 19 00120038 00140039 1
60 19 0012003C 0014003D 1
61 19 0012003D 0014003F 3
62 19 0012003E 00140040 3
63 19 0012003E 00150041 F
64 19 0012003F 00150042 F
65 19 00120040 00150043 F
66 19 00130041 00150043 C
70 19 00130046 00140047 0
71 19 00130047 00140048 0
74 19 0013004A 0014004C 2
75 19 0013004B 0014004C 0
48 20 00140030 00150031 0
49 20 00140031 00160033 6
50 20 00140032 00160033 4
56 20 00140038 00150039 0
57 20 00140039 0015003A 0
58 20 0014003A 0016003B 4
62 20 0013003E 0015003F 1
63 20 0013003F 00150041 3
64 20 00130040 00150042 3
65 20 00130040 00160043 F
66 20 00140041 00160043 C
67 20 00140042 00150044 8
72 20 00140048 00150049 0
75 20 0014004B 0015004C 0
48 21 00150030 00160032 2
49 21 00140030 00170033 F
50 21 00150031 00170033 C
51 21 00150032 00170034 C
52 21 00150034 00170035 4
57 21 00140039 0016003A 1
58 21 0015003A 0016003B 0
59 21 0015003B 0016003C 0
60 21 0015003C 0017003D 4
64 21 00140040 00160041 1
65 21 00140041 00160043 3
66 21 00140042 00160044 3
67 21 00150042 00170044 C
71 21 00150047 00160049 2
72 21 00150048 00170049 4
75 21 0015004B 0016004C 0
48 22 00160030 00170032 2
49 22 00150030 00180033 F
50 22 00150031 00180034 F
51 22 00150032 00170034 9
52 22 00160033 00170035 8
53 22 00160035 00170036 0
59 22 0015003B 0017003D 3
60 22 0016003C 0017003D 0
61 22 0016003C 0018003E C
66 22 00150042 00170044 3
67 22 00160043 00170044 0
68 22 00160043 00170045 8
71 22 00160047 00180049 6
72 22 00160047 00180049 C
73 22 00160048 0018004A C
75 22 0016004B 0017004C 0
48 23 00170030 00180032 2
49 23 00160030 00190033 F
50 23 00160031 00190034 F
51 23 00160032 00180034 9
53 23 00170035 00180036 0
54 23 00170036 00180037 0
55 23 00170037 00190038 4
60 23 0016003C 0018003D 1
61 23 0017003D 0018003E 0
62 23 0017003E 0018003F 0
67 23 00160043 00180045 3
68 23 00170044 00180045 0
70 23 00170046 00180048 2
71 23 00170047 00180049 2
72 23 00160047 0019004A F
73 23 00170048 0019004A C
74 23 00170049 0019004C E
75 23 0017004B 0018004C 0
48 24 00180030 00190032 2
49 24 00170031 00190033 3
50 24 00170031 00190033 9
51 24 00180032 00190034 8
54 24 00170036 00190038 3
55 24 00180036 001A0038 C
56 24 00180037 001A0039 C
57 24 00180039 0019003A 0
62 24 0018003E 0019003F 0
63 24 0018003F 00190040 0
68 24 00180044 00190045 0
69 24 00180045 00190046 0
71 24 00170047 001A0049 7
72 24 00170047 001A004A F
73 24 00170048 001A004B F
74 24 00170049 001A004C F
75 24 0018004A 0019004C 8
49 25 00180031 001A0032 1
50 25 00180031 001A0033 9
54 25 00190036 001A0038 2
55 25 00180036 001B0039 F
56 25 00180037 001B003A F
57 25 00190038 001A003A 8
63 25 0019003F 001A0040 0
64 25 0019003F 001B0041 C
69 25 00190045 001A0046 0
70 25 00190046 001A0048 2
71 25 00190047 001B0049 6
72 25 00180047 001B004A F
73 25 00180048 001B004B F
74 25 00180049 001A004B 9
75 25 0019004A 001A004C 8
48 26 001A0030 001B0032 2
49 26 001A0031 001B0032 0
54 26 001A0036 001B0038 2
55 26 00190037 001B0039 3
56 26 00190037 001C003A F
57 26 001A0038 001B003A 8
63 26 001A003F 001B0041 2
64 26 001A003F 001C0041 C
65 26 001A0040 001C0042 C
70 26 00190046 001C0048 7
71 26 00190046 001C0049 F
72 26 00190047 001C004A F
73 26 00190048 001C004B F
74 26 00190049 001B004B 9
49 27 001B0031 001C0032 0
55 27 001A0037 001C0039 3
56 27 001A0037 001C0039 9
57 27 001B0038 001C003A 8
60 27 001B003C 001D003D 4
61 27 001B003D 001D003E 4
63 27 001B003F 001D0041 6
64 27 001A003F 001D0042 F
65 27 001B0040 001D0042 C
66 27 001B0041 001D0043 C
67 27 001B0043 001D0044 4
68 27 001B0044 001D0045 4
69 27 001B0045 001D0047 6
70 27 001B0046 001D0048 6
71 27 001A0046 001D0049 F
72 27 001A0047 001D004A F
73 27 001A0048 001C004A 9
74 27 001B0049 001C004B 8
49 28 001C0031 001D0032 0
50 28 001C0032 001D0033 0
55 28 001C0037 001D0038 0
56 28 001B0038 001D0039 1
59 28 001C003B 001D003C 0
60 28 001C003C 001D003E 2
61 28 001C003D 001D003E 0
62 28 001C003D 001E0040 E
63 28 001C003F 001E0041 6
64 28 001B003F 001E0042 F
65 28 001B0040 001E0043 F
66 28 001B0041 001E0044 F
67 28 001B0042 001E0045 F
68 28 001B0043 001E0046 F
69 28 001B0044 001E0047 F
70 28 001B0045 001E0048 F
71 28 001B0046 001E0049 F
72 28 001B0047 001E004A F
73 28 001B0048 001D004A 9
58 29 001D003A 001E003C 2
59 29 001D003B 001E003C 0
61 29 001C003D 001E003F 3
62 29 001C003D 001F0040 F
63 29 001C003E 001F0041 F
64 29 001C003F 001F0042 F
65 29 001C0040 001E0042 9
66 29 001C0041 001E0043 9
67 29 001C0043 001E0044 1
68 29 001C0044 001E0046 3
69 29 001C0045 001E0047 3
70 29 001C0045 001F0048 F
71 29 001C0046 001F0049 F
72 29 001C0047 001E0049 9
73 29 001D0048 001E004A 8
49 30 001E0031 001F0032 0
55 30 001E0037 001F0038 0
56 30 001E0038 00200039 4
58 30 001E003A 0020003C 6
59 30 001E003A 001F003C 8
61 30 001E003D 001F003E 0
62 30 001D003E 001F003F 1
63 30 001D003F 001F0041 3
64 30 001D0040 001F0042 3
65 30 001D0040 001F0042 9
69 30 001D0045 00200047 7
70 30 001D0045 00200048 F
71 30 001D0046 00200049 F
72 30 001D0047 001F0049 9
36 31 001F0024 00210025 4
37 31 001F0025 00210026 4
38 31 001F0026 00210027 4
39 31 001F0027 00210028 4
48 31 001F0030 00210032 6
49 31 001F0031 00200032 0
55 31 001F0037 00200039 2
56 31 001F0037 00210039 C
57 31 001F0038 0021003B E
58 31 001F003A 0021003C 6
59 31 001F003A 0021003C C
64 31 001E0040 00200041 1
65 31 001F0041 00200042 0
68 31 001F0044 00200046 2
69 31 001F0045 00210047 6
70 31 001E0045 00210048 F
71 31 001E0046 00210049 F
72 31 001F0047 00200049 8
35 32 00200023 00210024 0
36 32 00200024 00210025 0
37 32 001F0025 00210027 3
38 32 001F0026 00210028 3
39 32 00200026 00210028 8
40 32 00200027 00210029 8
41 32 00200029 0021002A 0
42 32 0020002A 0022002B 4
43 32 0020002B 0022002C 4
44 32 0020002C 0022002D 4
45 32 0020002D 0022002E 4
46 32 0020002E 0022002F 4
47 32 0020002F 00220031 6
48 32 00200030 00220032 6
49 32 00200030 00210032 8
55 32 00200037 00210039 2
56 32 001F0038 0021003A 3
57 32 001F0038 0022003B F
58 32 001F0039 0022003C F
59 32 0020003A 0021003C 8
60 32 0020003B 0021003D 8
68 32 00200044 00220046 6
69 32 001F0044 00220047 F
70 32 001F0045 00220048 F
71 32 001F0046 00220049 F
72 32 00200047 00210049 8
34 33 00210022 00230024 6
35 33 00210023 00220024 0
38 33 00200026 00220028 3
39 33 00200027 00220028 1
41 33 00200029 0022002A 1
42 33 0020002A 0022002B 1
43 33 0020002B 0022002D 3
44 33 0020002C 0022002D 1
45 33 0020002C 0022002F B
46 33 0020002E 00220030 3
47 33 0020002E 00220030 9
48 33 0020002F 00220032 B
49 33 00210031 00220032 0
56 33 00200038 00220039 1
57 33 00200038 0022003B B
58 33 0020003A 0022003B 1
59 33 0020003A 0022003C 9
67 33 00210043 00220045 2
68 33 00210044 00230046 6
69 33 00200044 00230047 F
70 33 00200045 00230048 F
71 33 00200046 00230049 F
72 33 00210047 00220049 8
32 34 00220020 00230021 0
33 34 00220021 00230022 0
34 34 00220022 00230024 2
35 34 00220023 00230024 0
39 34 00220027 00230028 0
40 34 00220028 00230029 0
44 34 0021002C 0023002D 1
46 34 0021002E 00230030 3
47 34 0021002E 00240030 D
49 34 00220031 00230032 0
51 34 00220033 00230034 0
52 34 00220034 00230035 0
53 34 00220035 00230036 0
54 34 00220036 00240037 4
55 34 00220037 00240039 6
56 34 00220038 00230039 0
58 34 0021003A 0023003B 1
67 34 00220043 00240045 6
68 34 00210043 00240046 F
69 34 00210044 00240047 F
70 34 00210045 00240048 F
71 34 00210046 00230048 9
72 34 00220047 00230049 8
32 35 00230020 00240021 0
33 35 00220020 00240022 9
35 35 00230023 00240024 0
36 35 00230024 00240025 0
46 35 0023002E 00250030 6
47 35 0023002E 00250030 C
48 35 0023002F 00250031 C
53 35 00220035 00240037 3
54 35 00220035 00250038 F
55 35 00220036 00250039 F
56 35 00230037 00250039 C
66 35 00230042 00250044 6
67 35 00230043 00250045 6
68 35 00220043 00250046 F
69 35 00220044 00240046 9
70 35 00220045 00240047 9
71 35 00220047 00240048 1
32 36 00240020 00260021 4
41 36 00240029 0026002A 4
42 36 0024002A 0026002B 4
43 36 0024002B 0026002C 4
44 36 0024002C 0026002D 4
45 36 0024002D 0026002F 6
46 36 0024002E 00260030 6
47 36 0023002E 00260031 F
48 36 0024002F 00260031 C
49 36 00240030 00260032 C
50 36 00240032 00260033 4
51 36 00240033 00250034 0
53 36 00240035 00250037 2
54 36 00230036 00250038 3
55 36 00230036 00250038 9
56 36 00240037 00250039 8
57 36 00240039 0025003A 0
64 36 00240040 00260041 4
65 36 00240041 00260043 6
66 36 00240042 00260044 6
67 36 00230042 00260045 F
68 36 00230043 00250045 9
69 36 00230044 00250046 9
31 37 0025001F 00260021 2
32 37 00250020 00270021 4
33 37 00250020 00270022 C
34 37 00250022 00270023 4
35 37 00250023 00260024 0
39 37 00250027 00270028 4
40 37 00250028 0027002A 6
41 37 00250029 0027002B 6
42 37 00240029 0027002C F
43 37 0024002A 0027002D F
44 37 0024002B 0027002E F
45 37 0024002C 0027002F F
46 37 0024002D 00270030 F
47 37 0024002E 00270031 F
48 37 0024002F 00260031 9
49 37 00240030 00260033 B
50 37 00240032 00260034 3
51 37 00250032 00270034 C
54 37 00240036 00270038 7
55 37 00240036 00260038 9
57 37 00250039 0026003A 0
63 37 0025003F 00260040 0
64 37 00250040 00260041 0
65 37 00240041 00260042 1
66 37 00240042 00260043 1
67 37 00240043 00260044 1
68 37 00240044 00260045 1
31 38 0026001F 00270021 2
32 38 0025001F 00270021 9
33 38 00250020 00270022 9
34 38 00250022 00270023 1
35 38 00260023 00270024 0
37 38 00260025 00270026 0
38 38 00260026 00270028 2
39 38 00260027 00270029 2
40 38 00250027 0028002A F
41 38 00250028 0027002A 9
42 38 00250029 0027002B 9
43 38 0025002B 0027002D 3
44 38 0025002C 0027002E 3
45 38 0025002C 0027002E 9
46 38 0025002D 00270030 B
47 38 0025002F 00270031 3
48 38 0025002F 00280031 D
50 38 00250032 00270033 1
51 38 00260033 00270034 0
52 38 00260034 00270035 0
53 38 00260035 00270037 2
54 38 00260036 00280038 6
55 38 00260036 00280038 C
57 38 00260039 0027003A 0
62 38 0026003E 0027003F 0
63 38 0026003F 00270040 0
31 39 0027001F 00280021 2
32 39 0026001F 00280021 9
36 39 00270024 00280025 0
37 39 00270025 00280026 0
39 39 00260027 00290029 7
40 39 00260027 00280029 9
41 39 00260028 0028002A 9
44 39 0026002C 0029002E 7
45 39 0026002C 0029002E D
47 39 0026002F 00280031 3
48 39 00270030 00280031 0
49 39 00270030 00290032 C
53 39 00260035 00280036 1
54 39 00260036 00280038 3
55 39 00270037 00280038 0
56 39 00270037 0029003A E
57 39 00270039 0029003A 4
61 39 0027003D 0028003E 0
62 39 0027003E 0028003F 0
150 39 00270096 00280097 0
159 39 0027009F 002800A0 0
31 40 0028001F 00290021 2
32 40 0028001F 002A0021 C
34 40 00280022 002A0023 4
35 40 00280023 00290024 0
36 40 00280024 00290025 0
38 40 00280026 00290027 0
39 40 00280027 00290028 0
40 40 00270028 00290029 1
42 40 0028002A 002A002B 4
43 40 0028002B 002A002D 6
44 40 0028002C 002A002E 6
45 40 0028002C 002A002E C
46 40 0028002D 002A002F C
48 40 00270030 00290032 3
49 40 00280031 00290032 0
50 40 00280031 00290033 8
55 40 00270037 002A0039 7
56 40 00270037 002A003A F
57 40 00280038 002A003A C
58 40 00280039 0029003B 8
59 40 0028003B 0029003C 0
60 40 0028003C 0029003E 2
61 40 0028003D 002A003E 4
150 40 00280096 00290097 0
159 40 0028009F 002900A0 0
31 41 0029001F 002A0021 2
32 41 0029001F 002B0021 C
33 41 00290020 002B0023 E
34 41 00290022 002A0023 0
35 41 00280022 002A0024 9
37 41 00290025 002B0027 6
38 41 00290026 002B0027 4
41 41 00290029 002B002B 6
42 41 0029002A 002A002B 0
43 41 0028002A 002A002C 9
44 41 0028002C 002A002D 1
45 41 0028002D 002A002F 3
46 41 0029002E 002A002F 0
47 41 0029002E 002B0030 C
49 41 00280031 002B0033 7
50 41 00290031 002A0033 8
54 41 00290036 002B0038 6
55 41 00290037 002B0039 6
56 41 00280037 002B003A F
57 41 00280038 002B003B F
58 41 00280039 002A003B 9
60 41 0028003C 002A003E 3
61 41 0029003C 002B003E C
62 41 0029003D 002A003F 8
31 42 002A001F 002B0021 2
32 42 0029001F 002C0022 F
33 42 00290020 002B0022 9
34 42 00290021 002B0023 9
36 42 002A0024 002B0026 2
37 42 002A0025 002C0027 6
38 42 002A0025 002B0027 8
39 42 002A0026 002B0028 8
40 42 002A0028 002B002A 2
41 42 002A0029 002C002B 6
42 42 00290029 002B002B 9
46 42 0029002E 002B0030 3
47 42 002A002E 002B0030 8
48 42 002A002F 002B0031 8
49 42 002A0031 002B0032 0
50 42 002A0032 002B0033 0
53 42 002A0035 002B0037 2
54 42 002A0036 002C0038 6
55 42 00290036 002B0038 9
56 42 00290037 002B003A B
57 42 00290039 002B003B 3
58 42 002A0039 002C003B C
60 42 002A003C 002B003D 0
61 42 0029003C 002B003F B
62 42 002A003E 002B003F 0
124 42 002A007C 002B007D 0
31 43 002B001F 002C0021 2
32 43 002A001F 002D0022 F
33 43 002A0020 002C0022 9
36 43 002B0024 002C0026 2
37 43 002A0025 002C0027 3
38 43 002A0025 002D0027 D
40 43 002A0028 002D002A 7
41 43 002A0028 002D002B F
42 43 002B0029 002D002B C
46 43 002B002E 002D0030 6
47 43 002A002E 002C0030 9
53 43 002B0035 002C0037 2
54 43 002A0035 002D0038 F
55 43 002A0036 002D0038 D
57 43 002A0039 002D003B 7
58 43 002B0039 002D003B C
59 43 002B003A 002D003D E
60 43 002B003C 002C003D 0
62 43 002B003E 002C003F 0
63 43 002B003F 002C0040 0
119 43 002B0077 002C0078 0
123 43 002B007B 002C007C 0
124 43 002B007C 002C007D 0
31 44 002C001F 002D0021 2
32 44 002B001F 002D0021 9
33 44 002C0020 002D0022 8
37 44 002B0025 002D0027 3
38 44 002C0026 002D0027 0
39 44 002C0026 002E0029 E
40 44 002C0028 002D0029 0
41 44 002B0028 002D002B B
42 44 002C002A 002D002B 0
43 44 002C002A 002E002C C
44 44 002C002C 002E002D 4
45 44 002C002D 002E002F 6
46 44 002C002E 002D002F 0
47 44 002C002E 002D0030 8
53 44 002C0035 002D0037 2
54 44 002B0036 002D0038 3
55 44 002C0036 002E0038 C
56 44 002C0037 002E003A E
57 44 002C0039 002E003B 6
58 44 002B0039 002E003C F
59 44 002B003A 002E003D F
60 44 002C003B 002D003D 8
63 44 002C003F 002D0040 0
119 44 002C0077 002D0078 0
31 45 002D001F 002E0020 0
32 45 002C001F 002E0021 9
38 45 002C0026 002E0027 1
39 45 002C0027 002E0028 1
40 45 002C0028 002E0029 1
42 45 002C002A 002E002B 1
43 45 002C002B 002E002D 3
44 45 002C002C 002E002D 1
45 45 002C002C 002E002E 9
46 45 002C002E 002E002F 1
54 45 002C0036 002E0038 3
55 45 002C0036 002F0039 F
56 45 002C0037 002E0039 9
57 45 002C0038 002E003B B
58 45 002C003A 002E003C 3
59 45 002C003A 002F003D F
60 45 002D003B 002E003D 8
63 45 002D003F 002E0040 0
64 45 002D0040 002E0041 0
131 45 002D0083 002E0084 0
132 45 002D0084 002F0085 4
133 45 002D0085 002F0086 4
30 46 002E001E 002F0020 2
31 46 002E001F 00300020 4
44 46 002D002C 002F002D 1
54 46 002E0036 002F0038 2
55 46 002D0036 00300039 F
56 46 002D0037 00300039 D
58 46 002D003A 0030003C 7
59 46 002D003A 0030003D F
60 46 002E003B 0030003D C
64 46 002E0040 002F0041 0
65 46 002E0041 002F0042 0
131 46 002E0083 002F0084 0
132 46 002D0084 002F0085 1
133 46 002E0085 002F0086 0
134 46 002E0086 002F0087 0
30 47 002F001E 00310020 6
31 47 002F001E 00310020 C
32 47 002F001F 00310021 C
33 47 002F0021 00310022 4
34 47 002F0022 00310023 4
35 47 002F0023 00310024 4
54 47 002F0036 00300038 2
55 47 002E0037 00300039 3
56 47 002F0037 00310039 C
57 47 002F0038 0031003B E
58 47 002F003A 0031003C 6
59 47 002E003A 0031003D F
60 47 002F003B 0031003D C
61 47 002F003C 0030003E 8
65 47 002F0041 00300042 0
120 47 002F0078 00300079 0
121 47 002F0079 0030007A 0
122 47 002F007A 0030007B 0
29 48 0030001D 0031001F 2
30 48 0030001E 00320020 6
31 48 002F001E 00320021 F
32 48 002F001F 00320022 F
33 48 002F0020 00320023 F
34 48 002F0021 00320024 F
35 48 00300022 00320024 C
36 48 00300023 00320025 C
55 48 002F0037 00310039 3
56 48 002F0038 0031003A 3
57 48 002F0038 0032003B F
58 48 002F0039 0032003C F
59 48 002F003A 0032003D F
60 48 002F003B 0032003E F
61 48 0030003C 0031003E 8
65 48 00300041 00310042 0
66 48 00300042 00310043 0
29 49 0031001D 0032001F 2
30 49 0030001D 00330020 F
31 49 0030001E 00320020 9
32 49 0030001F 00320021 9
33 49 00300021 00320023 3
34 49 00300022 00320024 3
35 49 00300022 00330025 F
36 49 00310023 00330025 C
37 49 00310024 00330026 C
56 49 00300038 0032003A 3
57 49 00300038 0033003B F
58 49 00300039 0033003C F
59 49 0030003A 0033003D F
60 49 0030003B 0033003E F
61 49 0031003C 0032003E 8
66 49 00310042 00320043 0
67 49 00310042 00320044 8
29 50 0032001D 0033001F 2
30 50 0031001D 0033001F 9
31 50 0031001E 00330020 9
34 50 00310022 00330024 3
35 50 00310023 00330025 3
36 50 00310023 00340026 F
37 50 00320024 00340026 C
38 50 00320025 00330027 8
47 50 0032002F 00340030 4
48 50 00320030 00340031 4
49 50 00320031 00340032 4
50 50 00320032 00340033 4
51 50 00320033 00340034 4
52 50 00320034 00340035 4
56 50 00320038 0033003A 2
57 50 00310039 0033003B 3
58 50 00310039 0034003C F
59 50 0031003A 0034003D F
60 50 0031003B 0034003E F
61 50 0032003C 0033003E 8
66 50 00320042 00330044 2
67 50 00320042 00330044 8
29 51 0033001D 0034001F 2
30 51 0032001D 0035001F D
32 51 00330020 00350021 4
35 51 00320023 00340025 3
36 51 00320024 00340026 3
37 51 00320024 00350027 F
38 51 00330025 00340027 8
46 51 0033002E 00350030 6
47 51 0033002F 00350031 6
48 51 0032002F 00350032 F
49 51 00320030 00350033 F
50 51 00320031 00350034 F
51 51 00320032 00350035 F
52 51 00330033 00350035 C
53 51 00330034 00350036 C
57 51 00320039 0034003B 3
58 51 0032003A 0034003C 3
59 51 0032003A 0035003D F
60 51 0032003B 0035003E F
61 51 0033003C 0035003E C
66 51 00330042 00340044 2
67 51 00330042 00340044 8
29 52 0034001D 0035001F 2
30 52 0034001D 0036001F C
31 52 0034001E 00360021 E
32 52 00340020 00360021 4
33 52 00340020 00350022 8
36 52 00330024 00350026 3
37 52 00330024 00360027 F
38 52 00340025 00360027 C
45 52 0034002D 0035002F 2
46 52 0034002E 0035002F 0
47 52 0033002E 00350030 9
48 52 00330030 00350031 1
49 52 00330031 00350033 3
50 52 00330032 00350034 3
51 52 00330032 00360035 F
52 52 00330033 00360036 F
53 52 00340034 00360036 C
54 52 00340035 00360037 C
58 52 0033003A 0035003C 3
59 52 0033003B 0035003D 3
60 52 0033003B 0036003E F
61 52 0034003C 0036003E C
62 52 0034003D 0035003F 8
66 52 00340042 00350044 2
67 52 00340042 00350044 8
0 53 00350000 00360001 0
29 53 0035001D 0036001F 2
30 53 0034001D 00370020 F
31 53 0034001E 00370021 F
32 53 0034001F 00370022 F
33 53 00350020 00370022 C
36 53 00350024 00360026 2
37 53 00340024 00370027 F
38 53 00350025 00370027 C
39 53 00350026 00360028 8
45 53 0035002D 0037002F 6
46 53 0034002D 0036002F 9
50 53 00340032 00360034 3
51 53 00340032 00370035 F
52 53 00340033 00370036 F
53 53 00340034 00370037 F
54 53 00350035 00370037 C
55 53 00350036 00360038 8
59 53 0034003B 0036003D 3
60 53 0034003C 0036003E 3
61 53 0034003C 0037003F F
62 53 0035003D 0036003F 8
66 53 00350042 00360044 2
67 53 00350042 00360044 8
0 54 00360000 00370001 0
29 54 0036001D 0037001F 2
30 54 0035001D 00380020 F
31 54 0035001E 00380021 F
32 54 0035001F 00380022 F
33 54 00360020 00380022 C
34 54 00360021 00380023 C
36 54 00360024 00380026 6
37 54 00350024 00380027 F
38 54 00350025 00380028 F
39 54 00360026 00370028 8
42 54 0036002A 0037002B 0
43 54 0036002B 0038002C 4
44 54 0036002C 0038002E 6
45 54 0036002D 0038002F 6
46 54 0036002D 0037002F 8
50 54 00360032 00370034 2
51 54 00350033 00370035 3
52 54 00350033 00380036 F
53 54 00350034 00380037 F
54 54 00350035 00380038 F
55 54 00360036 00370038 8
60 54 0035003C 0037003E 3
61 54 0035003C 0037003E 9
62 54 0036003D 0037003F 8
66 54 00360042 00370044 2
67 54 00360042 00370044 8
69 54 00360045 00370046 0
70 54 00360046 00370047 0
29 55 0037001D 0038001F 2
30 55 0036001D 00390020 F
31 55 0036001E 00390021 F
32 55 0036001F 00390022 F
33 55 00360020 00390023 F
34 55 00370021 00380023 8
35 55 00370022 00380025 A
36 55 00370024 00380026 2
37 55 00360024 00390027 F
38 55 00360025 00390028 F
39 55 00370026 00380028 8
42 55 0037002A 0038002C 2
43 55 0036002A 0039002D F
44 55 0036002B 0039002E F
45 55 0036002C 0039002F F
46 55 0037002D 0039002F C
51 55 00360033 00380034 1
52 55 00360033 00380036 B
53 55 00360035 00380037 3
54 55 00360035 00390038 F
55 55 00370036 00380038 8
60 55 0037003C 0038003E 2
61 55 0036003C 0038003E 9
66 55 00370042 00380044 2
67 55 00370042 00380044 8
29 56 0038001D 0039001F 2
30 56 0037001D 003A0020 F
31 56 0037001E 003A0021 F
32 56 0037001F 003A0022 F
33 56 00370020 00390022 9
34 56 00370021 00390023 9
36 56 00370024 00390026 3
37 56 00370024 003A0027 F
38 56 00370025 00390027 9
39 56 00380026 00390028 8
42 56 0038002A 0039002C 2
43 56 0037002A 003A002D F
44 56 0037002B 003A002E F
45 56 0037002C 003A002F F
46 56 0038002D 003A002F C
47 56 0038002E 003A0030 C
50 56 00380032 00390033 0
51 56 00380033 00390034 0
53 56 00370035 00390037 3
54 56 00370035 003A0038 F
55 56 00380036 00390038 8
60 56 0038003C 003A003E 6
61 56 0038003C 003A003E C
66 56 00380042 00390044 2
67 56 00380042 00390044 8
149 56 00380095 00390096 0
29 57 0039001D 003B001F 6
30 57 0038001D 003B0020 F
31 57 0038001E 003B0021 F
32 57 0038001F 003B0022 F
33 57 00380020 003A0022 9
36 57 00390024 003B0026 6
37 57 00380024 003B0027 F
38 57 00380025 003A0027 9
42 57 0039002A 003A002C 2
43 57 0038002A 003B002D F
44 57 0038002B 003A002D 9
45 57 0038002C 003A002F B
46 57 0038002E 003A0030 3
47 57 0039002E 003B0030 C
48 57 0039002F 003B0031 C
49 57 00390031 003A0032 0
50 57 00390032 003A0033 0
53 57 00390035 003B0037 6
54 57 00380035 003B0038 F
55 57 00390036 003A0038 8
59 57 0039003B 003B003D 6
60 57 0039003C 003A003D 0
61 57 0039003C 003A003E 8
62 57 0039003E 003A003F 0
66 57 00390042 003A0044 2
67 57 00390042 003A0044 8
149 57 00390095 003A0096 0
28 58 003A001C 003C001E 6
29 58 003A001D 003C001F 6
30 58 0039001D 003C0020 F
31 58 0039001E 003C0021 F
32 58 0039001F 003C0022 F
33 58 003A0020 003C0022 C
35 58 003A0023 003C0025 6
36 58 003A0024 003C0026 6
37 58 00390024 003B0026 9
38 58 003A0025 003B0027 8
42 58 003A002A 003B002C 2
43 58 0039002A 003C002D F
44 58 0039002B 003C002D D
46 58 0039002E 003C0030 7
47 58 0039002E 003C0031 F
48 58 0039002F 003C0032 F
49 58 00390030 003C0032 D
52 58 003A0034 003C0036 6
53 58 003A0035 003C0037 6
54 58 00390035 003B0037 9
55 58 003A0036 003B0038 8
58 58 003A003A 003C003C 6
59 58 003A003B 003C003D 6
60 58 0039003B 003B003D 9
66 58 003A0042 003B0044 2
67 58 003A0042 003B0044 8
27 59 003B001B 003D001D 6
28 59 003B001C 003D001E 6
29 59 003A001C 003D001F F
30 59 003A001D 003D0020 F
31 59 003A001E 003D0021 F
32 59 003A001F 003D0022 F
33 59 003B0020 003D0022 C
34 59 003B0021 003D0024 E
35 59 003B0023 003D0025 6
36 59 003A0023 003C0025 9
37 59 003A0024 003C0026 9
42 59 003B002A 003C002C 2
43 59 003A002B 003C002D 3
44 59 003B002B 003D002D C
45 59 003B002C 003D002F E
46 59 003B002E 003D0030 6
47 59 003A002E 003D0031 F
48 59 003A002F 003D0032 F
49 59 003B0030 003D0032 C
50 59 003B0031 003D0033 C
51 59 003B0033 003D0035 6
52 59 003B0034 003D0036 6
53 59 003A0034 003D0037 F
54 59 003A0035 003C0037 9
57 59 003B0039 003D003B 6
58 59 003B003A 003D003C 6
59 59 003A003A 003C003C 9
60 59 003B003B 003C003D 8
66 59 003B0042 003D0044 6
67 59 003B0042 003C0044 8
133 59 003B0085 003C0086 0
22 60 003C0016 003D0017 0
23 60 003C0017 003D0018 0
24 60 003C0018 003D0019 0
25 60 003C0019 003E001A 4
26 60 003C001A 003D001B 0
27 60 003C001B 003D001D 2
28 60 003B001C 003D001E 3
29 60 003B001C 003E001F F
30 60 003B001D 003E0020 F
31 60 003B001E 003E0021 F
32 60 003B001F 003E0022 F
33 60 003B0020 003D0022 9
34 60 003B0021 003D0024 B
35 60 003B0023 003D0024 1
36 60 003B0023 003D0025 9
43 60 003B002B 003D002D 3
44 60 003B002C 003D002E 3
45 60 003B002C 003E002F F
46 60 003B002D 003E0030 F
47 60 003B002E 003E0031 F
48 60 003B002F 003E0032 F
49 60 003B0030 003E0033 F
50 60 003B0031 003E0034 F
51 60 003B0032 003E0035 F
52 60 003B0033 003E0036 F
53 60 003B0034 003D0036 9
54 60 003C0035 003D0037 8
56 60 003C0038 003E003A 6
57 60 003C0039 003E003B 6
58 60 003B0039 003E003C F
59 60 003B003A 003D003C 9
64 60 003C0040 003E0041 4
65 60 003C0041 003E0043 6
66 60 003C0042 003E0044 6
67 60 003C0042 003D0044 8
133 60 003C0085 003D0086 0
24 61 003C0018 003E0019 1
25 61 003C0019 003E001A 1
26 61 003C001A 003E001B 1
28 61 003C001C 003E001E 3
29 61 003C001C 003E001E 9
30 61 003C001D 003E001F 9
31 61 003C001F 003E0021 3
32 61 003C0020 003E0022 3
33 61 003C0020 003E0022 9
35 61 003C0023 003E0024 1
44 61 003C002C 003E002E 3
45 61 003C002D 003E002F 3
46 61 003C002D 003F0030 F
47 61 003C002E 003F0031 F
48 61 003C002F 003F0032 F
49 61 003C0030 003F0033 F
50 61 003C0031 003F0034 F
51 61 003C0032 003F0035 F
52 61 003C0033 003E0035 9
53 61 003C0034 003E0036 9
55 61 003D0037 003E0039 2
56 61 003D0038 003F003A 6
57 61 003C0038 003F003B F
58 61 003C0039 003E003B 9
59 61 003D003A 003E003C 8
63 61 003D003F 003E0040 0
64 61 003D0040 003E0041 0
65 61 003C0041 003E0043 3
66 61 003C0042 003E0044 3
67 61 003D0042 003E0044 8
28 62 003E001C 0040001E 6
29 62 003D001C 003F001E 9
32 62 003D0020 003F0022 3
33 62 003E0021 003F0022 0
35 62 003E0023 003F0024 0
45 62 003D002D 003F002E 1
46 62 003D002E 003F0030 3
47 62 003D002F 003F0031 3
48 62 003D002F 00400032 F
49 62 003D0030 00400033 F
50 62 003D0031 003F0033 9
51 62 003D0032 003F0034 9
52 62 003D0034 003F0035 1
55 62 003E0037 00400039 6
56 62 003D0037 0040003A F
57 62 003D0038 0040003B F
58 62 003D0039 003F003B 9
66 62 003D0042 003F0044 3
67 62 003E0042 003F0044 8
75 62 003E004B 003F004C 0
101 62 003E0065 003F0066 0
102 62 003E0066 003F0067 0
132 62 003E0084 003F0085 0
133 62 003E0085 003F0086 0
27 63 003F001B 0040001D 2
28 63 003F001C 0041001E 6
29 63 003F001C 0040001E 8
33 63 003F0021 00400022 0
34 63 003F0022 00400023 0
36 63 003F0024 00410025 4
37 63 003F0025 00410026 4
38 63 003F0026 00410027 4
39 63 003F0027 00410028 4
40 63 003F0028 00410029 4
41 63 003F0029 0041002A 4
42 63 003F002A 0041002B 4
47 63 003E002F 00400030 1
48 63 003E0030 00400031 1
49 63 003E0031 00400032 1
50 63 003E0032 00400033 1
54 63 003F0036 00410038 6
55 63 003F0037 00410039 6
56 63 003E0037 0041003A F
57 63 003E0038 0041003B F
58 63 003F0039 0040003B 8
66 63 003F0042 00400044 2
67 63 003F0042 00400044 8
74 63 003F004A 0040004B 0
75 63 003F004B 0040004C 0
120 63 003F0078 00400079 0
27 64 0040001B 0041001C 0
28 64 003F001B 0041001D 9
29 64 0040001D 0041001E 0
34 64 00400022 00410023 0
35 64 00400023 00410025 2
36 64 00400024 00420026 6
37 64 003F0024 00420027 F
38 64 003F0025 00420028 F
39 64 003F0026 00420029 F
40 64 003F0027 0042002A F
41 64 003F0028 0042002B F
42 64 00400029 0042002B C
43 64 0040002A 0042002C C
44 64 0040002C 0042002D 4
45 64 0040002D 0042002E 4
53 64 00400035 00410037 2
54 64 00400036 00420038 6
55 64 003F0036 00420039 F
56 64 003F0037 0042003A F
57 64 003F0038 0042003B F
58 64 00400039 0042003B C
66 64 00400042 00410044 2
67 64 00400042 00410044 8
89 64 00400059 0041005A 0
120 64 00400078 00410079 0
125 64 0040007D 0041007E 0
26 65 0041001A 0042001C 2
27 65 0041001B 0042001C 0
35 65 00400023 00420025 3
36 65 00400023 00430026 F
37 65 00400024 00430027 F
38 65 00400025 00430028 F
39 65 00400026 00430029 F
40 65 00400027 0043002A F
41 65 00400028 0043002B F
42 65 00400029 0043002C F
43 65 0040002A 0043002D F
44 65 0040002B 0043002E F
45 65 0041002C 0043002E C
46 65 0041002D 0043002F C
47 65 0041002F 00430030 4
48 65 00410030 00430031 4
49 65 00410031 00430032 4
50 65 00410032 00420033 0
53 65 00410035 00430037 6
54 65 00400035 00430038 F
55 65 00400036 00420038 9
56 65 00400037 00420039 9
57 65 00400039 0042003B 3
58 65 0041003A 0042003B 0
59 65 0041003A 0042003C 8
66 65 00410042 00420044 2
67 65 00410042 00420044 8
89 65 00410059 0042005A 0
124 65 0041007C 0042007D 0
125 65 0041007D 0042007E 0
26 66 0042001A 0043001B 0
27 66 0042001A 0043001C 8
35 66 00420023 00430025 2
36 66 00410023 00440026 F
37 66 00410024 00440027 F
38 66 00410025 00440028 F
39 66 00410026 00440029 F
40 66 00410027 0044002A F
41 66 00410028 0044002B F
42 66 00410029 0044002C F
43 66 0041002A 0044002D F
44 66 0041002B 0044002E F
45 66 0041002C 0044002F F
46 66 0041002D 00440030 F
47 66 0041002E 00440031 F
48 66 0041002F 00440032 F
49 66 00410030 00440033 F
50 66 00420031 00440033 C
52 66 00420034 00440036 6
53 66 00420035 00440037 6
54 66 00410035 00440038 F
55 66 00410036 00440038 D
58 66 0041003A 0044003B 5
66 66 00420042 00430044 2
67 66 00420042 00430044 8
115 66 00420073 00430074 0
130 66 00420082 00430083 0
131 66 00420083 00430084 0
25 67 00430019 0044001B 2
26 67 0043001A 0045001B 4
35 67 00430023 00440025 2
36 67 00420023 00450026 F
37 67 00420024 00440026 9
38 67 00420025 00440028 B
39 67 00420027 00440029 3
40 67 00420027 0045002A F
41 67 00420028 0045002B F
42 67 00420029 0045002C F
43 67 0042002A 0045002D F
44 67 0042002B 0045002E F
45 67 0042002C 0045002F F
46 67 0042002D 00450030 F
47 67 0042002E 00450031 F
48 67 0042002F 00450032 F
49 67 00420030 00450033 F
50 67 00430031 00440033 8
51 67 00430032 00440034 8
52 67 00430034 00440035 0
53 67 00420035 00440037 3
54 67 00420036 00440038 3
55 67 00430036 00450038 C
56 67 00430037 00450039 C
57 67 00430039 0045003B 6
58 67 0043003A 0045003B 4
59 67 0043003A 0045003C C
61 67 0043003D 0045003E 4
62 67 0043003E 0045003F 4
63 67 0043003F 00450040 4
66 67 00430042 00450044 6
67 67 00430042 00440044 8
105 67 00430069 0045006A 4
106 67 0043006A 0045006B 4
115 67 00430073 00450074 4
116 67 00430073 00450075 C
120 67 00430078 00450079 4
130 67 00430082 00440083 0
134 67 00430086 00440087 0
25 68 00440019 0045001B 2
26 68 00440019 0045001B 8
27 68 0044001A 0045001C 8
35 68 00440023 00450025 2
36 68 00430024 00450025 1
37 68 00430024 00450026 9
39 68 00430027 00450028 1
40 68 00430027 0045002A B
41 68 00430029 0045002B 3
42 68 00430029 0046002C F
43 68 0043002A 0045002C 9
44 68 0043002B 0045002E B
45 68 0043002D 0045002F 3
46 68 0043002D 00460030 F
47 68 0043002E 00460031 F
48 68 0043002F 00460032 F
49 68 00430030 00460033 F
50 68 00430031 00460033 D
54 68 00430036 00450037 1
55 68 00430037 00450038 1
56 68 00430038 0045003A 3
57 68 00430039 0045003B 3
58 68 00430039 0045003B 9
59 68 0044003A 0045003C 8
60 68 0044003C 0045003E 2
61 68 0044003D 0046003F 6
62 68 0043003D 00460040 F
63 68 0044003E 00460040 C
64 68 0044003F 00460041 C
65 68 00440041 00460043 6
66 68 00440042 00460044 6
67 68 00440042 00460044 C
93 68 0044005D 0046005E 4
94 68 0044005E 0046005F 4
95 68 0044005F 00460060 4
96 68 00440060 00460061 4
97 68 00440061 00460062 4
98 68 00440062 00460063 4
99 68 00440063 00460064 4
100 68 00440064 00460065 4
101 68 00440065 00460066 4
102 68 00440066 00460067 4
103 68 00440067 00460068 4
104 68 00440068 0046006A 6
105 68 00440069 0046006B 6
106 68 00440069 0046006B C
107 68 0044006A 0046006C C
108 68 0044006C 0046006D 4
109 68 0044006D 0046006E 4
110 68 0044006E 0046006F 4
111 68 0044006F 00460070 4
112 68 00440070 00460071 4
113 68 00440071 00460072 4
114 68 00440072 00460074 6
115 68 00440073 00460075 6
116 68 00440073 00460075 C
117 68 00440074 00460076 C
118 68 00440076 00460077 4
119 68 00440077 00460079 6
120 68 00440078 00460079 4
121 68 00440078 0046007A C
122 68 0044007A 0046007B 4
134 68 00440086 00450087 0
25 69 00450019 0046001B 2
26 69 00440019 0046001B 9
36 69 00440024 00460025 1
39 69 00450027 00460028 0
41 69 00440029 0046002B 3
42 69 00440029 0047002C F
43 69 0044002A 0046002C 9
45 69 0044002D 0046002F 3
46 69 0044002D 00470030 F
47 69 0044002E 00470031 F
48 69 0044002F 00470032 F
49 69 00440030 00470033 F
50 69 00450031 00470033 C
51 69 00450032 00470034 C
52 69 00450034 00460035 0
57 69 00440039 0046003B 3
58 69 00440039 0047003B D
60 69 0044003C 0047003E 7
61 69 0044003C 0046003E 9
62 69 0044003D 0046003F 9
63 69 0044003F 00460040 1
64 69 00440040 00460041 1
65 69 00440041 00460042 1
66 69 00440042 00460043 1
67 69 00450043 00460044 0
68 69 00450044 00460045 0
69 69 00450045 00460046 0
70 69 00450046 00470047 4
71 69 00450047 00470048 4
72 69 00450048 00470049 4
73 69 00450049 0047004A 4
74 69 0045004A 0047004B 4
75 69 0045004B 0047004C 4
76 69 0045004C 0047004D 4
77 69 0045004D 0047004E 4
78 69 0045004E 0047004F 4
79 69 0045004F 00470050 4
80 69 00450050 00470051 4
81 69 00450051 00470052 4
82 69 00450052 00470053 4
83 69 00450053 00470054 4
84 69 00450054 00470055 4
85 69 00450055 00470056 4
86 69 00450056 00470057 4
87 69 00450057 00470058 4
88 69 00450058 00470059 4
89 69 00450059 0047005A 4
90 69 0045005A 0047005B 4
91 69 0045005B 0046005C 0
92 69 0045005C 0046005D 0
93 69 0045005D 0046005E 0
94 69 0044005E 0046005F 1
95 69 0044005F 00460060 1
96 69 00440060 00460061 1
97 69 00440061 00460062 1
98 69 00440062 00460063 1
99 69 00440063 00460064 1
100 69 00440064 00460065 1
101 69 00440065 00460066 1
102 69 00440066 00460067 1
103 69 00440067 00460068 1
104 69 00440068 00460069 1
105 69 00440069 0046006A 1
106 69 0044006A 0046006B 1
107 69 0044006B 0046006C 1
108 69 0044006C 0046006D 1
109 69 0044006D 0046006E 1
110 69 0044006E 0046006F 1
111 69 0044006F 00460070 1
112 69 00440070 00460071 1
113 69 00440071 00460072 1
114 69 00440072 00460073 1
115 69 00440073 00460074 1
116 69 00440074 00460075 1
117 69 00440075 00460076 1
118 69 00440076 00460077 1
119 69 00440077 00460079 3
120 69 00440078 0046007A 3
121 69 00440078 0047007B F
122 69 00450079 0047007B C
123 69 0045007A 0047007C C
124 69 0045007C 0047007D 4
125 69 0045007D 0047007E 4
126 69 0045007E 0047007F 4
127 69 0045007F 00470080 4
128 69 00450080 00470081 4
129 69 00450081 00470082 4
130 69 00450082 00470083 4
131 69 00450083 00470084 4
132 69 00450084 00470085 4
134 69 00450086 00470087 4
136 69 00450088 00470089 4
11 70 0046000B 0047000C 0
12 70 0046000C 0047000D 0
13 70 0046000D 0047000E 0
25 70 00460019 0047001B 2
26 70 00460019 0047001B 8
36 70 00460024 00470025 0
37 70 00460024 00480026 C
41 70 00460029 0048002B 6
42 70 00450029 0048002C F
43 70 0046002A 0047002C 8
45 70 0046002D 0047002F 2
46 70 0045002D 00480030 F
47 70 0045002E 00480031 F
48 70 0045002F 00480032 F
49 70 00450030 00480033 F
50 70 00450031 00480034 F
51 70 00450032 00480035 F
52 70 00460033 00480035 C
54 70 00460036 00470037 0
57 70 00460039 0047003B 2
58 70 0046003A 0047003B 0
59 70 0046003A 0048003D E
60 70 0046003C 0048003E 6
61 70 0045003C 0047003E 9
69 70 00450045 00470046 1
70 70 00450046 00470047 1
71 70 00450047 00470048 1
72 70 00450048 00470049 1
73 70 00450049 0047004A 1
74 70 0045004A 0047004B 1
75 70 0045004B 0047004C 1
76 70 0045004C 0047004D 1
77 70 0045004D 0047004E 1
78 70 0045004E 0047004F 1
79 70 0045004F 00470050 1
80 70 00450050 00470051 1
81 70 00450051 00470052 1
82 70 00450052 00470053 1
83 70 00450053 00470054 1
84 70 00450054 00470055 1
85 70 00450055 00470056 1
86 70 00450056 00470057 1
87 70 00450057 00470058 1
88 70 00450058 00470059 1
89 70 00450059 0047005A 1
90 70 0045005A 0047005B 1
91 70 0045005B 0047005C 1
120 70 00450078 00470079 1
121 70 00450079 0047007A 1
122 70 0045007A 0047007B 1
123 70 0045007B 0047007C 1
124 70 0045007C 0047007D 1
125 70 0045007D 0047007E 1
126 70 0045007E 0047007F 1
127 70 0045007F 00470080 1
128 70 00450080 00470081 1
129 70 00450081 00470082 1
130 70 00450082 00470083 1
131 70 00450083 00470085 3
132 70 00460084 00470085 0
133 70 00460084 00480087 E
134 70 00460086 00480087 4
135 70 00460086 00480089 E
136 70 00460088 00480089 4
137 70 00460088 0048008A C
138 70 0046008A 0048008B 4
139 70 0046008B 0048008C 4
140 70 0046008C 0048008D 4
141 70 0046008D 0048008E 4
4 71 00470004 00480005 0
5 71 00470005 00480006 0
10 71 0047000A 0048000B 0
12 71 0046000C 0048000D 1
25 71 00470019 0048001B 2
26 71 00470019 0048001B 8
36 71 00470024 00480026 2
37 71 00470025 00480026 0
38 71 00470025 00480027 8
39 71 00470027 00480028 0
40 71 00470028 00480029 0
41 71 00470029 0048002A 0
42 71 0046002A 0048002C 3
43 71 0047002B 0048002C 0
45 71 0047002D 0049002F 6
46 71 0046002D 00490030 F
47 71 0046002E 00490031 F
48 71 0046002F 00490032 F
49 71 00460030 00490033 F
50 71 00460031 00490034 F
51 71 00460032 00490035 F
52 71 00470033 00490035 C
53 71 00470034 00490037 E
54 71 00470036 00480037 0
58 71 0046003A 0049003C 7
59 71 0046003A 0049003D F
60 71 0046003B 0049003E F
61 71 0047003C 0048003E 8
132 71 00460084 00480085 1
133 71 00460085 00480086 1
134 71 00460086 00480087 1
135 71 00460087 00480088 1
136 71 00460088 00480089 1
137 71 00460089 0048008A 1
138 71 0046008A 0048008B 1
139 71 0046008B 0048008C 1
140 71 0046008C 0048008D 1
141 71 0047008D 0048008E 0
142 71 0047008E 0048008F 0
143 71 0047008F 00490090 4
144 71 00470090 00490091 4
145 71 00470091 00490092 4
146 71 00470092 00490093 4
151 71 00470097 00480098 0
152 71 00470098 00480099 0
4 72 00480004 00490005 0
5 72 00480005 00490006 0
10 72 0048000A 0049000B 0
25 72 00480019 0049001A 0
26 72 00480019 0049001B 8
37 72 00470025 00490027 3
38 72 00470025 00490027 9
43 72 0048002B 0049002C 0
44 72 0048002B 004A002E E
45 72 0048002D 004A002F 6
46 72 0047002D 004A0030 F
47 72 0047002E 004A0031 F
48 72 0047002F 004A0032 F
49 72 00470030 004A0033 F
50 72 00470031 004A0034 F
51 72 00470032 004A0035 F
52 72 00470033 004A0036 F
53 72 00470034 004A0037 F
54 72 00480035 004A0037 C
57 72 00480039 004A003B 6
58 72 0048003A 004A003C 6
59 72 0047003A 004A003D F
60 72 0047003B 004A003E F
61 72 0048003C 0049003E 8
142 72 0047008E 0049008F 1
143 72 0047008F 00490090 1
144 72 00470090 00490091 1
145 72 00470091 00490092 1
146 72 00480092 00490093 0
147 72 00480093 00490094 0
148 72 00480094 004A0095 4
149 72 00480095 004A0096 4
151 72 00480097 00490098 0
10 73 0049000A 004A000B 0
22 73 00490016 004B0017 4
25 73 00490019 004A001A 0
37 73 00490025 004A0027 2
38 73 00490026 004A0027 0
43 73 0049002B 004A002C 0
44 73 0048002C 004A002D 1
45 73 0048002D 004A002E 1
46 73 0048002E 004A002F 1
47 73 0048002F 004A0031 3
48 73 00480030 004A0032 3
49 73 00480030 004B0033 F
50 73 00480031 004B0034 F
51 73 00480032 004B0035 F
52 73 00480033 004B0036 F
53 73 00480034 004A0036 9
54 73 00490035 004A0037 8
55 73 00490037 004A0038 0
56 73 00490038 004B003A 6
57 73 00490039 004B003B 6
58 73 00480039 004A003B 9
59 73 0048003A 004A003D B
60 73 0048003C 004A003E 3
61 73 0049003C 004B003E C
63 73 0049003F 004B0040 4
70 73 00490046 004A0047 0
147 73 00480093 004A0095 3
148 73 00480094 004A0096 3
149 73 00490094 004A0096 8
150 73 00490095 004A0098 A
151 73 00490097 004A0098 0
9 74 004A0009 004B000A 0
10 74 004A000A 004B000B 0
21 74 004A0015 004B0016 0
22 74 004A0016 004B0017 0
23 74 004A0017 004B0018 0
25 74 004A0019 004B001A 0
38 74 004A0026 004B0027 0
48 74 00490030 004B0032 3
49 74 00490031 004B0033 3
50 74 00490031 004B0033 9
51 74 00490032 004B0035 B
52 74 00490034 004B0035 1
53 74 00490034 004B0036 9
55 74 00490037 004B0038 1
56 74 00490038 004B0039 1
57 74 00490039 004B003A 1
58 74 0049003A 004B003B 1
60 74 0049003C 004B003E 3
61 74 004A003D 004B003E 0
62 74 004A003D 004C0040 E
63 74 004A003F 004C0040 4
64 74 004A003F 004C0041 C
65 74 004A0041 004C0042 4
66 74 004A0042 004C0043 4
67 74 004A0043 004C0044 4
68 74 004A0044 004C0045 4
69 74 004A0045 004C0047 6
70 74 004A0046 004C0047 4
148 74 00490094 004B0096 3
149 74 00490095 004B0096 1
151 74 004A0097 004B0098 0
152 74 004A0097 004B0099 8
154 74 004A009A 004B009B 0
155 74 004A009B 004B009C 0
12 75 004B000C 004C000D 0
13 75 004B000D 004C000E 0
14 75 004B000E 004C000F 0
24 75 004B0018 004C001A 2
25 75 004B0019 004C001A 0
38 75 004B0026 004C0027 0
49 75 004A0031 004C0033 3
50 75 004A0031 004C0033 9
52 75 004A0034 004C0035 1
54 75 004B0036 004D0037 4
61 75 004A003D 004D003F 7
62 75 004A003D 004C003F 9
63 75 004A003E 004C0041 B
64 75 004A0040 004C0042 3
65 75 004A0040 004C0042 9
66 75 004A0041 004C0043 9
67 75 004A0043 004C0044 1
68 75 004A0044 004C0045 1
69 75 004A0045 004C0047 3
70 75 004B0046 004C0047 0
71 75 004B0046 004D0048 C
72 75 004B0048 004D0049 4
73 75 004B0049 004D004A 4
74 75 004B004A 004D004B 4
76 75 004B004C 004D004D 4
145 75 004B0091 004C0092 0
149 75 004B0095 004C0096 0
151 75 004B0097 004C0099 2
152 75 004B0098 004C0099 0
155 75 004B009B 004C009C 0
4 76 004C0004 004D0005 0
24 76 004C0018 004D001A 2
25 76 004C0018 004D001A 8
38 76 004C0026 004D0027 0
39 76 004C0027 004D0028 0
40 76 004C0028 004D0029 0
49 76 004C0031 004D0033 2
50 76 004C0032 004D0033 0
53 76 004C0035 004D0036 0
54 76 004C0036 004D0037 0
55 76 004C0037 004D0038 0
56 76 004C0038 004D0039 0
57 76 004C0039 004E003A 4
58 76 004C003A 004E003B 4
59 76 004C003B 004E003C 4
60 76 004C003C 004E003E 6
61 76 004C003D 004E003F 6
62 76 004B003D 004E003F D
64 76 004B0040 004D0041 1
65 76 004B0040 004D0042 9
70 76 004B0046 004D0047 1
71 76 004B0047 004D0048 1
72 76 004B0048 004D0049 1
73 76 004B0049 004D004A 1
74 76 004C004A 004D004B 0
75 76 004C004B 004D004D 2
76 76 004C004C 004D004D 0
77 76 004C004C 004E004E C
78 76 004C004E 004E004F 4
79 76 004C004F 004E0050 4
80 76 004C0050 004E0051 4
145 76 004C0091 004D0092 0
152 76 004C0098 004D0099 0
4 77 004D0004 004E0005 0
24 77 004D0018 004E001A 2
25 77 004D0018 004E001A 8
39 77 004C0027 004E0028 1
50 77 004D0032 004E0033 0
51 77 004D0033 004E0034 0
53 77 004D0035 004F0036 4
56 77 004C0038 004F003A 7
57 77 004C0038 004F003B F
58 77 004C0039 004F003C F
59 77 004C003A 004F003D F
60 77 004C003B 004F003E F
61 77 004C003C 004F003F F
62 77 004D003D 004F003F C
63 77 004D003E 004E0040 8
64 77 004D0040 004E0041 0
76 77 004C004C 004E004D 1
77 77 004C004D 004E004E 1
78 77 004C004E 004E004F 1
79 77 004C004F 004E0050 1
80 77 004D0050 004E0051 0
81 77 004D0051 004E0052 0
82 77 004D0052 004F0053 4
83 77 004D0053 004F0054 4
84 77 004D0054 004F0055 4
85 77 004D0055 004F0056 4
145 77 004D0091 004E0092 0
146 77 004D0092 004E0093 0
149 77 004D0095 004E0096 0
150 77 004D0096 004E0097 0
4 78 004E0004 004F0005 0
7 78 004E0007 004F0008 0
8 78 004E0008 004F0009 0
24 78 004E0018 004F0019 0
25 78 004E0018 004F001A 8
39 78 004E0027 004F0028 0
51 78 004E0033 004F0034 0
52 78 004E0034 004F0036 2
53 78 004E0035 00500036 4
54 78 004E0035 00500037 C
55 78 004E0037 00500039 6
56 78 004E0038 004F0039 0
57 78 004D0038 004F003A 9
58 78 004D003A 004F003B 1
59 78 004D003B 004F003D 3
60 78 004D003C 004F003E 3
61 78 004D003C 0050003F F
62 78 004D003D 00500040 F
63 78 004D003E 004F0040 9
81 78 004D0051 004F0052 1
82 78 004D0052 004F0053 1
83 78 004D0053 004F0054 1
84 78 004D0054 004F0055 1
85 78 004E0055 004F0056 0
86 78 004E0056 004F0057 0
87 78 004E0057 00500058 4
88 78 004E0058 00500059 4
149 78 004E0095 004F0096 0
150 78 004E0095 004F0097 8
0 79 004F0000 00500001 0
23 79 004F0017 00500019 2
24 79 004F0018 00500019 0
39 79 004F0027 00500028 0
40 79 004F0028 00500029 0
52 79 004E0034 00500036 3
53 79 004E0034 00510037 F
54 79 004E0035 00500037 9
55 79 004E0036 00500038 9
56 79 004E0038 00500039 1
60 79 004E003C 0050003E 3
61 79 004E003C 0051003F F
62 79 004E003D 0050003F 9
63 79 004F003E 00500040 8
67 79 004F0043 00500044 0
68 79 004F0044 00500045 0
86 79 004E0056 00500057 1
87 79 004E0057 00500058 1
88 79 004F0058 00500059 0
89 79 004F0059 0050005A 0
90 79 004F005A 0050005B 0
91 79 004F005B 0051005C 4
92 79 004F005C 0051005D 4
149 79 004F0095 00500096 0
0 80 00500000 00510001 0
1 80 00500001 00510002 0
23 80 00500017 00510019 2
24 80 00500017 00510019 8
40 80 00500028 00510029 0
52 80 00500034 00510035 0
53 80 004F0035 00510036 1
54 80 004F0036 00510037 1
60 80 0050003C 0051003E 2
61 80 004F003C 0052003F F
62 80 004F003D 0051003F 9
67 80 00500043 00510045 2
68 80 00500044 00510045 0
90 80 004F005A 0051005B 1
91 80 004F005B 0051005C 1
92 80 0050005C 0051005D 0
93 80 0050005D 0051005E 0
94 80 0050005E 0051005F 0
95 80 0050005F 00520060 4
96 80 00500060 00520061 4
15 81 0051000F 00520010 0
16 81 00510010 00520011 0
17 81 00510011 00520012 0
23 81 00510017 00520019 2
24 81 00510017 00520019 8
40 81 00510028 00520029 0
41 81 00510028 0053002A C
42 81 0051002A 0052002B 0
60 81 0051003C 0052003E 2
61 81 0050003C 0053003F F
62 81 0051003D 0052003F 8
68 81 00510044 00520045 0
69 81 00510045 00520046 0
71 81 00510047 00520048 0
94 81 0050005E 0052005F 1
95 81 0050005F 00520060 1
96 81 00510060 00520061 0
97 81 00510061 00520062 0
98 81 00510062 00520063 0
99 81 00510063 00530064 4
8 82 00520008 00530009 0
9 82 00520009 0053000A 0
10 82 0052000A 0053000B 0
11 82 0052000B 0053000C 0
23 82 00520017 00530019 2
24 82 00520017 00530019 8
40 82 00520028 0053002A 2
41 82 00510029 0053002A 1
42 82 00520029 0053002B 8
44 82 0052002C 0053002D 0
60 82 0052003C 0053003E 2
61 82 0051003D 0053003F 3
62 82 0052003D 0054003F C
71 82 00520047 00530048 0
98 82 00510062 00530064 3
99 82 00520062 00540064 C
100 82 00520063 00530065 8
101 82 00520065 00530066 0
102 82 00520066 00530067 0
103 82 00520067 00530068 0
104 82 00520068 00540069 4
9 83 00520009 0054000A 1
10 83 0052000A 0054000B 1
23 83 00530017 00540019 2
24 83 00530017 00540019 8
41 83 00520029 0054002A 1
44 83 0053002C 0054002D 0
45 83 0053002D 0054002E 0
61 83 0052003D 0054003F 3
62 83 0053003E 0054003F 0
63 83 0053003E 00540040 8
73 83 00530049 0054004A 0
98 83 00530062 00540063 0
99 83 00520063 00540064 1
100 83 00520064 00540065 1
103 83 00520067 00540068 1
104 83 00530068 00540069 0
105 83 00530069 0054006A 0
106 83 0053006A 0054006B 0
107 83 0053006B 0054006C 0
108 83 0053006C 0054006D 0
109 83 0053006D 0055006E 4
110 83 0053006E 0055006F 4
111 83 0053006F 00550070 4
15 84 0054000F 00550010 0
16 84 00540010 00560011 4
23 84 00540017 00560019 6
24 84 00540017 00550019 8
41 84 00540029 0055002A 0
42 84 0054002A 0055002B 0
45 84 0054002D 0055002E 0
46 84 0054002E 0055002F 0
57 84 00540039 0055003A 0
58 84 0054003A 0055003B 0
62 84 0053003E 0055003F 1
63 84 0054003E 00550040 8
73 84 00540049 0055004A 0
80 84 00540050 00550051 0
85 84 00540055 00550056 0
106 84 0053006A 0055006B 1
108 84 0053006C 0055006E 3
109 84 0053006C 0056006F F
110 84 0053006D 00560070 F
111 84 0054006E 00560070 C
112 84 0054006F 00560071 C
113 84 00540071 00560072 4
114 84 00540072 00560073 4
115 84 00540073 00560074 4
116 84 00540074 00560075 4
117 84 00540075 00560076 4
118 84 00540076 00560077 4
119 84 00540077 00560078 4
120 84 00540078 00560079 4
152 84 00540098 00560099 4
15 85 0055000F 00560010 0
16 85 00550010 00560011 0
17 85 00550011 00560012 0
20 85 00550014 00560015 0
21 85 00550015 00560016 0
22 85 00550016 00570018 6
23 85 00550017 00560018 0
24 85 00550017 00560019 8
42 85 0055002A 0056002B 0
47 85 0055002F 00560030 0
48 85 00550030 00560031 0
58 85 0055003A 0056003B 0
61 85 0055003D 0056003F 2
62 85 0055003E 0056003F 0
72 85 00550048 0056004A 2
73 85 00550049 0056004A 0
80 85 00550050 00560051 0
85 85 00550055 00560056 0
91 85 0055005B 0056005C 0
92 85 0055005C 0056005D 0
93 85 0055005D 0056005E 0
108 85 0055006C 0056006E 2
109 85 0054006C 0057006F F
110 85 0054006D 0056006F 9
111 85 0054006E 00560071 B
112 85 00540070 00560072 3
113 85 00540070 00560072 9
114 85 00540071 00560073 9
115 85 00540073 00560074 1
116 85 00540074 00560075 1
117 85 00540075 00560077 3
118 85 00540076 00560078 3
119 85 00540076 00560078 9
120 85 00550077 00560079 8
121 85 00550079 0056007A 0
122 85 0055007A 0057007B 4
123 85 0055007B 0057007C 4
124 85 0055007C 0057007D 4
125 85 0055007D 0057007E 4
126 85 0055007E 0057007F 4
127 85 0055007F 00570080 4
129 85 00550081 00570082 4
148 85 00550094 00560095 0
151 85 00550097 00560099 2
152 85 00550098 00560099 0
153 85 00550098 0056009A 8
21 86 00550015 00570017 3
22 86 00550016 00570018 3
23 86 00550016 00570018 9
42 86 0056002A 0057002B 0
48 86 00560030 00570031 0
49 86 00560031 00570032 0
50 86 00560032 00570033 0
58 86 0056003A 0057003B 0
61 86 0056003D 0057003F 2
62 86 0056003D 0058003F C
73 86 00560049 0057004A 0
88 86 00560058 00570059 0
89 86 00560059 0057005A 0
91 86 0056005B 0057005D 2
92 86 0055005C 0057005D 1
108 86 0056006C 0057006E 2
109 86 0055006D 0057006E 1
110 86 0055006D 0057006F 9
112 86 00550070 00570071 1
113 86 00550071 00570072 1
118 86 00550076 00570077 1
119 86 00550077 00570078 1
121 86 00550079 0057007A 1
122 86 0055007A 0057007B 1
123 86 0055007B 0057007D 3
124 86 0055007C 0057007E 3
125 86 0055007C 0057007E 9
126 86 0055007D 00570080 B
127 86 0056007F 00570080 0
128 86 0056007F 00570081 8
129 86 00560081 00570082 0
130 86 00560082 00570083 0
131 86 00560083 00570084 0
132 86 00560084 00570085 0
133 86 00560085 00580086 4
134 86 00560086 00580087 4
135 86 00560087 00580088 4
136 86 00560088 00580089 4
137 86 00560089 0058008A 4
138 86 0056008A 0058008B 4
147 86 00560093 00580095 6
148 86 00560094 00570095 0
151 86 00560097 00570098 0
152 86 00550098 00570099 1
0 87 00570000 00580001 0
5 87 00570005 00580006 0
6 87 00570006 00580007 0
7 87 00570007 00580008 0
8 87 00570008 00580009 0
22 87 00560016 00580018 3
23 87 00570016 00580018 8
42 87 0057002A 0058002B 0
50 87 00570032 00580033 0
51 87 00570033 00580034 0
58 87 0057003A 0058003B 0
59 87 0057003B 0058003C 0
61 87 0057003D 0058003F 2
62 87 0057003E 0058003F 0
63 87 0057003E 00590040 C
73 87 00570049 0058004A 0
82 87 00570052 00590053 4
83 87 00570053 00580054 0
88 87 00570058 0058005A 2
89 87 00570059 0058005A 0
92 87 0057005C 0058005D 0
93 87 0057005D 0058005E 0
109 87 0056006D 0058006E 1
124 87 0056007C 0058007D 1
125 87 0056007D 0058007E 1
127 87 0056007F 00580080 1
132 87 00560084 00580085 1
133 87 00560085 00580086 1
134 87 00560086 00580087 1
135 87 00560087 00580088 1
136 87 00560088 0058008A 3
137 87 00560089 0058008B 3
138 87 00570089 0059008B C
139 87 0057008A 0058008C 8
140 87 0057008C 0058008D 0
141 87 0057008D 0058008E 0
142 87 0057008E 0058008F 0
143 87 0057008F 00580090 0
144 87 00570090 00580091 0
145 87 00570091 00580092 0
146 87 00570092 00580094 2
147 87 00570093 00580094 0
148 87 00570093 00580095 8
0 88 00580000 00590001 0
22 88 00580016 00590018 2
23 88 00580016 00590018 8
43 88 0058002B 0059002C 0
51 88 00580033 00590034 0
52 88 00580034 00590035 0
56 88 00580038 00590039 0
57 88 00580039 0059003A 0
59 88 0058003B 0059003C 0
62 88 0057003E 00590040 3
63 88 0058003F 00590040 0
64 88 0058003F 00590041 8
81 88 00580051 00590052 0
82 88 00580052 00590053 0
83 88 00580053 00590054 0
89 88 00580059 0059005A 0
93 88 0058005D 0059005E 0
99 88 00580063 00590064 0
100 88 00580064 005A0065 4
101 88 00580065 00590066 0
121 88 00580079 0059007A 0
122 88 0058007A 0059007B 0
137 88 00570089 0059008A 1
138 88 00570089 0059008C B
139 88 0057008B 0059008C 1
142 88 0057008E 0059008F 1
144 88 00570090 00590091 1
145 88 00570091 00590092 1
147 88 00570093 00590094 1
153 88 00580099 0059009A 0
0 89 00590000 005A0001 0
22 89 00590016 005A0017 0
23 89 00590016 005A0018 8
43 89 0059002B 005A002C 0
52 89 00590034 005A0035 0
53 89 00590035 005A0036 0
54 89 00590036 005A0037 0
58 89 0059003A 005B003B 4
63 89 0058003F 005A0041 3
64 89 00590040 005A0041 0
75 89 0059004B 005A004C 0
81 89 00590051 005A0052 0
90 89 0059005A 005A005B 0
95 89 0059005F 005A0060 0
96 89 00590060 005A0061 0
99 89 00590063 005A0064 0
100 89 00580064 005A0065 1
101 89 00590065 005A0066 0
121 89 00590079 005A007A 0
122 89 0059007A 005A007B 0
132 89 00590084 005A0085 0
133 89 00590085 005B0086 4
134 89 00590086 005B0087 4
135 89 00590087 005B0088 4
136 89 00590088 005A0089 0
137 89 00590089 005A008A 0
139 89 0059008B 005A008C 0
153 89 00590099 005A009A 0
156 89 0059009C 005A009D 0
18 90 005A0012 005B0013 0
19 90 005A0013 005B0014 0
22 90 005A0016 005B0017 0
54 90 005A0036 005B0037 0
55 90 005A0037 005B0038 0
57 90 005A0039 005B003A 0
58 90 005A003A 005B003B 0
59 90 005A003B 005B003C 0
60 90 005A003C 005C003D 4
61 90 005A003D 005C003E 4
62 90 005A003E 005B003F 0
64 90 005A0040 005B0041 0
75 90 005A004B 005B004C 0
77 90 005A004D 005B004E 0
78 90 005A004E 005B004F 0
81 90 005A0051 005B0052 0
90 90 005A005A 005B005B 0
91 90 005A005B 005B005C 0
95 90 005A005F 005B0060 0
96 90 005A0060 005B0061 0
110 90 005A006E 005B006F 0
114 90 005A0072 005B0073 0
115 90 005A0073 005B0074 0
116 90 005A0074 005B0075 0
125 90 005A007D 005B007E 0
126 90 005A007E 005B007F 0
132 90 005A0084 005B0085 0
133 90 00590085 005B0086 1
134 90 00590086 005B0087 1
135 90 00590087 005B0088 1
136 90 00590088 005B0089 1
144 90 005A0090 005B0091 0
145 90 005A0091 005C0092 4
156 90 005A009C 005B009D 0
5 91 005B0005 005C0006 0
12 91 005B000C 005C000D 0
18 91 005B0012 005C0014 2
19 91 005B0013 005C0014 0
21 91 005B0015 005C0017 2
22 91 005B0016 005C0017 0
55 91 005B0037 005C0038 0
56 91 005B0038 005C003A 2
57 91 005B0039 005C003A 0
59 91 005A003B 005C003C 1
60 91 005A003C 005C003D 1
61 91 005A003D 005C003E 1
62 91 005B003E 005C003F 0
64 91 005B0040 005C0041 0
65 91 005B0040 005D0042 C
78 91 005B004E 005C004F 0
79 91 005B004F 005C0050 0
91 91 005B005B 005C005C 0
105 91 005B0069 005D006A 4
106 91 005B006A 005C006B 0
110 91 005B006E 005C006F 0
112 91 005B0070 005D0071 4
115 91 005A0073 005D0075 7
116 91 005B0073 005D0075 C
119 91 005B0077 005C0078 0
120 91 005B0078 005D0079 4
124 91 005B007C 005D007E 6
125 91 005B007D 005C007E 0
128 91 005B0080 005D0081 4
129 91 005B0081 005D0082 4
130 91 005B0082 005C0083 0
144 91 005B0090 005C0092 2
145 91 005B0090 005C0092 8
146 91 005B0091 005C0093 8
1 92 005C0001 005E0002 4
2 92 005C0002 005D0003 0
5 92 005C0005 005D0006 0
6 92 005C0005 005E0007 C
7 92 005C0007 005E0008 4
8 92 005C0008 005D0009 0
12 92 005C000C 005E000D 4
13 92 005C000C 005D000E 8
14 92 005C000E 005D000F 0
19 92 005C0013 005D0014 0
21 92 005C0015 005D0016 0
22 92 005C0015 005D0017 8
57 92 005C0039 005D003A 0
64 92 005C0040 005D0042 2
65 92 005C0040 005D0042 8
66 92 005C0041 005D0043 8
67 92 005C0043 005D0044 0
74 92 005C004A 005D004B 0
75 92 005C004B 005D004C 0
102 92 005C0066 005D0067 0
103 92 005C0067 005D0068 0
104 92 005C0068 005E006A 6
105 92 005C0069 005D006A 0
106 92 005C0069 005D006B 8
110 92 005C006E 005D006F 0
111 92 005C006E 005E0071 E
112 92 005C0070 005E0071 4
113 92 005C0070 005E0072 C
114 92 005C0072 005E0074 6
115 92 005C0073 005E0075 6
116 92 005C0073 005E0075 C
117 92 005C0074 005D0076 8
119 92 005C0077 005D0079 2
120 92 005C0077 005E0079 C
121 92 005C0078 005D007A 8
122 92 005C007A 005D007B 0
123 92 005C007B 005D007C 0
124 92 005C007C 005D007D 0
125 92 005C007D 005D007E 0
127 92 005C007F 005E0081 6
128 92 005C0080 005E0082 6
129 92 005B0080 005E0083 F
130 92 005C0081 005D0083 8
144 92 005C0090 005D0091 0
145 92 005B0091 005D0092 1
0 93 005D0000 005E0002 2
1 93 005D0001 005E0002 0
2 93 005D0001 005E0003 8
5 93 005D0005 005F0007 6
6 93 005C0005 005F0008 F
7 93 005C0006 005F0009 F
8 93 005D0007 005F0009 C
11 93 005D000B 005F000D 6
12 93 005D000C 005E000D 0
13 93 005C000C 005E000E 9
21 93 005D0015 005E0016 0
58 93 005D003A 005E003B 0
59 93 005D003B 005E003C 0
60 93 005D003C 005F003D 4
61 93 005D003D 005F003E 4
64 93 005D0040 005E0042 2
65 93 005C0041 005E0042 1
75 93 005D004B 005E004C 0
91 93 005D005B 005E005C 0
103 93 005C0067 005E0069 3
104 93 005C0067 005F006A F
105 93 005C0068 005E006A 9
110 93 005D006E 005F0070 6
111 93 005C006E 005F0071 F
112 93 005C006F 005F0072 F
113 93 005C0070 005F0073 F
114 93 005C0071 005F0074 F
115 93 005C0072 005F0075 F
116 93 005C0073 005F0076 F
117 93 005D0074 005E0076 8
119 93 005D0077 005E0078 0
120 93 005C0077 005E007A B
121 93 005C0079 005E007A 1
123 93 005C007B 005E007C 1
126 93 005D007E 005E0080 2
127 93 005D007F 005E0080 0
128 93 005C007F 005E0081 9
129 93 005C0081 005E0083 3
130 93 005D0082 005E0083 0
133 93 005D0085 005F0086 4
134 93 005D0086 005F0087 4
137 93 005D0089 005E008A 0
138 93 005D008A 005E008B 0
0 94 005E0000 005F0001 0
1 94 005D0001 005F0002 1
3 94 005E0003 005F0004 0
4 94 005E0004 00600006 6
5 94 005E0005 005F0006 0
6 94 005D0005 005F0007 9
7 94 005D0007 005F0009 3
8 94 005E0008 005F0009 0
9 94 005E0008 005F000A 8
10 94 005E000A 005F000B 0
11 94 005E000B 005F000C 0
12 94 005D000C 005F000D 1
20 94 005E0014 005F0016 2
21 94 005E0015 005F0016 0
59 94 005D003B 005F003D 3
60 94 005D003C 005F003E 3
61 94 005E003C 005F003E 8
62 94 005E003D 005F003F 8
63 94 005E003F 005F0040 0
65 94 005E0041 005F0042 0
91 94 005E005B 005F005C 0
92 94 005E005B 005F005D 8
95 94 005E005F 005F0060 0
103 94 005E0067 005F0068 0
104 94 005D0068 005F0069 1
105 94 005E0069 005F006A 0
109 94 005E006D 005F006F 2
110 94 005E006E 00600070 6
111 94 005D006E 00600071 F
112 94 005D006F 00600072 F
113 94 005D0070 00600073 F
114 94 005D0071 00600074 F
115 94 005D0072 005F0074 9
116 94 005D0073 005F0075 9
117 94 005E0075 005F0076 0
119 94 005E0077 005F0078 0
121 94 005E0079 0060007A 4
122 94 005E0079 0060007C E
123 94 005E007B 0060007C 4
126 94 005E007E 005F007F 0
127 94 005D007F 005F0080 1
130 94 005E0082 005F0083 0
131 94 005E0083 005F0084 0
132 94 005E0084 005F0085 0
133 94 005E0085 005F0087 2
134 94 005E0086 005F0087 0
135 94 005E0086 005F0088 8
153 94 005E0099 005F009A 0
154 94 005E009A 005F009B 0
155 94 005E009B 005F009C 0
156 94 005E009C 005F009D 0
158 94 005E009E 0060009F 4
159 94 005E009F 005F00A0 0
3 95 005F0003 00600005 2
4 95 005E0003 00610006 F
5 95 005E0004 00600006 9
8 95 005E0008 00600009 1
20 95 005F0014 00600015 0
21 95 005F0014 00600016 8
60 95 005E003C 0060003E 3
61 95 005E003D 0060003E 1
65 95 005F0041 00600042 0
66 95 005F0042 00600043 0
72 95 005F0048 00600049 0
73 95 005F0049 0060004A 0
84 95 005F0054 00610055 4
85 95 005F0055 00600056 0
91 95 005F005B 0060005C 0
93 95 005F005D 0060005E 0
94 95 005F005E 0060005F 0
95 95 005F005F 00600060 0
100 95 005F0064 00610065 4
109 95 005F006D 0060006F 2
110 95 005E006E 00600070 3
111 95 005E006E 00610071 F
112 95 005E006F 00610072 F
113 95 005E0070 00610073 F
114 95 005E0071 00600073 9
115 95 005E0072 00600074 9
119 95 005F0077 00600078 0
120 95 005F0077 0061007A E
121 95 005F0079 0061007B 6
122 95 005E0079 0061007C F
123 95 005F007A 0060007C 8
124 95 005F007B 0060007D 8
125 95 005F007D 0060007E 0
134 95 005E0086 00600087 1
144 95 005F0090 00600091 0
145 95 005F0091 00610092 4
148 95 005F0094 00610095 4
153 95 005F0099 0060009B 2
154 95 005E0099 0061009B D
157 95 005F009D 0060009F 2
158 95 005F009E 006000A0 2
159 95 005F009E 006000A0 8
3 96 00600003 00610004 0
4 96 005F0004 00610005 1
5 96 00600005 00610006 0
14 96 0060000E 0061000F 0
15 96 0060000F 00610010 0
19 96 00600013 00610015 2
20 96 00600014 00610015 0
61 96 0060003D 0061003E 0
62 96 0060003E 0061003F 0
63 96 0060003F 00620040 4
66 96 00600042 00610043 0
70 96 00600046 00610047 0
82 96 00600052 00610053 0
83 96 00600053 00620055 6
84 96 00600054 00620056 6
85 96 00600054 00610056 8
93 96 0060005D 0061005E 0
97 96 00600061 00620062 4
99 96 00600063 00610065 2
100 96 00600064 00610065 0
101 96 00600064 00610066 8
102 96 00600066 00610067 0
108 96 0060006C 0061006D 0
110 96 005F006E 00620070 7
111 96 005F006E 00620071 F
112 96 005F006F 00620072 F
113 96 005F0070 00620073 F
114 96 005F0071 00620073 D
119 96 00600077 00620079 6
120 96 005F0077 0062007A F
121 96 005F0078 0062007B F
122 96 005F0079 0062007C F
123 96 005F007A 0062007C D
131 96 00600083 00620084 4
132 96 00600084 00620085 4
144 96 00600090 00620092 6
145 96 00600090 00620092 C
146 96 00600091 00620093 C
147 96 00600093 00620095 6
148 96 00600094 00620095 4
149 96 00600094 00620096 C
153 96 00600099 0062009B 6
154 96 00600099 0061009B 8
155 96 0060009A 0061009C 8
158 96 005F009E 006100A0 3
159 96 0060009E 006100A0 8
1 97 00610001 00620002 0
2 97 00610002 00620003 0
14 97 0061000E 0062000F 0
15 97 0061000F 00620010 0
19 97 00610013 00620015 2
20 97 00610013 00630015 C
62 97 0060003E 0062003F 1
63 97 0061003F 00620040 0
64 97 00610040 00620041 0
66 97 00610042 00620043 0
67 97 00610042 00630044 C
70 97 00610046 00620047 0
82 97 00610052 00620053 0
83 97 00600053 00620055 3
84 97 00600054 00620055 1
85 97 00610054 00620056 8
90 97 0061005A 0062005B 0
96 97 00610060 00620061 0
97 97 00610061 00620062 0
98 97 00610062 00620063 0
100 97 00600064 00620066 3
101 97 00600065 00620066 1
103 97 00610067 00620068 0
104 97 00610068 00620069 0
105 97 00610069 0062006A 0
108 97 0061006C 0062006D 0
109 97 0061006D 0062006F 2
110 97 0061006E 00630070 6
111 97 0060006E 00630071 F
112 97 0060006F 00630072 F
113 97 00600070 00630073 F
114 97 00610071 00630073 C
115 97 00610072 00630074 C
116 97 00610074 00630075 4
117 97 00610075 00630076 4
118 97 00610076 00630078 6
119 97 00610077 00630079 6
120 97 00600077 0063007A F
121 97 00600078 0063007B F
122 97 00600079 0063007C F
123 97 0061007A 0063007C C
124 97 0061007B 0063007D C
126 97 0061007E 0063007F 4
127 97 0061007F 00630080 4
128 97 00610080 00630081 4
129 97 00610081 00630082 4
130 97 00610082 00630084 6
131 97 00610083 00630085 6
132 97 00610083 00630085 C
133 97 00610084 00630086 C
134 97 00610086 00630087 4
135 97 00610087 00630088 4
136 97 00610088 00630089 4
137 97 00610089 0063008A 4
138 97 0061008A 0063008B 4
141 97 0061008D 0063008E 4
142 97 0061008E 0063008F 4
143 97 0061008F 00630091 6
144 97 00610090 00630092 6
145 97 00600090 00630093 F
146 97 00600091 00630094 F
147 97 00600092 00630095 F
148 97 00600093 00630096 F
149 97 00610094 00630096 C
150 97 00610095 00630097 C
151 97 00610097 00630098 4
152 97 00610098 0063009A 6
153 97 00610099 0063009B 6
154 97 00600099 0062009B 9
158 97 0061009E 0062009F 0
159 97 0061009E 006200A0 8
1 98 00620001 00630002 0
4 98 00620004 00630005 0
19 98 00620013 00640015 6
20 98 00620013 00640015 C
21 98 00620014 00640016 C
64 98 00620040 00630041 0
66 98 00620042 00630044 2
67 98 00620043 00630044 0
68 98 00620043 00630045 8
71 98 00620047 00630048 0
72 98 00620048 00630049 0
75 98 0062004B 0064004C 4
76 98 0062004C 0064004D 4
77 98 0062004D 0064004E 4
78 98 0062004E 0064004F 4
79 98 0062004F 00640050 4
80 98 00620050 00640051 4
84 98 00610054 00630055 1
90 98 0062005A 0063005B 0
95 98 0062005F 00630061 2
96 98 00620060 00630061 0
98 98 00620062 00630063 0
101 98 00620065 00630066 0
102 98 00620065 00630067 8
105 98 00620069 0063006A 0
106 98 0062006A 0063006B 0
109 98 0061006D 0063006F 3
110 98 0061006D 00640070 F
111 98 0061006E 00640071 F
112 98 0061006F 00640072 F
113 98 00610070 00640073 F
114 98 00610071 00640074 F
115 98 00610072 00640075 F
116 98 00610073 00640076 F
117 98 00610074 00640077 F
118 98 00610075 00640078 F
119 98 00610076 00640079 F
120 98 00610077 0064007A F
121 98 00610078 0064007B F
122 98 00610079 0064007C F
123 98 0061007A 0064007D F
124 98 0062007B 0064007D C
125 98 0062007C 0064007F E
126 98 0062007E 00640080 6
127 98 0061007E 00640081 F
128 98 0061007F 00640082 F
129 98 00610080 00640083 F
130 98 00610081 00640084 F
131 98 00610082 00640085 F
132 98 00610083 00640086 F
133 98 00610084 00640087 F
134 98 00610085 00640088 F
135 98 00610086 00640089 F
136 98 00610087 0064008A F
137 98 00610088 0064008B F
138 98 00620089 0064008B C
139 98 0062008A 0064008C C
140 98 0062008C 0064008E 6
141 98 0062008D 0064008F 6
142 98 0061008D 00640090 F
143 98 0061008E 00640091 F
144 98 0061008F 00640092 F
145 98 00610090 00640093 F
146 98 00610091 00640094 F
147 98 00610092 00640095 F
148 98 00610093 00640096 F
149 98 00610094 00640097 F
150 98 00610095 00640098 F
151 98 00610096 00640099 F
152 98 00610097 0064009A F
153 98 00610098 0064009B F
154 98 00620099 0063009B 8
158 98 0062009E 0063009F 0
4 99 00630004 00640005 0
5 99 00630005 00640006 0
15 99 0063000F 00640010 0
16 99 00630010 00640011 0
18 99 00630012 00640014 2
19 99 00630013 00640014 0
20 99 00620013 00640016 B
21 99 00630015 00640016 0
22 99 00630015 00650017 C
23 99 00630017 00650018 4
24 99 00630018 00650019 4
25 99 00630019 0065001A 4
26 99 0063001A 0065001B 4
67 99 00620043 00640045 3
68 99 00630043 00640045 8
71 99 00630047 00640048 0
72 99 00630048 00640049 0
74 99 0063004A 0064004C 2
75 99 0063004B 0064004C 0
76 99 0062004B 0064004E B
77 99 0062004D 0064004F 3
78 99 0062004D 00650050 F
79 99 0062004E 00650051 F
80 99 0063004F 00650051 C
81 99 00630050 00650052 C
85 99 00630055 00640056 0
86 99 00630056 00640057 0
89 99 00630059 0064005B 2
90 99 0063005A 0064005B 0
95 99 0063005F 00640060 0
96 99 00630060 00640061 0
98 99 00630062 00640063 0
101 99 00630065 00640067 2
102 99 00630065 00640067 8
106 99 0063006A 0065006B 4
109 99 0063006D 0064006F 2
110 99 0062006D 00650070 F
111 99 0062006E 00650071 F
112 99 0062006F 00650072 F
113 99 00620070 00650073 F
114 99 00620071 00650074 F
115 99 00620072 00650075 F
116 99 00620073 00650076 F
117 99 00620074 00650077 F
118 99 00620075 00650078 F
119 99 00620076 00650079 F
120 99 00620077 0065007A F
121 99 00620078 0065007B F
122 99 00620079 0065007C F
123 99 0062007A 0065007D F
124 99 0062007B 0065007E F
125 99 0062007C 0065007F F
126 99 0062007D 00650080 F
127 99 0062007E 00650081 F
128 99 0062007F 00650082 F
129 99 00620080 00650083 F
130 99 00620081 00650084 F
131 99 00620082 00650085 F
132 99 00620083 00650086 F
133 99 00620084 00650087 F
134 99 00620085 00650088 F
135 99 00620086 00650089 F
136 99 00620087 0065008A F
137 99 00620088 0065008B F
138 99 00620089 0065008C F
139 99 0062008A 0065008D F
140 99 0062008B 0065008E F
141 99 0062008C 0065008F F
142 99 0062008D 00650090 F
143 99 0062008E 00650091 F
144 99 0062008F 00650092 F
145 99 00620090 00650093 F
146 99 00620091 00650094 F
147 99 00620092 00650095 F
148 99 00620093 00650096 F
149 99 00620094 00650097 F
150 99 00620095 00650098 F
151 99 00620096 00650099 F
152 99 00620097 0065009A F
153 99 00620098 0064009A 9
154 99 00630099 0064009B 8
9 100 00640009 0065000A 0
10 100 0064000A 0065000B 0
11 100 0064000B 0065000C 0
15 100 0064000F 00650011 2
16 100 0064000F 00650011 8
18 100 00640012 00650013 0
19 100 00630012 00650014 9
21 100 00630015 00650016 1
22 100 00630015 00650017 9
23 100 00630017 00650018 1
24 100 00630018 00650019 1
25 100 00630019 0065001A 1
26 100 0064001A 0065001B 0
27 100 0064001B 0065001C 0
28 100 0064001C 0066001D 4
29 100 0064001D 0066001E 4
67 100 00640043 00650045 2
68 100 00640044 00650045 0
74 100 0064004A 0065004B 0
75 100 0063004B 0065004C 1
77 100 0063004D 0065004E 1
78 100 0063004D 0065004F 9
79 100 0063004F 00650050 1
80 100 00630050 00650052 3
81 100 00640051 00650052 0
82 100 00640051 00660053 C
86 100 00640056 00660057 4
90 100 0064005A 0065005B 0
91 100 0064005A 0065005C 8
101 100 00640065 00650066 0
102 100 00640066 00650067 0
104 100 00640068 00660069 4
105 100 00640069 0066006B 6
106 100 0064006A 0066006B 4
107 100 0064006A 0066006C C
109 100 0064006D 0065006E 0
110 100 0063006D 00650070 B
111 100 0063006F 00650071 3
112 100 0063006F 00660072 F
113 100 00630070 00660073 F
114 100 00630071 00650073 9
115 100 00630072 00650074 9
116 100 00630074 00650075 1
117 100 00630075 00650077 3
118 100 00630076 00650077 1
119 100 00630076 00650078 9
120 100 00630078 0065007A 3
121 100 00630079 0065007B 3
122 100 00630079 0066007C F
123 100 0063007A 0066007D F
124 100 0063007B 0066007E F
125 100 0063007C 0066007F F
126 100 0063007D 00660080 F
127 100 0063007E 00660081 F
128 100 0063007F 00660082 F
129 100 00630080 00660083 F
130 100 00630081 00650083 9
131 100 00630082 00650084 9
132 100 00630084 00650085 1
133 100 00630085 00650086 1
134 100 00630086 00650087 1
135 100 00630087 00650089 3
136 100 00630088 0065008A 3
137 100 00630088 0066008B F
138 100 00630089 0066008C F
139 100 0063008A 0066008D F
140 100 0063008B 0066008E F
141 100 0063008C 0066008F F
142 100 0063008D 00660090 F
143 100 0063008E 00660091 F
144 100 0063008F 00660092 F
145 100 00630090 00660093 F
146 100 00630091 00650093 9
147 100 00630092 00650095 B
148 100 00630094 00650096 3
149 100 00630094 00650096 9
150 100 00630095 00650098 B
151 100 00630097 00650098 1
152 100 00630097 00650099 9
153 100 00630099 0065009A 1
4 101 00650004 00660005 0
5 101 00650005 00660006 0
15 101 0065000F 00660011 2
16 101 0065000F 00660011 8
18 101 00650012 00660013 0
21 101 00650015 00660016 0
27 101 0064001B 0066001C 1
28 101 0064001C 0066001E 3
29 101 0065001D 0066001E 0
30 101 0065001D 0067001F C
31 101 0065001F 00670020 4
32 101 00650020 00670021 4
33 101 00650021 00670022 4
34 101 00650022 00670023 4
68 101 00650044 00660045 0
69 101 00650044 00670046 C
70 101 00650046 00670047 4
77 101 0065004D 0067004E 4
81 101 00640051 00660052 1
82 101 00650052 00660053 0
83 101 00650053 00660054 0
85 101 00650055 00670057 6
86 101 00650056 00660057 0
87 101 00650056 00660058 8
88 101 00650058 00660059 0
89 101 00650059 0067005B 6
90 101 0065005A 0066005B 0
103 101 00650067 00660069 2
104 101 00650068 0067006A 6
105 101 00640068 0066006A 9
106 101 00640069 0066006B 9
107 101 0065006B 0066006C 0
108 101 0065006C 0066006D 0
109 101 0065006D 0066006E 0
111 101 0064006F 00660071 3
112 101 0064006F 00660071 9
113 101 00640070 00660073 B
114 101 00640072 00660073 1
118 101 00640076 00660077 1
121 101 00640079 0066007B 3
122 101 0064007A 0066007C 3
123 101 0064007A 0067007D F
124 101 0064007B 0066007D 9
125 101 0064007C 0066007E 9
126 101 0064007E 00660080 3
127 101 0064007F 00660081 3
128 101 0064007F 00660081 9
129 101 00640080 00660082 9
130 101 00640082 00660083 1
136 101 00640088 00660089 1
137 101 00640089 0066008A 1
138 101 0064008A 0066008B 1
139 101 0064008B 0066008D 3
140 101 0064008C 0066008E 3
141 101 0064008C 0067008F F
142 101 0064008D 00670090 F
143 101 0064008E 00670091 F
144 101 0064008F 00670092 F
145 101 00640090 00670093 F
146 101 00640091 00660093 9
148 101 00640094 00660095 1
149 101 00640095 00660096 1
151 101 00640097 00660098 1
4 102 00660004 00670005 0
5 102 00660005 00670006 0
11 102 0066000B 0067000C 0
12 102 0066000C 0067000D 0
13 102 0066000D 0067000E 0
15 102 0066000F 00670010 0
16 102 00660010 00670011 0
20 102 00660014 00670016 2
21 102 00660015 00670016 0
29 102 0065001D 0067001E 1
30 102 0065001E 0067001F 1
31 102 0065001F 00670020 1
32 102 00650020 00670021 1
33 102 00650021 00670023 3
34 102 00660022 00670023 0
35 102 00660022 00670024 8
36 102 00660024 00670025 0
37 102 00660025 00680026 4
38 102 00660026 00680027 4
39 102 00660027 00670028 0
41 102 00660029 0067002A 0
66 102 00660042 00680043 4
68 102 00660044 00680046 6
69 102 00650044 00680047 F
70 102 00660045 00680047 C
71 102 00660046 00680048 C
76 102 0066004C 0068004E 6
77 102 0066004D 0068004E 4
78 102 0066004D 0067004F 8
79 102 0066004F 00670050 0
80 102 00660050 00670051 0
83 102 00660053 00670054 0
84 102 00660053 00670055 8
85 102 00660055 00670057 2
86 102 00650056 00670057 1
88 102 00650058 0068005A 7
89 102 00650058 0067005A 9
90 102 00660059 0067005B 8
103 102 00660067 00670069 2
104 102 00650068 00670069 1
105 102 00650068 0067006A 9
111 102 0066006F 00670071 2
112 102 0065006F 00670071 9
114 102 00660072 00670073 0
115 102 00660072 00670074 8
122 102 0065007A 0067007B 1
123 102 0065007B 0067007C 1
124 102 0065007C 0067007D 1
127 102 0065007F 00670080 1
128 102 00650080 00670081 1
132 102 00660084 00670085 0
133 102 00660085 00670086 0
140 102 0065008C 0068008E 7
141 102 0065008C 0068008F F
142 102 0065008D 00680090 F
143 102 0065008E 00680091 F
144 102 0065008F 00680092 F
145 102 00650090 00670092 9
146 102 00660091 00670093 8
150 102 00660096 00680098 6
151 102 00660097 00680098 4
153 102 00660099 0068009A 4
154 102 0066009A 0068009B 4
156 102 0066009C 0068009D 4
157 102 0066009D 0067009E 0
12 103 0066000C 0068000D 1
20 103 00670014 00680016 2
21 103 00670014 00680016 8
34 103 00660022 00680023 1
36 103 00660024 00680025 1
37 103 00660025 00680026 1
38 103 00660026 00680027 1
39 103 00670027 00680028 0
41 103 00670029 0068002A 0
42 103 0067002A 0068002B 0
43 103 0067002B 0068002C 0
44 103 0067002C 0068002D 0
45 103 0067002D 0069002E 4
54 103 00670036 00690037 4
55 103 00670037 00690038 4
56 103 00670038 00690039 4
57 103 00670039 0069003A 4
58 103 0067003A 0069003B 4
59 103 0067003B 0069003C 4
60 103 0067003C 0069003D 4
61 103 0067003D 0068003E 0
62 103 0067003E 0068003F 0
63 103 0067003F 00680040 0
64 103 00670040 00690041 4
65 103 00670041 00690043 6
66 103 00670042 00690043 4
67 103 00670042 00690045 E
68 103 00670044 00690046 6
69 103 00660044 00690047 F
70 103 00660045 00680047 9
71 103 00670046 00680048 8
72 103 00670048 00680049 0
73 103 00670049 0068004A 0
74 103 0067004A 0068004B 0
75 103 0067004B 0068004C 0
76 103 0067004C 0068004E 2
77 103 0066004D 0068004F 3
78 103 0066004D 0068004F 9
80 103 00670050 00680051 0
83 103 00670053 00690054 4
86 103 00670056 00680057 0
87 103 00670057 00680058 0
88 103 00670058 00680059 0
89 103 00660059 0068005A 1
93 103 0067005D 0068005E 0
94 103 0067005E 0068005F 0
104 103 00660068 00680069 1
111 103 0067006F 00680070 0
112 103 00670070 00680071 0
114 103 00670072 00680074 2
115 103 00670073 00680074 0
130 103 00670082 00680083 0
132 103 00670084 00680085 0
133 103 00670085 00680086 0
137 103 00670089 0068008A 0
138 103 0067008A 0069008B 4
139 103 0067008B 0069008D 6
140 103 0067008C 0069008E 6
141 103 0066008C 0068008E 9
142 103 0066008D 00680090 B
143 103 0066008F 00680091 3
144 103 0066008F 00680091 9
145 103 00660090 00680092 9
149 103 00670095 00690097 6
150 103 00670096 00690098 6
151 103 00670096 00690098 C
152 103 00670097 0069009A E
153 103 00670099 0069009B 6
154 103 00670099 0069009B C
155 103 0067009A 0068009C 8
156 103 0067009C 0068009E 2
157 103 0067009D 0068009E 0
2 104 00680002 00690003 0
3 104 00680003 00690004 0
11 104 0068000B 0069000D 2
12 104 0068000C 0069000D 0
18 104 00680012 00690013 0
20 104 00680014 00690016 2
21 104 00680014 00690016 8
44 104 0067002C 0069002D 1
45 104 0068002C 0069002E 8
46 104 0068002E 0069002F 0
47 104 0068002F 00690030 0
48 104 00680030 00690031 0
49 104 00680031 006A0032 4
50 104 00680032 006A0033 4
51 104 00680033 00690034 0
52 104 00680034 00690035 0
53 104 00680035 00690036 0
54 104 00680036 00690037 0
55 104 00670037 00690038 1
56 104 00670038 00690039 1
57 104 00670039 0069003A 1
58 104 0067003A 0069003B 1
59 104 0067003B 0069003C 1
60 104 0067003C 0069003D 1
61 104 0067003D 0069003E 1
63 104 0067003F 00690040 1
64 104 00670040 00690041 1
65 104 00670041 00690042 1
66 104 00670042 00690043 1
67 104 00670043 00690045 3
68 104 00670044 00690046 3
69 104 00670044 006A0047 F
70 104 00670045 00690047 9
74 104 0067004A 0069004B 1
77 104 0067004D 0069004F 3
78 104 0068004D 0069004F 8
81 104 00680051 006A0052 4
82 104 00680052 006A0054 6
83 104 00680053 006A0054 4
84 104 00680053 00690055 8
87 104 00670057 00690058 1
92 104 0068005C 0069005D 0
105 104 00680069 0069006A 0
115 104 00680073 00690074 0
116 104 00680073 006A0075 C
117 104 00680075 00690076 0
119 104 00680077 00690078 0
120 104 00680078 00690079 0
130 104 00680082 00690083 0
137 104 00680089 006A008B 6
138 104 00670089 006A008C F
139 104 0067008A 006A008D F
140 104 0067008B 0069008D 9
141 104 0067008C 0069008E 9
143 104 0067008F 00690090 1
144 104 0067008F 00690091 9
147 104 00680093 00690094 0
148 104 00680094 006A0096 6
149 104 00680095 006A0097 6
150 104 00670095 006A0098 F
151 104 00670096 00690098 9
152 104 00670097 0069009A B
153 104 00670099 0069009B 3
154 104 00670099 006A009C F
155 104 0067009A 006A009C D
157 104 0068009D 0069009E 0
158 104 0068009E 0069009F 0
159 104 0068009F 006900A0 0
7 105 00690007 006A0008 0
8 105 00690008 006B0009 4
9 105 00690009 006A000A 0
11 105 0069000B 006A000C 0
12 105 0069000C 006A000D 0
14 105 0069000E 006A000F 0
18 105 00690012 006A0013 0
20 105 00690014 006A0016 2
21 105 00690014 006A0016 8
42 105 0069002A 006A002B 0
43 105 0069002B 006B002D 6
44 105 0069002C 006A002D 0
48 105 00680030 006A0031 1
49 105 00680031 006A0032 1
50 105 00680032 006A0033 1
51 105 00680033 006A0034 1
68 105 00680044 006A0046 3
69 105 00680044 006B0047 F
70 105 00690045 006B0047 C
77 105 0069004D 006B004F 6
78 105 0069004D 006A004F 8
80 105 00690050 006A0052 2
81 105 00690051 006A0052 0
82 105 00680051 006A0053 9
83 105 00680053 006A0054 1
84 105 00690054 006A0055 0
91 105 0069005B 006A005D 2
92 105 0069005C 006A005D 0
100 105 00690064 006A0065 0
101 105 00690065 006A0066 0
105 105 00690069 006A006A 0
111 105 0069006F 006A0070 0
115 105 00690073 006A0074 0
116 105 00680074 006A0075 1
117 105 00690075 006A0076 0
125 105 0069007D 006A007E 0
126 105 0069007E 006A007F 0
129 105 00690081 006A0082 0
130 105 00690082 006A0083 0
136 105 00690088 006A008A 2
137 105 00690089 006B008B 6
138 105 00680089 006B008C F
139 105 0068008A 006A008C 9
140 105 0068008B 006A008D 9
142 105 0069008E 006A008F 0
143 105 0069008F 006A0090 0
147 105 00690093 006B0095 6
148 105 00680093 006B0096 F
149 105 00680094 006B0097 F
150 105 00680095 006B0098 F
151 105 00680096 006A0098 9
153 105 00680099 006A009B 3
154 105 0068009A 006A009C 3
155 105 0069009A 006B009C C
156 105 0069009B 006A009D 8
158 105 0068009E 006A009F 1
159 105 0069009F 006A00A0 0
7 106 006A0007 006B0008 0
8 106 00690008 006B0009 1
9 106 006A0009 006B000A 0
14 106 006A000E 006B000F 0
20 106 006A0014 006B0015 0
21 106 006A0015 006B0016 0
42 106 006A002A 006B002B 0
43 106 0069002B 006B002C 1
44 106 006A002C 006B002D 0
68 106 006A0044 006B0045 0
69 106 00690045 006B0046 1
70 106 006A0046 006B0047 0
71 106 006A0047 006B0048 0
75 106 006A004B 006B004C 0
76 106 006A004C 006B004D 0
77 106 006A004D 006B004E 0
78 106 006A004E 006B004F 0
81 106 00690051 006B0052 1
91 106 006A005B 006B005C 0
92 106 006A005C 006B005D 0
100 106 006A0064 006B0065 0
101 106 006A0065 006B0066 0
106 106 006A006A 006B006B 0
107 106 006A006B 006B006C 0
108 106 006A006C 006B006D 0
109 106 006A006D 006B006E 0
110 106 006A006E 006B006F 0
111 106 006A006F 006B0070 0
125 106 006A007D 006B007E 0
136 106 006A0088 006B0089 0
137 106 00690089 006B008A 1
138 106 0069008A 006B008B 1
139 106 0069008B 006B008C 1
146 106 006A0092 006B0093 0
147 106 006A0093 006B0094 0
148 106 00690094 006B0095 1
149 106 00690095 006B0096 1
150 106 00690096 006B0097 1
151 106 006A0097 006B0098 0
154 106 0069009A 006B009B 1
155 106 0069009B 006B009C 1
156 106 006A009C 006B009D 0
