67 0 00000043 00010044 0
68 0 00000044 00020045 4
69 0 00000045 00020046 4
70 0 00000046 00010047 0
72 0 00000048 00010049 0
73 0 00000049 0002004A 4
74 0 0000004A 0002004B 4
75 0 0000004B 0002004C 4
76 0 0000004C 0001004D 0
87 0 00000057 00010058 0
88 0 00000058 00020059 4
89 0 00000059 0001005A 0
91 0 0000005B 0001005C 0
92 0 0000005C 0002005D 4
93 0 0000005D 0002005E 4
94 0 0000005E 0001005F 0
126 0 0000007E 0001007F 0
127 0 0000007F 00010080 0
128 0 00000080 00010081 0
129 0 00000081 00010082 0
130 0 00000082 00010083 0
147 0 00000093 00010094 0
148 0 00000094 00010095 0
67 1 00010043 00030045 6
68 1 00000043 00030046 F
69 1 00000044 00030047 F
70 1 00010045 00020047 8
72 1 00010048 0002004A 2
73 1 00000048 0003004B F
74 1 00000049 0003004C F
75 1 0000004A 0003004D F
76 1 0001004B 0002004D 8
87 1 00010057 00020059 2
88 1 00000058 0002005A 3
89 1 00010058 0002005A 8
91 1 0001005B 0002005D 2
92 1 0000005B 0003005E F
93 1 0000005C 0003005F F
94 1 0001005D 0002005F 8
6 2 00020006 00030007 0
7 2 00020007 00040008 4
8 2 00020008 00040009 4
9 2 00020009 0004000A 4
10 2 0002000A 0004000B 4
11 2 0002000B 0004000C 4
12 2 0002000C 0004000D 4
13 2 0002000D 0004000E 4
14 2 0002000E 0004000F 4
65 2 00020041 00030042 0
66 2 00020042 00040044 6
67 2 00020043 00040045 6
68 2 00010043 00040046 F
69 2 00010044 00040047 F
70 2 00020045 00030047 8
72 2 00020048 0003004A 2
73 2 00010048 0004004B F
74 2 00010049 0004004C F
75 2 0001004A 0004004D F
76 2 0002004B 0003004D 8
88 2 00010058 0003005A 3
89 2 00020058 0003005A 8
91 2 0002005B 0003005D 2
92 2 0001005B 0004005E F
93 2 0001005C 0004005F F
94 2 0002005D 0003005F 8
147 2 00020093 00030094 0
148 2 00020094 00030095 0
6 3 00030006 00040007 0
7 3 00020007 00040008 1
8 3 00020008 00040009 1
9 3 00020009 0004000A 1
10 3 0002000A 0004000B 1
11 3 0002000B 0004000C 1
12 3 0002000C 0004000D 1
13 3 0002000D 0004000E 1
14 3 0003000E 0004000F 0
15 3 0003000F 00040010 0
18 3 00030012 00040013 0
19 3 00030013 00040014 0
20 3 00030014 00040015 0
22 3 00030016 00040017 0
23 3 00030017 00040018 0
24 3 00030018 00040019 0
26 3 0003001A 0004001B 0
27 3 0003001B 0005001C 4
28 3 0003001C 0004001D 0
32 3 00030020 00040021 0
65 3 00030041 00040043 2
66 3 00020042 00040044 3
67 3 00020042 00050045 F
68 3 00020043 00050046 F
69 3 00020044 00050047 F
70 3 00030045 00040047 8
72 3 00030048 0004004A 2
73 3 00020048 0005004B F
74 3 00020049 0005004C F
75 3 0002004A 0005004D F
76 3 0003004B 0004004D 8
88 3 00030058 0004005A 2
89 3 00030058 0004005A 8
91 3 0003005B 0004005D 2
92 3 0002005B 0005005E F
93 3 0002005C 0005005F F
94 3 0003005D 0004005F 8
23 4 00030017 00050018 1
26 4 0004001A 0005001B 0
27 4 0003001B 0005001C 1
28 4 0004001C 0005001D 0
32 4 00040020 00050021 0
46 4 0004002E 0005002F 0
47 4 0004002F 00050030 0
50 4 00040032 00060033 4
56 4 00040038 00050039 0
57 4 00040039 0006003A 4
60 4 0004003C 0006003D 4
63 4 0004003F 00050040 0
64 4 00040040 00050041 0
66 4 00030042 00060044 7
67 4 00030042 00060045 F
68 4 00030043 00060046 F
69 4 00030044 00060047 F
70 4 00040045 00050047 8
72 4 00040048 0005004A 2
73 4 00030048 0006004B F
74 4 00030049 0006004C F
75 4 0003004A 0006004D F
76 4 0004004B 0005004D 8
88 4 00040058 0005005A 2
89 4 00040058 0005005A 8
91 4 0004005B 0005005D 2
92 4 0003005B 0006005E F
93 4 0003005C 0006005F F
94 4 0004005D 0005005F 8
48 5 00050030 00060031 0
49 5 00050031 00060032 0
50 5 00050032 00060033 0
51 5 00050033 00060034 0
52 5 00050034 00060035 0
53 5 00050035 00060036 0
54 5 00050036 00070037 4
56 5 00050038 0007003A 6
57 5 00050038 0007003A C
58 5 00050039 0007003B C
59 5 0005003B 0007003D 6
60 5 0005003C 0007003D 4
61 5 0005003C 0007003E C
62 5 0005003E 0007003F 4
64 5 00050040 00070041 4
65 5 00050040 00070043 E
66 5 00050042 00070044 6
67 5 00040042 00070045 F
68 5 00040043 00070046 F
69 5 00040044 00070047 F
70 5 00050045 00060047 8
72 5 00050048 0006004A 2
73 5 00040048 0007004B F
74 5 00040049 0007004C F
75 5 0004004A 0007004D F
76 5 0005004B 0006004D 8
88 5 00050058 0006005A 2
89 5 00050058 0006005A 8
91 5 0005005B 0006005D 2
92 5 0004005B 0007005E F
93 5 0004005C 0007005F F
94 5 0005005D 0006005F 8
53 6 00050035 00070037 3
54 6 00060036 00070037 0
55 6 00060036 00080039 E
56 6 00060038 00070039 0
57 6 00050038 0007003B B
58 6 0005003A 0007003C 3
59 6 0005003A 0008003D F
60 6 0005003B 0008003E F
61 6 0005003C 0008003F F
62 6 0006003D 0008003F C
63 6 0006003E 00080041 E
64 6 00060040 00080042 6
65 6 00050040 00080043 F
66 6 00050041 00080044 F
67 6 00050042 00080045 F
68 6 00050043 00080046 F
69 6 00050044 00080047 F
70 6 00060045 00070047 8
72 6 00060048 0007004A 2
73 6 00050048 0008004B F
74 6 00050049 0008004C F
75 6 0005004A 0008004D F
76 6 0006004B 0007004D 8
88 6 00060058 0007005A 2
89 6 00060058 0008005A C
91 6 0006005B 0008005D 6
92 6 0005005B 0008005E F
93 6 0005005C 0008005F F
94 6 0006005D 0007005F 8
54 7 00060036 00080038 3
55 7 00060036 00090039 F
56 7 00060037 00090039 D
58 7 0006003A 0009003C 7
59 7 0006003A 0009003D F
60 7 0006003B 0009003E F
61 7 0006003C 0009003F F
62 7 0006003D 00090040 F
63 7 0006003E 00090041 F
64 7 0006003F 00090042 F
65 7 00060040 00090043 F
66 7 00060041 00090044 F
67 7 00060042 00090045 F
68 7 00060043 00090046 F
69 7 00060044 00090047 F
70 7 00070045 00080047 8
72 7 00070048 0008004A 2
73 7 00060048 0009004B F
74 7 00060049 0009004C F
75 7 0006004A 0009004D F
76 7 0007004B 0008004D 8
88 7 00070058 0008005A 2
89 7 00070058 0009005A C
90 7 00070059 0009005C E
91 7 0007005B 0009005D 6
92 7 0006005B 0009005E F
93 7 0006005C 0009005F F
94 7 0007005D 0008005F 8
48 8 00080030 000A0031 4
54 8 00080036 00090037 0
55 8 00070037 00090039 3
56 8 00080038 00090039 0
57 8 00080038 000A003B E
58 8 0008003A 000A003C 6
59 8 0007003A 000A003D F
60 8 0007003B 000A003E F
61 8 0007003C 000A003F F
62 8 0007003D 000A0040 F
63 8 0007003E 000A0041 F
64 8 0007003F 000A0042 F
65 8 00070040 000A0043 F
66 8 00070041 000A0044 F
67 8 00070042 000A0045 F
68 8 00070043 000A0046 F
69 8 00070044 000A0047 F
70 8 00080045 00090047 8
72 8 00080048 0009004A 2
73 8 00070048 000A004B F
74 8 00070049 000A004C F
75 8 0007004A 000A004D F
76 8 0008004B 0009004D 8
88 8 00080058 0009005A 2
89 8 00070058 000A005B F
90 8 00070059 000A005C F
91 8 0007005A 000A005D F
92 8 0007005B 000A005E F
93 8 0007005C 000A005F F
94 8 0008005D 0009005F 8
47 9 0009002F 000A0031 2
48 9 00090030 000B0031 4
49 9 00090030 000B0032 C
50 9 00090032 000B0033 4
51 9 00090033 000B0034 4
52 9 00090034 000B0035 4
53 9 00090035 000B0036 4
56 9 00080038 000B003A 7
57 9 00080038 000B003B F
58 9 00080039 000B003C F
59 9 0008003A 000B003D F
60 9 0008003B 000B003E F
61 9 0008003C 000B003F F
62 9 0008003D 000B0040 F
63 9 0008003E 000B0041 F
64 9 0008003F 000B0042 F
65 9 00080040 000B0043 F
66 9 00080041 000B0044 F
67 9 00080042 000B0045 F
68 9 00080043 000B0046 F
69 9 00080044 000B0047 F
70 9 00090045 000A0047 8
72 9 00090048 000A004A 2
73 9 00080048 000B004B F
74 9 00080049 000B004C F
75 9 0008004A 000B004D F
76 9 0009004B 000A004D 8
88 9 00090058 000A005A 2
89 9 00080058 000B005B F
90 9 00080059 000B005C F
91 9 0008005A 000B005D F
92 9 0008005B 000B005E F
93 9 0008005C 000B005F F
94 9 0009005D 000A005F 8
44 10 000A002C 000B002D 0
47 10 000A002F 000B0030 0
48 10 00090030 000B0031 1
49 10 00090031 000B0032 1
50 10 00090032 000B0033 1
51 10 00090033 000B0035 3
52 10 00090034 000B0036 3
53 10 000A0034 000C0036 C
54 10 000A0035 000C0037 C
55 10 000A0037 000B0038 0
56 10 000A0038 000B003A 2
57 10 00090039 000B003B 3
58 10 00090039 000C003C F
59 10 0009003A 000C003D F
60 10 0009003B 000C003E F
61 10 0009003C 000C003F F
62 10 0009003D 000C0040 F
63 10 0009003E 000C0041 F
64 10 0009003F 000C0042 F
65 10 00090040 000C0043 F
66 10 00090041 000C0044 F
67 10 00090042 000C0045 F
68 10 00090043 000C0046 F
69 10 00090044 000C0047 F
70 10 000A0045 000B0047 8
72 10 000A0048 000B004A 2
73 10 00090048 000C004B F
74 10 00090049 000C004C F
75 10 0009004A 000C004D F
76 10 000A004B 000B004D 8
88 10 000A0058 000B005A 2
89 10 00090058 000C005B F
90 10 00090059 000C005C F
91 10 0009005A 000C005D F
92 10 0009005B 000C005E F
93 10 0009005C 000C005F F
94 10 000A005D 000B005F 8
44 11 000B002C 000C002D 0
52 11 000A0034 000C0035 1
53 11 000A0035 000C0036 1
54 11 000A0036 000C0038 3
55 11 000A0037 000C0038 1
57 11 000A0039 000D003B 7
58 11 000A0039 000D003C F
59 11 000A003A 000D003D F
60 11 000A003B 000D003E F
61 11 000A003C 000D003F F
62 11 000A003D 000D0040 F
63 11 000A003E 000D0041 F
64 11 000A003F 000D0042 F
65 11 000A0040 000D0043 F
66 11 000A0041 000D0044 F
67 11 000A0042 000D0045 F
68 11 000A0043 000D0046 F
69 11 000A0044 000D0047 F
70 11 000B0045 000C0047 8
72 11 000B0048 000C004A 2
73 11 000A0048 000D004B F
74 11 000A0049 000D004C F
75 11 000A004A 000D004D F
76 11 000B004B 000C004D 8
88 11 000B0058 000C005A 2
89 11 000A0058 000D005B F
90 11 000A0059 000D005C F
91 11 000A005A 000D005D F
92 11 000A005B 000D005E F
93 11 000A005C 000D005F F
94 11 000B005D 000C005F 8
55 12 000C0037 000D0038 0
56 12 000C0037 000E003A E
57 12 000C0039 000D003A 0
58 12 000B0039 000D003C B
59 12 000B003B 000D003D 3
60 12 000B003B 000E003E F
61 12 000B003C 000E003F F
62 12 000B003D 000E0040 F
63 12 000B003E 000E0041 F
64 12 000B003F 000E0042 F
65 12 000B0040 000E0043 F
66 12 000B0041 000E0044 F
67 12 000B0042 000E0045 F
68 12 000B0043 000E0046 F
69 12 000B0044 000E0047 F
70 12 000C0045 000D0047 8
72 12 000C0048 000D004A 2
73 12 000B0048 000E004B F
74 12 000B0049 000E004C F
75 12 000B004A 000E004D F
76 12 000C004B 000D004D 8
88 12 000C0058 000D005A 2
89 12 000B0058 000E005B F
90 12 000B0059 000E005C F
91 12 000B005A 000E005D F
92 12 000B005B 000E005E F
93 12 000B005C 000E005F F
94 12 000C005D 000D005F 8
55 13 000D0037 000E0039 2
56 13 000C0037 000F003A F
57 13 000C0038 000F003A D
59 13 000C003B 000E003D 3
60 13 000C003C 000E003E 3
61 13 000C003C 000F003F F
62 13 000C003D 000F0040 F
63 13 000C003E 000F0041 F
64 13 000C003F 000F0042 F
65 13 000C0040 000F0043 F
66 13 000C0041 000F0044 F
67 13 000C0042 000F0045 F
68 13 000C0043 000F0046 F
69 13 000C0044 000F0047 F
70 13 000D0045 000E0047 8
72 13 000D0048 000E004A 2
73 13 000C0048 000F004B F
74 13 000C0049 000F004C F
75 13 000C004A 000F004D F
76 13 000D004B 000E004D 8
88 13 000D0058 000E005A 2
89 13 000C0058 000F005B F
90 13 000C0059 000F005C F
91 13 000C005A 000F005D F
92 13 000C005B 000F005E F
93 13 000C005C 000F005F F
94 13 000D005D 000E005F 8
55 14 000E0037 000F0038 0
56 14 000D0038 000F0039 1
57 14 000E0039 000F003A 0
58 14 000E003A 000F003B 0
60 14 000D003C 000F003E 3
61 14 000D003C 000F003E 9
62 14 000D003D 000F0040 B
63 14 000D003F 000F0041 3
64 14 000D003F 00100042 F
65 14 000D0040 00100043 F
66 14 000D0041 00100044 F
67 14 000D0042 00100045 F
68 14 000D0043 00100046 F
69 14 000D0044 00100047 F
70 14 000E0045 000F0047 8
72 14 000E0048 000F004A 2
73 14 000D0048 000F004A 9
74 14 000D0049 000F004C B
75 14 000D004B 000F004D 3
76 14 000E004B 000F004D 8
88 14 000E0058 000F005A 2
89 14 000D0058 0010005B F
90 14 000D0059 0010005C F
91 14 000D005A 0010005D F
92 14 000D005B 0010005E F
93 14 000D005C 0010005F F
94 14 000E005D 000F005F 8
149 14 000E0095 000F0096 0
150 14 000E0096 00100097 4
151 14 000E0097 00100098 4
152 14 000E0098 00100099 4
153 14 000E0099 0010009A 4
154 14 000E009A 0010009B 4
155 14 000E009B 0010009C 4
156 14 000E009C 0010009D 4
157 14 000E009D 0010009E 4
158 14 000E009E 0010009F 4
159 14 000E009F 000F00A0 0
58 15 000F003A 0010003B 0
60 15 000F003C 0010003E 2
61 15 000E003C 0010003E 9
63 15 000E003F 00100040 1
64 15 000E0040 00100042 3
65 15 000E0041 00100042 1
66 15 000E0041 00100044 B
67 15 000E0043 00100045 3
68 15 000E0043 00110046 F
69 15 000E0044 00110047 F
70 15 000F0045 00100047 8
72 15 000F0048 0010004A 2
73 15 000E0048 0010004A 9
75 15 000E004B 0010004D 3
76 15 000F004B 0010004D 8
88 15 000F0058 0010005A 2
89 15 000E0058 0011005B F
90 15 000E0059 0011005C F
91 15 000E005A 0011005D F
92 15 000E005B 0011005E F
93 15 000E005C 0011005F F
94 15 000F005D 0010005F 8
149 15 000F0095 00110097 6
150 15 000E0095 00110098 F
151 15 000E0096 00110099 F
152 15 000E0097 0011009A F
153 15 000E0098 0011009B F
154 15 000E0099 0011009C F
155 15 000E009A 0011009D F
156 15 000E009B 0011009E F
157 15 000E009C 0011009F F
158 15 000E009D 001100A0 F
159 15 000F009E 001000A0 8
0 16 00100000 00110001 0
1 16 00100001 00120002 4
2 16 00100002 00120003 4
3 16 00100003 00120004 4
4 16 00100004 00120005 4
5 16 00100005 00120006 4
6 16 00100006 00120007 4
7 16 00100007 00120008 4
8 16 00100008 00120009 4
9 16 00100009 0012000A 4
10 16 0010000A 0012000B 4
11 16 0010000B 0012000C 4
12 16 0010000C 0012000D 4
13 16 0010000D 0012000E 4
14 16 0010000E 0012000F 4
15 16 0010000F 00120010 4
16 16 00100010 00120011 4
17 16 00100011 00120012 4
18 16 00100012 00120013 4
19 16 00100013 00120014 4
20 16 00100014 00120015 4
21 16 00100015 00120016 4
22 16 00100016 00120017 4
23 16 00100017 00120018 4
24 16 00100018 00120019 4
25 16 00100019 0012001A 4
26 16 0010001A 0012001B 4
27 16 0010001B 0012001C 4
28 16 0010001C 0012001D 4
29 16 0010001D 0012001E 4
30 16 0010001E 0012001F 4
31 16 0010001F 00120020 4
32 16 00100020 00120021 4
33 16 00100021 00120022 4
34 16 00100022 00120023 4
35 16 00100023 00120024 4
36 16 00100024 00120025 4
37 16 00100025 00120026 4
38 16 00100026 00120027 4
39 16 00100027 00120028 4
40 16 00100028 00120029 4
41 16 00100029 0012002A 4
42 16 0010002A 0012002B 4
43 16 0010002B 0012002C 4
44 16 0010002C 0012002D 4
45 16 0010002D 0012002E 4
46 16 0010002E 0012002F 4
47 16 0010002F 00120030 4
48 16 00100030 00120031 4
49 16 00100031 00120032 4
50 16 00100032 00120033 4
51 16 00100033 00120034 4
60 16 0010003C 0012003E 6
61 16 0010003C 0012003E C
65 16 000F0041 00120042 5
67 16 000F0043 00120045 7
68 16 000F0043 00120046 F
69 16 000F0044 00120047 F
70 16 00100045 00110047 8
72 16 00100048 0011004A 2
73 16 00100048 0011004A 8
75 16 0010004B 0011004D 2
76 16 0010004B 0011004D 8
88 16 00100058 0011005A 2
89 16 000F0058 0012005B F
90 16 000F0059 0012005C F
91 16 000F005A 0012005D F
92 16 000F005B 0012005E F
93 16 000F005C 0012005F F
94 16 0010005D 0011005F 8
147 16 00100093 00110094 0
148 16 00100094 00120096 6
149 16 00100095 00120097 6
150 16 000F0095 00120098 F
151 16 000F0096 00120099 F
152 16 000F0097 0012009A F
153 16 000F0098 0012009B F
154 16 000F0099 0012009C F
155 16 000F009A 0012009D F
156 16 000F009B 0012009E F
157 16 000F009C 0012009F F
158 16 000F009D 001200A0 F
159 16 0010009E 001100A0 8
0 17 00110000 00120001 0
1 17 00100001 00120002 1
2 17 00100002 00120003 1
3 17 00100003 00120004 1
4 17 00100004 00120005 1
5 17 00100005 00120006 1
6 17 00100006 00120007 1
7 17 00100007 00120009 3
8 17 00100008 0012000A 3
9 17 00100008 0013000B F
10 17 00100009 0013000C F
11 17 0010000A 0012000C 9
12 17 0010000B 0012000E B
13 17 0010000D 0012000F 3
14 17 0010000D 00130010 F
15 17 0010000E 00130011 F
16 17 0010000F 00130012 F
17 17 00100010 00130013 F
18 17 00100011 00130014 F
19 17 00100012 00130015 F
20 17 00100013 00130016 F
21 17 00100014 00130017 F
22 17 00100015 00130018 F
23 17 00100016 00130019 F
24 17 00100017 0013001A F
25 17 00100018 0013001B F
26 17 00100019 0013001C F
27 17 0010001A 0013001D F
28 17 0010001B 0013001E F
29 17 0010001C 0013001F F
30 17 0010001D 00130020 F
31 17 0010001E 00130021 F
32 17 0010001F 00130022 F
33 17 00100020 00130023 F
34 17 00100021 00130024 F
35 17 00100022 00130025 F
36 17 00100023 00130026 F
37 17 00100024 00130027 F
38 17 00100025 00130028 F
39 17 00100026 00130029 F
40 17 00100027 0013002A F
41 17 00100028 0013002B F
42 17 00100029 0013002C F
43 17 0010002A 0013002D F
44 17 0010002B 0013002E F
45 17 0010002C 0013002F F
46 17 0010002D 00130030 F
47 17 0010002E 00130031 F
48 17 0010002F 00130032 F
49 17 00100030 00130033 F
50 17 00100031 00130034 F
51 17 00110032 00130034 C
52 17 00110033 00130035 C
53 17 00110035 00130036 4
54 17 00110036 00130037 4
55 17 00110037 00130038 4
56 17 00110038 00130039 4
57 17 00110039 0013003A 4
58 17 0011003A 0013003B 4
59 17 0011003B 0013003D 6
60 17 0011003C 0013003E 6
61 17 0011003C 0013003E C
62 17 0011003D 0013003F C
63 17 0011003F 00130040 4
64 17 00110040 00130042 6
65 17 00110041 00130042 4
66 17 00110041 00130044 E
67 17 00110043 00130045 6
68 17 00100043 00130046 F
69 17 00100044 00120046 9
70 17 00110045 00120047 8
72 17 00110048 0012004A 2
73 17 00110048 0012004A 8
75 17 0011004B 0012004D 2
76 17 0011004B 0012004D 8
88 17 00110058 0012005A 2
89 17 00100058 0013005B F
90 17 00100059 0013005C F
91 17 0010005A 0013005D F
92 17 0010005B 0013005E F
93 17 0010005C 0013005F F
94 17 0011005D 0012005F 8
147 17 00110093 00120094 0
148 17 00100094 00120095 1
149 17 00100095 00120096 1
150 17 00100096 00120097 1
151 17 00100097 00120098 1
152 17 00100098 00120099 1
153 17 00100099 0012009A 1
154 17 0010009A 0012009B 1
155 17 0010009B 0012009C 1
156 17 0010009C 0012009D 1
157 17 0010009D 0012009E 1
158 17 0010009E 0012009F 1
159 17 0011009F 001200A0 0
8 18 00110008 0013000A 3
9 18 00110009 0013000B 3
10 18 00110009 0014000C F
11 18 0011000A 0013000C 9
13 18 0011000D 0013000E 1
14 18 0011000E 00130010 3
15 18 0011000F 00130011 3
16 18 0011000F 00140012 F
17 18 00110010 00140013 F
18 18 00110011 00140014 F
19 18 00110012 00140015 F
20 18 00110013 00140016 F
21 18 00110014 00140017 F
22 18 00110015 00140018 F
23 18 00110016 00140019 F
24 18 00110017 0014001A F
25 18 00110018 0014001B F
26 18 00110019 0014001C F
27 18 0011001A 0014001D F
28 18 0011001B 0014001E F
29 18 0011001C 0014001F F
30 18 0011001D 00140020 F
31 18 0011001E 00140021 F
32 18 0011001F 00140022 F
33 18 00110020 00140023 F
34 18 00110021 00140024 F
35 18 00110022 00140025 F
36 18 00110023 00140026 F
37 18 00110024 00140027 F
38 18 00110025 00140028 F
39 18 00110026 00140029 F
40 18 00110027 0014002A F
41 18 00110028 0014002B F
42 18 00110029 0014002C F
43 18 0011002A 0014002D F
44 18 0011002B 0014002E F
45 18 0011002C 0014002F F
46 18 0011002D 00140030 F
47 18 0011002E 00140031 F
48 18 0011002F 00140032 F
49 18 00110030 00140033 F
50 18 00110031 00140034 F
51 18 00110032 00140035 F
52 18 00110033 00140036 F
53 18 00110034 00140037 F
54 18 00110035 00140038 F
55 18 00110036 00140039 F
56 18 00110037 0014003A F
57 18 00110038 0014003B F
58 18 00110039 0014003C F
59 18 0011003A 0014003D F
60 18 0011003B 0014003E F
61 18 0011003C 0014003F F
62 18 0011003D 00140040 F
63 18 0011003E 00140041 F
64 18 0011003F 00140042 F
65 18 00110040 00140043 F
66 18 00110041 00140044 F
67 18 00110042 00140045 F
68 18 00110043 00140046 F
69 18 00110044 00130046 9
72 18 00120048 00130049 0
73 18 00120048 0013004A 8
75 18 0012004B 0013004C 0
76 18 0012004B 0013004D 8
88 18 00120058 0013005A 2
89 18 00110058 0014005B F
90 18 00110059 0014005C F
91 18 0011005A 0014005D F
92 18 0011005B 0014005E F
93 18 0011005C 0014005F F
94 18 0012005D 0013005F 8
145 18 00120091 00130092 0
146 18 00120092 00130093 0
9 19 00120009 0015000B 7
10 19 00120009 0015000C F
11 19 0013000A 0015000C C
15 19 0012000F 00150011 7
16 19 0012000F 00150012 F
17 19 00120010 00150013 F
18 19 00120011 00150014 F
19 19 00120012 00150015 F
20 19 00120013 00150016 F
21 19 00120014 00150017 F
22 19 00120015 00150018 F
23 19 00120016 00150019 F
24 19 00120017 0015001A F
25 19 00120018 0015001B F
26 19 00120019 0015001C F
27 19 0012001A 0015001D F
28 19 0012001B 0015001E F
29 19 0012001C 0015001F F
30 19 0012001D 00150020 F
31 19 0012001E 00150021 F
32 19 0012001F 00150022 F
33 19 00120020 00150023 F
34 19 00120021 00150024 F
35 19 00120022 00150025 F
36 19 00120023 00150026 F
37 19 00120024 00150027 F
38 19 00120025 00150028 F
39 19 00120026 00150029 F
40 19 00120027 0015002A F
41 19 00120028 0015002B F
42 19 00120029 0015002C F
43 19 0012002A 0015002D F
44 19 0012002B 0015002E F
45 19 0012002C 0015002F F
46 19 0012002D 00150030 F
47 19 0012002E 00150031 F
48 19 0012002F 00150032 F
49 19 00120030 00150033 F
50 19 00120031 00150034 F
51 19 00120032 00150035 F
52 19 00120033 00150036 F
53 19 00120034 00150037 F
54 19 00120035 00150038 F
55 19 00120036 00150039 F
56 19 00120037 0015003A F
57 19 00120038 0015003B F
58 19 00120039 0015003C F
59 19 0012003A 0015003D F
60 19 0012003B 0015003E F
61 19 0012003C 0015003F F
62 19 0012003D 00150040 F
63 19 0012003E 00150041 F
64 19 0012003F 00150042 F
65 19 00120040 00150043 F
66 19 00120041 00150044 F
67 19 00120042 00150045 F
68 19 00120043 00150046 F
69 19 00130044 00150046 C
72 19 00130048 00150049 4
74 19 0013004A 0015004C 6
75 19 0013004B 0014004C 0
88 19 00130058 0014005A 2
89 19 00120058 0015005B F
90 19 00120059 0015005C F
91 19 0012005A 0015005D F
92 19 0012005B 0015005E F
93 19 0012005C 0015005F F
94 19 0013005D 0014005F 8
0 20 00140000 00150001 0
1 20 00140001 00150002 0
2 20 00140002 00150003 0
3 20 00140003 00150004 0
4 20 00140004 00150005 0
6 20 00140006 00150007 0
7 20 00140007 00150008 0
8 20 00140008 00150009 0
9 20 00140009 0015000A 0
10 20 0013000A 0015000B 1
11 20 0014000B 0015000C 0
12 20 0014000C 0015000D 0
13 20 0014000D 0015000E 0
14 20 0014000E 0015000F 0
15 20 0014000F 00150011 2
16 20 00130010 00150011 1
17 20 00130010 00150012 9
18 20 00130012 00150013 1
19 20 00130013 00150014 1
20 20 00130014 00150015 1
21 20 00130015 00150016 1
22 20 00130016 00150017 1
23 20 00130017 00150018 1
24 20 00130018 00150019 1
25 20 00130019 0015001B 3
26 20 0013001A 0015001C 3
27 20 0013001A 0016001D F
28 20 0013001B 0015001D 9
29 20 0013001C 0015001F B
30 20 0013001E 00150020 3
31 20 0013001E 00160021 F
32 20 0013001F 00160022 F
33 20 00130020 00160023 F
34 20 00130021 00160024 F
35 20 00130022 00160025 F
36 20 00130023 00160026 F
37 20 00130024 00160027 F
38 20 00130025 00160028 F
39 20 00130026 00160029 F
40 20 00130027 0016002A F
41 20 00130028 0016002B F
42 20 00130029 0016002C F
43 20 0013002A 0016002D F
44 20 0013002B 0016002E F
45 20 0013002C 0016002F F
46 20 0013002D 00160030 F
47 20 0013002E 00160031 F
48 20 0013002F 00160032 F
49 20 00130030 00160033 F
50 20 00130031 00160034 F
51 20 00130032 00160035 F
52 20 00130033 00160036 F
53 20 00130034 00160037 F
54 20 00130035 00160038 F
55 20 00130036 00160039 F
56 20 00130037 0016003A F
57 20 00130038 0016003B F
58 20 00130039 0016003C F
59 20 0013003A 0016003D F
60 20 0013003B 0016003E F
61 20 0013003C 0016003F F
62 20 0013003D 00160040 F
63 20 0013003E 00160041 F
64 20 0013003F 00160042 F
65 20 00130040 00160043 F
66 20 00130041 00160044 F
67 20 00130042 00160045 F
68 20 00130043 00160046 F
69 20 00140044 00160046 C
70 20 00140045 00160047 C
71 20 00140047 00160049 6
72 20 00140048 00160049 4
73 20 00140048 0015004A 8
74 20 0014004A 0015004B 0
75 20 0014004B 0015004C 0
88 20 00140058 0015005A 2
89 20 00130058 0016005B F
90 20 00130059 0015005B 9
91 20 0013005A 0015005D B
92 20 0013005C 0015005E 3
93 20 0013005C 0016005F F
94 20 0014005D 0015005F 8
16 21 00140010 00160011 1
26 21 0014001A 0016001B 1
27 21 0014001B 0016001C 1
28 21 0014001C 0016001D 1
30 21 0014001E 0016001F 1
31 21 0014001F 00160020 1
32 21 00140020 00160021 1
33 21 00140021 00160022 1
34 21 00140022 00160023 1
35 21 00140023 00160024 1
36 21 00140024 00160025 1
37 21 00140025 00160026 1
38 21 00140026 00160027 1
39 21 00140027 00160028 1
40 21 00140028 00160029 1
41 21 00140029 0016002A 1
42 21 0014002A 0016002B 1
43 21 0014002B 0016002C 1
44 21 0014002C 0016002D 1
45 21 0014002D 0016002E 1
46 21 0014002E 0016002F 1
47 21 0014002F 00160030 1
48 21 00140030 00160031 1
49 21 00140031 00160032 1
50 21 00140032 00160033 1
51 21 00140033 00160034 1
52 21 00140034 00160035 1
53 21 00140035 00160036 1
54 21 00140036 00160037 1
55 21 00140037 00160038 1
56 21 00140038 00160039 1
57 21 00140039 0016003A 1
58 21 0014003A 0016003B 1
59 21 0014003B 0016003C 1
60 21 0014003C 0016003D 1
61 21 0014003D 0016003E 1
62 21 0014003E 0016003F 1
63 21 0014003F 00160040 1
64 21 00140040 00160041 1
65 21 00140041 00160042 1
66 21 00140042 00160043 1
67 21 00140043 00160044 1
68 21 00140044 00160045 1
69 21 00140045 00160046 1
70 21 00140046 00160047 1
71 21 00140047 00160048 1
72 21 00140048 00160049 1
73 21 00140049 0016004A 1
88 21 00150058 0016005A 2
89 21 00140058 0017005B F
90 21 00140059 0017005B D
92 21 0014005C 0017005E 7
93 21 0014005C 0017005F F
94 21 0015005D 0016005F 8
88 22 00160058 0017005A 2
89 22 00150058 0018005B F
90 22 00160059 0018005B C
91 22 0016005A 0018005D E
92 22 0016005C 0018005E 6
93 22 0015005C 0018005F F
94 22 0016005D 0017005F 8
123 22 0016007B 0017007C 0
88 23 00170058 0018005A 2
89 23 00160058 0019005B F
90 23 00160059 0019005C F
91 23 0016005A 0019005D F
92 23 0016005B 0019005E F
93 23 0016005C 0019005F F
94 23 0017005D 0018005F 8
123 23 0017007B 0018007C 0
124 23 0017007C 0018007D 0
88 24 00180058 0019005A 2
89 24 00170058 0019005A 9
90 24 00170059 0019005C B
91 24 0017005B 0019005D 3
92 24 0017005B 001A005E F
93 24 0017005C 001A005F F
94 24 0018005D 0019005F 8
88 25 00190058 001A005A 2
89 25 00180058 001A005A 9
91 25 0018005B 001A005D 3
92 25 0018005B 001B005E F
93 25 0018005C 001B005F F
94 25 0019005D 001A005F 8
88 26 001A0058 001C005A 6
89 26 001A0058 001B005A 8
91 26 001A005B 001B005D 2
92 26 0019005B 001C005E F
93 26 0019005C 001C005F F
94 26 001A005D 001B005F 8
69 27 001B0045 001D0046 4
70 27 001B0046 001D0047 4
87 27 001B0057 001C0059 2
88 27 001B0058 001D005A 6
89 27 001B0058 001C005A 8
91 27 001B005B 001C005D 2
92 27 001A005B 001D005E F
93 27 001A005C 001D005F F
94 27 001B005D 001C005F 8
68 28 001C0044 001E0046 6
69 28 001C0045 001E0047 6
70 28 001C0045 001E0047 C
71 28 001C0046 001E0048 C
72 28 001C0048 001E0049 4
87 28 001C0057 001D0059 2
88 28 001B0057 001E005A F
89 28 001C0058 001D005A 8
91 28 001C005B 001D005D 2
92 28 001B005B 001E005E F
93 28 001B005C 001E005F F
94 28 001C005D 001D005F 8
67 29 001D0043 001E0045 2
68 29 001D0044 001F0046 6
69 29 001C0044 001F0047 F
70 29 001C0045 001F0048 F
71 29 001C0046 001F0049 F
72 29 001D0047 001F0049 C
73 29 001D0048 001E004A 8
87 29 001D0057 001E0059 2
88 29 001C0057 001E0059 9
89 29 001D0058 001E005A 8
91 29 001D005B 001E005D 2
92 29 001C005B 001E005D 9
93 29 001C005C 001E005E 9
94 29 001D005E 001E005F 0
67 30 001E0043 001F0045 2
68 30 001D0043 00200046 F
69 30 001D0044 00200047 F
70 30 001D0045 00200048 F
71 30 001D0046 001F0048 9
72 30 001D0047 001F0049 9
73 30 001E0049 001F004A 0
87 30 001E0057 00200059 6
88 30 001D0057 001F0059 9
91 30 001E005B 001F005D 2
92 30 001D005B 0020005D D
67 31 001F0043 00200045 2
68 31 001E0044 00200046 3
69 31 001E0044 00210047 F
70 31 001E0045 00200047 9
71 31 001E0046 00200048 9
86 31 001F0056 00210058 6
87 31 001F0057 00200058 0
88 31 001F0057 00200059 8
91 31 001F005B 0020005C 0
92 31 001F005B 0020005D 8
93 31 001F005D 0020005E 0
68 32 001F0044 00210046 3
69 32 001F0045 00210047 3
70 32 001F0045 00220047 D
85 32 00200055 00220057 6
86 32 00200056 00210057 0
87 32 001F0056 00210058 9
91 32 0020005B 0021005C 0
31 33 0021001F 00230020 4
34 33 00210022 00230023 4
35 33 00210023 00230024 4
69 33 00200045 00230047 7
70 33 00210045 00230047 C
71 33 00210046 00230048 C
72 33 00210048 00230049 4
74 33 0021004A 0023004B 4
75 33 0021004B 0023004C 4
76 33 0021004C 0023004D 4
77 33 0021004D 0023004E 4
78 33 0021004E 0023004F 4
79 33 0021004F 00230050 4
80 33 00210050 00230051 4
81 33 00210051 00230052 4
82 33 00210052 00230053 4
83 33 00210053 00230054 4
84 33 00210054 00230056 6
85 33 00210055 00220056 0
86 33 00200055 00220057 9
90 33 0021005A 0022005B 0
91 33 0021005B 0022005C 0
3 34 00220003 00230004 0
4 34 00220004 00230005 0
8 34 00220008 00230009 0
9 34 00220009 0023000A 0
10 34 0022000A 0023000B 0
11 34 0022000B 0023000C 0
12 34 0022000C 0023000D 0
13 34 0022000D 0024000E 4
14 34 0022000E 0024000F 4
15 34 0022000F 00230010 0
16 34 00220010 00230011 0
17 34 00220011 00230012 0
18 34 00220012 00230013 0
19 34 00220013 00230014 0
20 34 00220014 00230015 0
21 34 00220015 00230016 0
22 34 00220016 00230017 0
23 34 00220017 00230018 0
24 34 00220018 00230019 0
25 34 00220019 0023001A 0
26 34 0022001A 0023001B 0
27 34 0022001B 0023001C 0
28 34 0022001C 0023001D 0
29 34 0022001D 0023001E 0
30 34 0022001E 00230020 2
31 34 0022001F 00230020 0
32 34 0022001F 00230021 8
33 34 00220021 00230023 2
34 34 00220022 00240024 6
35 34 00220022 00240024 C
36 34 00220023 00240025 C
37 34 00220025 00240026 4
38 34 00220026 00240027 4
39 34 00220027 00240028 4
40 34 00220028 00240029 4
41 34 00220029 0024002A 4
42 34 0022002A 0024002B 4
43 34 0022002B 0024002C 4
44 34 0022002C 0024002D 4
45 34 0022002D 0024002E 4
46 34 0022002E 0024002F 4
47 34 0022002F 00240030 4
48 34 00220030 00240031 4
49 34 00220031 00240032 4
50 34 00220032 00240033 4
51 34 00220033 00240034 4
52 34 00220034 00240035 4
53 34 00220035 00240036 4
54 34 00220036 00240037 4
55 34 00220037 00240038 4
56 34 00220038 00240039 4
57 34 00220039 0024003A 4
58 34 0022003A 0024003B 4
59 34 0022003B 0024003C 4
60 34 0022003C 0024003D 4
61 34 0022003D 0024003E 4
62 34 0022003E 0024003F 4
63 34 0022003F 00240040 4
64 34 00220040 00240041 4
65 34 00220041 00240042 4
66 34 00220042 00240043 4
67 34 00220043 00240044 4
68 34 00220044 00240046 6
69 34 00220045 00240047 6
70 34 00210045 00240048 F
71 34 00210046 00240049 F
72 34 00220047 00240049 C
73 34 00220048 0024004B E
74 34 0022004A 0024004C 6
75 34 0021004A 0024004D F
76 34 0021004B 0024004E F
77 34 0021004C 0024004F F
78 34 0021004D 00240050 F
79 34 0021004E 00240051 F
80 34 0021004F 00240052 F
81 34 00210050 00240053 F
82 34 00210051 00240054 F
83 34 00210052 00230054 9
84 34 00210053 00230055 9
85 34 00210055 00230056 1
12 35 0022000C 0024000D 1
13 35 0022000D 0024000E 1
14 35 0022000E 0024000F 1
15 35 0022000F 00240010 1
20 35 00220014 00240015 1
21 35 00220015 00240016 1
24 35 00220018 00240019 1
25 35 00220019 0024001A 1
30 35 0022001E 0024001F 1
31 35 0022001F 00240020 1
33 35 00220021 00240022 1
34 35 00220022 00240023 1
35 35 00220023 00240024 1
36 35 00220024 00240025 1
37 35 00220025 00240026 1
38 35 00220026 00240027 1
39 35 00220027 00240029 3
40 35 00220028 0024002A 3
41 35 00220028 0024002A 9
42 35 00220029 0024002B 9
43 35 0022002B 0024002C 1
44 35 0022002C 0024002D 1
45 35 0022002D 0024002E 1
46 35 0022002E 0024002F 1
47 35 0022002F 00240030 1
48 35 00220030 00240031 1
49 35 00220031 00240032 1
50 35 00220032 00240033 1
51 35 00220033 00240034 1
52 35 00220034 00240036 3
53 35 00220035 00240036 1
54 35 00220035 00240037 9
55 35 00220037 00240039 3
56 35 00220038 00240039 1
57 35 00220038 0024003B B
58 35 0022003A 0024003C 3
59 35 0022003A 0024003C 9
60 35 0022003B 0024003D 9
61 35 0022003D 0024003E 1
62 35 0022003E 00240040 3
63 35 0022003F 00240041 3
64 35 0022003F 00250042 F
65 35 00220040 00250043 F
66 35 00220041 00250044 F
67 35 00220042 00240044 9
68 35 00220043 00240045 9
69 35 00220045 00240047 3
70 35 00220046 00240048 3
71 35 00220046 00250049 F
72 35 00220047 0025004A F
73 35 00220048 0025004B F
74 35 00220049 0025004C F
75 35 0022004A 0025004D F
76 35 0022004B 0025004E F
77 35 0022004C 0024004E 9
78 35 0022004D 0024004F 9
79 35 0022004F 00240050 1
80 35 00220050 00240051 1
81 35 00220051 00240052 1
82 35 00220052 00240053 1
83 35 00220053 00240054 1
40 36 00230028 00250029 1
41 36 00230029 0025002A 1
53 36 00230035 00250036 1
56 36 00230038 00250039 1
58 36 0023003A 0025003B 1
59 36 0023003B 0025003C 1
63 36 0023003F 00250040 1
64 36 00230040 00250041 1
65 36 00230041 00250042 1
66 36 00230042 00250043 1
67 36 00230043 00250044 1
70 36 00230046 00250047 1
71 36 00230047 00250048 1
72 36 00230048 00250049 1
73 36 00230049 0025004A 1
74 36 0023004A 0025004B 1
75 36 0023004B 0025004C 1
76 36 0023004C 0025004D 1
77 36 0023004D 0025004E 1
13 38 0026000D 0027000E 0
14 38 0026000E 0028000F 4
15 38 0026000F 00280010 4
16 38 00260010 00270011 0
13 39 0027000D 0028000E 0
14 39 0026000E 0028000F 1
15 39 0026000F 00280010 1
16 39 00270010 00280011 0
85 39 00270055 00280056 0
86 39 00270056 00280057 0
87 39 00270057 00280058 0
23 40 00280017 002A0018 4
24 40 00280018 002A0019 4
25 40 00280019 002A001A 4
26 40 0028001A 002A001B 4
27 40 0028001B 0029001C 0
33 40 00280021 00290022 0
34 40 00280022 00290023 0
35 40 00280023 00290024 0
39 40 00280027 002A0028 4
40 40 00280028 002A0029 4
41 40 00280029 0029002A 0
61 40 0028003D 0029003E 0
62 40 0028003E 0029003F 0
63 40 0028003F 00290040 0
85 40 00280055 00290056 0
17 41 00290011 002A0012 0
18 41 00290012 002B0013 4
19 41 00290013 002B0014 4
20 41 00290014 002B0015 4
21 41 00290015 002B0016 4
22 41 00290016 002B0018 6
23 41 00290017 002B0019 6
24 41 00280017 002B001A F
25 41 00280018 002A001A 9
26 41 00280019 002A001B 9
27 41 0029001B 002A001C 0
33 41 00290021 002A0022 0
34 41 00280022 002A0023 1
38 41 00290026 002B0028 6
39 41 00290027 002A0028 0
40 41 00280027 002A0029 9
41 41 00290029 002A002A 0
61 41 0029003D 002A003F 2
62 41 0028003E 002A003F 1
17 42 002A0011 002B0013 2
18 42 00290011 002C0014 F
19 42 00290012 002B0014 9
20 42 00290013 002B0016 B
21 42 00290015 002B0017 3
22 42 00290015 002C0018 F
23 42 00290016 002B0018 9
24 42 00290017 002B0019 9
25 42 00290019 002B001A 1
36 42 002A0024 002C0025 4
37 42 002A0025 002B0026 0
38 42 002A0026 002B0027 0
39 42 00290027 002B0028 1
62 42 002A003E 002B003F 0
17 43 002B0011 002D0013 6
18 43 002A0011 002D0014 F
19 43 002A0012 002D0014 D
21 43 002A0015 002D0017 7
22 43 002A0015 002D0018 F
23 43 002A0016 002C0018 9
33 43 002B0021 002C0022 0
34 43 002B0022 002C0023 0
35 43 002B0023 002C0024 0
36 43 002B0024 002C0025 0
37 43 002A0025 002C0026 1
61 43 002B003D 002C003E 0
14 44 002C000E 002E000F 4
16 44 002C0010 002E0012 6
17 44 002C0011 002E0013 6
18 44 002B0011 002E0014 F
19 44 002C0012 002E0014 C
20 44 002C0013 002E0016 E
21 44 002C0015 002D0016 0
22 44 002B0015 002D0017 9
23 44 002C0017 002D0018 0
34 44 002B0022 002D0023 1
60 44 002C003C 002D003D 0
61 44 002C003D 002D003E 0
5 45 002D0005 002E0006 0
6 45 002D0006 002F0007 4
7 45 002D0007 002F0008 4
8 45 002D0008 002F0009 4
11 45 002D000B 002F000C 4
12 45 002D000C 002F000D 4
13 45 002D000D 002F000F 6
14 45 002D000E 002F000F 4
15 45 002D000E 002F0011 E
16 45 002D0010 002F0012 6
17 45 002C0010 002F0013 F
18 45 002C0011 002F0014 F
19 45 002C0012 002F0015 F
20 45 002C0013 002F0016 F
21 45 002C0014 002E0016 9
60 45 002D003C 002E003D 0
146 45 002D0092 002E0093 0
5 46 002E0005 002F0006 0
6 46 002D0006 002F0007 1
7 46 002D0007 002F0008 1
8 46 002E0008 002F0009 0
9 46 002E0009 002F000A 0
10 46 002E000A 002F000B 0
11 46 002E000B 002F000C 0
12 46 002D000C 002F000D 1
13 46 002D000D 002F000F 3
14 46 002D000E 002F0010 3
15 46 002D000E 00300011 F
16 46 002D000F 00300012 F
17 46 002D0010 00300013 F
18 46 002D0011 00300014 F
19 46 002D0012 00300015 F
20 46 002D0013 00300016 F
21 46 002E0014 00300016 C
25 46 002E0019 0030001A 4
59 46 002E003B 002F003C 0
60 46 002E003C 002F003D 0
145 46 002E0091 002F0093 2
146 46 002E0092 002F0093 0
3 47 002F0003 00300004 0
4 47 002F0004 00310005 4
9 47 002E0009 0030000B 3
10 47 002E0009 0030000B 9
14 47 002E000E 00300010 3
15 47 002E000F 00300011 3
16 47 002E000F 00310012 F
17 47 002E0010 00310013 F
18 47 002E0011 00310014 F
19 47 002E0012 00310015 F
20 47 002E0013 00310016 F
21 47 002F0014 00300016 8
22 47 002F0015 00300017 8
23 47 002F0017 00300018 0
24 47 002F0018 0031001A 6
25 47 002F0019 0031001A 4
26 47 002F0019 0031001B C
27 47 002F001B 0031001C 4
56 47 002F0038 00310039 4
58 47 002F003A 0030003B 0
59 47 002F003B 0030003C 0
145 47 002F0091 00300093 2
146 47 002F0091 00300093 8
3 48 00300003 00320005 6
4 48 00300003 00310005 8
5 48 00300004 00310006 8
9 48 00300009 0032000B 6
10 48 00300009 0032000B C
15 48 002F000F 00320011 7
16 48 002F000F 00320012 F
17 48 002F0010 00320013 F
18 48 002F0011 00320014 F
19 48 002F0012 00320015 F
20 48 002F0013 00320016 F
21 48 002F0014 00310016 9
23 48 002F0017 00310018 1
24 48 002F0018 00310019 1
25 48 002F0019 0031001A 1
26 48 002F001A 0031001C 3
27 48 0030001B 0031001C 0
28 48 0030001B 0031001D 8
55 48 00300037 00320039 6
56 48 00300038 00320039 4
57 48 00300038 0031003A 8
58 48 0030003A 0031003B 0
145 48 00300091 00310092 0
146 48 00300092 00310093 0
2 49 00310002 00320004 2
3 49 00310003 00320005 2
4 49 00300003 00320005 9
7 49 00310007 00320008 0
8 49 00310008 0032000A 2
9 49 00310009 0032000B 2
10 49 00310009 0033000B C
11 49 0031000A 0033000C C
12 49 0031000C 0032000D 0
13 49 0031000D 0032000E 0
14 49 0031000E 00320010 2
15 49 0031000F 00330011 6
16 49 0030000F 00330012 F
17 49 00300010 00330013 F
18 49 00300011 00330014 F
19 49 00300012 00330015 F
20 49 00300013 00330016 F
21 49 00310014 00320016 8
27 49 0030001B 0032001C 1
54 49 00310036 00330038 6
55 49 00310037 00330039 6
56 49 00300037 00320039 9
57 49 00300038 0032003A 9
3 50 00310003 00330005 3
4 50 00320004 00330005 0
7 50 00320007 00330008 0
9 50 00310009 0033000B 3
10 50 00310009 0033000B 9
11 50 0031000A 0033000C 9
12 50 0031000C 0033000D 1
14 50 0031000E 0033000F 1
15 50 0031000F 00330010 1
16 50 00310010 00330011 1
17 50 00310011 00330012 1
18 50 00310012 00330013 1
19 50 00310013 00330014 1
20 50 00310014 00330015 1
21 50 00320015 00330016 0
53 50 00320035 00340037 6
54 50 00320036 00340038 6
55 50 00310036 00330038 9
56 50 00310037 00330039 9
4 51 00330004 00340005 0
9 51 00330009 0034000A 0
10 51 0032000A 0034000B 1
52 51 00330034 00350036 6
53 51 00330035 00350037 6
54 51 00320035 00340037 9
55 51 00320036 00340038 9
0 52 00340000 00350001 0
1 52 00340001 00360002 4
2 52 00340002 00360003 4
3 52 00340003 00360005 6
4 52 00340004 00350005 0
6 52 00340006 00350007 0
7 52 00340007 00350008 0
18 52 00340012 00350013 0
19 52 00340013 00350014 0
50 52 00340032 00360033 4
51 52 00340033 00360035 6
52 52 00340034 00360036 6
53 52 00330034 00350036 9
54 52 00330035 00350037 9
0 53 00350000 00360001 0
1 53 00340001 00360002 1
2 53 00340002 00360003 1
3 53 00340003 00360004 1
4 53 00350004 00360005 0
49 53 00350031 00360032 0
50 53 00350032 00360034 2
51 53 00340033 00360035 3
52 53 00340033 00360035 9
53 53 00340034 00360036 9
48 54 00360030 00380032 6
49 54 00360031 00380032 4
51 54 00350033 00370034 1
52 54 00350034 00370035 1
46 55 0037002E 0039002F 4
47 55 0037002F 00390031 6
48 55 00370030 00390032 6
49 55 00370030 00390032 C
50 55 00370031 00380033 8
90 55 0037005A 0039005B 4
91 55 0037005B 0039005C 4
92 55 0037005C 0038005D 0
45 56 0038002D 003A002F 6
46 56 0038002E 003A0030 6
47 56 0037002E 003A0031 F
48 56 0037002F 003A0032 F
49 56 00370030 00390032 9
50 56 00380031 00390033 8
87 56 00380057 00390058 0
88 56 00380058 00390059 0
89 56 00380059 0039005B 2
90 56 0038005A 0039005C 2
91 56 0037005A 003A005D F
92 56 0038005B 003A005D C
94 56 0038005E 003A005F 4
95 56 0038005F 003A0060 4
96 56 00380060 003A0061 4
97 56 00380061 00390062 0
102 56 00380066 00390067 0
12 57 0039000C 003A000D 0
13 57 0039000D 003A000E 0
44 57 0039002C 003B002E 6
45 57 0039002D 003B002F 6
46 57 0038002D 003B0030 F
47 57 0038002E 003A0030 9
48 57 0038002F 003A0031 9
49 57 00380031 003A0032 1
87 57 00390057 003A0058 0
90 57 0038005A 003A005C 3
91 57 0038005A 003A005C 9
92 57 0039005B 003A005D 8
93 57 0039005D 003A005E 0
94 57 0039005E 003A005F 0
95 57 0038005F 003A0060 1
96 57 00380060 003A0061 1
97 57 00390061 003A0062 0
102 57 00390066 003A0067 0
103 57 00390067 003A0068 0
3 58 003A0003 003B0004 0
4 58 003A0004 003B0005 0
17 58 003A0011 003B0012 0
25 58 003A0019 003B001A 0
43 58 003A002B 003C002D 6
44 58 003A002C 003C002E 6
45 58 0039002C 003C002F F
46 58 0039002D 003B002F 9
47 58 0039002E 003B0030 9
76 58 003A004C 003B004D 0
90 58 003A005A 003B005B 0
91 58 0039005B 003B005C 1
103 58 003A0067 003B0068 0
104 58 003A0067 003C0069 C
105 58 003A0069 003B006A 0
107 58 003A006B 003B006C 0
3 59 003B0003 003C0004 0
12 59 003B000C 003C000D 0
13 59 003B000D 003D000E 4
14 59 003B000E 003C000F 0
15 59 003B000F 003C0010 0
16 59 003B0010 003C0011 0
17 59 003B0011 003C0012 0
25 59 003B0019 003C001A 0
41 59 003B0029 003C002A 0
42 59 003B002A 003D002C 6
43 59 003B002B 003D002D 6
44 59 003A002B 003D002E F
45 59 003A002C 003C002E 9
46 59 003A002D 003C002F 9
75 59 003B004B 003C004C 0
76 59 003B004C 003C004D 0
87 59 003B0057 003D0058 4
97 59 003B0061 003D0062 4
103 59 003B0067 003C0069 2
104 59 003A0068 003C006A 3
105 59 003B0068 003D006A C
107 59 003B006B 003D006C 4
108 59 003B006B 003D006D C
0 60 003C0000 003D0001 0
1 60 003C0001 003E0002 4
2 60 003C0002 003E0004 6
3 60 003C0003 003E0004 4
12 60 003C000C 003D000D 0
13 60 003B000D 003D000E 1
14 60 003B000E 003D000F 1
16 60 003B0010 003D0011 1
41 60 003C0029 003E002B 6
42 60 003B0029 003E002C F
43 60 003B002A 003E002D F
44 60 003B002B 003D002D 9
45 60 003B002C 003D002E 9
74 60 003C004A 003D004C 2
75 60 003C004B 003D004C 0
85 60 003C0055 003D0056 0
86 60 003C0056 003E0058 6
87 60 003C0057 003E0058 4
88 60 003C0057 003E0059 C
89 60 003C0059 003D005A 0
94 60 003C005E 003E005F 4
95 60 003C005F 003E0060 4
96 60 003C0060 003E0062 6
97 60 003C0061 003E0062 4
98 60 003C0061 003E0063 C
99 60 003C0063 003E0064 4
100 60 003C0064 003E0065 4
101 60 003C0065 003E0066 4
102 60 003C0066 003E0067 4
104 60 003B0068 003E006A 7
105 60 003C0068 003E006A C
106 60 003C0069 003E006C E
107 60 003C006B 003E006D 6
108 60 003C006B 003E006D C
109 60 003C006C 003E006E C
0 61 003D0000 003E0001 0
1 61 003C0001 003E0002 1
2 61 003C0002 003E0003 1
3 61 003D0003 003E0004 0
4 61 003D0004 003E0005 0
40 61 003D0028 003F002A 6
41 61 003D0029 003F002B 6
42 61 003C0029 003E002B 9
43 61 003C002A 003E002C 9
44 61 003C002C 003E002D 1
75 61 003D004B 003E004C 0
85 61 003D0055 003F0057 6
86 61 003C0055 003F0058 F
87 61 003C0056 003E0058 9
88 61 003C0057 003E0059 9
89 61 003D0059 003E005A 0
93 61 003D005D 003F005F 6
94 61 003D005E 003F0060 6
95 61 003C005E 003F0061 F
96 61 003C005F 003F0062 F
97 61 003C0060 003F0063 F
98 61 003C0061 003F0064 F
99 61 003C0062 003F0065 F
100 61 003C0063 003F0066 F
101 61 003C0064 003F0067 F
102 61 003D0065 003F0067 C
103 61 003D0066 003F0069 E
104 61 003D0068 003F006A 6
105 61 003C0068 003F006B F
106 61 003C0069 003F006C F
107 61 003C006A 003F006D F
108 61 003C006B 003F006E F
109 61 003D006C 003F006E C
110 61 003D006D 003F006F C
143 61 003D008F 003E0090 0
144 61 003D0090 003E0091 0
5 62 003E0005 00400006 4
39 62 003E0027 00400029 6
40 62 003E0028 0040002A 6
41 62 003D0028 003F002A 9
42 62 003D0029 003F002B 9
75 62 003E004B 003F004C 0
76 62 003E004B 0040004D C
83 62 003E0053 003F0054 0
84 62 003E0054 00400056 6
85 62 003E0055 00400057 6
86 62 003D0055 00400058 F
87 62 003D0056 003F0058 9
92 62 003E005C 0040005E 6
93 62 003E005D 0040005F 6
94 62 003D005D 00400060 F
95 62 003D005E 00400061 F
96 62 003D005F 00400062 F
97 62 003D0060 00400063 F
98 62 003D0061 00400064 F
99 62 003D0062 00400065 F
100 62 003D0063 00400066 F
101 62 003D0064 00400067 F
102 62 003D0065 00400068 F
103 62 003D0066 00400069 F
104 62 003D0067 0040006A F
105 62 003D0068 0040006B F
106 62 003D0069 0040006C F
107 62 003D006A 0040006D F
108 62 003D006B 0040006E F
109 62 003D006C 0040006F F
110 62 003E006D 0040006F C
111 62 003E006E 00400070 C
143 62 003E008F 003F0090 0
144 62 003E008F 003F0091 8
0 63 003F0000 00400001 0
1 63 003F0001 00400002 0
2 63 003F0002 00400003 0
3 63 003F0003 00400004 0
4 63 003F0004 00400005 0
5 63 003F0005 00400006 0
6 63 003F0006 00400007 0
38 63 003F0026 00410028 6
39 63 003F0027 00410029 6
40 63 003E0027 0041002A F
41 63 003E0028 0040002A 9
75 63 003F004B 0040004D 2
76 63 003F004C 0040004D 0
77 63 003F004C 0041004E C
83 63 003F0053 00410055 6
84 63 003E0053 00410056 F
85 63 003E0054 00410057 F
86 63 003E0055 00400057 9
87 63 003F0056 00400058 8
89 63 003F0059 0041005A 4
91 63 003F005B 0041005D 6
92 63 003F005C 0041005E 6
93 63 003E005C 0040005E 9
94 63 003E005D 0040005F 9
95 63 003E005F 00400061 3
96 63 003E0060 00400062 3
97 63 003E0060 00410063 F
98 63 003E0061 00410064 F
99 63 003E0062 00410065 F
100 63 003E0063 00410066 F
101 63 003E0064 00410067 F
102 63 003E0065 00410068 F
103 63 003E0066 00410069 F
104 63 003E0067 0041006A F
105 63 003E0068 0041006B F
106 63 003E0069 0041006C F
107 63 003E006A 0041006D F
108 63 003E006B 0041006E F
109 63 003E006C 0041006F F
110 63 003E006D 00410070 F
111 63 003F006E 00410070 C
112 63 003F006F 00400071 8
143 63 003F008F 00400090 0
37 64 00400025 00410027 2
38 64 00400026 00420028 6
39 64 003F0026 00420029 F
40 64 003F0027 00410029 9
41 64 00400028 0041002A 8
76 64 003F004C 0041004E 3
77 64 0040004C 0042004E C
78 64 0040004D 0041004F 8
82 64 00400052 00410053 0
83 64 00400053 00410055 2
84 64 003F0054 00410056 3
85 64 003F0054 00410056 9
86 64 003F0055 00410057 9
88 64 00400058 0041005A 2
89 64 00400059 0042005A 4
90 64 00400059 0041005B 8
91 64 0040005B 0041005C 0
92 64 003F005C 0041005D 1
93 64 003F005D 0041005E 1
96 64 003F0060 00420062 7
97 64 003F0060 00420063 F
98 64 003F0061 00420064 F
99 64 003F0062 00420065 F
100 64 003F0063 00420066 F
101 64 003F0064 00420067 F
102 64 003F0065 00420068 F
103 64 003F0066 00420069 F
104 64 003F0067 0042006A F
105 64 003F0068 0042006B F
106 64 003F0069 0042006C F
107 64 003F006A 0042006D F
108 64 003F006B 0042006E F
109 64 003F006C 0042006F F
110 64 003F006D 00420070 F
111 64 003F006E 00420071 F
112 64 0040006F 00420071 C
1 65 00410001 00430002 4
2 65 00410002 00430003 4
3 65 00410003 00420004 0
37 65 00410025 00420027 2
38 65 00400025 00430028 F
39 65 00400026 00430029 F
40 65 00400027 00430029 D
76 65 0041004C 0042004E 2
77 65 0040004D 0042004E 1
78 65 0041004D 0042004F 8
80 65 00410050 00420051 0
82 65 00410052 00420053 0
84 65 00400054 00420055 1
85 65 00400055 00420056 1
88 65 00410058 0043005A 6
89 65 00400058 0043005B F
90 65 00400059 0042005B 9
94 65 0041005E 0043005F 4
95 65 0041005F 00420060 0
96 65 00410060 00420061 0
97 65 00400061 00420062 1
98 65 00400062 00420063 1
99 65 00400063 00420065 3
100 65 00400064 00420066 3
101 65 00400064 00430067 F
102 65 00400065 00420067 9
103 65 00400066 00420069 B
104 65 00400068 0042006A 3
105 65 00400068 0043006B F
106 65 00400069 0043006C F
107 65 0040006A 0043006D F
108 65 0040006B 0043006E F
109 65 0040006C 0043006F F
110 65 0040006D 00430070 F
111 65 0040006E 00430071 F
112 65 0041006F 00430071 C
113 65 00410070 00420072 8
0 66 00420000 00430001 0
1 66 00420001 00430002 0
2 66 00410002 00430004 3
3 66 00420003 00430004 0
5 66 00420005 00430006 0
6 66 00420006 00430007 0
7 66 00420007 00430008 0
8 66 00420008 00430009 0
37 66 00420025 00430027 2
38 66 00410025 00440028 F
39 66 00410026 00430028 9
40 66 00420027 00430029 8
41 66 00420029 0043002A 0
77 66 0041004D 0043004E 1
79 66 0042004F 00430050 0
80 66 00420050 00430051 0
83 66 00420053 00430054 0
87 66 00420057 00430059 2
88 66 00420058 0044005A 6
89 66 00410058 0043005A 9
90 66 00420059 0043005B 8
92 66 0042005C 0043005D 0
93 66 0042005D 0043005E 0
94 66 0042005E 0043005F 0
95 66 0041005F 00430060 1
100 66 00410064 00430065 1
101 66 00410064 00430067 B
102 66 00410066 00430067 1
104 66 00410068 0043006A 3
105 66 00410069 0043006B 3
106 66 00410069 0044006C F
107 66 0041006A 0044006D F
108 66 0041006B 0044006E F
109 66 0041006C 0044006F F
110 66 0041006D 00440070 F
111 66 0041006E 00440071 F
112 66 0041006F 00440072 F
113 66 00420070 00440072 C
3 67 00430003 00440004 0
4 67 00430004 00440005 0
8 67 00430008 00440009 0
9 67 00430008 0044000A 8
10 67 0043000A 0044000B 0
11 67 0043000B 0044000C 0
12 67 0043000C 0044000D 0
13 67 0043000D 0045000E 4
37 67 00430025 00440027 2
38 67 00420025 00440027 9
39 67 00420026 00440028 9
41 67 00430029 0044002A 0
42 67 0043002A 0044002B 0
78 67 0043004E 00440050 2
79 67 0043004F 00440050 0
82 67 00430052 00440053 0
83 67 00430053 00440054 0
87 67 00430057 00450059 6
88 67 00420057 00440059 9
89 67 00420058 0044005A 9
92 67 0043005C 0044005D 0
93 67 0042005C 0044005E 9
100 67 00430064 00440065 0
102 67 00430066 00450067 4
103 67 00430066 00450068 C
105 67 00420069 0045006B 7
106 67 00420069 0045006C F
107 67 0042006A 0045006D F
108 67 0042006B 0045006E F
109 67 0042006C 0045006F F
110 67 0042006D 00450070 F
111 67 0042006E 00450071 F
112 67 0042006F 00450072 F
113 67 00430070 00450072 C
114 67 00430071 00440073 8
4 68 00440004 00450005 0
8 68 00440008 0045000A 2
9 68 00430008 0046000A D
12 68 0043000C 0045000E 3
13 68 0044000C 0046000E C
14 68 0044000D 0046000F C
37 68 00440025 00450027 2
38 68 00430025 00450027 9
42 68 0044002A 0045002B 0
43 68 0044002B 0045002C 0
44 68 0044002C 0045002D 0
78 68 0044004E 00450050 2
79 68 0044004E 00460050 C
82 68 00440052 00450053 0
86 68 00440056 00450058 2
87 68 00440057 00460059 6
88 68 00430057 00450059 9
91 68 0044005B 0046005D 6
92 68 0044005C 0046005D 4
100 68 00440064 00450065 0
101 68 00440065 00450067 2
102 68 00440066 00450068 2
103 68 00440066 00460068 C
104 68 00440067 00450069 8
105 68 00440069 0045006B 2
106 68 0043006A 0045006C 3
107 68 0043006A 0046006D F
108 68 0043006B 0046006E F
109 68 0043006C 0046006F F
110 68 0043006D 00460070 F
111 68 0043006E 00460071 F
112 68 0043006F 00460072 F
113 68 00430070 00460073 F
114 68 00440071 00460073 C
8 69 00450008 0046000A 2
9 69 00450009 0046000A 0
10 69 00450009 0046000B 8
12 69 0045000C 0046000E 2
13 69 0044000D 0046000E 1
14 69 0045000D 0046000F 8
15 69 0045000F 00460010 0
37 69 00450025 00460027 2
38 69 00450025 00460027 8
44 69 0045002C 0046002D 0
45 69 0045002D 0046002E 0
78 69 0045004E 00460050 2
79 69 0045004E 00470050 C
80 69 0045004F 00460051 8
86 69 00450056 00460058 2
87 69 00440056 00470059 F
88 69 00450057 00470059 C
90 69 0045005A 0047005C 6
91 69 0045005B 0047005D 6
92 69 0045005B 0047005D C
93 69 0045005C 0047005E C
94 69 0045005E 0046005F 0
102 69 00440066 00460067 1
103 69 00440067 00460069 3
104 69 00440068 00460069 1
106 69 0044006A 0047006C 7
107 69 0044006A 0047006D F
108 69 0044006B 0047006E F
109 69 0044006C 0047006F F
110 69 0044006D 00470070 F
111 69 0044006E 00470071 F
112 69 0044006F 00470072 F
113 69 00440070 00470073 F
114 69 00450071 00470073 C
115 69 00450072 00460074 8
0 70 00460000 00470001 0
1 70 00460001 00470002 0
9 70 00450009 0048000B 7
10 70 00460009 0047000B 8
13 70 0045000D 0047000E 1
15 70 0046000F 00480010 4
16 70 0046000F 00480011 C
17 70 00460011 00470012 0
20 70 00460014 00480015 4
21 70 00460015 00480016 4
37 70 00460025 00470027 2
38 70 00460025 00470027 8
45 70 0046002D 0047002E 0
46 70 0046002E 0047002F 0
47 70 0046002F 00470030 0
78 70 0046004E 00470050 2
79 70 0045004F 00470051 3
80 70 0046004F 00470051 8
82 70 00460052 00470053 0
83 70 00460053 00480054 4
84 70 00460054 00470055 0
86 70 00460056 00470058 2
87 70 00450056 00480059 F
88 70 00460057 00480059 C
89 70 00460058 0048005B E
90 70 0046005A 0048005C 6
91 70 0045005A 0047005C 9
92 70 0045005B 0047005E B
93 70 0045005D 0047005F 3
94 70 0046005D 0047005F 8
104 70 00460068 00470069 0
105 70 00460068 0048006B E
106 70 0046006A 0048006C 6
107 70 0045006A 0048006D F
108 70 0045006B 0048006E F
109 70 0045006C 0048006F F
110 70 0045006D 00480070 F
111 70 0045006E 00480071 F
112 70 0045006F 00480072 F
113 70 00450070 00480073 F
114 70 00450071 00480074 F
115 70 00460072 00470074 8
150 70 00460096 00480097 4
151 70 00460097 00480098 4
152 70 00460098 00480099 4
153 70 00460099 0048009A 4
154 70 0046009A 0048009B 4
155 70 0046009B 0048009C 4
156 70 0046009C 0048009D 4
157 70 0046009D 0048009E 4
158 70 0046009E 0048009F 4
159 70 0046009F 004700A0 0
0 71 00470000 00480001 0
1 71 00470001 00480002 0
6 71 00470006 00480007 0
7 71 00470007 00480008 0
8 71 00470008 0049000A 6
9 71 00470009 0049000B 6
10 71 00470009 0048000B 8
13 71 0047000D 0048000E 0
14 71 0047000E 0048000F 0
15 71 0047000F 00480011 2
16 71 00460010 00480012 3
17 71 00470010 00490012 C
19 71 00470013 00490015 6
20 71 00470014 00490016 6
21 71 00470014 00490016 C
22 71 00470015 00490017 C
23 71 00470017 00490018 4
37 71 00470025 00490027 6
38 71 00470025 00480027 8
47 71 0047002F 00480030 0
48 71 00470030 00480031 0
76 71 0047004C 0048004D 0
79 71 0046004F 00480051 3
80 71 0047004F 00480051 8
82 71 00470052 00480054 2
83 71 00460052 00490055 F
84 71 00470053 00480055 8
86 71 00470056 00480058 2
87 71 00460057 00480059 3
88 71 00460057 0049005A F
89 71 00460058 0049005B F
90 71 00460059 0049005C F
91 71 0046005A 0048005C 9
93 71 0046005D 0048005E 1
94 71 0047005D 0048005F 8
104 71 00470068 0048006A 2
105 71 00460068 0049006B F
106 71 00460069 0049006C F
107 71 0046006A 0049006D F
108 71 0046006B 0049006E F
109 71 0046006C 0049006F F
110 71 0046006D 00490070 F
111 71 0046006E 00480070 9
112 71 0046006F 00480072 B
113 71 00460071 00480073 3
114 71 00460071 00490074 F
115 71 00470072 00480074 8
149 71 00470095 00480097 2
150 71 00470096 00490098 6
151 71 00460096 00490099 F
152 71 00460097 0049009A F
153 71 00460098 0049009B F
154 71 00460099 0049009C F
155 71 0046009A 0049009D F
156 71 0046009B 0049009E F
157 71 0046009C 0049009F F
158 71 0046009D 004900A0 F
159 71 0047009E 004800A0 8
7 72 00470007 00490009 3
8 72 00470008 0049000A 3
9 72 00470008 004A000B F
10 72 00480009 004A000B C
16 72 00470010 00490011 1
17 72 00480011 00490012 0
18 72 00480012 00490014 2
19 72 00480013 004A0015 6
20 72 00470013 004A0016 F
21 72 00470014 004A0017 F
22 72 00470015 00490017 9
23 72 00480016 00490018 8
24 72 00480018 00490019 0
25 72 00480019 004A001A 4
36 72 00480024 00490026 2
37 72 00480025 004A0027 6
38 72 00480025 00490027 8
48 72 00480030 00490031 0
49 72 00480031 00490032 0
50 72 00480032 004A0033 4
75 72 0048004B 0049004D 2
76 72 0048004C 0049004D 0
79 72 0048004F 004A0051 6
80 72 0048004F 00490051 8
82 72 00480052 00490054 2
83 72 00470052 004A0055 F
84 72 00480053 00490055 8
87 72 00470057 00490059 3
88 72 00470057 00490059 9
89 72 00470058 0049005B B
90 72 0047005A 0049005C 3
91 72 0048005A 0049005C 8
93 72 0048005D 0049005E 0
104 72 00480068 0049006A 2
105 72 00470068 0049006A 9
106 72 00470069 0049006C B
107 72 0047006B 0049006D 3
108 72 0047006B 004A006E F
109 72 0047006C 004A006F F
110 72 0047006D 004A0070 F
111 72 0047006E 004A0070 D
113 72 00470071 004A0073 7
114 72 00470071 004A0074 F
115 72 00480072 00490074 8
149 72 00480095 00490097 2
150 72 00470095 004A0098 F
151 72 00470096 004A0099 F
152 72 00470097 004A009A F
153 72 00470098 004A009B F
154 72 00470099 004A009C F
155 72 0047009A 004A009D F
156 72 0047009B 004A009E F
157 72 0047009C 004A009F F
158 72 0047009D 004A00A0 F
159 72 0048009E 004900A0 8
8 73 00480008 004A0009 1
9 73 00480009 004A000A 1
10 73 0049000A 004A000B 0
11 73 0049000B 004A000C 0
18 73 00480012 004A0013 1
19 73 00480012 004A0015 B
20 73 00480014 004A0016 3
21 73 00480014 004B0017 F
22 73 00480015 004B0017 D
24 73 00480018 004A0019 1
25 73 00490019 004A001A 0
26 73 0049001A 004A001B 0
27 73 0049001B 004A001C 0
36 73 00490024 004A0026 2
37 73 00480024 004B0027 F
38 73 00490025 004A0027 8
49 73 00480031 004A0032 1
50 73 00490032 004A0033 0
51 73 00490033 004A0034 0
75 73 0049004B 004A004D 2
76 73 0049004B 004B004D C
78 73 0049004E 004B0050 6
79 73 0049004F 004B0051 6
80 73 0049004F 004A0051 8
82 73 00490052 004A0054 2
83 73 00480052 004B0055 F
84 73 00490053 004A0055 8
87 73 00490057 004A0059 2
88 73 00480057 004A0059 9
90 73 0048005A 004A005C 3
91 73 0049005A 004B005C C
104 73 00490068 004A006A 2
105 73 00480068 004B006A D
107 73 0048006B 004B006D 7
108 73 0048006B 004B006E F
109 73 0048006C 004B006F F
110 73 0048006D 004B0070 F
111 73 0049006E 004B0070 C
112 73 0049006F 004B0072 E
113 73 00490071 004B0073 6
114 73 00480071 004A0073 9
115 73 00490072 004A0074 8
149 73 00490095 004A0096 0
150 73 00480096 004A0097 1
151 73 00480097 004A0098 1
152 73 00480098 004A0099 1
153 73 00480099 004A009A 1
154 73 0048009A 004A009B 1
155 73 0048009B 004A009C 1
156 73 0048009C 004A009D 1
157 73 0048009D 004A009E 1
158 73 0048009E 004A009F 1
159 73 0049009F 004A00A0 0
17 74 004A0011 004B0013 2
18 74 004A0012 004C0013 4
20 74 00490014 004B0015 1
21 74 00490015 004B0016 1
22 74 004A0016 004B0017 0
23 74 004A0017 004B0018 0
27 74 004A001B 004B001C 0
29 74 004A001D 004B001E 0
36 74 004A0024 004B0026 2
37 74 00490024 004C0027 F
38 74 004A0025 004B0027 8
51 74 004A0033 004B0034 0
52 74 004A0034 004B0035 0
53 74 004A0035 004B0036 0
75 74 004A004B 004B004D 2
76 74 004A004C 004B004D 0
77 74 004A004C 004C004F E
78 74 004A004E 004B004F 0
79 74 0049004E 004B0050 9
80 74 004A0050 004B0051 0
82 74 004A0052 004B0054 2
83 74 00490052 004C0055 F
84 74 004A0053 004B0055 8
87 74 004A0057 004B0059 2
88 74 004A0057 004C0059 C
90 74 004A005A 004B005C 2
91 74 004A005B 004B005C 0
92 74 004A005B 004C005D C
104 74 004A0068 004B0069 0
105 74 004A0068 004B006A 8
106 74 004A006A 004B006C 2
107 74 004A006B 004C006D 6
108 74 0049006B 004C006E F
109 74 0049006C 004B006E 9
110 74 0049006D 004B0070 B
111 74 0049006F 004B0071 3
112 74 0049006F 004C0072 F
113 74 00490070 004C0073 F
114 74 00490071 004B0073 9
17 75 004B0011 004C0012 0
18 75 004B0012 004C0013 0
19 75 004B0013 004C0014 0
23 75 004B0017 004C0018 0
24 75 004B0017 004C0019 8
29 75 004B001D 004D001E 4
30 75 004B001D 004D001F C
36 75 004B0024 004C0026 2
37 75 004A0024 004C0026 9
38 75 004B0025 004C0027 8
53 75 004B0035 004C0036 0
54 75 004B0036 004C0037 0
76 75 004A004C 004C004E 3
77 75 004A004C 004D004F F
78 75 004A004D 004D004F D
82 75 004B0052 004D0054 6
83 75 004A0052 004D0055 F
84 75 004B0053 004C0055 8
87 75 004B0057 004D0059 6
88 75 004B0057 004D0059 C
89 75 004B0058 004C005A 8
91 75 004A005B 004C005D 3
92 75 004B005B 004D005D C
93 75 004B005C 004C005E 8
104 75 004B0068 004C0069 0
106 75 004A006A 004C006C 3
107 75 004A006A 004D006D F
108 75 004A006B 004D006E F
109 75 004A006C 004D006E D
111 75 004A006F 004D0071 7
112 75 004A006F 004D0072 F
113 75 004A0070 004D0073 F
114 75 004B0071 004C0073 8
19 76 004C0013 004D0014 0
22 76 004C0016 004D0018 2
23 76 004C0017 004D0018 0
26 76 004C001A 004E001B 4
27 76 004C001B 004E001C 4
28 76 004C001C 004E001E 6
29 76 004C001D 004E001F 6
30 76 004C001D 004E001F C
31 76 004C001E 004D0020 8
32 76 004C0020 004D0021 0
36 76 004C0024 004D0026 2
37 76 004B0024 004D0026 9
54 76 004C0036 004D0037 0
55 76 004C0037 004D0038 0
76 76 004C004C 004D004E 2
77 76 004B004C 004E004F F
78 76 004C004D 004E004F C
79 76 004C004E 004D0050 8
81 76 004C0051 004D0053 2
82 76 004C0052 004E0054 6
83 76 004B0052 004E0055 F
84 76 004C0053 004D0055 8
86 76 004C0056 004D0057 0
87 76 004C0057 004D0059 2
88 76 004B0058 004D005A 3
89 76 004C0058 004E005A C
91 76 004C005B 004D005D 2
92 76 004B005C 004D005E 3
93 76 004C005C 004E005E C
103 76 004C0067 004D0068 0
104 76 004C0068 004D0069 0
106 76 004C006A 004D006C 2
107 76 004B006B 004D006D 3
108 76 004B006B 004E006E F
109 76 004C006C 004E006E C
110 76 004C006D 004E0070 E
111 76 004C006F 004E0071 6
112 76 004B006F 004E0072 F
113 76 004B0070 004D0072 9
114 76 004C0071 004D0073 8
23 77 004D0017 004E0018 0
24 77 004D0018 004E0019 0
25 77 004D0019 004E001B 2
26 77 004D001A 004F001C 6
27 77 004C001A 004F001D F
28 77 004C001B 004F001E F
29 77 004C001C 004F001F F
30 77 004C001D 004F0020 F
31 77 004C001E 004F0020 D
33 77 004D0021 004F0022 4
34 77 004D0022 004F0023 4
36 77 004D0024 004F0026 6
37 77 004D0024 004F0026 C
55 77 004D0037 004E0038 0
56 77 004D0038 004E0039 0
57 77 004D0039 004F003A 4
76 77 004D004C 004E004E 2
77 77 004C004C 004F004F F
78 77 004C004D 004F0050 F
79 77 004D004E 004E0050 8
81 77 004D0051 004E0053 2
82 77 004C0051 004F0054 F
83 77 004C0052 004F0055 F
84 77 004D0053 004E0055 8
88 77 004C0058 004F005A 7
89 77 004D0058 004F005A C
90 77 004D0059 004E005B 8
92 77 004C005C 004E005E 3
93 77 004D005D 004E005E 0
94 77 004D005D 004F005F C
95 77 004D005F 004F0060 4
101 77 004D0065 004E0066 0
102 77 004D0066 004E0067 0
103 77 004D0067 004E0068 0
107 77 004C006B 004E006C 1
108 77 004C006B 004E006D 9
109 77 004C006D 004E006F 3
110 77 004C006E 004E0070 3
111 77 004C006E 004F0071 F
112 77 004C006F 004F0072 F
113 77 004C0070 004E0072 9
25 78 004D0019 004F001B 3
26 78 004D001A 004F001C 3
27 78 004D001A 0050001D F
28 78 004D001B 004F001D 9
29 78 004D001C 004F001F B
30 78 004D001E 004F0020 3
31 78 004E001E 00500020 C
32 78 004E001F 00500022 E
33 78 004E0021 00500023 6
34 78 004E0021 004F0023 8
35 78 004E0022 004F0024 8
36 78 004E0024 004F0026 2
37 78 004E0025 004F0026 0
38 78 004E0025 004F0027 8
56 78 004D0038 004F003A 3
57 78 004E0039 004F003A 0
58 78 004E0039 0050003B C
76 78 004E004C 004F004E 2
77 78 004D004D 004F004F 3
78 78 004D004D 00500050 F
79 78 004E004E 004F0050 8
81 78 004E0051 004F0053 2
82 78 004D0051 00500054 F
83 78 004D0052 00500055 F
84 78 004E0053 00500055 C
87 78 004E0057 004F0059 2
88 78 004E0058 004F005A 2
89 78 004D0058 0050005B F
90 78 004E0059 0050005B C
93 78 004D005D 004F005E 1
94 78 004D005E 004F0060 3
95 78 004E005F 004F0060 0
96 78 004E005F 00500061 C
97 78 004E0061 00500062 4
98 78 004E0062 00500063 4
99 78 004E0063 00500064 4
100 78 004E0064 00500066 6
101 78 004E0065 004F0066 0
105 78 004E0069 0050006A 4
106 78 004E006A 0050006C 6
107 78 004E006B 004F006C 0
110 78 004D006E 004F006F 1
111 78 004D006F 004F0071 3
112 78 004D0070 004F0072 3
113 78 004E0070 004F0072 8
115 78 004E0073 004F0074 0
26 79 004E001A 0050001B 1
27 79 004E001B 0050001D 3
28 79 004E001C 0050001D 1
30 79 004E001E 00510020 7
31 79 004E001E 00510021 F
32 79 004E001F 00510022 F
33 79 004E0020 00510023 F
34 79 004E0021 00510023 D
37 79 004E0025 00500027 3
38 79 004F0026 00500027 0
47 79 004F002F 00500030 0
57 79 004E0039 0050003A 1
58 79 004F003A 0050003B 0
59 79 004F003B 0050003C 0
77 79 004E004D 0050004F 3
78 79 004E004D 00510050 F
79 79 004F004E 00500050 8
81 79 004F0051 00500053 2
82 79 004E0052 00500054 3
83 79 004E0052 00510055 F
84 79 004F0053 00510055 C
85 79 004F0054 00510056 C
88 79 004E0058 0051005A 7
89 79 004E0058 0051005B F
90 79 004F0059 0051005B C
91 79 004F005A 0051005C C
92 79 004F005C 0051005D 4
95 79 004E005F 00500060 1
96 79 004E0060 00500061 1
97 79 004E0061 00500062 1
98 79 004E0062 00500063 1
99 79 004E0063 00500064 1
100 79 004E0064 00500065 1
101 79 004F0065 00500066 0
104 79 004F0068 0051006A 6
105 79 004F0069 0051006B 6
106 79 004E0069 0050006B 9
107 79 004F006A 0050006C 8
112 79 004E0070 00500072 3
113 79 004F0070 00510072 C
115 79 004F0073 00500074 0
28 80 0050001C 0051001D 0
29 80 0050001D 0051001F 2
30 80 0050001E 00510020 2
31 80 004F001E 00520021 F
32 80 004F001F 00510021 9
33 80 004F0020 00510022 9
34 80 00500022 00510023 0
35 80 00500023 00510024 0
36 80 00500024 00520025 4
38 80 00500026 00510027 0
47 80 0050002F 00510030 0
48 80 00500030 00510031 0
59 80 0050003B 0051003C 0
60 80 0050003C 0051003D 0
61 80 0050003D 0051003E 0
77 80 0050004D 0051004F 2
78 80 004F004D 00520050 F
79 80 0050004E 00510050 8
82 80 004F0052 00510054 3
83 80 004F0053 00510055 3
84 80 004F0053 00520056 F
85 80 00500054 00520056 C
86 80 00500055 00520057 C
87 80 00500057 00520059 6
88 80 00500058 0052005A 6
89 80 004F0058 0052005B F
90 80 004F0059 0051005B 9
91 80 004F005A 0051005C 9
92 80 0050005C 0051005D 0
93 80 0050005D 0051005E 0
94 80 0050005E 0052005F 4
102 80 00500066 00520067 4
103 80 00500067 00510068 0
104 80 00500068 0051006A 2
105 80 004F0069 0051006A 1
106 80 004F0069 0051006B 9
112 80 00500070 00510071 0
113 80 00500070 00510072 8
114 80 00500072 00510074 2
115 80 00500073 00510074 0
30 81 0050001E 0052001F 1
31 81 0050001F 00520021 3
32 81 00500020 00520021 1
35 81 00500023 00520025 3
36 81 00510024 00520025 0
37 81 00510024 00530027 E
38 81 00510026 00530027 4
61 81 0051003D 0052003E 0
62 81 0051003E 0052003F 0
77 81 0051004D 0052004F 2
78 81 0050004E 00520050 3
79 81 0051004E 00530050 C
83 81 00500053 00520055 3
84 81 00500053 00530056 F
85 81 00500054 00530057 F
86 81 00500055 00530058 F
87 81 00500056 00530059 F
88 81 00500057 0053005A F
89 81 00500058 0053005B F
90 81 00500059 0052005B 9
93 81 0050005D 0052005E 1
94 81 0051005D 0052005F 8
95 81 0051005F 00520060 0
96 81 00510060 00530061 4
97 81 00510061 00530062 4
98 81 00510062 00530063 4
99 81 00510063 00530064 4
100 81 00510064 00530065 4
101 81 00510065 00530067 6
102 81 00510066 00520067 0
103 81 00500066 00520068 9
105 81 00500069 0052006A 1
109 81 0051006D 0052006E 0
110 81 0051006E 0053006F 4
111 81 0051006F 00520070 0
112 81 00510070 00520071 0
114 81 00500072 00520073 1
115 81 00510072 00520074 8
153 81 00510099 0053009A 4
154 81 0051009A 0053009B 4
155 81 0051009B 0053009C 4
156 81 0051009C 0053009D 4
157 81 0051009D 0053009E 4
158 81 0051009E 0053009F 4
159 81 0051009F 005200A0 0
32 82 00520020 00530021 0
33 82 00520021 00530022 0
36 82 00510024 00530025 1
37 82 00510025 00530027 3
38 82 00520026 00530027 0
39 82 00520026 00540028 C
42 82 0052002A 0053002B 0
43 82 0052002B 0053002C 0
62 82 0052003E 0053003F 0
63 82 0052003F 00530040 0
64 82 00520040 00540041 4
78 82 0051004E 00530050 3
79 82 0052004E 00540050 C
80 82 0052004F 00540051 C
81 82 00520051 00530052 0
83 82 00520053 00530055 2
84 82 00510053 00540056 F
85 82 00510054 00540057 F
86 82 00510055 00540058 F
87 82 00510056 00540059 F
88 82 00510057 0054005A F
89 82 00510058 0054005B F
90 82 00520059 0053005B 8
92 82 0052005C 0053005E 2
93 82 0052005D 0053005E 0
95 82 0051005F 00540061 7
96 82 0051005F 00540062 F
97 82 00510060 00540063 F
98 82 00510061 00540064 F
99 82 00510062 00540065 F
100 82 00510063 00530065 9
101 82 00510064 00530066 9
102 82 00510066 00530067 1
109 82 0052006D 0053006F 2
110 82 0051006E 00530070 3
111 82 0051006E 00530070 9
114 82 00520072 00530073 0
149 82 00520095 00540096 4
150 82 00520096 00530097 0
151 82 00520097 00530098 0
152 82 00520098 00530099 0
153 82 00520099 0053009A 0
154 82 0051009A 0053009B 1
155 82 0051009B 0053009D 3
156 82 0051009C 0053009D 1
157 82 0051009C 0053009E 9
158 82 0051009E 0053009F 1
159 82 0052009F 005300A0 0
21 83 00530015 00550016 4
22 83 00530016 00550017 4
23 83 00530017 00550018 4
24 83 00530018 00550019 4
25 83 00530019 0055001A 4
33 83 00530021 00540022 0
38 83 00520026 00550028 7
39 83 00530026 00550028 C
40 83 00530027 00550029 C
63 83 0052003F 00540041 3
64 83 0053003F 00550041 C
65 83 00530040 00550042 C
78 83 0053004E 00540050 2
79 83 0052004F 00540051 3
80 83 0052004F 00550052 F
81 83 00530050 00550052 C
83 83 00530053 00550055 6
84 83 00520053 00550056 F
85 83 00520054 00550057 F
86 83 00520055 00550058 F
87 83 00520056 00550059 F
88 83 00520057 0055005A F
89 83 00520058 0055005B F
90 83 00530059 0055005B C
93 83 0053005D 0054005E 0
94 83 0053005E 00540060 2
95 83 0053005F 00550061 6
96 83 0052005F 00550062 F
97 83 00520060 00550063 F
98 83 00520061 00550064 F
99 83 00520062 00550065 F
100 83 00520063 00550065 D
108 83 0053006C 0055006D 4
110 83 0052006E 00550070 7
111 83 0053006E 00550070 C
113 83 00530071 00540072 0
114 83 00530072 00540073 0
148 83 00530094 00540095 0
149 83 00530095 00540096 0
150 83 00520096 00540097 1
156 83 0052009C 0054009D 1
16 84 00540010 00550011 0
17 84 00540011 00560012 4
18 84 00540012 00560013 4
19 84 00540013 00560014 4
20 84 00540014 00560016 6
21 84 00540015 00560017 6
22 84 00530015 00560018 F
23 84 00530016 00560019 F
24 84 00530017 0056001A F
25 84 00540018 0056001A C
26 84 00540019 0056001B C
27 84 0054001B 0055001C 0
36 84 00540024 00550025 0
37 84 00540025 00560027 6
38 84 00540026 00560028 6
39 84 00530026 00560029 F
40 84 00540027 00560029 C
41 84 00540028 0056002A C
63 84 0054003F 00560041 6
64 84 0053003F 00560042 F
65 84 00540040 00560042 C
66 84 00540041 00560043 C
79 84 0053004F 00550051 3
80 84 00530050 00550052 3
81 84 00540050 00560052 C
82 84 00540051 00560054 E
83 84 00540053 00560055 6
84 84 00530053 00560056 F
85 84 00530054 00560057 F
86 84 00530055 00560058 F
87 84 00530056 00560059 F
88 84 00530057 0056005A F
89 84 00530058 0056005B F
90 84 00540059 0056005B C
91 84 0054005A 0056005C C
94 84 0053005E 0055005F 1
95 84 0053005F 00550061 3
96 84 00530060 00550062 3
97 84 00530060 00560063 F
98 84 00530061 00550063 9
99 84 00530062 00550065 B
100 84 00540064 00550065 0
101 84 00540064 00560066 C
102 84 00540066 00560067 4
103 84 00540067 00560068 4
106 84 0054006A 0056006B 4
107 84 0054006B 0056006D 6
108 84 0054006C 0056006D 4
109 84 0054006C 0056006F E
110 84 0054006E 00560070 6
111 84 0054006E 00560070 C
112 84 0054006F 00560072 E
113 84 00540071 00560072 4
117 84 00540075 00560076 4
118 84 00540076 00560077 4
119 84 00540077 00560078 4
120 84 00540078 00560079 4
121 84 00540079 0056007A 4
125 84 0054007D 0056007E 4
126 84 0054007E 0056007F 4
127 84 0054007F 00560080 4
128 84 00540080 00560081 4
129 84 00540081 00560082 4
145 84 00540091 00550092 0
13 85 0055000D 0057000E 4
14 85 0055000E 0056000F 0
16 85 00550010 00560012 2
17 85 00540010 00570013 F
18 85 00540011 00570014 F
19 85 00540012 00570015 F
20 85 00540013 00570016 F
21 85 00540014 00560016 9
22 85 00540015 00560017 9
23 85 00540017 00560018 1
24 85 00540018 0056001A 3
25 85 00540019 0056001B 3
26 85 00540019 0057001C F
27 85 0055001A 0057001C C
29 85 0055001D 0057001E 4
30 85 0055001E 0057001F 4
31 85 0055001F 00560020 0
36 85 00550024 00560026 2
37 85 00540024 00570027 F
38 85 00540025 00570028 F
39 85 00540026 00570029 F
40 85 00540027 0057002A F
41 85 00550028 0057002A C
42 85 00550029 0057002B C
43 85 0055002B 0057002C 4
45 85 0055002D 0057002E 4
46 85 0055002E 0057002F 4
62 85 0055003E 00560040 2
63 85 0055003F 00570041 6
64 85 0054003F 00570042 F
65 85 00540040 00570043 F
66 85 00550041 00570043 C
67 85 00550042 00570044 C
72 85 00550048 00570049 4
73 85 00550049 0057004A 4
74 85 0055004A 0057004B 4
75 85 0055004B 0057004C 4
80 85 00540050 00570052 7
81 85 00540050 00570053 F
82 85 00540051 00570054 F
83 85 00540052 00570055 F
84 85 00540053 00570056 F
85 85 00540054 00570057 F
86 85 00540055 00570058 F
87 85 00540056 00570059 F
88 85 00540057 0057005A F
89 85 00540058 0057005B F
90 85 00540059 0057005C F
91 85 0055005A 0057005C C
92 85 0055005B 0057005D C
93 85 0055005D 0057005E 4
96 85 00540060 00570062 7
97 85 00540060 00560062 9
98 85 00540061 00560063 9
100 85 00540064 00560066 3
101 85 00540064 00570067 F
102 85 00540065 00570068 F
103 85 00550066 00560068 8
104 85 00550067 00560069 8
105 85 00550069 0056006B 2
106 85 0055006A 0056006C 2
107 85 0054006A 0057006D F
108 85 0054006B 0057006E F
109 85 0054006C 0056006E 9
110 85 0054006D 0056006F 9
111 85 0054006F 00560070 1
112 85 00540070 00560071 1
113 85 00550071 00560072 0
114 85 00550072 00560073 0
116 85 00550074 00560076 2
117 85 00550075 00560076 0
118 85 00540075 00560077 9
119 85 00540077 00560078 1
120 85 00540078 00560079 1
121 85 00550079 0056007A 0
122 85 0055007A 0056007B 0
124 85 0055007C 0056007E 2
125 85 0055007D 0056007E 0
126 85 0054007D 0056007F 9
127 85 0054007F 00560080 1
128 85 00540080 00560081 1
129 85 00550081 00560082 0
130 85 00550082 00560083 0
145 85 00550091 00560092 0
12 86 0056000C 0057000E 2
13 86 0056000D 0058000F 6
14 86 0056000D 0057000F 8
16 86 00560010 00570011 0
17 86 00550011 00570012 1
18 86 00550012 00570013 1
19 86 00550013 00570014 1
20 86 00550014 00570015 1
21 86 00550015 00570016 1
25 86 00550019 0057001B 3
26 86 0055001A 0057001C 3
27 86 0056001A 0058001C C
28 86 0056001B 0058001E E
29 86 0056001D 0058001F 6
30 86 0055001D 00580020 F
31 86 0056001E 00580020 C
36 86 00560024 00580026 6
37 86 00550024 00580027 F
38 86 00550025 00580028 F
39 86 00550026 00570028 9
40 86 00550027 00570029 9
41 86 00550029 0057002A 1
42 86 0055002A 0057002B 1
43 86 0056002B 0057002C 0
44 86 0056002C 0057002E 2
45 86 0056002D 0057002E 0
46 86 0056002D 0057002F 8
47 86 0056002F 00570030 0
48 86 00560030 00570031 0
49 86 00560031 00570032 0
54 86 00560036 00570037 0
62 86 0056003E 0057003F 0
63 86 0055003F 00570041 3
64 86 00550040 00570042 3
65 86 00550040 00580043 F
66 86 00550041 00580044 F
67 86 00560042 00580044 C
68 86 00560043 00580045 C
71 86 00560047 00570048 0
72 86 00560048 00570049 0
73 86 00550049 0057004A 1
74 86 0055004A 0057004B 1
75 86 0056004B 0057004C 0
76 86 0056004C 0057004D 0
79 86 0056004F 00580051 6
80 86 00560050 00570051 0
81 86 00550050 00570052 9
82 86 00550052 00570053 1
83 86 00550053 00570054 1
84 86 00550054 00570055 1
85 86 00550055 00570057 3
86 86 00550056 00570058 3
87 86 00550056 00580059 F
88 86 00550057 00570059 9
89 86 00550058 0057005A 9
90 86 0055005A 0057005B 1
91 86 0055005B 0057005C 1
92 86 0055005C 0057005D 1
93 86 0056005D 0057005E 0
94 86 0056005E 0057005F 0
95 86 0056005F 00580061 6
96 86 00560060 00580062 6
97 86 00550060 00570062 9
100 86 00560064 00570066 2
101 86 00550064 00570066 9
102 86 00550065 00570067 9
103 86 00550067 00570068 1
106 86 0055006A 0057006C 3
107 86 0055006B 0057006C 1
108 86 0055006B 0057006D 9
109 86 0055006D 0057006E 1
116 86 00560074 00570076 2
117 86 00550075 00570076 1
124 86 0056007C 0057007E 2
125 86 0055007D 0057007E 1
132 86 00560084 00570085 0
144 86 00560090 00570092 2
145 86 00560091 00570092 0
12 87 0057000C 0058000D 0
13 87 0056000D 0058000E 1
14 87 0057000E 0058000F 0
26 87 0056001A 0058001C 3
27 87 0056001A 0058001C 9
28 87 0056001B 0058001D 9
29 87 0056001D 0058001E 1
30 87 0056001E 0058001F 1
31 87 0057001F 00580020 0
32 87 00570020 00580021 0
34 87 00570022 00580023 0
35 87 00570023 00580024 0
36 87 00570024 00580025 0
37 87 00560025 00580026 1
38 87 00560026 00580027 1
39 87 00560027 00580028 1
44 87 0056002C 0058002D 1
45 87 0056002D 0058002E 1
52 87 00570034 00580035 0
53 87 00570035 00580036 0
54 87 00570036 00580037 0
64 87 00560040 00580042 3
65 87 00560041 00580042 1
66 87 00560041 00580043 9
67 87 00560043 00580044 1
68 87 00570044 00580045 0
69 87 00570045 00580046 0
71 87 00570047 00580048 0
77 87 0057004D 0058004E 0
78 87 0057004E 0058004F 0
79 87 0057004F 00580051 2
80 87 00560050 00580051 1
86 87 00560056 00590058 7
87 87 00560056 00590059 F
88 87 00560057 00590059 D
94 87 0056005E 00590060 7
95 87 0056005E 00580060 9
96 87 0056005F 00580061 9
97 87 00570061 00580062 0
100 87 00570064 00580066 2
101 87 00560065 00580066 1
107 87 0056006B 0058006C 1
117 87 00570075 00580076 0
118 87 00570075 00590077 C
119 87 00570077 00590078 4
120 87 00570078 00590079 4
121 87 00570079 0059007A 4
122 87 0057007A 0059007B 4
123 87 0057007B 0058007C 0
125 87 0057007D 0058007E 0
126 87 0057007D 0059007F C
127 87 0057007F 00590080 4
128 87 00570080 00590081 4
129 87 00570081 00590082 4
130 87 00570082 00590083 4
131 87 00570083 00590085 6
132 87 00570084 00580085 0
144 87 00570090 00580092 2
145 87 00570090 00590092 C
26 88 0058001A 0059001B 0
27 88 0057001A 0059001C 9
53 88 00570035 00590036 1
65 88 00570041 005A0042 5
71 88 00580047 00590048 0
72 88 00580048 00590049 0
73 88 00580049 005A004A 4
74 88 0058004A 005A004B 4
75 88 0058004B 005A004C 4
76 88 0058004C 005A004E 6
77 88 0058004D 0059004E 0
80 88 00580050 00590051 0
81 88 00580051 00590052 0
82 88 00580052 005A0053 4
83 88 00580053 005A0054 4
84 88 00580054 005A0055 4
85 88 00580055 005A0057 6
86 88 00580056 00590057 0
87 88 00570056 00590058 9
88 88 00580058 00590059 0
89 88 00580059 0059005A 0
90 88 0058005A 005A005B 4
91 88 0058005B 005A005C 4
92 88 0058005C 005A005D 4
93 88 0058005D 005A005F 6
94 88 0058005E 005A0060 6
95 88 0057005E 005A0060 D
101 88 00580065 00590066 0
102 88 00580066 00590067 0
103 88 00580067 005A0068 4
104 88 00580068 005A0069 4
105 88 00580069 005A006A 4
106 88 0058006A 005A006C 6
107 88 0058006B 0059006C 0
110 88 0058006E 0059006F 0
111 88 0058006F 00590070 0
112 88 00580070 005A0071 4
113 88 00580071 005A0072 4
114 88 00580072 005A0073 4
115 88 00580073 005A0074 4
117 88 00580075 00590076 0
118 88 00570076 00590078 3
119 88 00570077 00590079 3
120 88 00570077 005A007A F
121 88 00570078 005A007B F
122 88 00570079 005A007C F
123 88 0058007A 005A007C C
125 88 0058007D 0059007E 0
126 88 0057007E 00590080 3
127 88 0057007F 00590081 3
128 88 0057007F 005A0082 F
129 88 00570080 005A0083 F
130 88 00570081 005A0084 F
131 88 00570082 005A0085 F
132 88 00580083 005A0085 C
144 88 00580090 00590092 2
145 88 00580090 005A0092 C
146 88 00580091 00590093 8
26 89 0059001A 005A001B 0
40 89 00590028 005A0029 0
44 89 0059002C 005A002D 0
48 89 00590030 005A0031 0
49 89 00590031 005A0032 0
52 89 00590034 005A0036 2
53 89 00590035 005A0036 0
55 89 00590037 005A0038 0
56 89 00590038 005A0039 0
57 89 00590039 005B003A 4
58 89 0059003A 005B003B 4
59 89 0059003B 005A003C 0
60 89 0059003C 005A003D 0
61 89 0059003D 005A003E 0
62 89 0059003E 005A003F 0
63 89 0059003F 005A0040 0
64 89 00590040 005A0042 2
65 89 00590041 005A0042 0
66 89 00590041 005B0043 C
72 89 00580048 005A004A 3
73 89 00580049 005A004B 3
74 89 00580049 005B004C F
75 89 0058004A 005B004D F
76 89 0058004B 005A004D 9
77 89 0059004C 005A004E 8
81 89 00580051 005A0053 3
82 89 00580052 005A0054 3
83 89 00580052 005B0055 F
84 89 00580053 005B0056 F
85 89 00580054 005A0056 9
86 89 00580055 005A0057 9
89 89 00580059 005A005B 3
90 89 0058005A 005A005C 3
91 89 0058005A 005B005D F
92 89 0058005B 005B005E F
93 89 0058005C 005B005F F
94 89 0058005D 005B0060 F
95 89 0059005E 005B0060 C
96 89 0059005F 005B0061 C
102 89 00580066 005A0068 3
103 89 00580066 005B0069 F
104 89 00580067 005B006A F
105 89 00580068 005B006B F
106 89 00580069 005B006C F
107 89 0059006A 005B006C C
111 89 0058006F 005A0071 3
112 89 0058006F 005B0072 F
113 89 00580070 005B0073 F
114 89 00580071 005B0074 F
115 89 00590072 005B0074 C
116 89 00590073 005B0075 C
119 89 00580077 005A0079 3
120 89 00580077 005B007A F
121 89 00580078 005B007B F
122 89 00580079 005B007C F
123 89 0059007A 005A007C 8
124 89 0059007B 005A007D 8
127 89 0058007F 005A0081 3
128 89 0058007F 005B0082 F
129 89 00580080 005B0083 F
130 89 00580081 005B0084 F
131 89 00580082 005A0084 9
132 89 00590083 005A0085 8
133 89 00590085 005A0086 0
144 89 00590090 005B0092 6
145 89 00580090 005B0093 F
146 89 00590091 005A0093 8
17 90 005A0011 005B0012 0
18 90 005A0012 005B0013 0
26 90 005A001A 005B001B 0
35 90 005A0023 005B0024 0
40 90 005A0028 005B0029 0
44 90 005A002C 005B002D 0
48 90 005A0030 005B0031 0
49 90 005A0031 005B0032 0
52 90 005A0034 005B0036 2
53 90 005A0035 005B0036 0
56 90 00590038 005B0039 1
57 90 00590039 005B003A 1
58 90 0059003A 005B003B 1
59 90 0059003B 005B003C 1
65 90 00590041 005B0043 3
66 90 005A0042 005B0043 0
67 90 005A0042 005C0044 C
68 90 005A0044 005C0045 4
69 90 005A0045 005C0046 4
73 90 00590049 005B004B 3
74 90 00590049 005C004C F
75 90 0059004A 005C004D F
76 90 0059004B 005B004D 9
78 90 005A004E 005B004F 0
79 90 005A004F 005B0050 0
82 90 00590052 005B0054 3
83 90 00590052 005C0055 F
84 90 00590053 005C0056 F
85 90 00590054 005B0056 9
90 90 0059005A 005B005B 1
91 90 0059005B 005B005D 3
92 90 0059005C 005B005D 1
93 90 0059005C 005B005E 9
94 90 0059005E 005B005F 1
95 90 0059005F 005B0060 1
96 90 005A0060 005B0061 0
97 90 005A0061 005B0062 0
98 90 005A0062 005C0063 4
99 90 005A0063 005B0064 0
102 90 005A0066 005B0068 2
103 90 00590066 005B0068 9
104 90 00590067 005B0069 9
105 90 00590069 005B006A 1
106 90 0059006A 005B006B 1
107 90 005A006B 005B006C 0
108 90 005A006C 005B006D 0
111 90 005A006F 005B0070 0
112 90 00590070 005B0071 1
113 90 00590071 005B0072 1
114 90 00590072 005B0073 1
115 90 00590073 005B0074 1
116 90 005A0074 005B0075 0
117 90 005A0075 005B0076 0
119 90 005A0077 005B0078 0
120 90 00590077 005B0079 9
121 90 00590079 005B007A 1
122 90 0059007A 005B007B 1
123 90 0059007B 005B007C 1
127 90 005A007F 005B0080 0
128 90 00590080 005B0081 1
129 90 00590081 005B0082 1
130 90 00590082 005B0083 1
131 90 00590083 005B0084 1
143 90 005A008F 005B0090 0
144 90 005A0090 005B0091 0
145 90 00590091 005B0092 1
146 90 005A0092 005B0093 0
17 91 005B0011 005C0012 0
18 91 005B0012 005C0013 0
26 91 005B001A 005C001B 0
35 91 005B0023 005C0024 0
44 91 005B002C 005C002D 0
45 91 005B002D 005C002E 0
53 91 005B0035 005C0036 0
60 91 005B003C 005C003D 0
61 91 005B003D 005C003E 0
66 91 005A0042 005C0044 3
67 91 005A0043 005C0044 1
68 91 005A0043 005C0045 9
69 91 005B0045 005C0046 0
70 91 005B0046 005C0047 0
73 91 005B0049 005C004A 0
74 91 005A004A 005C004B 1
75 91 005A004B 005C004C 1
76 91 005B004C 005C004D 0
82 91 005B0052 005C0053 0
83 91 005A0053 005C0054 1
84 91 005A0054 005C0055 1
85 91 005B0055 005C0056 0
92 91 005A005C 005C005D 1
97 91 005A0061 005C0062 1
98 91 005A0062 005C0064 3
99 91 005B0063 005C0064 0
102 91 005B0066 005C0068 2
103 91 005A0067 005C0068 1
119 91 005B0077 005C0078 0
143 91 005B008F 005C0090 0
67 92 005B0043 005D0044 1
99 92 005C0063 005D0064 0
103 92 005C0067 005D0068 0
112 92 005C0070 005D0071 0
114 92 005C0072 005E0073 4
115 92 005C0073 005E0074 4
116 92 005C0074 005E0075 4
117 92 005C0075 005D0076 0
120 92 005C0078 005D0079 0
121 92 005C0079 005D007A 0
122 92 005C007A 005E007B 4
123 92 005C007B 005E007C 4
124 92 005C007C 005E007D 4
125 92 005C007D 005E007E 4
126 92 005C007E 005D007F 0
128 92 005C0080 005D0081 0
129 92 005C0081 005D0082 0
130 92 005C0082 005D0083 0
131 92 005C0083 005E0084 4
132 92 005C0084 005E0085 4
133 92 005C0085 005E0086 4
134 92 005C0086 005E0087 4
135 92 005C0087 005D0088 0
147 92 005C0093 005D0094 0
104 93 005D0068 005E0069 0
105 93 005D0069 005E006A 0
112 93 005D0070 005E0071 0
113 93 005D0071 005E0073 2
114 93 005D0072 005E0074 2
115 93 005C0072 005F0075 F
116 93 005C0073 005E0075 9
117 93 005D0074 005E0076 8
121 93 005C0079 005E007B 3
122 93 005C007A 005E007C 3
123 93 005C007A 005E007C 9
124 93 005C007B 005E007D 9
125 93 005C007D 005E007E 1
126 93 005D007E 005E007F 0
130 93 005C0082 005E0084 3
131 93 005C0083 005E0085 3
132 93 005C0083 005F0086 F
133 93 005C0084 005E0086 9
134 93 005C0085 005E0087 9
135 93 005D0087 005E0088 0
147 93 005D0093 005E0094 0
148 93 005D0094 005E0095 0
114 94 005D0072 005F0073 1
115 94 005D0073 005F0074 1
116 94 005D0074 005F0075 1
122 94 005D007A 005F007B 1
123 94 005D007B 005F007C 1
131 94 005D0083 005F0084 1
132 94 005D0083 005F0085 9
133 94 005D0085 005F0086 1
148 94 005E0094 005F0095 0
149 94 005E0095 005F0096 0
131 95 005F0083 00600084 0
134 95 005F0086 00600087 0
150 95 005F0096 00600097 0
151 95 005F0097 00600098 0
106 96 0060006A 0061006B 0
131 96 00600083 00610084 0
132 96 00600084 00610085 0
133 96 00600085 00610087 2
134 96 00600086 00610087 0
151 96 00600097 00610098 0
152 96 00600098 00610099 0
94 97 0061005E 0062005F 0
95 97 0061005F 00620060 0
96 97 00610060 00620061 0
106 97 0061006A 0062006B 0
134 97 00610086 00620087 0
152 97 00610098 00620099 0
153 97 00610099 0062009A 0
154 97 0061009A 0062009B 0
155 97 0061009B 0062009C 0
156 97 0061009C 0063009D 4
157 97 0061009D 0063009E 4
158 97 0061009E 0063009F 4
94 98 0062005E 0063005F 0
95 98 0061005F 00630060 1
148 98 00620094 00630095 0
149 98 00620095 00640096 4
150 98 00620096 00640097 4
155 98 0061009B 0064009D 7
156 98 0061009B 0064009E F
157 98 0061009C 0064009F F
158 98 0062009D 0064009F C
159 98 0062009E 006300A0 8
96 99 00630060 00650061 4
97 99 00630061 00640062 0
148 99 00630094 00640095 0
149 99 00620095 00640096 1
150 99 00630096 00640097 0
151 99 00630097 00640098 0
152 99 00630098 00650099 4
153 99 00630099 0065009A 4
154 99 0063009A 0065009C 6
155 99 0063009B 0065009D 6
156 99 0062009B 0065009E F
157 99 0062009C 0065009F F
158 99 0062009D 006500A0 F
159 99 0063009E 006400A0 8
82 100 00640052 00650053 0
83 100 00640053 00660054 4
84 100 00640054 00650055 0
87 100 00640057 00650058 0
91 100 0064005B 0065005C 0
92 100 0064005C 0065005D 0
95 100 0064005F 00650060 0
96 100 00640060 00650061 0
97 100 00640061 00650062 0
151 100 00630097 00650098 1
152 100 00630098 00650099 1
153 100 00630099 0065009A 1
154 100 0063009A 0065009B 1
155 100 0063009B 0065009C 1
156 100 0063009C 0065009D 1
157 100 0063009D 0065009E 1
158 100 0063009E 0065009F 1
159 100 0064009F 006500A0 0
82 101 00650052 00660053 0
83 101 00640053 00660054 1
84 101 00650054 00660055 0
87 101 00650057 00660058 0
133 104 00680085 006A0086 4
134 104 00680086 006A0087 4
135 104 00680087 006A0088 4
136 104 00680088 006A0089 4
141 104 0068008D 0069008E 0
142 104 0068008E 006A008F 4
143 104 0068008F 006A0090 4
144 104 00680090 006A0091 4
145 104 00680091 006A0092 4
146 104 00680092 00690093 0
116 105 00690074 006B0075 4
117 105 00690075 006B0076 4
118 105 00690076 006B0077 4
119 105 00690077 006B0078 4
120 105 00690078 006B0079 4
121 105 00690079 006B007A 4
122 105 0069007A 006B007B 4
123 105 0069007B 006B007C 4
124 105 0069007C 006B007D 4
125 105 0069007D 006B007E 4
126 105 0069007E 006B007F 4
127 105 0069007F 006B0080 4
128 105 00690080 006A0081 0
132 105 00690084 006A0086 2
133 105 00690085 006A0086 0
134 105 00680085 006A0087 9
135 105 00680087 006A0088 1
136 105 00690088 006A0089 0
137 105 00690089 006A008A 0
141 105 0069008D 006A008E 0
142 105 0068008E 006A008F 1
143 105 0068008F 006A0090 1
144 105 00680090 006A0091 1
145 105 00680091 006A0092 1
146 105 00690092 006A0093 0
115 106 006A0073 006B0074 0
116 106 006A0074 006B0075 0
117 106 00690075 006B0076 1
118 106 00690076 006B0077 1
119 106 00690077 006B0078 1
120 106 00690078 006B0079 1
121 106 00690079 006B007A 1
122 106 0069007A 006B007B 1
123 106 0069007B 006B007C 1
124 106 0069007C 006B007D 1
125 106 0069007D 006B007E 1
126 106 0069007E 006B007F 1
127 106 0069007F 006B0080 1
128 106 006A0080 006B0081 0
133 106 00690085 006B0086 1
