0 0 00000000 00010001 0
1 0 00000001 00020002 4
2 0 00000002 00020003 4
3 0 00000003 00020004 4
4 0 00000004 00010005 0
16 0 00000010 00010011 0
17 0 00000011 00010012 0
18 0 00000012 00020013 4
19 0 00000013 00020014 4
20 0 00000014 00010015 0
22 0 00000016 00010017 0
23 0 00000017 00020018 4
24 0 00000018 00020019 4
25 0 00000019 0002001A 4
26 0 0000001A 0002001B 4
27 0 0000001B 0002001C 4
28 0 0000001C 0002001D 4
29 0 0000001D 0002001E 4
30 0 0000001E 0001001F 0
31 0 0000001F 00010020 0
32 0 00000020 00010021 0
35 0 00000023 00020024 4
36 0 00000024 00020025 4
37 0 00000025 00020026 4
38 0 00000026 00020027 4
39 0 00000027 00020028 4
40 0 00000028 00020029 4
41 0 00000029 0002002A 4
42 0 0000002A 0002002B 4
43 0 0000002B 0001002C 0
44 0 0000002C 0001002D 0
45 0 0000002D 0001002E 0
46 0 0000002E 0002002F 4
47 0 0000002F 00020030 4
48 0 00000030 00020031 4
49 0 00000031 00020032 4
50 0 00000032 00020033 4
51 0 00000033 00020034 4
52 0 00000034 00020035 4
53 0 00000035 00020036 4
54 0 00000036 00020037 4
55 0 00000037 00020038 4
56 0 00000038 00020039 4
57 0 00000039 0002003A 4
58 0 0000003A 0002003B 4
59 0 0000003B 0002003C 4
60 0 0000003C 0002003D 4
61 0 0000003D 0002003E 4
62 0 0000003E 0002003F 4
63 0 0000003F 00020040 4
64 0 00000040 00020041 4
65 0 00000041 00020042 4
66 0 00000042 00020043 4
67 0 00000043 00020044 4
68 0 00000044 00020045 4
69 0 00000045 00020046 4
70 0 00000046 00020047 4
71 0 00000047 00010048 0
72 0 00000048 00010049 0
73 0 00000049 0001004A 0
74 0 0000004A 0001004B 0
75 0 0000004B 0001004C 0
80 0 00000050 00010051 0
81 0 00000051 00010052 0
82 0 00000052 00010053 0
83 0 00000053 00010054 0
86 0 00000056 00010057 0
0 1 00010000 00020002 2
1 1 00000000 00030003 F
2 1 00000001 00030004 F
3 1 00000002 00030005 F
4 1 00010003 00020005 8
17 1 00000011 00020013 3
18 1 00000011 00030014 F
19 1 00000012 00030015 F
20 1 00010013 00020015 8
22 1 00010016 00020018 2
23 1 00000016 00030019 F
24 1 00000017 0003001A F
25 1 00000018 0003001B F
26 1 00000019 0003001C F
27 1 0000001A 0003001D F
28 1 0000001B 0003001E F
29 1 0000001C 0003001F F
30 1 0000001D 0002001F 9
33 1 00010021 00030022 4
34 1 00010022 00030024 6
35 1 00010023 00030025 6
36 1 00000023 00030026 F
37 1 00000024 00030027 F
38 1 00000025 00030028 F
39 1 00000026 00030029 F
40 1 00000027 0003002A F
41 1 00000028 0003002B F
42 1 00000029 0003002C F
43 1 0000002A 0003002C D
45 1 0000002D 0003002F 7
46 1 0000002D 00030030 F
47 1 0000002E 00030031 F
48 1 0000002F 00030032 F
49 1 00000030 00030033 F
50 1 00000031 00030034 F
51 1 00000032 00030035 F
52 1 00000033 00030036 F
53 1 00000034 00030037 F
54 1 00000035 00030038 F
55 1 00000036 00030039 F
56 1 00000037 0003003A F
57 1 00000038 0003003B F
58 1 00000039 0003003C F
59 1 0000003A 0003003D F
60 1 0000003B 0003003E F
61 1 0000003C 0003003F F
62 1 0000003D 00030040 F
63 1 0000003E 00030041 F
64 1 0000003F 00030042 F
65 1 00000040 00030043 F
66 1 00000041 00030044 F
67 1 00000042 00030045 F
68 1 00000043 00030046 F
69 1 00000044 00030047 F
70 1 00000045 00030048 F
71 1 00000046 00030048 D
73 1 00000049 0003004B 7
74 1 00000049 0003004B D
86 1 00010056 00020057 0
87 1 00010057 00020058 0
88 1 00010058 00020059 0
0 2 00020000 00030001 0
1 2 00010001 00030002 1
2 2 00010002 00030003 1
3 2 00010003 00030004 1
4 2 00020004 00030005 0
11 2 0002000B 0003000C 0
17 2 00020011 00030013 2
18 2 00010011 00040014 F
19 2 00010012 00040015 F
20 2 00020013 00030015 8
22 2 00020016 00030018 2
23 2 00010016 00040019 F
24 2 00010017 0004001A F
25 2 00010018 0004001B F
26 2 00010019 0004001C F
27 2 0001001A 0004001D F
28 2 0001001B 0004001E F
29 2 0001001C 0004001F F
30 2 0002001D 0003001F 8
32 2 00020020 00030022 2
33 2 00020021 00040023 6
34 2 00010021 00040024 F
35 2 00010022 00040025 F
36 2 00010023 00040026 F
37 2 00010024 00040027 F
38 2 00010025 00040028 F
39 2 00010026 00040029 F
40 2 00010027 0004002A F
41 2 00010028 0004002B F
42 2 00010029 0004002C F
43 2 0002002A 0004002C C
44 2 0002002B 0004002E E
45 2 0002002D 0004002F 6
46 2 0001002D 00040030 F
47 2 0001002E 00040031 F
48 2 0001002F 00040032 F
49 2 00010030 00040033 F
50 2 00010031 00040034 F
51 2 00010032 00040035 F
52 2 00010033 00040036 F
53 2 00010034 00040037 F
54 2 00010035 00040038 F
55 2 00010036 00040039 F
56 2 00010037 0004003A F
57 2 00010038 0004003B F
58 2 00010039 0004003C F
59 2 0001003A 0004003D F
60 2 0001003B 0004003E F
61 2 0001003C 0004003F F
62 2 0001003D 00040040 F
63 2 0001003E 00040041 F
64 2 0001003F 00040042 F
65 2 00010040 00040043 F
66 2 00010041 00040044 F
67 2 00010042 00040045 F
68 2 00010043 00040046 F
69 2 00010044 00040047 F
70 2 00010045 00040048 F
71 2 00020046 00040048 C
72 2 00020047 0004004A E
73 2 00020049 0004004B 6
74 2 00020049 0004004B C
75 2 0002004A 0004004C C
76 2 0002004C 0004004D 4
87 2 00010057 00030058 1
10 3 0003000A 0005000C 6
11 3 0003000B 0004000C 0
17 3 00030011 00040013 2
18 3 00020011 00050014 F
19 3 00020012 00050015 F
20 3 00030013 00040015 8
22 3 00030016 00040018 2
23 3 00020016 00050019 F
24 3 00020017 0005001A F
25 3 00020018 0005001B F
26 3 00020019 0005001C F
27 3 0002001A 0005001D F
28 3 0002001B 0005001E F
29 3 0002001C 0005001F F
30 3 0003001D 0005001F C
32 3 00030020 00050022 6
33 3 00020020 00050023 F
34 3 00020021 00050024 F
35 3 00020022 00050025 F
36 3 00020023 00050026 F
37 3 00020024 00050027 F
38 3 00020025 00050028 F
39 3 00020026 00050029 F
40 3 00020027 0005002A F
41 3 00020028 0005002B F
42 3 00020029 0005002C F
43 3 0002002A 0005002D F
44 3 0002002B 0004002D 9
45 3 0002002C 0004002E 9
46 3 0002002E 0004002F 1
47 3 0002002F 00040030 1
48 3 00020030 00040032 3
49 3 00020031 00040033 3
50 3 00020031 00050034 F
51 3 00020032 00050035 F
52 3 00020033 00050036 F
53 3 00020034 00050037 F
54 3 00020035 00050038 F
55 3 00020036 00050039 F
56 3 00020037 0005003A F
57 3 00020038 0005003B F
58 3 00020039 0005003C F
59 3 0002003A 0005003D F
60 3 0002003B 0005003E F
61 3 0002003C 0005003F F
62 3 0002003D 00050040 F
63 3 0002003E 00050041 F
64 3 0002003F 00050042 F
65 3 00020040 00050043 F
66 3 00020041 00050044 F
67 3 00020042 00050045 F
68 3 00020043 00050046 F
69 3 00020044 00050047 F
70 3 00020045 00050048 F
71 3 00020046 00050049 F
72 3 00020047 0005004A F
73 3 00020048 0005004B F
74 3 00020049 0005004C F
75 3 0002004A 0005004D F
76 3 0003004B 0005004D C
77 3 0003004C 0005004E C
78 3 0003004E 0004004F 0
89 3 00030059 0004005A 0
90 3 0003005A 0005005B 4
93 3 0003005D 0004005E 0
95 3 0003005F 00040060 0
96 3 00030060 00040061 0
9 4 00040009 0006000B 6
10 4 0004000A 0006000C 6
11 4 0004000A 0006000C C
17 4 00040011 00050013 2
18 4 00030011 00060014 F
19 4 00030012 00060015 F
20 4 00040013 00060015 C
22 4 00040016 00060018 6
23 4 00030016 00060019 F
24 4 00030017 0006001A F
25 4 00030018 0006001B F
26 4 00030019 0006001C F
27 4 0003001A 0006001D F
28 4 0003001B 0006001E F
29 4 0003001C 0006001F F
30 4 0004001D 0006001F C
31 4 0004001E 00050020 8
32 4 00040020 00050022 2
33 4 00030021 00050023 3
34 4 00030021 00060024 F
35 4 00030022 00060025 F
36 4 00030023 00060026 F
37 4 00030024 00060027 F
38 4 00030025 00060028 F
39 4 00030026 00060029 F
40 4 00030027 0006002A F
41 4 00030028 0006002B F
42 4 00030029 0006002C F
43 4 0003002A 0005002C 9
44 4 0003002B 0005002D 9
49 4 00030031 00050032 1
50 4 00030032 00050034 3
51 4 00030033 00050035 3
52 4 00030033 00060036 F
53 4 00030034 00060037 F
54 4 00030035 00060038 F
55 4 00030036 00060039 F
56 4 00030037 0006003A F
57 4 00030038 0006003B F
58 4 00030039 0006003C F
59 4 0003003A 0005003C 9
60 4 0003003B 0005003E B
61 4 0003003D 0005003F 3
62 4 0003003D 00060040 F
63 4 0003003E 00060041 F
64 4 0003003F 00060042 F
65 4 00030040 00060043 F
66 4 00030041 00060044 F
67 4 00030042 00060045 F
68 4 00030043 00060046 F
69 4 00030044 00060047 F
70 4 00030045 00060048 F
71 4 00030046 00060049 F
72 4 00030047 0006004A F
73 4 00030048 0006004B F
74 4 00030049 0006004C F
75 4 0003004A 0006004D F
76 4 0003004B 0006004E F
77 4 0003004C 0006004F F
78 4 0004004D 0006004F C
89 4 00040059 0005005B 2
90 4 0004005A 0005005B 0
91 4 0004005A 0006005C C
92 4 0004005C 0006005E 6
93 4 0004005D 0006005E 4
95 4 0004005F 00060061 6
96 4 0004005F 00060061 C
99 4 00040063 00050064 0
100 4 00040064 00050065 0
0 5 00050000 00060001 0
5 5 00050005 00070006 4
6 5 00050006 00070007 4
7 5 00050007 00070008 4
8 5 00050008 0007000A 6
9 5 00050009 0007000B 6
10 5 00040009 0007000C F
11 5 0005000A 0007000C C
12 5 0005000B 0007000D C
13 5 0005000D 0007000E 4
17 5 00050011 00060013 2
18 5 00040011 00070014 F
19 5 00040012 00070015 F
20 5 00050013 00070015 C
21 5 00050014 00070017 E
22 5 00050016 00070018 6
23 5 00040016 00070019 F
24 5 00040017 0007001A F
25 5 00040018 0007001B F
26 5 00040019 0007001C F
27 5 0004001A 0007001D F
28 5 0004001B 0007001E F
29 5 0004001C 0007001F F
30 5 0004001D 00070020 F
31 5 0004001E 00070020 D
33 5 00040021 00070023 7
34 5 00040021 00070024 F
35 5 00040022 00070025 F
36 5 00040023 00070026 F
37 5 00040024 00070027 F
38 5 00040025 00070028 F
39 5 00040026 00070029 F
40 5 00040027 0007002A F
41 5 00040028 0007002B F
42 5 00040029 0007002C F
43 5 0004002A 0006002C 9
51 5 00040033 00060035 3
52 5 00040034 00060036 3
53 5 00040034 00070037 F
54 5 00040035 00070038 F
55 5 00040036 00070039 F
56 5 00040037 0007003A F
57 5 00040038 0007003B F
58 5 00040039 0007003C F
59 5 0004003A 0006003C 9
61 5 0004003D 0006003F 3
62 5 0004003E 00060040 3
63 5 0004003E 00070041 F
64 5 0004003F 00060041 9
65 5 00040040 00060043 B
66 5 00040042 00060043 1
67 5 00040042 00060045 B
68 5 00040044 00060046 3
69 5 00040044 00070047 F
70 5 00040045 00070048 F
71 5 00040046 00060048 9
72 5 00040047 00060049 9
73 5 00040049 0006004A 1
74 5 0004004A 0006004B 1
75 5 0004004B 0006004C 1
76 5 0004004C 0006004D 1
77 5 0004004D 0006004F 3
78 5 0005004E 0006004F 0
79 5 0005004E 00070050 C
80 5 00050050 00070051 4
90 5 0004005A 0006005B 1
91 5 0004005B 0006005D 3
92 5 0004005C 0006005D 1
93 5 0005005C 0006005E 8
94 5 0005005E 0006005F 0
95 5 0005005F 00060060 0
96 5 00050060 00060061 0
97 5 00050061 00060062 0
99 5 00050063 00060065 2
100 5 00050063 00070065 C
0 6 00060000 00070001 0
3 6 00060003 00080004 4
4 6 00060004 00080006 6
5 6 00060005 00080007 6
6 6 00050005 00080008 F
7 6 00050006 00080009 F
8 6 00050007 0008000A F
9 6 00050008 0008000B F
10 6 00050009 0008000C F
11 6 0005000A 0008000D F
12 6 0005000B 0008000E F
13 6 0006000C 0008000E C
14 6 0006000D 0008000F C
17 6 00060011 00080013 6
18 6 00050011 00080014 F
19 6 00050012 00080015 F
20 6 00050013 00080016 F
21 6 00050014 00070016 9
22 6 00050015 00070018 B
23 6 00050017 00070019 3
24 6 00050017 0008001A F
25 6 00050018 0008001B F
26 6 00050019 0008001C F
27 6 0005001A 0008001D F
28 6 0005001B 0008001E F
29 6 0005001C 0008001F F
30 6 0005001D 00080020 F
31 6 0006001E 00080020 C
32 6 0006001F 00080022 E
33 6 00060021 00070022 0
34 6 00050021 00070024 B
35 6 00050023 00070025 3
36 6 00050023 00080026 F
37 6 00050024 00080027 F
38 6 00050025 00080028 F
39 6 00050026 00080029 F
40 6 00050027 0008002A F
41 6 00050028 0008002B F
42 6 00050029 0007002B 9
43 6 0006002A 0007002C 8
52 6 00050034 00070036 3
53 6 00050035 00070037 3
54 6 00050035 00080038 F
55 6 00050036 00080039 F
56 6 00050037 0008003A F
57 6 00050038 0008003B F
58 6 00050039 0008003C F
59 6 0006003A 0008003C C
62 6 0005003E 00080040 7
63 6 0005003E 00070040 9
64 6 0005003F 00070041 9
66 6 00050042 00070043 1
68 6 00050044 00070046 3
69 6 00050044 00080047 F
70 6 00050045 00070047 9
71 6 00050046 00070048 9
78 6 0005004E 00070050 3
79 6 0005004E 00080051 F
80 6 0006004F 00080051 C
81 6 00060050 00080052 C
82 6 00060052 00080053 4
83 6 00060053 00080054 4
84 6 00060054 00070055 0
92 6 0005005C 0007005D 1
99 6 00060063 00080065 6
100 6 00060063 00080065 C
101 6 00060064 00070066 8
0 7 00070000 00080001 0
1 7 00070000 00090002 C
2 7 00070002 00090004 6
3 7 00070003 00090005 6
4 7 00060003 00090006 F
5 7 00060004 00080006 9
6 7 00060005 00080007 9
7 7 00060007 00080009 3
8 7 00060008 0008000A 3
9 7 00060008 0009000B F
10 7 00060009 0009000C F
11 7 0006000A 0009000D F
12 7 0006000B 0009000E F
13 7 0006000C 0009000F F
14 7 0007000D 0009000F C
15 7 0007000E 00090010 C
16 7 00070010 00090012 6
17 7 00070011 00090013 6
18 7 00060011 00090014 F
19 7 00060012 00090015 F
20 7 00060013 00090016 F
21 7 00060014 00090016 D
23 7 00060017 00090019 7
24 7 00060017 0009001A F
25 7 00060018 0009001B F
26 7 00060019 0009001C F
27 7 0006001A 0009001D F
28 7 0006001B 0009001E F
29 7 0006001C 0009001F F
30 7 0006001D 00090020 F
31 7 0006001E 00090021 F
32 7 0006001F 00090022 F
33 7 00060020 00080022 9
35 7 00060023 00080025 3
36 7 00060023 00090026 F
37 7 00060024 00090027 F
38 7 00060025 00090028 F
39 7 00060026 00090029 F
40 7 00060027 0009002A F
41 7 00060028 0009002B F
42 7 00060029 0008002B 9
46 7 0007002E 0008002F 0
47 7 0007002F 00090030 4
48 7 00070030 00090031 4
53 7 00060035 00080037 3
54 7 00060035 00090038 F
55 7 00060036 00090039 F
56 7 00060037 0009003A F
57 7 00060038 0009003B F
58 7 00060039 0009003C F
59 7 0007003A 0009003C C
60 7 0007003B 0009003D C
61 7 0007003D 0009003F 6
62 7 0007003E 00090040 6
63 7 0006003E 00090040 D
65 7 00070041 00090043 6
66 7 00070042 00090043 4
68 7 00070044 00090046 6
69 7 00060044 00090047 F
70 7 00060045 00080047 9
78 7 0007004E 0008004F 0
79 7 0006004F 00080051 3
80 7 00060050 00080052 3
81 7 00060050 00090053 F
82 7 00060051 00080053 9
83 7 00060052 00080054 9
84 7 00070054 00080055 0
93 7 0007005D 0008005E 0
94 7 0007005E 0009005F 4
98 7 00070062 00080064 2
99 7 00070063 00090065 6
100 7 00060063 00090066 F
101 7 00070064 00080066 8
0 8 00080000 00090002 2
1 8 00070000 000A0003 F
2 8 00070001 000A0004 F
3 8 00070002 000A0005 F
4 8 00070003 000A0006 F
5 8 00070004 00090006 9
8 8 00070008 0009000A 3
9 8 00070008 000A000B F
10 8 00070009 000A000C F
11 8 0007000A 000A000D F
12 8 0007000B 000A000E F
13 8 0007000C 000A000F F
14 8 0007000D 000A0010 F
15 8 0007000E 000A0011 F
16 8 0007000F 000A0012 F
17 8 00070010 000A0013 F
18 8 00070011 000A0014 F
19 8 00070012 000A0015 F
20 8 00070013 000A0016 F
21 8 00080014 00090016 8
22 8 00080015 00090018 A
23 8 00080017 00090019 2
24 8 00070017 000A001A F
25 8 00070018 000A001B F
26 8 00070019 000A001C F
27 8 0007001A 000A001D F
28 8 0007001B 000A001E F
29 8 0007001C 000A001F F
30 8 0007001D 000A0020 F
31 8 0007001E 000A0021 F
32 8 0007001F 000A0022 F
33 8 00080020 000A0022 C
35 8 00080023 000A0025 6
36 8 00070023 000A0026 F
37 8 00070024 000A0027 F
38 8 00070025 000A0028 F
39 8 00070026 000A0029 F
40 8 00070027 000A002A F
41 8 00070028 000A002B F
42 8 00080029 0009002B 8
46 8 0008002E 00090030 2
47 8 0007002E 000A0031 F
48 8 0008002F 000A0031 C
49 8 00080030 00090032 8
53 8 00080035 00090036 0
54 8 00070036 00090037 1
55 8 00070037 00090038 1
56 8 00070038 0009003A 3
57 8 00070039 0009003B 3
58 8 00070039 000A003C F
59 8 0007003A 0009003C 9
60 8 0007003B 0009003E B
61 8 0007003D 0009003F 3
62 8 0007003D 000A0040 F
63 8 0008003E 00090040 8
64 8 0008003F 00090041 8
65 8 00080041 00090042 0
66 8 00080042 00090043 0
67 8 00080043 00090044 0
68 8 00080044 00090046 2
69 8 00070045 00090047 3
70 8 00080045 000A0047 C
80 8 00070050 00090051 1
81 8 00070051 00090052 1
82 8 00070052 00090053 1
93 8 0008005D 0009005F 2
94 8 0008005D 000A005F C
95 8 0008005E 000A0060 C
96 8 00080060 000A0061 4
98 8 00080062 000A0064 6
99 8 00070062 000A0065 F
100 8 00070063 00090065 9
101 8 00080064 00090066 8
0 9 00090000 000A0002 2
1 9 00080000 000B0003 F
2 9 00080001 000B0004 F
3 9 00080002 000B0005 F
4 9 00080003 000B0006 F
5 9 00090004 000A0006 8
8 9 00090008 000A000A 2
9 9 00080008 000B000B F
10 9 00080009 000B000C F
11 9 0008000A 000A000C 9
12 9 0008000B 000A000D 9
13 9 0008000D 000A000F 3
14 9 0008000E 000A0010 3
15 9 0008000E 000A0010 9
16 9 0008000F 000A0011 9
17 9 00080011 000A0013 3
18 9 00080012 000A0014 3
19 9 00080012 000B0015 F
20 9 00080013 000B0016 F
21 9 00080014 000B0016 D
23 9 00080017 000B0019 7
24 9 00080017 000B001A F
25 9 00080018 000B001B F
26 9 00080019 000B001C F
27 9 0008001A 000B001D F
28 9 0008001B 000B001E F
29 9 0008001C 000B001F F
30 9 0008001D 000B0020 F
31 9 0008001E 000A0020 9
32 9 0008001F 000A0021 9
33 9 00090021 000A0022 0
34 9 00090022 000A0024 2
35 9 00090023 000A0025 2
36 9 00080023 000B0026 F
37 9 00080024 000B0027 F
38 9 00080025 000B0028 F
39 9 00080026 000B0029 F
40 9 00080027 000B002A F
41 9 00080028 000B002B F
42 9 00090029 000A002B 8
46 9 0009002E 000A002F 0
47 9 0008002E 000A0030 9
48 9 00080030 000A0031 1
49 9 00090031 000A0032 0
57 9 00080039 000A003A 1
58 9 0008003A 000A003B 1
59 9 0008003B 000A003C 1
61 9 0008003D 000A003E 1
62 9 0008003E 000A003F 1
63 9 0008003F 000A0040 1
69 9 00080045 000A0047 3
70 9 00090045 000B0047 C
71 9 00090046 000B0048 C
72 9 00090048 000B0049 4
73 9 00090049 000A004A 0
93 9 0009005D 000A005F 2
94 9 0008005E 000A0060 3
95 9 0008005E 000B0061 F
96 9 0009005F 000A0061 8
97 9 00090060 000A0063 A
98 9 00090062 000A0064 2
99 9 00080062 000B0065 F
100 9 00080063 000A0065 9
0 10 000A0000 000B0002 2
1 10 00090000 000C0003 F
2 10 00090001 000C0004 F
3 10 00090002 000C0005 F
4 10 00090003 000C0006 F
5 10 000A0004 000C0006 C
8 10 000A0008 000C000A 6
9 10 00090008 000C000B F
10 10 00090009 000C000C F
11 10 0009000A 000C000C D
14 10 0009000E 000C0010 7
15 10 0009000E 000C0010 D
18 10 00090012 000B0014 3
19 10 00090012 000C0015 F
20 10 00090013 000C0016 F
21 10 000A0014 000C0016 C
22 10 000A0015 000C0018 E
23 10 000A0017 000C0019 6
24 10 00090017 000C001A F
25 10 00090018 000C001B F
26 10 00090019 000C001C F
27 10 0009001A 000C001D F
28 10 0009001B 000C001E F
29 10 0009001C 000C001F F
30 10 0009001D 000C0020 F
31 10 0009001E 000B0020 9
35 10 00090023 000C0025 7
36 10 00090023 000C0026 F
37 10 00090024 000C0027 F
38 10 00090025 000C0028 F
39 10 00090026 000C0029 F
40 10 00090027 000C002A F
41 10 00090028 000C002B F
42 10 000A0029 000B002B 8
44 10 000A002C 000B002D 0
45 10 000A002D 000B002E 0
46 10 000A002E 000B002F 0
69 10 000A0045 000B0046 0
70 10 00090045 000B0048 B
71 10 00090047 000B0048 1
72 10 00090047 000B004A B
73 10 000A0049 000B004A 0
88 10 000A0058 000C0059 4
89 10 000A0059 000C005A 4
91 10 000A005B 000C005C 4
94 10 0009005E 000C0060 7
95 10 0009005E 000C0061 F
96 10 0009005F 000C0061 D
98 10 00090062 000B0064 3
99 10 00090063 000B0065 3
100 10 000A0063 000B0065 8
111 10 000A006F 000B0070 0
0 11 000B0000 000C0002 2
1 11 000A0000 000D0003 F
2 11 000A0001 000D0004 F
3 11 000A0002 000D0005 F
4 11 000A0003 000D0006 F
5 11 000B0004 000D0006 C
6 11 000B0005 000D0007 C
7 11 000B0007 000D0009 6
8 11 000B0008 000D000A 6
9 11 000A0008 000D000B F
10 11 000A0009 000D000C F
11 11 000B000A 000C000C 8
12 11 000B000B 000C000D 8
13 11 000B000D 000C000F 2
14 11 000B000E 000D0010 6
15 11 000B000E 000D0010 C
16 11 000B000F 000C0011 8
18 11 000B0012 000C0014 2
19 11 000A0012 000D0015 F
20 11 000A0013 000D0016 F
21 11 000A0014 000C0016 9
22 11 000A0015 000C0018 B
23 11 000A0017 000C0019 3
24 11 000A0017 000D001A F
25 11 000A0018 000D001B F
26 11 000A0019 000D001C F
27 11 000A001A 000D001D F
28 11 000A001B 000D001E F
29 11 000A001C 000D001F F
30 11 000A001D 000D0020 F
31 11 000B001E 000C0020 8
34 11 000B0022 000D0024 6
35 11 000B0023 000D0025 6
36 11 000A0023 000D0026 F
37 11 000A0024 000D0027 F
38 11 000A0025 000D0028 F
39 11 000A0026 000D0029 F
40 11 000A0027 000D002A F
41 11 000A0028 000D002B F
42 11 000B0029 000C002B 8
44 11 000B002C 000C002D 0
45 11 000A002D 000C002E 1
52 11 000B0034 000C0035 0
68 11 000B0044 000D0046 6
69 11 000B0045 000D0046 4
71 11 000A0047 000D0048 5
73 11 000B0049 000D004A 4
74 11 000B0049 000D004B C
75 11 000B004B 000D004C 4
76 11 000B004C 000D004D 4
77 11 000B004D 000D004E 4
82 11 000B0052 000C0053 0
83 11 000B0053 000D0054 4
84 11 000B0054 000D0055 4
85 11 000B0055 000D0056 4
86 11 000B0056 000D0057 4
87 11 000B0057 000D0059 6
88 11 000B0058 000D005A 6
89 11 000B0058 000C005A 8
90 11 000B0059 000C005C A
91 11 000B005B 000C005C 0
92 11 000B005B 000D005D C
93 11 000B005D 000D005F 6
94 11 000B005E 000D0060 6
95 11 000A005E 000D0061 F
96 11 000B005F 000D0061 C
97 11 000B0060 000D0062 C
99 11 000A0063 000D0065 7
100 11 000B0063 000C0065 8
111 11 000B006F 000C0070 0
0 12 000C0000 000D0002 2
1 12 000B0000 000E0003 F
2 12 000B0001 000E0004 F
3 12 000B0002 000E0005 F
4 12 000B0003 000E0006 F
5 12 000B0004 000E0007 F
6 12 000B0005 000E0008 F
7 12 000B0006 000E0009 F
8 12 000B0007 000E000A F
9 12 000B0008 000D000A 9
10 12 000B0009 000D000B 9
11 12 000B000B 000D000C 1
13 12 000B000D 000D000F 3
14 12 000B000D 000E0010 F
15 12 000B000E 000E0011 F
16 12 000C000F 000E0011 C
18 12 000C0012 000E0014 6
19 12 000B0012 000E0015 F
20 12 000B0013 000E0016 F
21 12 000B0014 000D0016 9
23 12 000B0017 000D0019 3
24 12 000B0017 000E001A F
25 12 000B0018 000E001B F
26 12 000B0019 000E001C F
27 12 000B001A 000E001D F
28 12 000B001B 000E001E F
29 12 000B001C 000E001F F
30 12 000B001D 000E0020 F
31 12 000C001E 000D0020 8
33 12 000C0021 000D0023 2
34 12 000C0022 000E0024 6
35 12 000B0022 000E0025 F
36 12 000B0023 000E0026 F
37 12 000B0024 000E0027 F
38 12 000B0025 000E0028 F
39 12 000B0026 000E0029 F
40 12 000B0027 000E002A F
41 12 000B0028 000E002B F
42 12 000C0029 000D002B 8
52 12 000C0034 000E0035 4
53 12 000C0034 000E0036 C
54 12 000C0036 000E0037 4
55 12 000C0037 000E0038 4
56 12 000C0038 000E0039 4
57 12 000C0039 000E003A 4
58 12 000C003A 000E003B 4
59 12 000C003B 000E003C 4
60 12 000C003C 000E003D 4
61 12 000C003D 000E003E 4
62 12 000C003E 000E003F 4
63 12 000C003F 000E0040 4
64 12 000C0040 000E0041 4
65 12 000C0041 000E0042 4
66 12 000C0042 000D0043 0
67 12 000C0043 000D0045 2
68 12 000C0044 000D0046 2
69 12 000C0044 000E0046 C
70 12 000C0045 000E0048 E
71 12 000C0047 000E0048 4
72 12 000C0047 000E004A E
73 12 000C0049 000D004A 0
74 12 000B0049 000D004B 9
75 12 000B004B 000D004C 1
76 12 000B004C 000D004E 3
77 12 000C004D 000D004E 0
78 12 000C004D 000E004F C
82 12 000C0052 000D0054 2
83 12 000B0052 000E0055 F
84 12 000B0053 000E0056 F
85 12 000B0054 000E0057 F
86 12 000B0055 000E0058 F
87 12 000B0056 000E0059 F
88 12 000B0057 000E005A F
89 12 000B0058 000E005A D
91 12 000B005B 000E005D 7
92 12 000B005B 000E005E F
93 12 000B005C 000E005F F
94 12 000B005D 000E0060 F
95 12 000B005E 000E0061 F
96 12 000B005F 000E0062 F
97 12 000C0060 000E0062 C
98 12 000C0061 000E0064 E
99 12 000C0063 000D0064 0
100 12 000C0063 000D0065 8
110 12 000C006E 000D0070 2
111 12 000C006F 000D0070 0
0 13 000D0000 000E0002 2
1 13 000C0001 000E0003 3
2 13 000C0001 000F0004 F
3 13 000C0002 000F0005 F
4 13 000C0003 000F0006 F
5 13 000C0004 000F0007 F
6 13 000C0005 000F0008 F
7 13 000C0006 000E0008 9
8 13 000C0007 000E0009 9
9 13 000C0009 000E000A 1
13 13 000D000D 000E000F 2
14 13 000C000E 000E0010 3
15 13 000C000E 000F0011 F
16 13 000D000F 000F0011 C
17 13 000D0010 000F0013 E
18 13 000D0012 000F0014 6
19 13 000C0012 000F0015 F
20 13 000C0013 000F0016 F
21 13 000D0014 000E0016 8
23 13 000D0017 000E0019 2
24 13 000C0017 000F001A F
25 13 000C0018 000F001B F
26 13 000C0019 000F001C F
27 13 000C001A 000F001D F
28 13 000C001B 000F001E F
29 13 000C001C 000F001F F
30 13 000C001D 000F0020 F
31 13 000D001E 000E0020 8
33 13 000D0021 000E0023 2
34 13 000C0021 000F0024 F
35 13 000C0022 000F0025 F
36 13 000C0023 000F0026 F
37 13 000C0024 000F0027 F
38 13 000C0025 000F0028 F
39 13 000C0026 000F0029 F
40 13 000C0027 000F002A F
41 13 000C0028 000F002B F
42 13 000D0029 000E002B 8
48 13 000D0030 000F0031 4
49 13 000D0031 000F0032 4
50 13 000D0032 000F0033 4
51 13 000D0033 000F0035 6
52 13 000D0034 000F0036 6
53 13 000C0034 000F0037 F
54 13 000C0035 000F0038 F
55 13 000C0036 000F0039 F
56 13 000C0037 000F003A F
57 13 000C0038 000F003B F
58 13 000C0039 000F003C F
59 13 000C003A 000F003D F
60 13 000C003B 000F003E F
61 13 000C003C 000F003F F
62 13 000C003D 000F0040 F
63 13 000C003E 000F0041 F
64 13 000C003F 000F0042 F
65 13 000C0040 000F0043 F
66 13 000C0041 000F0043 D
68 13 000C0044 000F0046 7
69 13 000C0044 000F0047 F
70 13 000C0045 000F0048 F
71 13 000C0046 000F0049 F
72 13 000C0047 000F004A F
73 13 000C0048 000F004A D
77 13 000C004D 000F004F 7
78 13 000D004D 000F004F C
79 13 000D004E 000F0050 C
80 13 000D0050 000F0051 4
82 13 000D0052 000F0054 6
83 13 000C0052 000F0055 F
84 13 000C0053 000F0056 F
85 13 000C0054 000F0057 F
86 13 000C0055 000F0058 F
87 13 000C0056 000F0059 F
88 13 000C0057 000F005A F
89 13 000D0058 000F005A C
90 13 000D0059 000F005C E
91 13 000D005B 000F005D 6
92 13 000C005B 000F005E F
93 13 000C005C 000F005F F
94 13 000C005D 000F0060 F
95 13 000C005E 000F0061 F
96 13 000C005F 000F0062 F
97 13 000C0060 000F0063 F
98 13 000C0061 000F0064 F
99 13 000C0062 000E0064 9
110 13 000D006E 000E0070 2
111 13 000D006E 000E0070 8
1 14 000D0001 00100003 7
2 14 000D0001 00100004 F
3 14 000D0002 00100005 F
4 14 000D0003 00100006 F
5 14 000D0004 00100007 F
6 14 000D0005 00100008 F
7 14 000D0006 00100008 D
14 14 000D000E 000F0010 3
15 14 000D000E 00100011 F
16 14 000D000F 00100012 F
17 14 000D0010 00100013 F
18 14 000D0011 00100014 F
19 14 000D0012 00100015 F
20 14 000D0013 00100016 F
21 14 000E0014 00100016 C
23 14 000E0017 00100019 6
24 14 000D0017 0010001A F
25 14 000D0018 0010001B F
26 14 000D0019 0010001C F
27 14 000D001A 0010001D F
28 14 000D001B 0010001E F
29 14 000D001C 0010001F F
30 14 000D001D 00100020 F
31 14 000E001E 00100020 C
33 14 000E0021 00100023 6
34 14 000D0021 00100024 F
35 14 000D0022 00100025 F
36 14 000D0023 00100026 F
37 14 000D0024 00100027 F
38 14 000D0025 00100028 F
39 14 000D0026 00100029 F
40 14 000D0027 0010002A F
41 14 000D0028 0010002B F
42 14 000E0029 000F002B 8
47 14 000E002F 00100031 6
48 14 000E0030 00100032 6
49 14 000D0030 00100033 F
50 14 000D0031 00100034 F
51 14 000D0032 00100035 F
52 14 000D0033 00100036 F
53 14 000D0034 00100037 F
54 14 000D0035 00100038 F
55 14 000D0036 00100039 F
56 14 000D0037 0010003A F
57 14 000D0038 0010003B F
58 14 000D0039 0010003C F
59 14 000D003A 0010003D F
60 14 000D003B 0010003E F
61 14 000D003C 0010003F F
62 14 000D003D 00100040 F
63 14 000D003E 00100041 F
64 14 000D003F 00100042 F
65 14 000D0040 00100043 F
66 14 000E0041 00100043 C
67 14 000E0042 00100045 E
68 14 000E0044 00100046 6
69 14 000D0044 00100047 F
70 14 000D0045 00100048 F
71 14 000D0046 00100049 F
72 14 000D0047 0010004A F
73 14 000E0048 0010004A C
74 14 000E0049 0010004B C
75 14 000E004B 0010004C 4
76 14 000E004C 0010004E 6
77 14 000E004D 0010004F 6
78 14 000D004D 00100050 F
79 14 000D004E 00100051 F
80 14 000E004F 00100051 C
81 14 000E0050 00100053 E
82 14 000E0052 000F0053 0
83 14 000D0052 000F0055 B
84 14 000D0054 000F0055 1
85 14 000D0054 000F0057 B
86 14 000D0056 000F0058 3
87 14 000D0056 00100059 F
88 14 000D0057 0010005A F
89 14 000D0058 0010005B F
90 14 000D0059 0010005C F
91 14 000D005A 0010005D F
92 14 000D005B 0010005E F
93 14 000D005C 0010005F F
94 14 000D005D 00100060 F
95 14 000D005E 00100061 F
96 14 000D005F 00100062 F
97 14 000D0060 00100063 F
98 14 000D0061 000F0063 9
99 14 000E0062 000F0064 8
110 14 000E006E 00100070 6
111 14 000E006E 000F0070 8
0 15 000F0000 00100002 2
1 15 000F0001 00110003 6
2 15 000E0001 00110004 F
3 15 000E0002 00110005 F
4 15 000E0003 00110006 F
5 15 000E0004 00100006 9
6 15 000E0005 00100008 B
7 15 000F0007 00100008 0
8 15 000F0007 00100009 8
14 15 000F000E 00110010 6
15 15 000E000E 00110011 F
16 15 000E000F 00110012 F
17 15 000E0010 00110013 F
18 15 000E0011 00110014 F
19 15 000E0012 00110015 F
20 15 000E0013 00110016 F
21 15 000F0014 00110016 C
22 15 000F0015 00110018 E
23 15 000F0017 00110019 6
24 15 000E0017 0011001A F
25 15 000E0018 0011001B F
26 15 000E0019 0011001C F
27 15 000E001A 0011001D F
28 15 000E001B 0011001E F
29 15 000E001C 0011001F F
30 15 000E001D 00110020 F
31 15 000F001E 00110020 C
32 15 000F001F 00110022 E
33 15 000F0021 00100022 0
34 15 000E0021 00100024 B
35 15 000E0023 00100025 3
36 15 000E0023 00110026 F
37 15 000E0024 00110027 F
38 15 000E0025 00110028 F
39 15 000E0026 00110029 F
40 15 000E0027 0011002A F
41 15 000E0028 0011002B F
42 15 000F0029 0010002B 8
46 15 000F002E 00100030 2
47 15 000F002F 00110031 6
48 15 000E002F 00110032 F
49 15 000E0030 00110033 F
50 15 000E0031 00110034 F
51 15 000E0032 00110035 F
52 15 000E0033 00110036 F
53 15 000E0034 00110037 F
54 15 000E0035 00110038 F
55 15 000E0036 00110039 F
56 15 000E0037 0011003A F
57 15 000E0038 0011003B F
58 15 000E0039 0011003C F
59 15 000E003A 0011003D F
60 15 000E003B 0011003E F
61 15 000E003C 0011003F F
62 15 000E003D 00110040 F
63 15 000E003E 00110041 F
64 15 000E003F 00110042 F
65 15 000E0040 00110043 F
66 15 000E0041 00110044 F
67 15 000E0042 00110045 F
68 15 000E0043 00110046 F
69 15 000E0044 00110047 F
70 15 000E0045 00110048 F
71 15 000E0046 00110049 F
72 15 000E0047 0011004A F
73 15 000E0048 0011004B F
74 15 000E0049 0011004C F
75 15 000E004A 0011004D F
76 15 000E004B 0011004E F
77 15 000E004C 0011004F F
78 15 000E004D 00110050 F
79 15 000E004E 00100050 9
80 15 000E004F 00100051 9
81 15 000E0051 00100052 1
82 15 000E0052 00100053 1
84 15 000E0054 00100055 1
86 15 000E0056 00100057 1
87 15 000E0057 00100059 3
88 15 000E0058 00100059 1
89 15 000E0058 0010005B B
90 15 000E005A 0010005B 1
91 15 000E005A 0010005C 9
92 15 000E005C 0010005D 1
93 15 000E005D 0010005F 3
94 15 000E005E 00100060 3
95 15 000E005E 00110061 F
96 15 000E005F 00110062 F
97 15 000E0060 00110063 F
98 15 000E0061 00100063 9
109 15 000F006D 0010006F 2
110 15 000F006E 00110070 6
111 15 000F006E 00100070 8
0 16 00100000 00110002 2
1 16 000F0000 00120003 F
2 16 000F0001 00120004 F
3 16 000F0002 00120005 F
4 16 000F0003 00120006 F
5 16 000F0004 00120006 D
7 16 000F0007 00110008 1
8 16 00100007 00110009 8
13 16 0010000D 0011000F 2
14 16 0010000E 00120010 6
15 16 000F000E 00120011 F
16 16 000F000F 00120012 F
17 16 000F0010 00120013 F
18 16 000F0011 00120014 F
19 16 000F0012 00120015 F
20 16 000F0013 00120016 F
21 16 000F0014 00120017 F
22 16 000F0015 00120018 F
23 16 000F0016 00120019 F
24 16 000F0017 0012001A F
25 16 000F0018 0012001B F
26 16 000F0019 0012001C F
27 16 000F001A 0012001D F
28 16 000F001B 0012001E F
29 16 000F001C 0012001F F
30 16 000F001D 00120020 F
31 16 000F001E 00120021 F
32 16 000F001F 00120022 F
33 16 000F0020 00120022 D
35 16 000F0023 00120025 7
36 16 000F0023 00120026 F
37 16 000F0024 00120027 F
38 16 000F0025 00120028 F
39 16 000F0026 00120029 F
40 16 000F0027 0012002A F
41 16 000F0028 0012002B F
42 16 00100029 0011002B 8
46 16 0010002E 00120030 6
47 16 000F002E 00120031 F
48 16 000F002F 00110031 9
49 16 000F0030 00110033 B
50 16 000F0032 00110034 3
51 16 000F0032 00120035 F
52 16 000F0033 00120036 F
53 16 000F0034 00120037 F
54 16 000F0035 00120038 F
55 16 000F0036 00120039 F
56 16 000F0037 0012003A F
57 16 000F0038 0012003B F
58 16 000F0039 0012003C F
59 16 000F003A 0012003D F
60 16 000F003B 0012003E F
61 16 000F003C 0012003F F
62 16 000F003D 00120040 F
63 16 000F003E 00120041 F
64 16 000F003F 00110041 9
65 16 000F0040 00110043 B
66 16 000F0042 00110044 3
67 16 000F0042 00120045 F
68 16 000F0043 00120046 F
69 16 000F0044 00110046 9
70 16 000F0045 00110047 9
71 16 000F0047 00110048 1
72 16 000F0048 00110049 1
73 16 000F0049 0011004A 1
74 16 000F004A 0011004B 1
75 16 000F004B 0011004C 1
76 16 000F004C 0011004E 3
77 16 000F004D 0011004E 1
78 16 000F004D 0011004F 9
79 16 000F004F 00110050 1
83 16 00100053 00110055 2
84 16 00100054 00110055 0
88 16 000F0058 00110059 1
90 16 000F005A 0011005B 1
94 16 000F005E 00120060 7
95 16 000F005E 00120061 F
96 16 000F005F 00120062 F
97 16 000F0060 00120063 F
98 16 00100061 00120063 C
109 16 0010006D 0011006F 2
110 16 000F006D 00120070 F
111 16 0010006E 00110070 8
0 17 00110000 00120002 2
1 17 00100000 00130003 F
2 17 00100001 00130004 F
3 17 00100002 00130005 F
4 17 00100003 00130006 F
5 17 00110004 00130006 C
6 17 00110005 00130008 E
7 17 00110007 00130008 4
13 17 0011000D 0013000F 6
14 17 0010000D 00130010 F
15 17 0010000E 00130011 F
16 17 0010000F 00130012 F
17 17 00100010 00130013 F
18 17 00100011 00130014 F
19 17 00100012 00130015 F
20 17 00100013 00130016 F
21 17 00100014 00130017 F
22 17 00100015 00130018 F
23 17 00100016 00130019 F
24 17 00100017 0013001A F
25 17 00100018 0013001B F
26 17 00100019 0013001C F
27 17 0010001A 0013001D F
28 17 0010001B 0013001E F
29 17 0010001C 0013001F F
30 17 0010001D 00130020 F
31 17 0010001E 00130021 F
32 17 0010001F 00120021 9
33 17 00110020 00120022 8
34 17 00110022 00120024 2
35 17 00110023 00130025 6
36 17 00100023 00130026 F
37 17 00100024 00130027 F
38 17 00100025 00130028 F
39 17 00100026 00130029 F
40 17 00100027 0013002A F
41 17 00100028 0013002B F
42 17 00110029 0012002B 8
45 17 0011002D 0013002F 6
46 17 0011002E 00130030 6
47 17 0010002E 00130031 F
48 17 0010002F 00130031 D
50 17 00100032 00130034 7
51 17 00100032 00120034 9
52 17 00100033 00120036 B
53 17 00100035 00120037 3
54 17 00100035 00120037 9
55 17 00100036 00120038 9
56 17 00100038 00120039 1
57 17 00100039 0012003A 1
58 17 0010003A 0012003B 1
59 17 0010003B 0012003C 1
60 17 0010003C 0012003E 3
61 17 0010003D 0012003E 1
62 17 0010003D 00120040 B
63 17 0010003F 00120041 3
64 17 0010003F 00130041 D
66 17 00100042 00130044 7
67 17 00100042 00120044 9
68 17 00100043 00120045 9
69 17 00100045 00120046 1
77 17 0010004D 0012004E 1
83 17 00110053 00120054 0
84 17 00110054 00120055 0
92 17 0011005C 0013005D 4
93 17 0011005D 0013005F 6
94 17 0011005E 00130060 6
95 17 0010005E 00120060 9
96 17 0010005F 00120062 B
97 17 00100061 00120063 3
98 17 00110061 00130063 C
99 17 00110062 00120064 8
109 17 0011006D 0013006F 6
110 17 0010006D 00130070 F
111 17 0011006E 00120070 8
0 18 00120000 00130002 2
1 18 00110001 00130003 3
2 18 00110001 00140004 F
3 18 00110002 00140005 F
4 18 00110003 00140006 F
5 18 00110004 00140007 F
6 18 00110005 00140008 F
7 18 00120006 00140008 C
8 18 00120007 00140009 C
12 18 0012000C 0013000E 2
13 18 0012000D 0014000F 6
14 18 0011000D 00140010 F
15 18 0011000E 00140011 F
16 18 0011000F 00130011 9
17 18 00110010 00130013 B
18 18 00110012 00130014 3
19 18 00110012 00140015 F
20 18 00110013 00140016 F
21 18 00110014 00140017 F
22 18 00110015 00130017 9
23 18 00110016 00130019 B
24 18 00110018 0013001A 3
25 18 00110018 0014001B F
26 18 00110019 0014001C F
27 18 0011001A 0014001D F
28 18 0011001B 0014001E F
29 18 0011001C 0014001F F
30 18 0011001D 00140020 F
31 18 0011001E 00130020 9
32 18 0011001F 00130021 9
34 18 00110022 00140024 7
35 18 00110022 00140025 F
36 18 00110023 00140026 F
37 18 00110024 00140027 F
38 18 00110025 00140028 F
39 18 00110026 00140029 F
40 18 00110027 0014002A F
41 18 00110028 0014002B F
42 18 00120029 0013002B 8
44 18 0012002C 0013002E 2
45 18 0012002D 0014002F 6
46 18 0011002D 00140030 F
47 18 0011002E 00140031 F
48 18 0012002F 00140031 C
49 18 00120030 00140033 E
50 18 00120032 00140034 6
51 18 00110032 00130034 9
53 18 00110035 00130037 3
54 18 00110036 00130037 1
61 18 0011003D 0013003E 1
63 18 0011003F 00130040 1
64 18 00120040 00130041 0
65 18 00120041 00130042 0
66 18 00120042 00130043 0
67 18 00110043 00130044 1
90 18 0012005A 0014005B 4
91 18 0012005B 0013005C 0
92 18 0012005C 0013005D 0
93 18 0011005D 0013005E 1
94 18 0011005E 0013005F 1
95 18 0011005F 00130060 1
97 18 00110061 00140063 7
98 18 00110061 00140064 F
99 18 00120062 00130064 8
108 18 0012006C 0013006E 2
109 18 0012006D 0014006F 6
110 18 0011006D 0013006F 9
111 18 0012006E 00130070 8
1 19 00120001 00140003 3
2 19 00120001 00150004 F
3 19 00120002 00150005 F
4 19 00120003 00150006 F
5 19 00120004 00150007 F
6 19 00120005 00150008 F
7 19 00120006 00150009 F
8 19 00130007 00150009 C
9 19 00130008 0015000A C
12 19 0013000C 0015000E 6
13 19 0012000C 0015000F F
14 19 0012000D 00150010 F
15 19 0012000E 00150011 F
16 19 0012000F 00150011 D
18 19 00120012 00150014 7
19 19 00120012 00150015 F
20 19 00120013 00150016 F
21 19 00120014 00150017 F
22 19 00120015 00140017 9
24 19 00120018 0014001A 3
25 19 00120018 0015001B F
26 19 00120019 0015001C F
27 19 0012001A 0015001D F
28 19 0012001B 0015001E F
29 19 0012001C 0015001F F
30 19 0012001D 00150020 F
31 19 0012001E 00140020 9
33 19 00130021 00140023 2
34 19 00130022 00150024 6
35 19 00120022 00150025 F
36 19 00120023 00150026 F
37 19 00120024 00150027 F
38 19 00120025 00150028 F
39 19 00120026 00150029 F
40 19 00120027 0015002A F
41 19 00120028 0015002B F
42 19 00130029 0014002B 8
44 19 0013002C 0014002E 2
45 19 0012002C 0015002F F
46 19 0012002D 00150030 F
47 19 0012002E 00150031 F
48 19 0012002F 00150032 F
49 19 00120030 00150033 F
50 19 00120031 00150034 F
51 19 00130032 00150034 C
54 19 00130036 00140037 0
55 19 00130037 00140038 0
56 19 00130038 00140039 0
57 19 00130039 0015003A 4
58 19 0013003A 0014003B 0
65 19 00120041 00140042 1
89 19 00130059 0014005B 2
90 19 0013005A 0015005C 6
91 19 0012005A 0015005C D
96 19 00130060 00150062 6
97 19 00130061 00150063 6
98 19 00120061 00150064 F
99 19 00130062 00140064 8
108 19 0013006C 0014006E 2
109 19 0012006C 0015006F F
110 19 0012006D 0014006F 9
1 20 00140001 00150003 2
2 20 00130001 00160004 F
3 20 00130002 00160005 F
4 20 00130003 00160006 F
5 20 00130004 00160007 F
6 20 00130005 00160008 F
7 20 00130006 00160009 F
8 20 00130007 0016000A F
9 20 00140008 0015000A 8
10 20 00140009 0015000B 8
11 20 0014000B 0015000D 2
12 20 0014000C 0016000E 6
13 20 0013000C 0016000F F
14 20 0013000D 00160010 F
15 20 0013000E 00160011 F
16 20 0014000F 00150011 8
17 20 00140010 00150012 8
18 20 00140012 00150014 2
19 20 00130013 00150015 3
20 20 00130013 00160016 F
21 20 00130014 00160017 F
22 20 00140015 00150017 8
24 20 00140018 0015001A 2
25 20 00130018 0016001B F
26 20 00130019 0016001C F
27 20 0013001A 0016001D F
28 20 0013001B 0016001E F
29 20 0013001C 0016001F F
30 20 0013001D 00160020 F
31 20 0014001E 00160020 C
33 20 00140021 00160023 6
34 20 00130021 00160024 F
35 20 00130022 00160025 F
36 20 00130023 00160026 F
37 20 00130024 00160027 F
38 20 00130025 00160028 F
39 20 00130026 00160029 F
40 20 00130027 0016002A F
41 20 00130028 0016002B F
42 20 00140029 0016002B C
44 20 0014002C 0016002E 6
45 20 0013002C 0016002F F
46 20 0013002D 00160030 F
47 20 0013002E 00160031 F
48 20 0013002F 00160032 F
49 20 00130030 00160033 F
50 20 00130031 00160034 F
51 20 00140032 00150034 8
52 20 00140033 00150035 8
56 20 00130038 00150039 1
57 20 00130039 0015003A 1
58 20 0014003A 0015003B 0
89 20 00140059 0015005B 2
90 20 00130059 0016005C F
91 20 0014005A 0016005C C
92 20 0014005B 0015005D 8
94 20 0014005E 0015005F 0
95 20 0014005F 00160061 6
96 20 00140060 00160062 6
97 20 00130060 00160063 F
98 20 00130061 00160064 F
99 20 00140062 00160064 C
108 20 0014006C 0016006E 6
109 20 0013006C 0015006E 9
110 20 0014006D 0015006F 8
1 21 00150001 00160003 2
2 21 00140001 00170004 F
3 21 00140002 00170005 F
4 21 00140003 00170006 F
5 21 00140004 00170007 F
6 21 00140005 00170008 F
7 21 00140006 00170009 F
8 21 00140007 0017000A F
9 21 00140008 0017000A D
11 21 0014000B 0017000D 7
12 21 0014000B 0017000E F
13 21 0014000C 0017000F F
14 21 0014000D 00170010 F
15 21 0014000E 00170011 F
16 21 0014000F 00170011 D
19 21 00140013 00170015 7
20 21 00140013 00170016 F
21 21 00140014 00170017 F
22 21 00150015 00160017 8
24 21 00150018 0016001A 2
25 21 00140018 0017001B F
26 21 00140019 0017001C F
27 21 0014001A 0017001D F
28 21 0014001B 0017001E F
29 21 0014001C 0017001F F
30 21 0014001D 00170020 F
31 21 0015001E 00170020 C
32 21 0015001F 00170022 E
33 21 00150021 00170023 6
34 21 00140021 00170024 F
35 21 00140022 00170025 F
36 21 00140023 00170026 F
37 21 00140024 00170027 F
38 21 00140025 00170028 F
39 21 00140026 00170029 F
40 21 00140027 0017002A F
41 21 00140028 0017002B F
42 21 00150029 0017002B C
43 21 0015002A 0017002D E
44 21 0015002C 0017002E 6
45 21 0014002C 0017002F F
46 21 0014002D 00170030 F
47 21 0014002E 00170031 F
48 21 0014002F 00170032 F
49 21 00140030 00170033 F
50 21 00140031 00170034 F
51 21 00140032 00160034 9
54 21 00150036 00170037 4
59 21 0015003B 0017003C 4
64 21 00150040 00170041 4
67 21 00150043 00170044 4
68 21 00150044 00170045 4
69 21 00150045 00160046 0
89 21 00150059 0016005B 2
90 21 0014005A 0016005C 3
91 21 0014005A 0017005D F
92 21 0015005B 0016005D 8
94 21 0015005E 0016005F 0
95 21 0014005F 00160060 1
96 21 00140060 00160062 3
97 21 00140061 00160063 3
98 21 00140061 00170064 F
99 21 00150062 00170064 C
100 21 00150063 00160065 8
107 21 0015006B 0016006D 2
108 21 0015006C 0017006E 6
109 21 0014006C 0016006E 9
1 22 00160001 00180003 6
2 22 00150001 00180004 F
3 22 00150002 00180005 F
4 22 00150003 00180006 F
5 22 00150004 00180007 F
6 22 00150005 00180008 F
7 22 00150006 00180009 F
8 22 00150007 0018000A F
9 22 00160008 0018000A C
10 22 00160009 0018000C E
11 22 0016000B 0018000D 6
12 22 0015000B 0018000E F
13 22 0015000C 0018000F F
14 22 0015000D 00180010 F
15 22 0015000E 00180011 F
16 22 0016000F 00180011 C
17 22 00160010 00180012 C
18 22 00160012 00180014 6
19 22 00160013 00180015 6
20 22 00150013 00180016 F
21 22 00150014 00180017 F
22 22 00160015 00170017 8
24 22 00160018 0017001A 2
25 22 00150018 0018001B F
26 22 00150019 0018001C F
27 22 0015001A 0018001D F
28 22 0015001B 0018001E F
29 22 0015001C 0018001F F
30 22 0015001D 00180020 F
31 22 0015001E 00180021 F
32 22 0015001F 00180022 F
33 22 00150020 00170022 9
34 22 00150021 00170023 9
35 22 00150023 00170024 1
36 22 00150024 00170025 1
37 22 00150025 00170027 3
38 22 00150026 00170028 3
39 22 00150026 00180029 F
40 22 00150027 0018002A F
41 22 00150028 0018002B F
42 22 00150029 0018002C F
43 22 0015002A 0018002D F
44 22 0015002B 0018002E F
45 22 0015002C 0018002F F
46 22 0015002D 00180030 F
47 22 0015002E 00180031 F
48 22 0015002F 00180032 F
49 22 00150030 00180033 F
50 22 00150031 00180034 F
51 22 00160032 00180034 C
53 22 00160035 00180037 6
54 22 00160036 00180037 4
55 22 00160036 00180038 C
56 22 00160038 00180039 4
57 22 00160039 0018003A 4
58 22 0016003A 0017003B 0
59 22 0016003B 0017003C 0
60 22 0016003C 0017003D 0
63 22 0016003F 00180041 6
64 22 00160040 00180041 4
65 22 00160040 00180042 C
66 22 00160042 00180044 6
67 22 00160043 00180045 6
68 22 00150043 00180046 F
69 22 00160044 00170046 8
90 22 0015005A 0017005B 1
91 22 0015005B 0017005C 1
92 22 0016005C 0017005D 0
97 22 00150061 00180063 7
98 22 00150061 00180064 F
99 22 00150062 00180065 F
100 22 00160063 00170065 8
107 22 0016006B 0017006D 2
108 22 0015006B 0018006E F
109 22 0016006C 0017006E 8
0 23 00170000 00180001 0
1 23 00170001 00180003 2
2 23 00160002 00180004 3
3 23 00160002 00180004 9
4 23 00160003 00180005 9
5 23 00160005 00180006 1
6 23 00160006 00180008 3
7 23 00160007 00180009 3
8 23 00160007 0019000A F
9 23 00160008 0019000B F
10 23 00160009 0019000C F
11 23 0016000A 0019000D F
12 23 0016000B 0019000E F
13 23 0016000C 0019000F F
14 23 0016000D 00190010 F
15 23 0016000E 00190011 F
16 23 0016000F 00190012 F
17 23 00160010 00190013 F
18 23 00160011 00190014 F
19 23 00160012 00190015 F
20 23 00160013 00190016 F
21 23 00160014 00190017 F
22 23 00170015 00180017 8
24 23 00170018 0018001A 2
25 23 00160018 0019001B F
26 23 00160019 0018001B 9
27 23 0016001A 0018001C 9
28 23 0016001C 0018001D 1
29 23 0016001D 0018001E 1
30 23 0016001E 0018001F 1
31 23 0016001F 00180020 1
32 23 00160020 00180021 1
33 23 00160021 00180022 1
38 23 00160026 00180028 3
39 23 00160027 00180029 3
40 23 00160027 0019002A F
41 23 00160028 0019002B F
42 23 00160029 0019002C F
43 23 0016002A 0019002D F
44 23 0016002B 0019002E F
45 23 0016002C 0019002F F
46 23 0016002D 00190030 F
47 23 0016002E 00190031 F
48 23 0016002F 00190032 F
49 23 00160030 00190033 F
50 23 00160031 00190034 F
51 23 00170032 00190034 C
52 23 00170033 00190036 E
53 23 00170035 00190037 6
54 23 00160035 00180037 9
55 23 00160036 00180038 9
56 23 00160038 0018003A 3
57 23 00160039 0018003B 3
58 23 00160039 0018003B 9
61 23 0017003D 0018003E 0
62 23 0017003E 00190040 6
63 23 0017003F 00190041 6
64 23 0016003F 00190042 F
65 23 00160040 00180042 9
66 23 00160041 00180043 9
67 23 00160043 00180044 1
68 23 00160044 00180045 1
69 23 00170045 00180046 0
87 23 00170057 00180058 0
88 23 00170058 00180059 0
96 23 00170060 00180062 2
97 23 00170061 00190063 6
98 23 00160061 00190064 F
99 23 00160062 00190065 F
100 23 00170063 00180065 8
107 23 0017006B 0019006D 6
108 23 0016006B 0018006D 9
109 23 0017006C 0018006E 8
2 24 00170002 00190003 1
3 24 00170003 00190004 1
7 24 00170007 00190008 1
8 24 00170008 00190009 1
9 24 00170009 0019000B 3
10 24 0017000A 0019000C 3
11 24 0017000A 001A000D F
12 24 0017000B 001A000E F
13 24 0017000C 001A000F F
14 24 0017000D 001A0010 F
15 24 0017000E 001A0011 F
16 24 0017000F 001A0012 F
17 24 00170010 001A0013 F
18 24 00170011 001A0014 F
19 24 00170012 001A0015 F
20 24 00170013 001A0016 F
21 24 00170014 001A0017 F
22 24 00180015 001A0017 C
24 24 00180018 001A001A 6
25 24 00170018 001A001B F
26 24 00170019 0019001B 9
39 24 00170027 00190029 3
40 24 00170027 001A002A F
41 24 00170028 001A002B F
42 24 00170029 0019002B 9
43 24 0017002A 0019002C 9
44 24 0017002C 0019002E 3
45 24 0017002D 0019002F 3
46 24 0017002D 001A0030 F
47 24 0017002E 001A0031 F
48 24 0017002F 00190031 9
49 24 00170030 00190033 B
50 24 00170032 00190034 3
51 24 00170032 00190034 9
52 24 00170033 00190036 B
53 24 00170035 00190036 1
54 24 00170035 00190037 9
57 24 00170039 0019003A 1
58 24 00180039 0019003B 8
61 24 0018003D 0019003E 0
62 24 0017003E 0019003F 1
63 24 0017003F 00190040 1
64 24 00170040 00190042 3
65 24 00170041 00190042 1
96 24 00180060 00190062 2
97 24 00170060 00190062 9
98 24 00170061 00190063 9
99 24 00170063 00190065 3
100 24 00180064 00190065 0
106 24 0018006A 0019006C 2
107 24 0018006B 001A006D 6
108 24 0017006B 0019006D 9
10 25 0018000A 001A000B 1
11 25 0018000B 001A000D 3
12 25 0018000C 001A000D 1
13 25 0018000C 001A000E 9
14 25 0018000E 001A0010 3
15 25 0018000F 001A0011 3
16 25 0018000F 001B0012 F
17 25 00180010 001B0013 F
18 25 00180011 001B0014 F
19 25 00180012 001B0015 F
20 25 00180013 001B0016 F
21 25 00180014 001B0017 F
22 25 00190015 001B0017 C
23 25 00190016 001B0019 E
24 25 00190018 001B001A 6
25 25 00180018 001A001A 9
26 25 00190019 001A001B 8
33 25 00190021 001A0022 0
39 25 00190027 001A0029 2
40 25 00180027 001B002A F
41 25 00180028 001B002B F
42 25 00180029 001A002B 9
45 25 0018002D 001A002F 3
46 25 0018002D 001B0030 F
47 25 0018002E 001B0031 F
48 25 0018002F 001B0031 D
50 25 00180032 001B0034 7
51 25 00180032 001A0034 9
53 25 00180035 001A0036 1
57 25 00190039 001A003A 0
65 25 00190041 001A0042 0
96 25 00190060 001A0062 2
97 25 00180060 001B0062 D
100 25 00190064 001B0065 4
101 25 00190064 001A0066 8
106 25 0019006A 001A006C 2
107 25 0018006A 001B006D F
108 25 0019006B 001B006D C
12 26 0019000C 001B000D 1
15 26 0019000F 001B0011 3
16 26 00190010 001B0012 3
17 26 00190010 001C0013 F
18 26 00190011 001C0014 F
19 26 00190012 001C0015 F
20 26 00190013 001C0016 F
21 26 00190014 001C0017 F
22 26 00190015 001C0018 F
23 26 00190016 001C0019 F
24 26 00190017 001C001A F
25 26 00190018 001B001A 9
32 26 001A0020 001C0022 6
33 26 001A0021 001C0022 4
39 26 001A0027 001B0029 2
40 26 00190028 001B002A 3
41 26 00190028 001C002B F
42 26 001A0029 001C002B C
45 26 001A002D 001C002F 6
46 26 0019002D 001C0030 F
47 26 0019002E 001C0031 F
48 26 001A002F 001C0031 C
49 26 001A0030 001C0033 E
50 26 001A0032 001C0034 6
51 26 001A0032 001B0034 8
96 26 001A0060 001C0062 6
97 26 001A0060 001C0062 C
98 26 001A0061 001C0063 C
99 26 001A0063 001C0065 6
100 26 001A0064 001C0066 6
101 26 001A0064 001B0066 8
106 26 001A006A 001C006C 6
107 26 0019006A 001C006D F
108 26 001A006B 001C006D C
109 26 001A006C 001B006E 8
16 27 001A0010 001C0011 1
17 27 001A0011 001C0012 1
18 27 001A0012 001C0013 1
19 27 001A0013 001C0015 3
20 27 001A0014 001C0016 3
21 27 001A0014 001D0017 F
22 27 001A0015 001D0018 F
23 27 001A0016 001D0019 F
24 27 001A0017 001C0019 9
25 27 001B0018 001C001A 8
29 27 001B001D 001C001E 0
31 27 001B001F 001D0021 6
32 27 001B0020 001D0022 6
33 27 001B0020 001C0022 8
34 27 001B0021 001C0023 8
40 27 001A0028 001C002A 3
41 27 001A0028 001D002B F
42 27 001B0029 001D002B C
43 27 001B002A 001D002C C
44 27 001B002C 001D002E 6
45 27 001B002D 001D002F 6
46 27 001A002D 001D0030 F
47 27 001A002E 001D0031 F
48 27 001A002F 001D0032 F
49 27 001A0030 001D0033 F
50 27 001A0031 001D0034 F
51 27 001B0032 001C0034 8
95 27 001B005F 001C0061 2
96 27 001B0060 001D0062 6
97 27 001A0060 001D0063 F
98 27 001A0061 001D0064 F
99 27 001A0062 001D0065 F
100 27 001A0063 001D0066 F
101 27 001B0064 001D0066 C
105 27 001B0069 001C006B 2
106 27 001B006A 001D006C 6
107 27 001A006A 001D006D F
108 27 001A006B 001C006D 9
109 27 001B006C 001C006E 8
20 28 001B0014 001D0016 3
21 28 001B0014 001E0017 F
22 28 001B0015 001E0018 F
23 28 001B0016 001E0019 F
24 28 001B0017 001D0019 9
29 28 001C001D 001D001E 0
30 28 001C001D 001E0020 E
31 28 001C001F 001E0021 6
32 28 001B001F 001E0022 F
33 28 001B0020 001D0022 9
40 28 001C0028 001D002A 2
41 28 001B0028 001E002B F
42 28 001B0029 001D002B 9
43 28 001B002A 001D002C 9
44 28 001B002C 001D002E 3
45 28 001B002D 001D002F 3
46 28 001B002D 001E0030 F
47 28 001B002E 001E0031 F
48 28 001B002F 001D0031 9
49 28 001B0030 001D0033 B
50 28 001B0032 001D0034 3
51 28 001C0032 001D0034 8
95 28 001C005F 001D0061 2
96 28 001B005F 001E0062 F
97 28 001B0060 001E0063 F
98 28 001B0061 001E0064 F
99 28 001B0062 001E0065 F
100 28 001B0063 001E0066 F
101 28 001C0064 001E0066 C
102 28 001C0065 001D0067 8
105 28 001C0069 001D006B 2
106 28 001B0069 001E006C F
107 28 001B006A 001D006C 9
108 28 001B006B 001D006D 9
20 29 001D0014 001E0016 2
21 29 001C0014 001F0017 F
22 29 001C0015 001F0018 F
23 29 001C0016 001F0019 F
24 29 001D0017 001E0019 8
29 29 001D001D 001E001F 2
30 29 001C001D 001F0020 F
31 29 001C001E 001F0021 F
32 29 001C001F 001F0022 F
33 29 001D0020 001E0022 8
40 29 001D0028 001E002A 2
41 29 001C0028 001F002B F
42 29 001C0029 001F002B D
45 29 001C002D 001E002F 3
46 29 001C002D 001F0030 F
47 29 001C002E 001F0031 F
48 29 001C002F 001E0031 9
50 29 001C0032 001E0033 1
51 29 001D0033 001E0034 0
95 29 001D005F 001E0061 2
96 29 001C005F 001F0062 F
97 29 001C0060 001F0063 F
98 29 001C0061 001F0064 F
99 29 001C0062 001F0065 F
100 29 001C0063 001F0066 F
101 29 001C0064 001F0067 F
102 29 001D0065 001E0067 8
105 29 001D0069 001F006B 6
106 29 001C0069 001E006B 9
107 29 001C006A 001E006C 9
20 30 001E0014 001F0016 2
21 30 001D0014 00200017 F
22 30 001D0015 00200018 F
23 30 001D0016 00200019 F
24 30 001E0017 001F0019 8
29 30 001E001D 0020001F 6
30 30 001D001D 00200020 F
31 30 001D001E 00200021 F
32 30 001D001F 00200022 F
33 30 001E0020 00200022 C
40 30 001E0028 001F002A 2
41 30 001D0028 0020002B F
42 30 001E0029 0020002B C
43 30 001E002A 001F002C 8
45 30 001E002D 001F002F 2
46 30 001D002D 00200030 F
47 30 001D002E 00200031 F
48 30 001E002F 001F0031 8
55 30 001E0037 001F0038 0
81 30 001E0051 001F0052 0
95 30 001E005F 00200061 6
96 30 001D005F 00200062 F
97 30 001D0060 001F0062 9
98 30 001D0061 001F0064 B
99 30 001D0063 001F0065 3
100 30 001D0063 00200066 F
101 30 001D0064 00200067 F
102 30 001E0065 001F0067 8
104 30 001E0068 001F006A 2
105 30 001E0069 0020006B 6
106 30 001D0069 0020006B D
109 30 001E006D 001F006E 0
20 31 001F0014 00200016 2
21 31 001E0015 00200017 3
22 31 001E0015 00210018 F
23 31 001E0016 00210019 F
24 31 001F0017 00200019 8
28 31 001F001C 0021001E 6
29 31 001F001D 0021001F 6
30 31 001E001D 00210020 F
31 31 001E001E 00200020 9
32 31 001E001F 00200022 B
33 31 001F0021 00200022 0
34 31 001F0021 00200023 8
40 31 001F0028 0020002A 2
41 31 001E0029 0020002B 3
42 31 001E0029 0021002C F
43 31 001F002A 0021002C C
45 31 001F002D 0021002F 6
46 31 001E002D 00210030 F
47 31 001E002E 00210031 F
48 31 001F002F 00200031 8
55 31 001F0037 00200038 0
81 31 001F0051 00200052 0
82 31 001F0052 00200053 0
94 31 001F005E 00200060 2
95 31 001F005F 00210061 6
96 31 001E005F 00210062 F
97 31 001E0060 00200062 9
99 31 001E0063 00200065 3
100 31 001E0063 00210066 F
101 31 001E0064 00210067 F
102 31 001F0065 00210067 C
104 31 001F0068 0021006A 6
105 31 001E0068 0021006B F
106 31 001F0069 0021006B C
107 31 001F006A 0020006C 8
109 31 001F006D 0020006E 0
21 32 001F0015 00210017 3
22 32 001F0015 00220018 F
23 32 001F0016 00220019 F
24 32 00200017 00220019 C
26 32 0020001A 0022001B 4
27 32 0020001B 0022001D 6
28 32 0020001C 0022001E 6
29 32 001F001C 0022001F F
30 32 001F001D 00220020 F
31 32 001F001E 00220020 D
33 32 001F0021 00210022 1
34 32 00200021 00210023 8
41 32 001F0029 0021002B 3
42 32 001F0029 0022002C F
43 32 0020002A 0022002C C
44 32 0020002B 0022002E E
45 32 0020002D 0022002F 6
46 32 001F002D 00220030 F
47 32 001F002E 00220031 F
48 32 0020002F 00210031 8
53 32 00200035 00210036 0
54 32 00200036 00210037 0
89 32 00200059 0022005A 4
90 32 0020005A 0022005B 4
91 32 0020005B 0022005C 4
92 32 0020005C 0022005D 4
94 32 0020005E 00220060 6
95 32 001F005E 00210060 9
96 32 001F005F 00210061 9
97 32 00200061 00210062 0
99 32 00200063 00210064 0
100 32 001F0064 00210066 3
101 32 001F0065 00210067 3
102 32 00200065 00220067 C
103 32 00200066 00220069 E
104 32 00200068 0022006A 6
105 32 001F0068 0022006B F
106 32 001F0069 0022006C F
107 32 0020006A 0022006C C
109 32 0020006D 0021006E 0
21 33 00210015 00220017 2
22 33 00200015 00230018 F
23 33 00200016 00230019 F
24 33 00210017 00230019 C
25 33 00210018 0023001B E
26 33 0021001A 0023001C 6
27 33 0020001A 0023001D F
28 33 0020001B 0023001E F
29 33 0020001C 0023001F F
30 33 0020001D 00230020 F
31 33 0021001E 00230020 C
32 33 0021001F 00230022 E
33 33 00210021 00230022 4
41 33 00210029 0022002B 2
42 33 00200029 0023002C F
43 33 0020002A 0022002C 9
44 33 0020002B 0022002E B
45 33 0020002D 0022002F 3
46 33 0020002D 00230030 F
47 33 0020002E 00230031 F
48 33 0021002F 00220031 8
51 33 00210033 00220034 0
52 33 00210034 00220035 0
53 33 00210035 00220036 0
88 33 00210058 0022005A 2
89 33 00210059 0023005B 6
90 33 00200059 0023005C F
91 33 0020005A 0023005D F
92 33 0021005B 0023005D C
93 33 0021005C 0023005F E
94 33 0021005E 00230060 6
95 33 0020005E 00230060 D
101 33 00200065 00220067 3
102 33 00200066 00220068 3
103 33 00200066 00230069 F
104 33 00200067 0023006A F
105 33 00200068 0023006B F
106 33 00200069 0022006B 9
107 33 0021006A 0022006C 8
108 33 0021006C 0022006D 0
109 33 0021006D 0022006E 0
21 34 00220015 00230017 2
22 34 00210015 00240018 F
23 34 00210016 00240019 F
24 34 00210017 0024001A F
25 34 00210018 0024001B F
26 34 00210019 0024001C F
27 34 0021001A 0024001D F
28 34 0021001B 0024001E F
29 34 0021001C 0024001F F
30 34 0021001D 00240020 F
31 34 0021001E 00240021 F
32 34 0021001F 00240022 F
33 34 00220020 00230022 8
34 34 00220021 00230023 8
35 34 00220023 00230024 0
41 34 00220029 0023002B 2
42 34 00210029 0024002C F
43 34 0021002A 0023002C 9
45 34 0021002D 0023002F 3
46 34 0021002D 00240030 F
47 34 0021002E 00230030 9
48 34 0022002F 00230031 8
88 34 00220058 0023005A 2
89 34 00210059 0023005B 3
90 34 00210059 0024005C F
91 34 0021005A 0024005D F
92 34 0021005B 0024005E F
93 34 0021005C 0024005F F
94 34 0021005D 00240060 F
95 34 0022005E 00240060 C
96 34 0022005F 00240061 C
97 34 00220061 00240062 4
102 34 00210066 00230068 3
103 34 00210066 00240069 F
104 34 00210067 0024006A F
105 34 00210068 0024006B F
106 34 00210069 0024006B D
108 34 0021006C 0023006D 1
21 35 00230015 00240017 2
22 35 00220016 00240018 3
23 35 00220016 00240018 9
24 35 00220017 0024001A B
25 35 00220019 0024001B 3
26 35 00220019 0025001C F
27 35 0022001A 0025001D F
28 35 0022001B 0025001E F
29 35 0022001C 0025001F F
30 35 0022001D 00250020 F
31 35 0022001E 00250021 F
32 35 0022001F 00240021 9
33 35 00220020 00240022 9
41 35 00230029 0024002B 2
42 35 00220029 0025002C F
43 35 0023002A 0024002C 8
45 35 0023002D 0024002F 2
46 35 0022002D 00250030 F
47 35 0022002E 00250030 D
89 35 00220059 0025005B 7
90 35 00220059 0025005C F
91 35 0022005A 0025005D F
92 35 0022005B 0025005E F
93 35 0022005C 0025005F F
94 35 0022005D 00250060 F
95 35 0022005E 00250061 F
96 35 0022005F 00250062 F
97 35 00230060 00250062 C
98 35 00230061 00250063 C
99 35 00230063 00250064 4
102 35 00230066 00250068 6
103 35 00220066 00250069 F
104 35 00220067 0025006A F
105 35 00220068 0024006A 9
106 35 00230069 0024006B 8
107 35 0023006B 0024006D 2
108 35 0023006C 0024006D 0
22 36 00230016 00250018 3
23 36 00230016 00260018 D
25 36 00230019 0026001B 7
26 36 00230019 0026001C F
27 36 0023001A 0026001D F
28 36 0023001B 0026001E F
29 36 0023001C 0026001F F
30 36 0023001D 00260020 F
31 36 0023001E 00260021 F
32 36 0023001F 00260021 D
34 36 00240022 00260023 4
35 36 00240023 00250024 0
41 36 00240029 0025002B 2
42 36 0023002A 0025002B 1
43 36 0024002A 0025002C 8
45 36 0024002D 0025002F 2
46 36 0023002D 00260030 F
47 36 0024002E 00260030 C
48 36 0024002F 00250031 8
82 36 00240052 00250053 0
83 36 00240053 00260054 4
84 36 00240054 00260055 4
85 36 00240055 00260056 4
86 36 00240056 00260057 4
87 36 00240057 00260058 4
88 36 00240058 0026005A 6
89 36 00240059 0026005B 6
90 36 00230059 0025005B 9
91 36 0023005A 0025005D B
92 36 0023005C 0025005E 3
93 36 0023005C 0025005E 9
94 36 0023005D 0025005F 9
95 36 0023005F 00250061 3
96 36 00230060 00250062 3
97 36 00230060 00260063 F
98 36 00230061 00260064 F
99 36 00240062 00260064 C
100 36 00240063 00260065 C
101 36 00240065 00260067 6
102 36 00240066 00260068 6
103 36 00230066 00260069 F
104 36 00230067 0026006A F
105 36 00230068 0025006A 9
107 36 0023006B 0025006C 1
108 36 0024006B 0025006D 8
22 37 00250016 00260018 2
23 37 00250016 00270018 C
24 37 00250017 0027001A E
25 37 00250019 0027001B 6
26 37 00240019 0027001C F
27 37 0024001A 0027001D F
28 37 0024001B 0027001E F
29 37 0024001C 0027001F F
30 37 0024001D 0026001F 9
31 37 0024001E 00260021 B
32 37 00250020 00260021 0
33 37 00250020 00270023 E
34 37 00250022 00270024 6
35 37 00250022 00260024 8
42 37 0024002A 0026002B 1
45 37 0025002D 0026002F 2
46 37 0024002D 00270030 F
47 37 0024002E 00270031 F
48 37 0025002F 00260031 8
74 37 0025004A 0026004B 0
75 37 0025004B 0026004C 0
76 37 0025004C 0027004D 4
77 37 0025004D 0027004E 4
78 37 0025004E 0027004F 4
79 37 0025004F 00270050 4
80 37 00250050 00270051 4
82 37 00250052 00270054 6
83 37 00240052 00270055 F
84 37 00240053 00270056 F
85 37 00240054 00270057 F
86 37 00240055 00260057 9
87 37 00240056 00260058 9
88 37 00240058 00260059 1
89 37 00240059 0026005A 1
90 37 0024005A 0026005B 1
92 37 0024005C 0026005E 3
93 37 0024005C 0027005E D
96 37 00240060 00260061 1
97 37 00240061 00260062 1
98 37 00240062 00260064 3
99 37 00240063 00260065 3
100 37 00240063 00270066 F
101 37 00240064 00270067 F
102 37 00240065 00270068 F
103 37 00240066 00270069 F
104 37 00240067 0027006A F
105 37 00250068 0027006A C
107 37 0025006B 0026006C 0
22 38 00260016 00270018 2
23 38 00250016 00270018 9
24 38 00250017 00270019 9
25 38 00250019 0027001A 1
26 38 0025001A 0027001C 3
27 38 0025001B 0027001D 3
28 38 0025001B 0028001E F
29 38 0025001C 0028001F F
30 38 0025001D 0028001F D
32 38 00250020 00280022 7
33 38 00250020 00280023 F
34 38 00250021 00280024 F
35 38 00260022 00270024 8
45 38 0026002D 0027002F 2
46 38 0025002D 00280030 F
47 38 0025002E 00280031 F
48 38 0026002F 00270031 8
62 38 0026003E 0028003F 4
63 38 0026003F 00280040 4
64 38 00260040 00280041 4
65 38 00260041 00280042 4
66 38 00260042 00280043 4
67 38 00260043 00280044 4
68 38 00260044 00280045 4
69 38 00260045 00280046 4
70 38 00260046 00280047 4
71 38 00260047 00280048 4
72 38 00260048 00280049 4
73 38 00260049 0028004A 4
75 38 0025004B 0028004D 7
76 38 0025004B 0028004E F
77 38 0025004C 0028004F F
78 38 0025004D 0027004F 9
79 38 0025004E 00270051 B
80 38 00260050 00270051 0
81 38 00260050 00280053 E
82 38 00260052 00280054 6
83 38 00250052 00280055 F
84 38 00250053 00280056 F
85 38 00250054 00280057 F
86 38 00250055 00270057 9
92 38 0026005C 0028005E 6
93 38 0026005C 0028005E C
94 38 0026005D 0027005F 8
99 38 00250063 00270064 1
100 38 00250064 00270066 3
101 38 00250065 00270067 3
102 38 00250065 00280068 F
103 38 00250066 00270068 9
104 38 00250067 00270069 9
105 38 00260069 0027006A 0
106 38 0026006A 0027006C 2
107 38 0026006B 0027006C 0
22 39 00270016 00280018 2
23 39 00260016 00280018 9
27 39 0026001B 0028001D 3
28 39 0026001C 0028001E 3
29 39 0026001C 0029001F F
30 39 0027001D 0029001F C
31 39 0027001E 00290021 E
32 39 00270020 00290022 6
33 39 00260020 00290023 F
34 39 00260021 00290024 F
35 39 00270022 00280024 8
45 39 0027002D 0028002F 2
46 39 0026002D 00290030 F
47 39 0026002E 00290031 F
48 39 0027002F 00290031 C
51 39 00270033 00290034 4
52 39 00270034 00290035 4
53 39 00270035 00290036 4
54 39 00270036 00290037 4
55 39 00270037 00290038 4
56 39 00270038 00290039 4
57 39 00270039 0029003A 4
58 39 0027003A 0029003B 4
59 39 0027003B 0029003C 4
60 39 0027003C 0029003D 4
61 39 0027003D 0029003F 6
62 39 0027003E 00290040 6
63 39 0026003E 00290041 F
64 39 0026003F 00290042 F
65 39 00260040 00290043 F
66 39 00260041 00290044 F
67 39 00260042 00290045 F
68 39 00260043 00290046 F
69 39 00260044 00290047 F
70 39 00260045 00290048 F
71 39 00260046 00290049 F
72 39 00260047 0029004A F
73 39 00270048 0029004A C
74 39 00270049 0029004C E
75 39 0027004B 0029004D 6
76 39 0026004B 0029004E F
77 39 0026004C 0029004F F
78 39 0026004D 0029004F D
80 39 00260050 00290052 7
81 39 00260050 00290053 F
82 39 00260051 00290054 F
83 39 00260052 00290055 F
84 39 00260053 00290056 F
85 39 00260054 00280056 9
86 39 00270055 00280057 8
91 39 0027005B 0028005D 2
92 39 0027005C 0028005E 2
93 39 0026005C 0028005E 9
94 39 0027005D 0028005F 8
96 39 00270060 00280061 0
97 39 00270061 00280062 0
101 39 00260065 00280067 3
102 39 00260065 00290068 F
103 39 00260066 00280068 9
106 39 0026006A 0028006B 1
107 39 0027006A 0028006C 8
22 40 00280016 002A0018 6
23 40 00280016 00290018 8
28 40 0027001C 0029001E 3
29 40 0027001C 002A001F F
30 40 0027001D 002A0020 F
31 40 0027001E 002A0021 F
32 40 0027001F 002A0022 F
33 40 00270020 002A0023 F
34 40 00270021 002A0024 F
35 40 00280022 00290024 8
45 40 0028002D 0029002F 2
46 40 0027002D 002A0030 F
47 40 0027002E 002A0031 F
48 40 0028002F 002A0031 C
49 40 00280030 00290032 8
50 40 00280032 00290034 2
51 40 00280033 00290035 2
52 40 00270033 002A0036 F
53 40 00270034 002A0037 F
54 40 00270035 002A0038 F
55 40 00270036 002A0039 F
56 40 00270037 002A003A F
57 40 00270038 002A003B F
58 40 00270039 002A003C F
59 40 0027003A 002A003D F
60 40 0027003B 002A003E F
61 40 0027003C 002A003F F
62 40 0027003D 002A0040 F
63 40 0027003E 00290040 9
64 40 0027003F 00290041 9
65 40 00270041 00290043 3
66 40 00270042 00290044 3
67 40 00270042 00290044 9
68 40 00270043 00290046 B
69 40 00270045 00290047 3
70 40 00270045 002A0048 F
71 40 00270046 002A0049 F
72 40 00270047 002A004A F
73 40 00270048 002A004B F
74 40 00270049 002A004C F
75 40 0027004A 002A004D F
76 40 0027004B 002A004E F
77 40 0027004C 002A004F F
78 40 0028004D 002A004F C
79 40 0028004E 002A0051 E
80 40 00280050 002A0052 6
81 40 00270050 002A0053 F
82 40 00270051 00290053 9
83 40 00270052 00290055 B
84 40 00270054 00290055 1
85 40 00270054 00290056 9
92 40 0027005C 0029005E 3
93 40 0027005C 0029005E 9
101 40 00280065 00290067 2
102 40 00270065 002A0068 F
103 40 00280066 002A0068 C
105 40 00280069 002A006B 6
106 40 0028006A 0029006B 0
21 41 00290015 002A0017 2
22 41 00290016 002B0018 6
23 41 00290016 002A0018 8
28 41 0029001C 002A001E 2
29 41 0028001D 002A001F 3
30 41 0028001D 002B0020 F
31 41 0028001E 002B0021 F
32 41 0028001F 002B0022 F
33 41 00280020 002B0023 F
34 41 00280021 002B0024 F
35 41 00290022 002A0024 8
45 41 0029002D 002A002F 2
46 41 0028002D 002B0030 F
47 41 0028002E 002B0031 F
48 41 0028002F 002B0032 F
49 41 00280030 002B0032 D
51 41 00280033 002B0035 7
52 41 00280033 002B0036 F
53 41 00280034 002B0037 F
54 41 00280035 002B0038 F
55 41 00280036 002B0039 F
56 41 00280037 002A0039 9
57 41 00280038 002A003A 9
58 41 0028003A 002A003B 1
59 41 0028003B 002A003C 1
60 41 0028003C 002A003D 1
61 41 0028003D 002A003E 1
62 41 0028003E 002A003F 1
63 41 0028003F 002A0040 1
66 41 00280042 002A0044 3
67 41 00280043 002A0044 1
69 41 00280045 002A0046 1
70 41 00280046 002A0048 3
71 41 00280047 002A0048 1
72 41 00280047 002A004A B
73 41 00280049 002A004B 3
74 41 00280049 002B004C F
75 41 0028004A 002A004C 9
76 41 0028004B 002A004E B
77 41 0028004D 002A004E 1
78 41 0028004D 002A0050 B
79 41 0028004F 002A0050 1
80 41 0028004F 002A0051 9
81 41 00280051 002A0052 1
82 41 00280052 002A0053 1
84 41 00280054 002A0055 1
92 41 0029005C 002B005E 6
93 41 0029005C 002A005E 8
101 41 00290065 002A0067 2
102 41 00280066 002A0068 3
103 41 00290066 002B0068 C
104 41 00290067 002B006A E
105 41 00290069 002B006B 6
106 41 00290069 002B006B C
111 41 0029006F 002A0070 0
21 42 002A0015 002B0017 2
22 42 00290015 002C0018 F
23 42 002A0016 002B0018 8
27 42 002A001B 002B001C 0
29 42 0029001D 002C001F 7
30 42 0029001D 002C0020 F
31 42 0029001E 002C0021 F
32 42 0029001F 002C0022 F
33 42 00290020 002C0023 F
34 42 00290021 002C0024 F
35 42 002A0022 002B0024 8
45 42 002A002D 002C002F 6
46 42 0029002D 002C0030 F
47 42 0029002E 002C0031 F
48 42 0029002F 002C0032 F
49 42 002A0030 002B0032 8
50 42 002A0031 002B0034 A
51 42 002A0033 002B0034 0
52 42 00290033 002B0036 B
53 42 00290035 002B0037 3
54 42 00290035 002C0038 F
55 42 00290036 002C0039 F
56 42 00290037 002C0039 D
64 42 002A0040 002B0041 0
65 42 002A0041 002B0042 0
67 42 002A0043 002B0044 0
71 42 00290047 002B0048 1
73 42 00290049 002B004A 1
74 42 0029004A 002B004C 3
75 42 0029004B 002B004C 1
77 42 0029004D 002B004E 1
79 42 0029004F 002B0050 1
91 42 002A005B 002B005D 2
92 42 002A005C 002C005E 6
93 42 002A005C 002B005E 8
102 42 00290066 002B0067 1
103 42 00290067 002B0068 1
104 42 00290068 002B006A 3
105 42 00290069 002B006B 3
106 42 002A0069 002C006B C
107 42 002A006A 002C006C C
110 42 002A006E 002C0070 6
111 42 002A006F 002B0070 0
21 43 002B0015 002C0017 2
22 43 002A0015 002D0018 F
23 43 002B0016 002C0018 8
27 43 002B001B 002C001C 0
28 43 002B001C 002C001D 0
29 43 002B001D 002C001F 2
30 43 002A001E 002C0020 3
31 43 002A001E 002C0020 9
32 43 002A001F 002C0022 B
33 43 002A0021 002C0023 3
34 43 002A0021 002D0024 F
35 43 002B0022 002C0024 8
44 43 002B002C 002C002E 2
45 43 002B002D 002C002F 2
46 43 002A002D 002D0030 F
47 43 002A002E 002C0030 9
48 43 002A002F 002C0031 9
49 43 002A0031 002C0032 1
51 43 002A0033 002C0034 1
53 43 002A0035 002C0037 3
54 43 002A0036 002C0038 3
55 43 002A0036 002D0039 F
56 43 002B0037 002D0039 C
57 43 002B0038 002C003A 8
59 43 002B003B 002C003C 0
61 43 002B003D 002C003E 0
62 43 002B003E 002D003F 4
63 43 002B003F 002D0040 4
75 43 002B004B 002C004C 0
76 43 002B004C 002C004D 0
77 43 002B004D 002C004E 0
79 43 002B004F 002C0050 0
91 43 002B005B 002C005D 2
92 43 002A005B 002C005D 9
93 43 002B005C 002C005E 8
105 43 002A0069 002C006A 1
106 43 002A006A 002C006C 3
107 43 002B006B 002C006C 0
108 43 002B006B 002D006D C
109 43 002B006D 002D006F 6
110 43 002B006E 002D0070 6
111 43 002B006E 002C0070 8
12 44 002C000C 002D000D 0
13 44 002C000D 002D000E 0
21 44 002C0015 002D0017 2
22 44 002B0015 002E0018 F
23 44 002C0016 002D0018 8
28 44 002B001C 002D001D 1
30 44 002B001E 002E0020 7
31 44 002B001E 002E0020 D
33 44 002B0021 002E0023 7
34 44 002B0021 002E0024 F
35 44 002C0022 002D0024 8
45 44 002B002D 002D002F 3
46 44 002B002D 002E0030 F
47 44 002B002E 002E0030 D
51 44 002C0033 002E0034 4
52 44 002C0033 002D0035 8
54 44 002B0036 002D0037 1
55 44 002B0036 002D0038 9
56 44 002B0038 002D0039 1
57 44 002C0039 002D003A 0
59 44 002C003B 002D003C 0
61 44 002C003D 002D003E 0
62 44 002B003E 002D003F 1
63 44 002C003F 002D0040 0
64 44 002C0040 002D0041 0
65 44 002C0041 002D0042 0
68 44 002C0044 002D0045 0
69 44 002C0045 002D0046 0
91 44 002C005B 002E005D 6
92 44 002B005B 002D005D 9
107 44 002B006B 002D006C 1
108 44 002B006C 002D006E 3
109 44 002B006D 002D006F 3
110 44 002B006D 002E0070 F
111 44 002C006E 002D0070 8
3 45 002D0003 002E0004 0
12 45 002D000C 002E000D 0
13 45 002D000D 002E000E 0
21 45 002D0015 002E0017 2
22 45 002C0015 002F0018 F
23 45 002D0016 002E0018 8
28 45 002D001C 002E001D 0
29 45 002D001C 002F001F E
30 45 002D001E 002F0020 6
31 45 002D001E 002F0020 C
32 45 002D001F 002F0022 E
33 45 002D0021 002F0023 6
34 45 002C0021 002F0024 F
35 45 002D0022 002E0024 8
45 45 002D002D 002F002F 6
46 45 002C002D 002F0030 F
47 45 002D002E 002F0030 C
48 45 002D002F 002E0031 8
50 45 002D0032 002E0034 2
51 45 002D0033 002F0035 6
52 45 002D0033 002E0035 8
54 45 002D0036 002E0037 0
73 45 002D0049 002E004A 0
74 45 002D004A 002E004B 0
90 45 002D005A 002E005C 2
91 45 002D005B 002F005D 6
92 45 002D005B 002E005D 8
109 45 002C006D 002E006F 3
110 45 002C006E 002E0070 3
111 45 002D006E 002E0070 8
3 46 002E0003 002F0004 0
21 46 002E0015 002F0017 2
22 46 002D0015 00300018 F
23 46 002E0016 002F0018 8
28 46 002E001C 002F001E 2
29 46 002D001C 0030001F F
30 46 002D001D 00300020 F
31 46 002D001E 00300021 F
32 46 002D001F 00300022 F
33 46 002D0020 00300023 F
34 46 002D0021 00300024 F
35 46 002E0022 002F0024 8
44 46 002E002C 002F002E 2
45 46 002E002D 002F002F 2
46 46 002D002D 00300030 F
47 46 002D002E 00300031 F
48 46 002E002F 002F0031 8
50 46 002E0032 002F0033 0
51 46 002D0032 002F0034 9
52 46 002E0034 002F0035 0
54 46 002E0036 002F0037 0
55 46 002E0037 002F0038 0
90 46 002E005A 002F005C 2
91 46 002D005A 002F005C 9
92 46 002E005B 002F005D 8
110 46 002D006E 002F006F 1
111 46 002E006F 002F0070 0
21 47 002F0015 00300017 2
22 47 002E0015 00310018 F
23 47 002F0016 00300018 8
28 47 002F001C 0030001E 2
29 47 002E001D 0030001F 3
30 47 002E001D 0030001F 9
31 47 002E001E 00300021 B
32 47 002E0020 00300022 3
33 47 002E0020 00310023 F
34 47 002E0021 00310024 F
35 47 002F0022 00300024 8
45 47 002E002D 0030002F 3
46 47 002E002D 00310030 F
47 47 002E002E 00310031 F
48 47 002F002F 00300031 8
50 47 002F0032 00300033 0
90 47 002F005A 0030005C 2
91 47 002E005A 0030005C 9
107 47 002F006B 0030006C 0
21 48 00300015 00310017 2
22 48 002F0015 00320018 F
23 48 00300016 00310018 8
29 48 002F001D 0032001F 7
30 48 002F001D 0032001F D
32 48 002F0020 00320022 7
33 48 002F0020 00320023 F
34 48 002F0021 00320024 F
35 48 00300022 00320024 C
45 48 0030002D 0031002F 2
46 48 002F002E 00310030 3
47 48 002F002E 00320031 F
48 48 0030002F 00320031 C
50 48 00300032 00310033 0
51 48 00300033 00310034 0
90 48 0030005A 0032005C 6
91 48 0030005A 0031005C 8
107 48 0030006B 0031006C 0
2 49 00310002 00320003 0
21 49 00310015 00320017 2
22 49 00300015 00320017 9
23 49 00310016 00320018 8
28 49 0031001C 0032001E 2
29 49 0031001D 0032001F 2
30 49 0031001D 0033001F C
31 49 0031001E 00330021 E
32 49 00310020 00330022 6
33 49 00300020 00330023 F
34 49 00300021 00320023 9
35 49 00310022 00320024 8
36 49 00310024 00320025 0
46 49 0030002E 00320030 3
47 49 0030002E 00330031 F
48 49 0031002F 00330031 C
49 49 00310030 00330032 C
89 49 00310059 0032005B 2
90 49 0031005A 0032005C 2
91 49 0031005A 0032005C 8
2 50 00320002 00330003 0
21 50 00320015 00330017 2
22 50 00310015 00330017 9
27 50 0032001B 0033001C 0
29 50 0031001D 0034001F 7
30 50 0031001D 00340020 F
31 50 0031001E 00340021 F
32 50 0031001F 00340022 F
33 50 00310020 00340023 F
34 50 00310021 00340023 D
46 50 0032002E 00330030 2
47 50 0031002E 00340031 F
48 50 0031002F 00340032 F
49 50 00320030 00340032 C
50 50 00320031 00340033 C
51 50 00320033 00330034 0
70 50 00320046 00330047 0
71 50 00320047 00330048 0
72 50 00320048 00330049 0
90 50 0031005A 0034005C 7
91 50 0032005A 0033005C 8
3 51 00330003 00340004 0
4 51 00330004 00340005 0
21 51 00330015 00340017 2
22 51 00330015 00340017 8
27 51 0033001B 0034001C 0
28 51 0033001B 0035001E E
29 51 0033001D 0035001F 6
30 51 0032001D 00350020 F
31 51 0032001E 00350021 F
32 51 0032001F 00350022 F
33 51 00320020 00350023 F
34 51 00330021 00350023 C
35 51 00330022 00350024 C
36 51 00330024 00340025 0
46 51 0033002E 0034002F 0
47 51 0032002F 00340031 3
48 51 00320030 00340032 3
49 51 00320030 00350033 F
50 51 00320031 00350034 F
51 51 00330032 00340034 8
89 51 00330059 0034005B 2
90 51 0033005A 0035005C 6
91 51 0033005A 0034005C 8
3 52 00340003 00350004 0
6 52 00340006 00350007 0
21 52 00340015 00350017 2
22 52 00340015 00350017 8
27 52 0034001B 0035001C 0
28 52 0033001B 0035001E B
29 52 0033001D 0035001F 3
30 52 0033001D 00360020 F
31 52 0033001E 00360021 F
32 52 0033001F 00360022 F
33 52 00330020 00360023 F
34 52 00330021 00360024 F
35 52 00330022 00350024 9
36 52 00340023 00350025 8
48 52 00330030 00360032 7
49 52 00330030 00360033 F
50 52 00330031 00360034 F
51 52 00340032 00350034 8
57 52 00340039 0035003A 0
60 52 0034003C 0035003D 0
61 52 0034003D 0035003E 0
89 52 00340059 0035005B 2
90 52 00330059 0035005B 9
91 52 0034005A 0035005C 8
5 53 00350005 00360006 0
6 53 00350006 00360007 0
15 53 0035000F 00360010 0
21 53 00350015 00360017 2
22 53 00350015 00360017 8
27 53 0035001B 0036001C 0
29 53 0034001D 0037001F 7
30 53 0034001D 00370020 F
31 53 0034001E 00370021 F
32 53 0034001F 00370022 F
33 53 00340020 00370023 F
34 53 00340021 00360023 9
35 53 00340022 00360024 9
46 53 0035002E 0037002F 4
47 53 0035002F 00370031 6
48 53 00350030 00370032 6
49 53 00340030 00370033 F
50 53 00340031 00370034 F
51 53 00350032 00360034 8
57 53 00350039 0036003A 0
60 53 0035003C 0036003D 0
89 53 00350059 0037005B 6
90 53 00340059 0036005B 9
15 54 0036000F 00370010 0
21 54 00360015 00370017 2
22 54 00360015 00370017 8
27 54 0036001B 0037001C 0
28 54 0036001C 0037001E 2
29 54 0036001D 0038001F 6
30 54 0035001D 00380020 F
31 54 0035001E 00380021 F
32 54 0035001F 00380022 F
33 54 00350020 00380023 F
34 54 00350021 00380023 D
45 54 0036002D 0037002F 2
46 54 0036002E 00380030 6
47 54 0035002E 00380031 F
48 54 0035002F 00380032 F
49 54 00350030 00380033 F
50 54 00350031 00380034 F
51 54 00360032 00370034 8
88 54 00360058 0037005A 2
89 54 00360059 0037005A 0
90 54 00360059 0037005B 8
21 55 00370015 00380017 2
22 55 00370015 00390017 C
28 55 0036001C 0039001E 7
29 55 0036001C 0039001F F
30 55 0036001D 00390020 F
31 55 0036001E 00390021 F
32 55 0036001F 00390022 F
33 55 00360020 00390023 F
34 55 00370021 00390023 C
35 55 00370022 00390024 C
45 55 0037002D 0038002F 2
46 55 0036002E 00380030 3
47 55 0036002E 00390031 F
48 55 0036002F 00390032 F
49 55 00360030 00390033 F
50 55 00360031 00390034 F
51 55 00370032 00380034 8
88 55 00370058 0038005A 2
89 55 00360058 0039005A D
106 55 0037006A 0038006B 0
107 55 0037006B 0038006C 0
108 55 0037006C 0038006D 0
109 55 0037006D 0038006E 0
1 56 00380001 00390002 0
21 56 00380015 00390017 2
22 56 00380015 003A0017 C
23 56 00380016 003A0018 C
24 56 00380018 003A0019 4
25 56 00380019 003A001A 4
26 56 0038001A 003A001B 4
27 56 0038001B 003A001D 6
28 56 0038001C 003A001E 6
29 56 0037001C 003A001F F
30 56 0037001D 003A0020 F
31 56 0037001E 003A0021 F
32 56 0037001F 003A0022 F
33 56 00370020 003A0023 F
34 56 00370021 003A0024 F
35 56 00380022 003A0024 C
36 56 00380023 003A0025 C
37 56 00380025 003A0026 4
38 56 00380026 003A0027 4
39 56 00380027 003A0028 4
40 56 00380028 003A0029 4
42 56 0038002A 0039002B 0
43 56 0038002B 0039002C 0
46 56 0037002E 00390030 3
47 56 0037002E 003A0031 F
48 56 0037002F 003A0032 F
49 56 00370030 003A0033 F
50 56 00370031 00390033 9
51 56 00380032 00390034 8
88 56 00380058 003A005A 6
89 56 00380058 003A005A C
90 56 00380059 0039005B 8
108 56 0037006C 0039006D 1
109 56 0038006D 0039006E 0
0 57 00390000 003A0001 0
1 57 00390001 003A0002 0
21 57 00390015 003B0017 6
22 57 00380015 003B0018 F
23 57 00380016 003B0019 F
24 57 00380017 003B001A F
25 57 00380018 003B001B F
26 57 00380019 003B001C F
27 57 0038001A 003B001D F
28 57 0038001B 003A001D 9
29 57 0038001C 003A001E 9
30 57 0038001E 003A001F 1
31 57 0038001F 003A0020 1
32 57 00380020 003A0021 1
33 57 00380021 003A0022 1
34 57 00380022 003A0023 1
35 57 00380023 003A0025 3
36 57 00380024 003A0025 1
37 57 00380024 003A0026 9
38 57 00380026 003A0027 1
39 57 00380027 003A0029 3
40 57 00390028 003A0029 0
41 57 00390028 003A002A 8
46 57 0039002E 003A0030 2
47 57 0038002E 003B0031 F
48 57 0038002F 003A0031 9
49 57 00380030 003A0032 9
50 57 00380032 003A0033 1
87 57 00390057 003A0059 2
88 57 00390058 003B005A 6
89 57 00380058 003A005A 9
90 57 00390059 003A005B 8
111 57 0039006F 003A0070 0
20 58 003A0014 003C0016 6
21 58 003A0015 003C0017 6
22 58 00390015 003C0018 F
23 58 00390016 003C0019 F
24 58 00390017 003C001A F
25 58 00390018 003C001B F
26 58 00390019 003C001C F
27 58 0039001A 003C001D F
28 58 0039001B 003B001D 9
36 58 00390024 003B0025 1
40 58 00390028 003C002A 7
41 58 003A0028 003B002A 8
46 58 003A002E 003B0030 2
47 58 0039002E 003C0031 F
48 58 0039002F 003B0031 9
87 58 003A0057 003B0059 2
88 58 00390057 003C005A F
89 58 00390058 003B005A 9
108 58 003A006C 003B006D 0
109 58 003A006D 003C006E 4
110 58 003A006E 003C0070 6
111 58 003A006F 003B0070 0
19 59 003B0013 003D0015 6
20 59 003B0014 003D0016 6
21 59 003A0014 003D0017 F
22 59 003A0015 003D0018 F
23 59 003A0016 003C0018 9
24 59 003A0017 003C001A B
25 59 003A0019 003C001B 3
26 59 003A0019 003D001C F
27 59 003A001A 003D001D F
28 59 003B001B 003D001D C
32 59 003B0020 003D0021 4
37 59 003B0025 003D0026 4
38 59 003B0026 003D0027 4
39 59 003B0027 003C0028 0
40 59 003B0028 003C0029 0
41 59 003B0029 003C002A 0
44 59 003B002C 003C002D 0
46 59 003B002E 003D0030 6
47 59 003A002E 003D0031 F
48 59 003B002F 003C0031 8
87 59 003B0057 003C0059 2
88 59 003A0057 003C0059 9
89 59 003B0058 003C005A 8
108 59 003B006C 003C006D 0
109 59 003A006D 003C006F 3
110 59 003A006E 003C006F 1
111 59 003B006E 003C0070 8
18 60 003C0012 003D0014 2
19 60 003C0013 003E0015 6
20 60 003B0013 003E0016 F
21 60 003B0014 003E0017 F
22 60 003B0015 003D0017 9
23 60 003B0016 003D0018 9
25 60 003B0019 003D001A 1
26 60 003B001A 003D001B 1
27 60 003B001B 003D001D 3
28 60 003C001C 003D001D 0
29 60 003C001C 003E001E C
30 60 003C001E 003E001F 4
31 60 003C001F 003E0021 6
32 60 003C0020 003E0021 4
33 60 003C0020 003E0022 C
34 60 003C0022 003E0023 4
35 60 003C0023 003D0024 0
36 60 003C0024 003D0025 0
37 60 003C0025 003D0026 0
38 60 003B0026 003D0027 1
39 60 003B0027 003D0028 1
44 60 003C002C 003D002D 0
45 60 003C002C 003E002F E
46 60 003C002E 003E0030 6
47 60 003B002E 003E0031 F
48 60 003C002F 003D0031 8
87 60 003C0057 003E0059 6
88 60 003B0057 003D0059 9
104 60 003C0068 003D0069 0
110 60 003B006E 003D006F 1
8 61 003D0008 003E0009 0
9 61 003D0009 003E000A 0
18 61 003D0012 003E0013 0
19 61 003C0013 003E0015 3
20 61 003C0014 003E0016 3
21 61 003C0014 003F0017 F
22 61 003C0015 003E0017 9
28 61 003C001C 003E001E 3
29 61 003C001C 003F001F F
30 61 003C001D 003F0020 F
31 61 003C001E 003F0021 F
32 61 003C001F 003F0022 F
33 61 003C0020 003F0023 F
34 61 003C0021 003F0024 F
35 61 003C0022 003E0024 9
44 61 003D002C 003E002E 2
45 61 003C002C 003F002F F
46 61 003C002D 003F0030 F
47 61 003C002E 003E0030 9
48 61 003D002F 003E0031 8
86 61 003D0056 003E0058 2
87 61 003D0057 003E0058 0
88 61 003D0057 003E0059 8
103 61 003D0067 003E0069 2
104 61 003D0068 003E0069 0
109 61 003D006D 003E006F 2
110 61 003D006E 003F006F 4
7 62 003E0007 003F0008 0
13 62 003E000D 003F000E 0
20 62 003D0014 003F0016 3
21 62 003D0015 003F0017 3
22 62 003E0015 003F0017 8
28 62 003E001C 003F001D 0
29 62 003D001D 003F001F 3
30 62 003D001E 003F0020 3
31 62 003D001E 00400021 F
32 62 003D001F 00400022 F
33 62 003D0020 00400023 F
34 62 003D0021 003F0023 9
35 62 003E0022 003F0024 8
44 62 003E002C 003F002E 2
45 62 003D002C 0040002F F
46 62 003D002D 00400030 F
47 62 003D002E 003F0030 9
86 62 003E0056 003F0058 2
87 62 003D0056 003F0058 9
103 62 003E0067 003F0068 0
104 62 003E0068 003F0069 0
109 62 003E006D 003F006F 2
110 62 003E006D 0040006F C
111 62 003E006E 003F0070 8
7 63 003F0007 00400008 0
13 63 003F000D 0040000E 0
21 63 003E0015 00400017 3
22 63 003F0015 00400017 8
30 63 003E001E 00410020 7
31 63 003E001E 00410021 F
32 63 003E001F 00410022 F
33 63 003E0020 00410023 F
34 63 003E0021 00410023 D
44 63 003F002C 0041002E 6
45 63 003E002C 0041002F F
46 63 003E002D 00410030 F
47 63 003F002E 00400030 8
86 63 003F0056 00410058 6
87 63 003F0056 00400058 8
109 63 003F006D 0040006E 0
110 63 003E006E 0040006F 1
111 63 003F006F 00400070 0
18 64 00400012 00410013 0
19 64 00400013 00410014 0
21 64 00400015 00410017 2
22 64 00400015 00410017 8
28 64 0040001C 0041001D 0
29 64 0040001D 0042001F 6
30 64 0040001E 00420020 6
31 64 003F001E 00420021 F
32 64 003F001F 00420022 F
33 64 003F0020 00420023 F
34 64 00400021 00420023 C
35 64 00400022 00420024 C
43 64 0040002B 0041002D 2
44 64 0040002C 0041002E 2
45 64 003F002C 0042002F F
46 64 003F002D 00420030 F
47 64 0040002E 00410030 8
85 64 00400055 00420057 6
86 64 00400056 00410057 0
87 64 00400056 00410058 8
0 65 00410000 00420001 0
18 65 00410012 00420013 0
21 65 00410015 00420017 2
22 65 00410015 00420017 8
28 65 0041001C 0042001E 2
29 65 0040001D 0042001F 3
30 65 0040001D 00430020 F
31 65 0040001E 00430021 F
32 65 0040001F 00430022 F
33 65 00400020 00430023 F
34 65 00400021 00430024 F
35 65 00410022 00420024 8
36 65 00410023 00420025 8
44 65 0040002C 0043002E 7
45 65 0040002C 0043002F F
46 65 0040002D 00430030 F
47 65 0041002E 00420030 8
84 65 00410054 00430056 6
85 65 00410055 00430057 6
86 65 00400055 00420057 9
0 66 00420000 00430001 0
1 66 00420000 00440002 C
2 66 00420002 00440003 4
3 66 00420003 00430004 0
12 66 0042000C 0043000D 0
21 66 00420015 00430017 2
22 66 00420015 00430017 8
29 66 0041001D 0043001F 3
30 66 0041001E 00430020 3
31 66 0041001E 00440021 F
32 66 0041001F 00440022 F
33 66 00410020 00430022 9
34 66 00410021 00430024 B
35 66 00410023 00430024 1
43 66 0042002B 0043002D 2
44 66 0042002C 0044002E 6
45 66 0041002C 0044002F F
46 66 0041002D 00440030 F
47 66 0042002E 00430030 8
71 66 00420047 00440048 4
82 66 00420052 00440053 4
83 66 00420053 00440055 6
84 66 00420054 00440056 6
85 66 00410054 00430056 9
86 66 00420055 00430057 8
88 66 00420058 00430059 0
89 66 00420059 0043005A 0
0 67 00430000 00440001 0
1 67 00420001 00440003 3
2 67 00420002 00440004 3
3 67 00430002 00450004 C
12 67 0043000C 0044000D 0
13 67 0043000D 0044000E 0
21 67 00430015 00440017 2
22 67 00430015 00440017 8
30 67 0042001E 00440020 3
31 67 0042001E 00440020 9
32 67 0042001F 00440021 9
33 67 00420021 00440022 1
35 67 00430023 00440024 0
43 67 0043002B 0044002D 2
44 67 0042002B 0045002E F
45 67 0042002C 0045002F F
46 67 0042002D 00450030 F
47 67 0043002E 00450030 C
65 67 00430041 00450042 4
66 67 00430042 00450043 4
67 67 00430043 00450044 4
68 67 00430044 00450045 4
69 67 00430045 00450046 4
70 67 00430046 00450048 6
71 67 00430047 00450048 4
72 67 00430047 00450049 C
73 67 00430049 0045004A 4
74 67 0043004A 0045004B 4
75 67 0043004B 0045004C 4
76 67 0043004C 0045004D 4
77 67 0043004D 0045004E 4
78 67 0043004E 0045004F 4
79 67 0043004F 00450050 4
80 67 00430050 00450051 4
81 67 00430051 00450053 6
82 67 00430052 00450054 6
83 67 00420052 00440054 9
84 67 00420053 00440055 9
85 67 00420055 00440056 1
2 68 00430002 00450004 3
3 68 00440003 00450004 0
4 68 00440003 00460005 C
5 68 00440005 00460006 4
21 68 00440015 00450017 2
22 68 00440015 00450017 8
30 68 0044001E 00450020 2
31 68 0043001E 00450020 9
43 68 0044002B 0045002D 2
44 68 0043002B 0046002E F
45 68 0043002C 0046002F F
46 68 0043002D 00460030 F
47 68 0044002E 00460030 C
48 68 0044002F 00460031 C
61 68 0044003D 0046003E 4
62 68 0044003E 0046003F 4
63 68 0044003F 00460040 4
64 68 00440040 00460042 6
65 68 00440041 00450042 0
66 68 00430041 00450043 9
67 68 00430043 00450044 1
68 68 00430044 00450045 1
69 68 00430045 00450046 1
70 68 00430046 00450047 1
71 68 00430047 00450048 1
72 68 00430048 0045004A 3
73 68 00430049 0045004A 1
74 68 00430049 0045004B 9
75 68 0043004B 0045004C 1
76 68 0043004C 0045004E 3
77 68 0043004D 0045004F 3
78 68 0043004D 0045004F 9
79 68 0043004E 00450050 9
80 68 00430050 00450051 1
81 68 00430051 00450052 1
82 68 00430052 00450053 1
83 68 00430053 00450054 1
96 68 00440060 00450061 0
97 68 00440061 00450062 0
99 68 00440063 00450064 0
100 68 00440064 00450065 0
3 69 00440003 00460004 1
4 69 00440004 00460006 3
5 69 00450005 00460006 0
6 69 00450005 00470007 C
8 69 00450008 00460009 0
21 69 00450015 00460017 2
22 69 00450015 00460017 8
30 69 0045001E 00460020 2
31 69 0045001E 00460020 8
43 69 0045002B 0046002D 2
44 69 0044002C 0046002E 3
45 69 0044002C 0046002E 9
46 69 0044002D 00460030 B
47 69 0044002F 00460031 3
48 69 0045002F 00470031 C
49 69 00450030 00460032 8
59 69 0045003B 0047003C 4
60 69 0045003C 0047003E 6
61 69 0045003D 0046003E 0
62 69 0044003D 0046003F 9
63 69 0044003F 00460040 1
64 69 00440040 00460041 1
65 69 00440041 00460042 1
73 69 00440049 0046004A 1
77 69 0044004D 0046004E 1
78 69 0044004E 0046004F 1
95 69 0045005F 00460061 2
96 69 00450060 00460061 0
100 69 00450064 00460065 0
5 70 00450005 00480007 7
6 70 00460005 00480007 C
7 70 00460006 00480009 E
8 70 00460008 00480009 4
21 70 00460015 00470017 2
22 70 00460015 00470017 8
30 70 0046001E 00470020 2
31 70 0046001E 00470020 8
44 70 0045002C 0047002E 3
45 70 0045002C 0047002E 9
47 70 0045002F 00470031 3
48 70 0045002F 00480032 F
49 70 00460030 00480032 C
56 70 00460038 00480039 4
57 70 00460039 0048003A 4
58 70 0046003A 0048003C 6
59 70 0046003B 0047003C 0
60 70 0045003B 0047003D 9
61 70 0045003D 0047003E 1
72 70 00460048 00470049 0
76 70 0046004C 0047004D 0
95 70 0046005F 00470060 0
96 70 00460060 00470061 0
99 70 00460063 00470065 2
100 70 00460064 00470065 0
4 71 00470004 00480005 0
5 71 00470005 00480006 0
6 71 00460006 00480008 3
7 71 00460007 00480009 3
8 71 00470007 00490009 C
9 71 00470008 0049000A C
21 71 00470015 00480017 2
22 71 00470015 00490017 C
30 71 0047001E 0048001F 0
31 71 0047001F 00480020 0
44 71 0047002C 0048002E 2
45 71 0047002C 0048002E 8
47 71 0047002F 00480031 2
48 71 0046002F 00490032 F
49 71 00470030 00490032 C
50 71 00470031 00490033 C
53 71 00470035 00490036 4
54 71 00470036 00490037 4
55 71 00470037 00490039 6
56 71 00470038 0049003A 6
57 71 00460038 0048003A 9
58 71 00460039 0048003B 9
59 71 0046003B 0048003C 1
72 71 00470048 00480049 0
76 71 0047004C 0048004D 0
99 71 00470063 00480064 0
100 71 00470063 00480065 8
4 72 00480004 00490005 0
7 72 00470007 00490008 1
8 72 00470008 0049000A 3
9 72 00480009 0049000A 0
10 72 00480009 004A000B C
21 72 00480015 00490017 2
22 72 00480016 00490017 0
23 72 00480016 00490018 8
35 72 00480023 00490024 0
44 72 0048002C 0049002E 2
45 72 0048002C 0049002E 8
47 72 0048002F 00490031 2
48 72 00470030 00490032 3
49 72 00470030 004A0033 F
50 72 00480031 004A0033 C
51 72 00480032 004A0034 C
52 72 00480034 004A0036 6
53 72 00480035 004A0037 6
54 72 00470035 004A0038 F
55 72 00470036 004A0039 F
56 72 00470037 00490039 9
57 72 00470038 0049003A 9
60 72 0048003C 0049003D 0
61 72 0048003D 0049003E 0
75 72 0048004B 0049004C 0
76 72 0048004C 0049004D 0
84 72 00480054 00490055 0
95 72 0048005F 00490060 0
96 72 00480060 00490061 0
98 72 00480062 00490064 2
99 72 00480063 00490064 0
9 73 00480009 004A000B 3
10 73 0049000A 004A000B 0
11 73 0049000A 004B000C C
12 73 0049000C 004B000D 4
18 73 00490012 004A0013 0
19 73 00490013 004A0014 0
22 73 00480016 004A0018 3
23 73 00490016 004A0018 8
31 73 0049001F 004A0020 0
34 73 00490022 004A0024 2
35 73 00490023 004A0024 0
44 73 0049002C 004A002E 2
45 73 0049002C 004A002E 8
48 73 00480030 004A0032 3
49 73 00480030 004B0033 F
50 73 00480031 004A0033 9
51 73 00480032 004A0034 9
52 73 00480034 004A0035 1
53 73 00480035 004A0037 3
54 73 00480036 004A0037 1
55 73 00480036 004A0038 9
56 73 00480038 004A0039 1
60 73 0049003C 004A003D 0
61 73 0049003D 004A003E 0
74 73 0049004A 004B004C 6
75 73 0049004B 004A004C 0
84 73 00490054 004A0055 0
85 73 00490054 004A0056 8
95 73 0049005F 004A0060 0
96 73 00490060 004A0061 0
98 73 00490062 004A0063 0
99 73 00490062 004A0064 8
10 74 0049000A 004B000C 3
11 74 0049000A 004C000D F
12 74 004A000B 004C000D C
13 74 004A000C 004C000E C
22 74 004A0016 004B0018 2
23 74 004A0016 004B0018 8
31 74 004A001F 004B0020 0
34 74 004A0022 004B0024 2
35 74 004A0022 004B0024 8
44 74 004A002C 004B002E 2
45 74 004A002C 004B002E 8
48 74 004A0030 004C0032 6
49 74 00490030 004B0032 9
50 74 00490031 004B0033 9
54 74 00490036 004B0037 1
73 74 004A0049 004B004B 2
74 74 004A004A 004B004B 0
75 74 004A004A 004B004C 8
84 74 004A0054 004B0055 0
85 74 004A0054 004B0056 8
97 74 004A0061 004B0063 2
98 74 004A0062 004B0063 0
10 75 004B000A 004C000B 0
11 75 004A000B 004C000C 1
12 75 004A000C 004C000E 3
13 75 004B000D 004C000E 0
14 75 004B000D 004D000F C
15 75 004B000F 004D0010 4
16 75 004B0010 004C0011 0
17 75 004B0011 004C0012 0
22 75 004B0016 004D0018 6
23 75 004B0016 004C0018 8
31 75 004B001F 004C0020 0
34 75 004B0022 004C0024 2
35 75 004B0022 004C0024 8
44 75 004B002C 004C002E 2
45 75 004B002C 004C002E 8
47 75 004B002F 004C0031 2
48 75 004B0030 004C0031 0
49 75 004A0030 004C0032 9
53 75 004B0035 004C0036 0
54 75 004B0036 004C0037 0
73 75 004B0049 004C004A 0
74 75 004A0049 004C004B 9
82 75 004B0052 004C0053 0
83 75 004B0053 004C0054 0
84 75 004B0054 004C0055 0
92 75 004B005C 004C005D 0
93 75 004B005D 004C005E 0
97 75 004B0061 004C0062 0
98 75 004B0061 004C0063 8
13 76 004B000D 004D000F 3
14 76 004B000E 004D0010 3
15 76 004B000E 004E0011 F
16 76 004B000F 004E0011 D
20 76 004C0014 004E0015 4
21 76 004C0015 004E0017 6
22 76 004C0016 004E0018 6
23 76 004C0016 004D0018 8
34 76 004C0022 004D0024 2
35 76 004C0022 004E0024 C
44 76 004C002C 004D002E 2
45 76 004C002C 004E002E C
47 76 004C002F 004D0030 0
48 76 004B002F 004D0031 9
52 76 004C0034 004D0035 0
53 76 004C0035 004D0036 0
72 76 004C0048 004D004A 2
73 76 004C0049 004D004A 0
82 76 004C0052 004D0053 0
83 76 004B0053 004D0054 1
96 76 004C0060 004D0062 2
97 76 004C0061 004D0062 0
14 77 004C000E 004E0010 3
15 77 004C000F 004E0011 3
16 77 004D000F 004F0011 C
17 77 004D0010 004F0012 C
19 77 004D0013 004F0015 6
20 77 004D0014 004F0016 6
21 77 004C0014 004F0017 F
22 77 004C0015 004F0018 F
23 77 004D0016 004F0018 C
34 77 004D0022 004E0024 2
35 77 004D0022 004F0024 C
36 77 004D0023 004E0025 8
44 77 004D002C 004E002E 2
45 77 004D002C 004F002E C
46 77 004D002D 004E002F 8
47 77 004D002F 004E0030 0
52 77 004D0034 004E0035 0
72 77 004D0048 004E0049 0
73 77 004D0049 004E004A 0
96 77 004D0060 004E0061 0
97 77 004D0060 004E0062 8
107 77 004D006B 004E006C 0
108 77 004D006C 004E006D 0
1 78 004E0001 004F0002 0
15 78 004D000F 004F0010 1
16 78 004D0010 004F0012 3
17 78 004E0011 004F0012 0
18 78 004E0011 00500014 E
19 78 004E0013 00500015 6
20 78 004D0013 00500016 F
21 78 004D0014 004F0016 9
22 78 004D0015 004F0018 B
23 78 004E0017 004F0018 0
24 78 004E0017 004F0019 8
34 78 004E0022 004F0024 2
35 78 004D0022 004F0024 9
36 78 004E0023 004F0025 8
44 78 004E002C 004F002E 2
45 78 004D002C 004F002E 9
46 78 004D002D 004F002F 9
51 78 004E0033 004F0034 0
70 78 004E0046 004F0047 0
71 78 004E0047 00500048 4
95 78 004E005F 004F0061 2
96 78 004E0060 004F0061 0
107 78 004E006B 004F006C 0
108 78 004E006C 004F006D 0
1 79 004F0001 00500002 0
4 79 004F0004 00500005 0
5 79 004F0005 00500006 0
17 79 004E0011 00500012 1
18 79 004E0012 00500014 3
19 79 004E0013 00500015 3
20 79 004E0013 00510016 F
21 79 004E0014 00510016 D
23 79 004E0017 00510019 7
24 79 004F0017 00500019 8
34 79 004F0022 00500024 2
35 79 004E0022 00510024 D
44 79 004F002C 0050002E 2
45 79 004E002C 0050002E 9
50 79 004F0032 00500033 0
51 79 004F0033 00500034 0
70 79 004F0046 00500048 2
71 79 004F0046 00500048 8
72 79 004F0047 00500049 8
95 79 004F005F 00500060 0
96 79 004F0060 00500061 0
19 80 004F0013 00510015 3
20 80 004F0014 00510016 3
21 80 00500014 00520016 C
22 80 00500015 00520018 E
23 80 00500017 00520019 6
24 80 00500017 00510019 8
34 80 00500022 00510024 2
35 80 00500022 00510024 8
36 80 00500023 00510025 8
44 80 0050002C 0051002E 2
45 80 0050002C 0051002E 8
49 80 00500031 00510032 0
50 80 00500032 00510033 0
70 80 00500046 00510047 0
71 80 004F0046 00510048 9
90 80 0050005A 0051005B 0
1 81 00510001 00520002 0
11 81 0051000B 0052000C 0
20 81 00500014 00520016 3
21 81 00500014 00530017 F
22 81 00500015 00530018 F
23 81 00500016 00530019 F
24 81 00510017 00520019 8
34 81 00510022 00520024 2
35 81 00500023 00520024 1
44 81 0051002C 0053002E 6
45 81 0051002C 0052002E 8
48 81 00510030 00520031 0
49 81 00510031 00520032 0
53 81 00510035 00520036 0
54 81 00510036 00520037 0
69 81 00510045 00520046 0
70 81 00510046 00520047 0
90 81 0051005A 0052005B 0
1 82 00520001 00530002 0
11 82 0052000B 0053000C 0
20 82 00520014 00530016 2
21 82 00510014 00530016 9
22 82 00510015 00530018 B
23 82 00510017 00530019 3
24 82 00520017 00540019 C
32 82 00520020 00530021 0
33 82 00520021 00530022 0
35 82 00520023 00530024 0
43 82 0052002B 0053002D 2
44 82 0052002C 0053002E 2
45 82 0052002C 0054002E C
47 82 0052002F 00540031 6
48 82 00520030 00530031 0
53 82 00520035 00530036 0
54 82 00520035 00530037 8
58 82 0052003A 0053003B 0
68 82 00520044 00540046 6
69 82 00520045 00530046 0
7 83 00530007 00540008 0
9 83 00530009 0054000A 0
10 83 0053000A 0054000B 0
20 83 00530014 00540015 0
21 83 00520014 00540016 9
23 83 00520017 00540019 3
24 83 00530018 00540019 0
25 83 00530018 0054001A 8
32 83 00530020 00540022 2
33 83 00530020 00540022 8
35 83 00530023 00540024 0
36 83 00530024 00540025 0
44 83 0052002C 0055002E 7
45 83 0053002C 0055002E C
46 83 0053002D 00550030 E
47 83 0053002F 00540030 0
48 83 0053002F 00540031 8
52 83 00530034 00540035 0
53 83 00530035 00540036 0
57 83 00530039 0054003A 0
58 83 0053003A 0054003B 0
67 83 00530043 00540045 2
68 83 00530044 00540045 0
69 83 00530044 00540046 8
73 83 00530049 0054004A 0
74 83 0053004A 0054004B 0
78 83 0053004E 0054004F 0
79 83 0053004F 00540050 0
7 84 00540007 00550008 0
9 84 00540009 0055000A 0
10 84 0054000A 0055000B 0
20 84 00540014 00550015 0
24 84 00530018 0055001A 3
25 84 00540018 0055001A 8
32 84 00540020 00560022 6
33 84 00540020 00550022 8
36 84 00540024 00560025 4
43 84 0054002B 0055002D 2
44 84 0054002C 0056002E 6
45 84 0053002C 0056002F F
46 84 0053002D 0055002F 9
47 84 0053002E 00550030 9
51 84 00540033 00550034 0
52 84 00540034 00550035 0
56 84 00540038 00550039 0
62 84 0054003E 0055003F 0
63 84 0054003F 00550040 0
67 84 00540043 00560045 6
68 84 00530043 00550045 9
73 84 00540049 0055004A 0
78 84 0054004E 0055004F 0
15 85 0055000F 00560010 0
16 85 00550010 00560011 0
24 85 00550018 0057001A 6
25 85 00550018 0057001A C
31 85 0055001F 00560020 0
32 85 00550020 00560022 2
33 85 00550021 00560022 0
35 85 00550023 00570025 6
36 85 00550024 00570025 4
37 85 00550024 00570026 C
38 85 00550026 00570027 4
39 85 00550027 00570028 4
40 85 00550028 00570029 4
43 85 0055002B 0057002D 6
44 85 0054002B 0057002E F
45 85 0054002C 0056002E 9
46 85 0054002D 0056002F 9
50 85 00550032 00560034 2
51 85 00550033 00560034 0
56 85 00550038 00560039 0
61 85 0055003D 0056003E 0
62 85 0055003E 0056003F 0
66 85 00550042 00560044 2
67 85 00550043 00560044 0
68 85 00550043 00560045 8
92 85 0055005C 0056005D 0
93 85 0055005D 0056005E 0
15 86 0056000F 00570010 0
23 86 00560017 00570018 0
24 86 00560018 00570019 0
25 86 00560019 0057001A 0
26 86 0056001A 0057001B 0
33 86 00560021 00570022 0
34 86 00560022 00570023 0
35 86 00560023 00570024 0
36 86 00550024 00570025 1
37 86 00550025 00570026 1
38 86 00550026 00570027 1
39 86 00550027 00570028 1
40 86 00560028 00570029 0
41 86 00560029 0057002A 0
42 86 0056002A 0057002B 0
43 86 0056002B 0057002C 0
44 86 0055002C 0057002D 1
45 86 0055002D 0057002E 1
50 86 00560032 00570033 0
51 86 00560033 00570034 0
61 86 0056003D 0057003E 0
66 86 00560042 00570043 0
67 86 00550043 00570044 1
92 86 0056005C 0057005D 0
93 86 0056005D 0057005E 0
98 86 00560062 00570063 0
99 86 00560063 00570064 0
