5 0 00000005 00010006 0
6 0 00000006 00020007 4
7 0 00000007 00010008 0
8 0 00000008 00010009 0
9 0 00000009 0001000A 0
10 0 0000000A 0001000B 0
12 0 0000000C 0001000D 0
13 0 0000000D 0002000E 4
14 0 0000000E 0001000F 0
17 0 00000011 00010012 0
18 0 00000012 00010013 0
19 0 00000013 00020014 4
20 0 00000014 00020015 4
21 0 00000015 00020016 4
22 0 00000016 00020017 4
23 0 00000017 00020018 4
26 0 0000001A 0002001B 4
27 0 0000001B 0002001C 4
28 0 0000001C 0002001D 4
29 0 0000001D 0002001E 4
30 0 0000001E 0002001F 4
31 0 0000001F 00020020 4
32 0 00000020 00020021 4
33 0 00000021 00020022 4
34 0 00000022 00020023 4
35 0 00000023 00020024 4
36 0 00000024 00020025 4
37 0 00000025 00020026 4
38 0 00000026 00020027 4
39 0 00000027 00020028 4
40 0 00000028 00020029 4
41 0 00000029 0002002A 4
42 0 0000002A 0002002B 4
43 0 0000002B 0002002C 4
44 0 0000002C 0002002D 4
45 0 0000002D 0002002E 4
46 0 0000002E 0002002F 4
47 0 0000002F 00020030 4
48 0 00000030 00020031 4
49 0 00000031 00020032 4
50 0 00000032 00020033 4
51 0 00000033 00020034 4
52 0 00000034 00020035 4
53 0 00000035 00010036 0
56 0 00000038 00020039 4
57 0 00000039 0001003A 0
69 0 00000045 00010046 0
70 0 00000046 00010047 0
5 1 00010005 00020007 2
6 1 00000005 00030008 F
7 1 00000006 00020008 9
10 1 0001000A 0002000B 0
12 1 0001000C 0002000E 2
13 1 0000000C 0003000F F
14 1 0001000D 0002000F 8
18 1 00000012 00020013 1
19 1 00000013 00020015 3
20 1 00000014 00020016 3
21 1 00000014 00030017 F
22 1 00000015 00030018 F
23 1 00010016 00030018 C
24 1 00010017 00030019 C
25 1 00010019 0003001B 6
26 1 0001001A 0003001C 6
27 1 0000001A 0003001D F
28 1 0000001B 0003001E F
29 1 0000001C 0003001F F
30 1 0000001D 00030020 F
31 1 0000001E 00030021 F
32 1 0000001F 00030022 F
33 1 00000020 00030023 F
34 1 00000021 00030024 F
35 1 00000022 00030025 F
36 1 00000023 00030026 F
37 1 00000024 00030027 F
38 1 00000025 00030028 F
39 1 00000026 00030029 F
40 1 00000027 0003002A F
41 1 00000028 0003002B F
42 1 00000029 0003002C F
43 1 0000002A 0002002C 9
44 1 0000002B 0002002D 9
45 1 0000002D 0002002F 3
46 1 0000002E 00020030 3
47 1 0000002E 00030031 F
48 1 0000002F 00030032 F
49 1 00000030 00030033 F
50 1 00000031 00030034 F
51 1 00000032 00030035 F
52 1 00000033 00020035 9
53 1 00010034 00020036 8
55 1 00010037 00020039 2
56 1 00010038 0003003A 6
57 1 00010038 0003003A C
69 1 00010045 00020047 2
70 1 00010045 00020047 8
5 2 00020005 00030007 2
6 2 00010005 00030007 9
7 2 00020006 00030008 8
12 2 0002000C 0004000E 6
13 2 0001000C 0004000F F
14 2 0002000D 0004000F C
20 2 00010014 00040016 7
21 2 00010014 00040017 F
22 2 00010015 00040018 F
23 2 00010016 00040019 F
24 2 00010017 0004001A F
25 2 00010018 0004001B F
26 2 00010019 0004001C F
27 2 0001001A 0004001D F
28 2 0001001B 0004001E F
29 2 0001001C 0004001F F
30 2 0001001D 00040020 F
31 2 0001001E 00040021 F
32 2 0001001F 00040022 F
33 2 00010020 00040023 F
34 2 00010021 00040024 F
35 2 00010022 00040025 F
36 2 00010023 00040026 F
37 2 00010024 00040027 F
38 2 00010025 00040028 F
39 2 00010026 00030028 9
40 2 00010027 0003002A B
41 2 00010029 0003002B 3
42 2 00010029 0004002C F
43 2 0001002A 0004002C D
46 2 0001002E 00030030 3
47 2 0001002F 00030031 3
48 2 0001002F 00040032 F
49 2 00010030 00030032 9
50 2 00010031 00030034 B
51 2 00010033 00030035 3
52 2 00010033 00030035 9
55 2 00020037 00030039 2
56 2 00010037 0004003A F
57 2 00020038 0004003A C
58 2 00020039 0003003B 8
69 2 00020045 00030047 2
70 2 00020045 00030047 8
5 3 00030005 00040007 2
6 3 00020005 00040007 9
8 3 00030008 00040009 0
9 3 00030009 0004000A 0
11 3 0003000B 0004000C 0
12 3 0003000C 0004000E 2
13 3 0002000D 0004000F 3
14 3 0003000D 0005000F C
15 3 0003000E 00040010 8
19 3 00030013 00050015 6
20 3 00030014 00050016 6
21 3 00020014 00050017 F
22 3 00020015 00050018 F
23 3 00020016 00050019 F
24 3 00020017 0005001A F
25 3 00020018 0005001B F
26 3 00020019 0005001C F
27 3 0002001A 0005001D F
28 3 0002001B 0005001E F
29 3 0002001C 0005001F F
30 3 0002001D 0004001F 9
31 3 0002001E 00040021 B
32 3 00020020 00040022 3
33 3 00020020 00050023 F
34 3 00020021 00040023 9
35 3 00020022 00040025 B
36 3 00020024 00040026 3
37 3 00020024 00050027 F
38 3 00020025 00050028 F
39 3 00020026 00050028 D
41 3 00020029 0004002A 1
42 3 00020029 0004002B 9
43 3 0003002B 0004002C 0
44 3 0003002C 0004002D 0
47 3 0002002F 00040031 3
48 3 00020030 00040032 3
49 3 00020030 00050032 D
51 3 00020033 00050035 7
52 3 00030033 00040035 8
55 3 00030037 00040039 2
56 3 00020037 0005003A F
57 3 00020038 0005003B F
58 3 00030039 0004003B 8
69 3 00030045 00040047 2
70 3 00030045 00040047 8
5 4 00040005 00050007 2
6 4 00040005 00060007 C
13 4 0003000D 0005000F 3
14 4 0003000D 00060010 F
15 4 0004000E 00050010 8
18 4 00040012 00050014 2
19 4 00040013 00050015 2
20 4 00030013 00060016 F
21 4 00030014 00060017 F
22 4 00030015 00060018 F
23 4 00030016 00060019 F
24 4 00030017 0006001A F
25 4 00030018 0006001B F
26 4 00030019 0005001B 9
27 4 0003001A 0005001C 9
28 4 0003001C 0005001E 3
29 4 0003001D 0005001F 3
30 4 0003001D 0005001F 9
32 4 00030020 00050022 3
33 4 00030020 00050022 9
34 4 00030021 00050023 9
36 4 00030024 00050025 1
37 4 00030024 00050027 B
38 4 00030026 00050028 3
39 4 00040026 00060028 C
40 4 00040027 0006002A E
41 4 00040029 0005002A 0
48 4 00030030 00050032 3
49 4 00040030 00060032 C
50 4 00040031 00060034 E
51 4 00040033 00060035 6
52 4 00040033 00050035 8
55 4 00040037 00050039 2
56 4 00030037 0006003A F
57 4 00030038 0005003A 9
58 4 00040039 0005003B 8
69 4 00040045 00050047 2
70 4 00040045 00050047 8
5 5 00050005 00060007 2
6 5 00050005 00070007 C
7 5 00050006 00070008 C
13 5 0005000D 0006000F 2
14 5 0004000D 00070010 F
15 5 0005000E 00060010 8
19 5 00040013 00060015 3
20 5 00040013 00070016 F
21 5 00040014 00070017 F
22 5 00040015 00070018 F
23 5 00040016 00060018 9
24 5 00040017 00060019 9
25 5 00040019 0006001B 3
26 5 0004001A 0006001B 1
29 5 0004001D 0006001F 3
30 5 0005001E 0006001F 0
32 5 00050020 00060021 0
33 5 00040021 00060022 1
36 5 00050024 00060025 0
38 5 00040026 00070028 7
39 5 00040026 00070029 F
40 5 00040027 0007002A F
41 5 00050028 0006002A 8
44 5 0005002C 0006002D 0
45 5 0005002D 0006002E 0
46 5 0005002E 0006002F 0
48 5 00050030 00060032 2
49 5 00040030 00060032 9
50 5 00040031 00060034 B
51 5 00040033 00060035 3
52 5 00050033 00060035 8
55 5 00050037 00070039 6
56 5 00040037 0007003A F
57 5 00040038 0006003A 9
69 5 00050045 00060047 2
70 5 00050046 00060047 0
92 5 0005005C 0006005D 0
93 5 0005005D 0006005E 0
5 6 00060005 00080007 6
6 6 00050005 00080008 F
7 6 00060006 00070008 8
8 6 00060007 00070009 8
9 6 00060009 0007000A 0
10 6 0006000A 0007000B 0
13 6 0006000D 0007000F 2
14 6 0005000D 00080010 F
15 6 0006000E 00070010 8
19 6 00060013 00070015 2
20 6 00050013 00080016 F
21 6 00050014 00080017 F
22 6 00050015 00080018 F
23 6 00050016 00080018 D
26 6 0006001A 0007001B 0
27 6 0006001B 0007001C 0
30 6 0006001E 0007001F 0
34 6 00060022 00070023 0
35 6 00060023 00080024 4
37 6 00060025 00070027 2
38 6 00060026 00070028 2
39 6 00050026 00080029 F
40 6 00050027 00070029 9
41 6 00060028 0007002A 8
48 6 00060030 00080032 6
49 6 00050030 00070032 9
51 6 00050033 00070035 3
52 6 00060033 00070035 8
54 6 00060036 00070038 2
55 6 00060037 00080039 6
56 6 00050037 00070039 9
57 6 00060038 0007003A 8
70 6 00060046 00070047 0
92 6 0006005C 0007005E 2
93 6 0006005C 0008005E C
4 7 00070004 00080006 2
5 7 00070005 00090007 6
6 7 00060005 00090008 F
7 7 00060006 00080008 9
13 7 0007000D 0008000F 2
14 7 0006000D 0008000F 9
15 7 0007000E 00080010 8
19 7 00070013 00080015 2
20 7 00060013 00090016 F
21 7 00060014 00090017 F
22 7 00060015 00090018 F
23 7 00070016 00090018 C
24 7 00070017 00080019 8
27 7 0007001B 0008001C 0
30 7 0007001E 0008001F 0
31 7 0007001E 00090020 C
32 7 00070020 00090021 4
34 7 00070022 00080024 2
35 7 00070023 00080024 0
36 7 00070023 00090025 C
38 7 00060026 00090028 7
39 7 00060026 00090029 F
40 7 00060027 00080029 9
46 7 0007002E 0008002F 0
47 7 0007002F 00080031 2
48 7 00070030 00080032 2
49 7 00070030 00080032 8
51 7 00070033 00080035 2
52 7 00070033 00080035 8
54 7 00070036 00080038 2
55 7 00060036 00090039 F
56 7 00060037 00090039 D
70 7 00070046 00080047 0
71 7 00070046 00080048 8
92 7 0007005C 0008005E 2
93 7 0007005D 0008005E 0
94 7 0007005D 0009005F C
4 8 00080004 00090006 2
5 8 00070004 000A0007 F
6 8 00070005 000A0008 F
7 8 00080006 00090008 8
13 8 0008000D 000A000F 6
14 8 0007000D 000A000F D
19 8 00080013 00090015 2
20 8 00070013 000A0016 F
21 8 00070014 000A0017 F
22 8 00070015 000A0018 F
23 8 00070016 000A0019 F
24 8 00080017 000A0019 C
28 8 0008001C 0009001D 0
30 8 0008001E 00090020 2
31 8 0007001E 000A0021 F
32 8 0008001F 000A0021 C
33 8 00080020 00090022 8
35 8 00070023 00090025 3
36 8 00080024 00090025 0
37 8 00080024 00090026 8
38 8 00080026 00090028 2
39 8 00070027 00090028 1
40 8 00080027 00090029 8
43 8 0008002B 0009002C 0
44 8 0008002C 0009002D 0
48 8 00070030 00090032 3
49 8 00080030 000A0032 C
51 8 00080033 000A0035 6
52 8 00080033 00090035 8
54 8 00080036 00090038 2
55 8 00070036 000A0039 F
56 8 00080037 000A0039 C
57 8 00080038 0009003A 8
58 8 0008003A 0009003B 0
70 8 00080046 00090048 2
71 8 00080046 00090048 8
93 8 0007005D 000A005F 7
94 8 0008005D 000A005F C
95 8 0008005E 000A0060 C
96 8 00080060 000A0061 4
97 8 00080061 000A0062 4
98 8 00080062 000A0063 4
99 8 00080063 000A0064 4
100 8 00080064 000A0065 4
101 8 00080065 000A0066 4
102 8 00080066 000A0067 4
4 9 00090004 000A0006 2
5 9 00080004 000B0007 F
6 9 00080005 000B0008 F
7 9 00090006 000A0008 8
12 9 0009000C 000B000E 6
13 9 0009000D 000B000F 6
14 9 0009000D 000A000F 8
15 9 0009000E 000A0010 8
16 9 00090010 000A0011 0
19 9 00090013 000A0015 2
20 9 00080013 000B0016 F
21 9 00080014 000B0017 F
22 9 00080015 000B0018 F
23 9 00080016 000A0018 9
24 9 00090017 000A0019 8
25 9 00090019 000A001A 0
26 9 0009001A 000A001B 0
28 9 0009001C 000B001D 4
30 9 0009001E 000B0020 6
31 9 0008001E 000B0021 F
32 9 0008001F 000B0022 F
33 9 00090020 000A0022 8
36 9 00080024 000A0026 3
37 9 00080025 000A0026 1
39 9 00080027 000A0028 1
48 9 00090030 000A0032 2
49 9 00090030 000B0032 C
50 9 00090031 000B0034 E
51 9 00090033 000B0035 6
52 9 00090033 000A0035 8
54 9 00090036 000A0038 2
55 9 00080036 000A0038 9
56 9 00080037 000A0039 9
57 9 00080039 000A003A 1
70 9 00090046 000A0048 2
71 9 00090046 000A0048 8
92 9 0009005C 000A005E 2
93 9 0009005D 000A005E 0
94 9 0008005D 000A005F 9
95 9 0008005F 000A0060 1
96 9 00080060 000A0061 1
97 9 00080061 000A0062 1
98 9 00080062 000A0063 1
99 9 00080063 000A0064 1
100 9 00080064 000A0065 1
101 9 00080065 000A0067 3
102 9 00090066 000A0067 0
103 9 00090066 000A0068 8
4 10 000A0004 000B0006 2
5 10 00090005 000B0007 3
6 10 00090005 000C0008 F
7 10 000A0006 000B0008 8
10 10 000A000A 000C000B 4
11 10 000A000B 000C000D 6
12 10 000A000C 000C000E 6
13 10 0009000C 000C000F F
14 10 0009000D 000B000F 9
19 10 000A0013 000B0015 2
20 10 00090013 000C0016 F
21 10 00090014 000B0016 9
22 10 00090015 000B0018 B
23 10 00090017 000B0018 1
26 10 000A001A 000B001B 0
27 10 000A001B 000B001D 2
28 10 000A001C 000B001D 0
29 10 000A001C 000C001F E
30 10 000A001E 000C0020 6
31 10 0009001E 000B0020 9
32 10 0009001F 000B0021 9
33 10 000A0021 000B0022 0
37 10 000A0025 000B0026 0
39 10 000A0027 000B0028 0
42 10 000A002A 000B002B 0
48 10 000A0030 000C0032 6
49 10 00090030 000C0033 F
50 10 00090031 000C0034 F
51 10 00090032 000C0035 F
52 10 000A0033 000C0035 C
54 10 000A0036 000C0038 6
55 10 00090036 000B0038 9
70 10 000A0046 000B0048 2
71 10 000A0047 000B0048 0
92 10 000A005C 000B005E 2
93 10 0009005C 000B005E 9
102 10 00090066 000B0068 3
103 10 000A0066 000C0068 C
5 11 000A0005 000C0007 3
6 11 000A0005 000D0008 F
7 11 000B0006 000C0008 8
9 11 000B0009 000C000B 2
10 11 000B000A 000C000C 2
11 11 000A000A 000D000D F
12 11 000A000B 000D000E F
13 11 000A000C 000D000F F
14 11 000B000D 000C000F 8
19 11 000B0013 000D0015 6
20 11 000A0013 000D0016 F
21 11 000A0014 000D0016 D
23 11 000B0017 000D0018 4
28 11 000A001C 000C001E 3
29 11 000A001D 000C001F 3
30 11 000A001D 000D0020 F
31 11 000A001E 000C0020 9
37 11 000B0025 000C0026 0
39 11 000B0027 000D0028 4
42 11 000B002A 000C002B 0
47 11 000B002F 000C0031 2
48 11 000B0030 000C0032 2
49 11 000A0030 000D0033 F
50 11 000A0031 000D0034 F
51 11 000A0032 000D0035 F
52 11 000B0033 000D0035 C
53 11 000B0034 000C0036 8
54 11 000B0036 000C0037 0
55 11 000B0037 000C0038 0
61 11 000B003D 000C003E 0
62 11 000B003E 000C003F 0
71 11 000B0047 000C0048 0
72 11 000B0047 000C0049 8
92 11 000B005C 000C005E 2
93 11 000B005C 000C005E 8
102 11 000B0066 000C0068 2
103 11 000B0066 000D0068 C
104 11 000B0067 000C0069 8
5 12 000C0005 000D0007 2
6 12 000B0005 000E0008 F
7 12 000C0006 000D0008 8
10 12 000B000A 000D000C 3
11 12 000B000B 000D000D 3
12 12 000B000B 000E000E F
13 12 000B000C 000E000F F
14 12 000C000D 000D000F 8
18 12 000C0012 000D0013 0
19 12 000C0013 000D0015 2
20 12 000B0014 000D0016 3
21 12 000C0014 000E0016 C
22 12 000C0015 000E0018 E
23 12 000C0017 000E0018 4
24 12 000C0017 000E0019 C
26 12 000C001A 000D001B 0
29 12 000B001D 000D001F 3
30 12 000B001E 000D0020 3
31 12 000C001E 000E0020 C
37 12 000C0025 000E0026 4
38 12 000C0025 000E0028 E
39 12 000C0027 000E0028 4
40 12 000C0027 000D0029 8
42 12 000C002A 000D002B 0
46 12 000C002E 000D002F 0
48 12 000B0030 000E0032 7
49 12 000B0030 000E0033 F
50 12 000B0031 000E0034 F
51 12 000B0032 000E0035 F
52 12 000B0033 000E0036 F
53 12 000B0034 000E0036 D
59 12 000C003B 000E003C 4
60 12 000C003C 000D003D 0
61 12 000C003D 000D003E 0
71 12 000C0047 000D0049 2
72 12 000C0047 000D0049 8
92 12 000C005C 000D005E 2
93 12 000C005C 000D005E 8
102 12 000C0066 000D0068 2
103 12 000B0066 000E0069 F
104 12 000C0067 000D0069 8
114 12 000C0072 000E0073 4
115 12 000C0073 000E0074 4
116 12 000C0074 000E0075 4
5 13 000D0005 000E0007 2
6 13 000C0005 000F0008 F
7 13 000D0006 000F0008 C
11 13 000C000B 000E000D 3
12 13 000C000C 000E000E 3
13 13 000C000C 000F000F F
14 13 000D000D 000E000F 8
18 13 000D0012 000E0013 0
20 13 000C0014 000E0016 3
21 13 000C0014 000F0017 F
22 13 000C0015 000F0018 F
23 13 000C0016 000F0019 F
24 13 000D0017 000E0019 8
25 13 000D0018 000E001B A
26 13 000D001A 000E001B 0
30 13 000C001E 000E0020 3
31 13 000D001F 000E0020 0
32 13 000D001F 000F0021 C
33 13 000D0021 000F0022 4
36 13 000D0024 000F0026 6
37 13 000D0025 000E0026 0
38 13 000C0025 000E0028 B
39 13 000C0027 000E0029 3
40 13 000D0027 000F0029 C
42 13 000D002A 000F002B 4
46 13 000D002E 000E002F 0
47 13 000D002E 000F0031 E
48 13 000D0030 000F0032 6
49 13 000C0030 000F0033 F
50 13 000C0031 000F0034 F
51 13 000C0032 000E0034 9
52 13 000C0033 000E0036 B
53 13 000D0035 000E0036 0
54 13 000D0035 000F0037 C
57 13 000D0039 000F003A 4
58 13 000D003A 000F003C 6
59 13 000D003B 000E003C 0
60 13 000C003B 000E003D 9
71 13 000D0047 000E0049 2
72 13 000D0048 000E0049 0
92 13 000D005C 000E005E 2
93 13 000D005C 000E005E 8
102 13 000D0066 000E0068 2
103 13 000C0066 000F0069 F
104 13 000D0067 000F0069 C
106 13 000D006A 000F006B 4
107 13 000D006B 000F006C 4
108 13 000D006C 000F006D 4
109 13 000D006D 000F006E 4
110 13 000D006E 000F006F 4
111 13 000D006F 000F0070 4
112 13 000D0070 000E0071 0
113 13 000D0071 000E0072 0
114 13 000D0072 000E0073 0
115 13 000C0073 000E0074 1
116 13 000D0074 000E0075 0
117 13 000D0075 000E0076 0
118 13 000D0076 000F0077 4
5 14 000E0005 000F0007 2
6 14 000D0005 00100008 F
7 14 000E0006 000F0008 8
8 14 000E0007 000F0009 8
12 14 000D000C 0010000E 7
13 14 000D000C 0010000F F
14 14 000E000D 0010000F C
16 14 000E0010 000F0011 0
17 14 000E0011 000F0012 0
18 14 000E0012 000F0013 0
20 14 000E0014 00100016 6
21 14 000D0014 00100017 F
22 14 000D0015 00100018 F
23 14 000D0016 00100019 F
24 14 000D0017 00100019 D
26 14 000E001A 000F001B 0
27 14 000E001A 000F001C 8
31 14 000D001F 000F0021 3
32 14 000D0020 000F0022 3
33 14 000E0020 000F0022 8
34 14 000E0021 000F0023 8
35 14 000E0023 000F0025 2
36 14 000E0024 00100026 6
37 14 000D0024 000F0026 9
39 14 000D0027 000F0029 3
40 14 000E0028 000F0029 0
41 14 000E0028 000F002A 8
42 14 000E002A 000F002B 0
43 14 000E002B 000F002C 0
46 14 000E002E 000F0030 2
47 14 000D002F 000F0031 3
48 14 000D002F 00100032 F
49 14 000D0030 00100033 F
50 14 000D0031 00100034 F
51 14 000D0032 000F0034 9
53 14 000D0035 000F0037 3
54 14 000E0036 000F0037 0
55 14 000E0036 00100038 C
56 14 000E0038 0010003A 6
57 14 000E0039 0010003B 6
58 14 000D0039 000F003B 9
59 14 000D003A 000F003C 9
72 14 000E0048 000F0049 0
92 14 000E005C 000F005E 2
93 14 000E005C 000F005E 8
102 14 000E0066 000F0068 2
103 14 000D0066 00100069 F
104 14 000E0067 00100069 C
105 14 000E0068 000F006A 8
106 14 000E006A 000F006B 0
107 14 000D006B 000F006C 1
108 14 000D006C 000F006D 1
109 14 000D006D 000F006F 3
110 14 000D006E 000F006F 1
111 14 000D006E 000F0070 9
112 14 000D0070 000F0071 1
117 14 000D0075 000F0076 1
118 14 000E0076 000F0077 0
119 14 000E0077 000F0078 0
120 14 000E0078 000F0079 0
5 15 000F0005 00100007 2
6 15 000E0005 00110008 F
7 15 000E0006 00100008 9
11 15 000F000B 0010000D 2
12 15 000F000C 0010000E 2
13 15 000E000C 0011000F F
14 15 000F000D 0011000F C
15 15 000F000E 00100010 8
19 15 000F0013 00100015 2
20 15 000F0014 00100016 2
21 15 000E0014 00110017 F
22 15 000E0015 00110018 F
23 15 000E0016 00100018 9
24 15 000F0017 00100019 8
25 15 000F0019 0010001B 2
26 15 000F001A 0010001B 0
32 15 000E0020 00100021 1
33 15 000E0021 00100022 1
35 15 000E0023 00100024 1
36 15 000E0024 00100025 1
37 15 000F0025 00100026 0
40 15 000E0028 0011002A 7
41 15 000E0028 0010002A 9
43 15 000F002B 0010002C 0
47 15 000E002F 00100031 3
48 15 000E0030 00100032 3
49 15 000E0030 00110033 F
50 15 000E0031 00110034 F
51 15 000F0032 00100034 8
54 15 000E0036 00100038 3
55 15 000E0036 00110039 F
56 15 000E0037 00100039 9
57 15 000E0038 0010003A 9
58 15 000E003A 0010003B 1
72 15 000F0048 00100049 0
73 15 000F0048 0010004A 8
92 15 000F005C 0010005E 2
93 15 000F005C 0011005E C
102 15 000F0066 00110068 6
103 15 000E0066 00110069 F
104 15 000E0067 0011006A F
105 15 000E0068 0011006A D
110 15 000E006E 0010006F 1
120 15 000F0078 00110079 4
121 15 000F0078 0011007A C
122 15 000F007A 0011007B 4
5 16 00100005 00110007 2
6 16 000F0005 00120008 F
7 16 00100006 00110008 8
12 16 000F000C 0011000E 3
13 16 000F000C 0012000F F
14 16 000F000D 00120010 F
15 16 0010000E 00110010 8
20 16 000F0014 00110015 1
21 16 000F0014 00110017 B
22 16 000F0016 00110018 3
23 16 000F0016 00120018 D
25 16 000F0019 0012001B 7
26 16 00100019 0011001B 8
30 16 0010001E 0011001F 0
38 16 00100026 00110027 0
39 16 00100027 00120029 6
40 16 00100028 0012002A 6
41 16 00100028 0012002A C
48 16 000F0030 00110032 3
49 16 000F0030 00120033 F
50 16 000F0031 00120034 F
51 16 00100032 00110034 8
54 16 00100036 00120038 6
55 16 000F0036 00110038 9
56 16 000F0037 00110039 9
72 16 00100048 0011004A 2
73 16 00100048 0011004A 8
92 16 0010005C 0011005E 2
93 16 0010005D 0011005E 0
94 16 0010005D 0012005F C
101 16 00100065 00120067 6
102 16 00100066 00120068 6
103 16 000F0066 00120069 F
104 16 000F0067 0012006A F
105 16 00100068 0012006A C
106 16 00100069 0012006B C
107 16 0010006B 0012006C 4
108 16 0010006C 0012006D 4
109 16 0010006D 0012006F 6
110 16 0010006E 0012006F 4
118 16 00100076 00120077 4
119 16 00100077 00120079 6
120 16 00100078 0012007A 6
121 16 000F0078 0012007B F
122 16 00100079 0012007B C
123 16 0010007A 0012007C C
132 16 00100084 00110085 0
133 16 00100085 00110086 0
5 17 00110005 00120007 2
6 17 00100005 00130008 F
7 17 00110006 00120008 8
12 17 0011000C 0012000E 2
13 17 0010000C 0013000F F
14 17 0010000D 0012000F 9
15 17 0011000E 00120010 8
18 17 00110012 00120013 0
19 17 00110013 00120015 2
20 17 00110014 00120015 0
22 17 00100016 00120018 3
23 17 00110017 00120018 0
24 17 00110017 0013001A E
25 17 00110019 0013001B 6
26 17 00110019 0013001B C
30 17 0011001E 0013001F 4
38 17 00110026 00120027 0
39 17 00100026 00120029 B
40 17 00100028 00120029 1
41 17 00110028 0012002A 8
42 17 0011002A 0012002B 0
43 17 0011002B 0013002C 4
44 17 0011002C 0013002D 4
45 17 0011002D 0013002E 4
46 17 0011002E 0013002F 4
48 17 00110030 00130032 6
49 17 00100030 00130033 F
50 17 00100031 00130034 F
51 17 00110032 00120034 8
53 17 00110035 00120037 2
54 17 00110036 00130038 6
55 17 00100036 00130038 D
62 17 0011003E 0013003F 4
63 17 0011003F 00120040 0
72 17 00110048 0012004A 2
73 17 00110048 0012004A 8
93 17 0010005D 0013005F 7
94 17 0011005D 0013005F C
95 17 0011005E 00130060 C
96 17 00110060 00130061 4
97 17 00110061 00130062 4
98 17 00110062 00130063 4
99 17 00110063 00130064 4
100 17 00110064 00130066 6
101 17 00110065 00120066 0
102 17 00100065 00120068 B
103 17 00100067 00120068 1
104 17 00100067 00120069 9
105 17 00100069 0012006A 1
106 17 0010006A 0012006C 3
107 17 0010006B 0012006D 3
108 17 0010006B 0012006D 9
109 17 0010006C 0012006E 9
110 17 0011006E 0012006F 0
111 17 0011006F 00120070 0
112 17 00110070 00120071 0
113 17 00110071 00130072 4
114 17 00110072 00130073 4
115 17 00110073 00130074 4
116 17 00110074 00130075 4
117 17 00110075 00130077 6
118 17 00110076 00130078 6
119 17 00100076 00130079 F
120 17 00100077 0013007A F
121 17 00100078 0013007B F
122 17 00100079 0013007C F
123 17 0011007A 0013007C C
124 17 0011007B 0012007D 8
125 17 0011007D 0012007E 0
132 17 00110084 00120085 0
133 17 00110085 00120086 0
5 18 00120005 00130007 2
6 18 00110005 00140008 F
7 18 00120006 00130008 8
12 18 0012000C 0014000E 6
13 18 0011000C 0014000F F
14 18 0011000D 0014000F D
20 18 00120014 00130015 0
21 18 00120015 00130016 0
23 18 00110017 00130019 3
24 18 00110017 0014001A F
25 18 00110018 0014001B F
26 18 00120019 0014001B C
27 18 0012001A 0014001C C
28 18 0012001C 0014001D 4
29 18 0012001D 0014001F 6
30 18 0012001E 0014001F 4
31 18 0012001E 00140020 C
32 18 00120020 00140021 4
33 18 00120021 00130022 0
34 18 00120022 00130023 0
36 18 00120024 00130025 0
38 18 00120026 00130027 0
40 18 00110028 00130029 1
42 18 0011002A 0014002C 7
43 18 0011002A 0014002D F
44 18 0011002B 0014002E F
45 18 0011002C 0014002F F
46 18 0012002D 0014002F C
47 18 0012002E 00140031 E
48 18 00120030 00140032 6
49 18 00110030 00140033 F
50 18 00110031 00140034 F
51 18 00120032 00130034 8
53 18 00120035 00130036 0
54 18 00110035 00130038 B
55 18 00120037 00130038 0
56 18 00120037 00140039 C
60 18 0012003C 0014003D 4
61 18 0012003D 0014003F 6
62 18 0012003E 00140040 6
63 18 0012003E 00130040 8
69 18 00120045 00130046 0
70 18 00120046 00130047 0
72 18 00120048 0013004A 2
73 18 00120048 0013004A 8
87 18 00120057 00140058 4
92 18 0012005C 0014005E 6
93 18 0012005D 0014005F 6
94 18 0011005D 00140060 F
95 18 0011005E 00140061 F
96 18 0011005F 00130061 9
97 18 00110060 00130062 9
98 18 00110062 00130063 1
99 18 00110063 00130064 1
100 18 00110064 00130065 1
101 18 00110065 00130066 1
103 18 00110067 00130068 1
107 18 0011006B 0013006C 1
108 18 0011006C 0013006D 1
112 18 00110070 00130071 1
113 18 00110071 00130073 3
114 18 00110072 00130073 1
115 18 00110072 00130074 9
116 18 00110074 00130076 3
117 18 00110075 00130077 3
118 18 00110075 00140078 F
119 18 00110076 00140079 F
120 18 00110077 0014007A F
121 18 00110078 0014007B F
122 18 00110079 0014007C F
123 18 0011007A 0013007C 9
124 18 0011007B 0013007D 9
5 19 00130005 00140007 2
6 19 00120006 00140008 3
7 19 00130006 00140008 8
11 19 0013000B 0014000C 0
12 19 0013000C 0014000E 2
13 19 0012000D 0014000F 3
14 19 0013000D 0015000F C
15 19 0013000E 00140010 8
23 19 00130017 00140019 2
24 19 00120018 0014001A 3
25 19 00120018 0015001B F
26 19 00120019 0015001C F
27 19 0012001A 0015001D F
28 19 0012001B 0015001E F
29 19 0012001C 0015001F F
30 19 0012001D 00150020 F
31 19 0012001E 00150021 F
32 19 0012001F 00150022 F
33 19 00120020 00140022 9
36 19 00130024 00140025 0
37 19 00130024 00140026 8
41 19 00130029 0015002B 6
42 19 0013002A 0015002C 6
43 19 0012002A 0015002D F
44 19 0012002B 0015002E F
45 19 0012002C 0015002F F
46 19 0012002D 00150030 F
47 19 0012002E 00150031 F
48 19 0012002F 00150032 F
49 19 00120030 00150033 F
50 19 00120031 00150034 F
51 19 00130032 00140034 8
53 19 00130035 00140036 0
55 19 00120037 00140039 3
56 19 00130038 00140039 0
57 19 00130038 0015003A C
58 19 0013003A 0015003B 4
59 19 0013003B 0015003D 6
60 19 0013003C 0015003E 6
61 19 0012003C 0015003F F
62 19 0012003D 0014003F 9
63 19 0013003E 00140040 8
68 19 00130044 00140046 2
69 19 00130045 00140046 0
72 19 00130048 00140049 0
73 19 00130048 0014004A 8
83 19 00130053 00150054 4
84 19 00130054 00150055 4
85 19 00130055 00150056 4
86 19 00130056 00150058 6
87 19 00130057 00150058 4
88 19 00130057 00140059 8
89 19 00130059 0014005A 0
90 19 0013005A 0014005B 0
91 19 0013005B 0014005C 0
92 19 0013005C 0014005D 0
93 19 0012005D 0014005E 1
94 19 0012005E 0014005F 1
95 19 0012005F 00140060 1
96 19 00120060 00140061 1
114 19 00120072 00140073 1
117 19 00120075 00140076 1
118 19 00120076 00140077 1
119 19 00120077 00140079 3
120 19 00120078 0014007A 3
121 19 00120078 0015007B F
122 19 00120079 0015007C F
123 19 0012007A 0015007C D
126 19 0013007E 0015007F 4
127 19 0013007F 00150080 4
128 19 00130080 00150081 4
129 19 00130081 00150082 4
6 20 00130006 00150008 3
7 20 00140006 00160008 C
11 20 0014000B 0015000C 0
13 20 0013000D 0015000F 3
14 20 0013000E 00150010 3
15 20 0014000E 00150010 8
24 20 00130018 0016001A 7
25 20 00130018 0016001B F
26 20 00130019 0016001C F
27 20 0013001A 0016001D F
28 20 0013001B 0016001E F
29 20 0013001C 0015001E 9
30 20 0013001D 00150020 B
31 20 0013001F 00150021 3
32 20 0013001F 00160022 F
33 20 00140020 00160022 C
35 20 00140023 00150024 0
36 20 00140024 00150025 0
40 20 00140028 0016002A 6
41 20 00140029 0016002B 6
42 20 00130029 0016002C F
43 20 0013002A 0015002C 9
44 20 0013002B 0015002D 9
45 20 0013002D 0015002E 1
46 20 0013002E 0015002F 1
47 20 0013002F 00150031 3
48 20 00130030 00150032 3
49 20 00130030 00160033 F
50 20 00130031 00150033 9
51 20 00140032 00150034 8
53 20 00140035 00150036 0
56 20 00130038 0015003A 3
57 20 00130038 0016003B F
58 20 00130039 0016003C F
59 20 0013003A 0016003D F
60 20 0013003B 0016003E F
61 20 0013003C 0015003E 9
62 20 0013003D 0015003F 9
68 20 00140044 00150045 0
69 20 00140044 00150046 8
72 20 00140048 00160049 4
74 20 0014004A 0016004B 4
75 20 0014004B 0016004C 4
76 20 0014004C 0016004D 4
77 20 0014004D 0016004E 4
78 20 0014004E 0016004F 4
79 20 0014004F 00160050 4
80 20 00140050 00150051 0
81 20 00140051 00150052 0
82 20 00140052 00150053 0
83 20 00140053 00150054 0
84 20 00130054 00150055 1
85 20 00130055 00150056 1
86 20 00130056 00150057 1
87 20 00130057 00150058 1
88 20 00130058 00150059 1
120 20 00130078 0016007A 7
121 20 00130078 0016007B F
122 20 00130079 0016007C F
123 20 0014007A 0016007C C
124 20 0014007B 0016007D C
125 20 0014007D 0016007F 6
126 20 0014007E 00160080 6
127 20 0013007E 00160081 F
128 20 0013007F 00160082 F
129 20 00140080 00160082 C
130 20 00140081 00160083 C
131 20 00140083 00160084 4
132 20 00140084 00160085 4
133 20 00140085 00150086 0
6 21 00150006 00160008 2
7 21 00150006 00170008 C
8 21 00150007 00170009 C
9 21 00150009 0017000A 4
10 21 0015000A 0016000B 0
14 21 0014000E 00160010 3
15 21 0015000E 00170010 C
21 21 00150015 00170016 4
22 21 00150016 00160017 0
23 21 00150017 00160018 0
24 21 00150018 0016001A 2
25 21 00140019 0016001B 3
26 21 00140019 0017001C F
27 21 0014001A 0017001D F
28 21 0014001B 0017001E F
29 21 0014001C 0016001E 9
31 21 0014001F 00160021 3
32 21 0014001F 00170022 F
33 21 00150020 00170022 C
34 21 00150021 00170023 C
37 21 00150025 00160026 0
38 21 00150026 00160027 0
39 21 00150027 00170029 6
40 21 00150028 0017002A 6
41 21 00140028 0016002A 9
42 21 00140029 0016002B 9
43 21 0014002B 0016002C 1
48 21 00140030 00160032 3
49 21 00140030 00170033 F
50 21 00140031 00170033 D
52 21 00150034 00170036 6
53 21 00150035 00160036 0
56 21 00150038 0016003A 2
57 21 00140038 0016003A 9
58 21 00140039 0016003B 9
59 21 0014003B 0016003C 1
60 21 0014003C 0016003D 1
61 21 0014003D 0016003E 1
67 21 00150043 00160045 2
68 21 00150044 00160045 0
71 21 00150047 00160048 0
72 21 00150048 00160049 0
73 21 00150049 0016004A 0
74 21 0015004A 0016004B 0
75 21 0014004B 0016004C 1
76 21 0014004C 0016004D 1
77 21 0014004D 0016004E 1
78 21 0014004E 0016004F 1
79 21 0014004F 00160050 1
80 21 00140050 00160051 1
116 21 00150074 00170075 4
117 21 00150075 00170076 4
118 21 00150076 00170077 4
119 21 00150077 00170079 6
120 21 00150078 0017007A 6
121 21 00140078 0017007B F
122 21 00140079 0017007C F
123 21 0014007A 0017007D F
124 21 0014007B 0017007E F
125 21 0014007C 0017007F F
126 21 0014007D 00170080 F
127 21 0014007E 00170081 F
128 21 0014007F 00170082 F
129 21 00140080 00170083 F
130 21 00140081 00170084 F
131 21 00140082 00170085 F
132 21 00140083 00170086 F
133 21 00150084 00160086 8
6 22 00160006 00170008 2
7 22 00150007 00170009 3
8 22 00150007 0018000A F
9 22 00150008 0018000B F
10 22 00160009 0017000B 8
14 22 0016000E 00170010 2
15 22 0016000E 00180010 C
16 22 0016000F 00180011 C
18 22 00160012 00170013 0
19 22 00160013 00170014 0
20 22 00160014 00170016 2
21 22 00160015 00170017 2
22 22 00150015 00180017 D
25 22 00150019 0017001B 3
26 22 0015001A 0017001C 3
27 22 0015001A 0018001D F
28 22 0015001B 0018001E F
29 22 0016001C 0018001E C
31 22 0016001F 00180021 6
32 22 0015001F 00180022 F
33 22 00150020 00180023 F
34 22 00160021 00180023 C
35 22 00160022 00180024 C
38 22 00150026 00180028 7
39 22 00150026 00180029 F
40 22 00150027 0018002A F
41 22 00150028 0017002A 9
48 22 00160030 00170032 2
49 22 00150030 00180033 F
50 22 00160031 00180033 C
51 22 00160032 00180035 E
52 22 00160034 00180036 6
53 22 00160034 00170036 8
56 22 00160038 0017003A 2
57 22 00150038 0017003A 9
67 22 00160043 00170044 0
68 22 00160043 00170045 8
115 22 00160073 00180075 6
116 22 00160074 00180076 6
117 22 00150074 00180077 F
118 22 00150075 00180078 F
119 22 00150076 00180079 F
120 22 00150077 0018007A F
121 22 00150078 0018007B F
122 22 00150079 0018007C F
123 22 0015007A 0018007D F
124 22 0015007B 0018007E F
125 22 0015007C 0017007E 9
126 22 0015007D 00170080 B
127 22 0015007F 00170080 1
128 22 0015007F 00170081 9
129 22 00150081 00170082 1
130 22 00150082 00170083 1
131 22 00150083 00170084 1
132 22 00150084 00170085 1
133 22 00160085 00170086 0
7 23 00160007 00180009 3
8 23 00160007 0019000A F
9 23 00160008 0019000B F
10 23 00170009 0019000B C
12 23 0017000C 0018000D 0
14 23 0017000E 0018000F 0
15 23 0016000F 00180010 1
16 23 00170010 00180011 0
17 23 00170011 00180012 0
21 23 00160015 00180016 1
22 23 00170015 00180017 8
23 23 00170017 00180018 0
26 23 0016001A 0018001C 3
27 23 0016001B 0018001D 3
28 23 0016001B 0019001E F
29 23 0017001C 0019001E C
30 23 0017001D 00190020 E
31 23 0017001F 00190021 6
32 23 0016001F 00190022 F
33 23 00160020 00190023 F
34 23 00160021 00190024 F
35 23 00170022 00190024 C
36 23 00170023 00190025 C
37 23 00170025 00190027 6
38 23 00170026 00190028 6
39 23 00160026 00190029 F
40 23 00160027 00180029 9
41 23 00170028 0018002A 8
48 23 00170030 00190032 6
49 23 00160030 00190033 F
50 23 00160031 00190034 F
51 23 00160032 00190035 F
52 23 00160033 00190036 F
53 23 00170034 00180036 8
56 23 00170038 0018003A 2
57 23 00170038 0019003A C
66 23 00170042 00190044 6
67 23 00170043 00180044 0
114 23 00170072 00180074 2
115 23 00170073 00180074 0
116 23 00160073 00180075 9
117 23 00160075 00180077 3
118 23 00160076 00180078 3
119 23 00160076 00190079 F
120 23 00160077 00180079 9
121 23 00160078 0018007A 9
122 23 0016007A 0018007B 1
123 23 0016007B 0018007C 1
124 23 0016007C 0018007D 1
125 23 0016007D 0018007E 1
127 23 0016007F 00180080 1
7 24 00180007 00190009 2
8 24 00170007 00190009 9
9 24 00170008 0019000A 9
10 24 0018000A 0019000B 0
11 24 0018000B 0019000D 2
12 24 0018000C 0019000D 0
21 24 00180015 00190016 0
27 24 0017001B 0019001D 3
28 24 0017001B 001A001E F
29 24 0017001C 001A001F F
30 24 0017001D 0019001F 9
31 24 0017001E 00190021 B
32 24 00170020 00190021 1
33 24 00170020 00190023 B
34 24 00170022 00190024 3
35 24 00170022 001A0025 F
36 24 00170023 001A0026 F
37 24 00170024 001A0027 F
38 24 00170025 001A0028 F
39 24 00170026 001A0029 F
40 24 00170027 001A0029 D
42 24 0018002A 0019002B 0
46 24 0018002E 001A002F 4
47 24 0018002F 001A0031 6
48 24 00180030 001A0032 6
49 24 00170030 001A0033 F
50 24 00170031 00190033 9
51 24 00170032 00190034 9
52 24 00170034 00190036 3
53 24 00180035 00190036 0
56 24 00180038 0019003A 2
57 24 00180039 0019003A 0
58 24 00180039 001A003B C
65 24 00180041 001A0043 6
66 24 00180042 00190043 0
67 24 00180042 00190044 8
115 24 00170073 00190074 1
118 24 00170076 00190077 1
119 24 00170077 00190078 1
120 24 00170078 00190079 1
7 25 00190007 001A0009 2
8 25 00180007 001A0009 9
12 25 0019000C 001A000D 0
13 25 0019000C 001B000E C
25 25 00190019 001A001A 0
27 25 0019001B 001A001D 2
28 25 0018001B 001A001D 9
29 25 0018001C 001A001F B
30 25 0018001E 001A001F 1
32 25 00180020 001A0021 1
34 25 00180022 001A0024 3
35 25 00180023 001A0025 3
36 25 00180023 001B0026 F
37 25 00180024 001B0027 F
38 25 00180025 001B0028 F
39 25 00180026 001B0029 F
40 25 00190027 001B0029 C
41 25 00190028 001B002B E
42 25 0019002A 001A002B 0
45 25 0019002D 001B002F 6
46 25 0019002E 001B0030 6
47 25 0018002E 001B0031 F
48 25 0018002F 001B0032 F
49 25 00180030 001B0033 F
50 25 00180031 001B0033 D
53 25 00190035 001A0036 0
57 25 00180039 001A003B 3
58 25 00190039 001B003B C
59 25 0019003A 001B003C C
60 25 0019003C 001B003D 4
61 25 0019003D 001B003E 4
62 25 0019003E 001B003F 4
63 25 0019003F 001B0040 4
64 25 00190040 001B0042 6
65 25 00190041 001A0042 0
66 25 00180041 001A0043 9
98 25 00190062 001A0063 0
99 25 00190063 001A0064 0
105 25 00190069 001A006A 0
106 25 0019006A 001A006B 0
107 25 0019006B 001A006C 0
111 25 0019006F 001A0070 0
7 26 001A0007 001B0009 2
8 26 001A0008 001B0009 0
12 26 001A000C 001B000E 2
13 26 001A000D 001B000E 0
14 26 001A000D 001C000F C
15 26 001A000F 001B0010 0
24 26 001A0018 001B001A 2
25 26 001A0019 001B001A 0
27 26 001A001B 001B001D 2
28 26 0019001B 001B001D 9
30 26 001A001E 001B001F 0
31 26 001A001E 001B0020 8
33 26 001A0021 001B0022 0
35 26 00190023 001C0025 7
36 26 00190023 001C0026 F
37 26 00190024 001C0027 F
38 26 00190025 001C0028 F
39 26 00190026 001C0029 F
40 26 00190027 001B0029 9
41 26 00190028 001B002A 9
42 26 001A002A 001B002B 0
44 26 001A002C 001B002E 2
45 26 001A002D 001C002F 6
46 26 0019002D 001C0030 F
47 26 0019002E 001C0031 F
48 26 0019002F 001C0032 F
49 26 00190030 001C0033 F
50 26 001A0031 001C0033 C
51 26 001A0032 001B0034 8
57 26 001A0039 001B003B 2
58 26 00190039 001C003C F
59 26 0019003A 001C003D F
60 26 0019003B 001B003D 9
61 26 0019003C 001B003F B
62 26 0019003E 001B0040 3
63 26 0019003E 001C0041 F
64 26 0019003F 001C0042 F
65 26 00190040 001B0042 9
70 26 001A0046 001B0047 0
71 26 001A0047 001B0048 0
99 26 001A0063 001B0064 0
110 26 001A006E 001B006F 0
111 26 001A006F 001B0070 0
8 27 001B0008 001C0009 0
9 27 001B0008 001C000A 8
13 27 001A000D 001D000F 7
14 27 001A000D 001D0010 F
15 27 001B000E 001C0010 8
24 27 001B0018 001D001A 6
25 27 001B0018 001D001A C
27 27 001B001B 001D001D 6
28 27 001B001B 001D001D C
30 27 001B001E 001C001F 0
33 27 001B0021 001C0022 0
34 27 001B0022 001C0024 2
35 27 001B0023 001C0025 2
36 27 001A0023 001D0026 F
37 27 001A0024 001C0026 9
38 27 001A0025 001C0028 B
39 27 001A0027 001C0028 1
40 27 001A0027 001C0029 9
44 27 001B002C 001C002E 2
45 27 001A002C 001D002F F
46 27 001A002D 001D0030 F
47 27 001A002E 001D0031 F
48 27 001A002F 001D0032 F
49 27 001A0030 001D0033 F
50 27 001A0031 001C0033 9
51 27 001B0032 001C0034 8
57 27 001B0039 001C003A 0
58 27 001A003A 001C003C 3
59 27 001A003B 001C003D 3
60 27 001A003B 001C003D 9
62 27 001A003E 001C0040 3
63 27 001A003F 001C0041 3
64 27 001A003F 001C0041 9
65 27 001B0040 001C0042 8
114 27 001B0072 001C0073 0
8 28 001C0008 001D000A 2
9 28 001C0008 001E000A C
11 28 001C000B 001E000C 4
12 28 001C000C 001E000E 6
13 28 001C000D 001E000F 6
14 28 001B000D 001E0010 F
15 28 001C000E 001D0010 8
23 28 001C0017 001D0018 0
24 28 001C0018 001D0019 0
25 28 001C0019 001D001A 0
26 28 001C001A 001D001C 2
27 28 001C001B 001E001D 6
28 28 001C001B 001E001D C
29 28 001C001C 001D001E 8
31 28 001C001F 001D0020 0
35 28 001B0023 001D0024 1
36 28 001B0024 001D0025 1
37 28 001B0025 001D0026 1
39 28 001B0027 001D0028 1
44 28 001C002C 001E002E 6
45 28 001B002C 001E002F F
46 28 001B002D 001E0030 F
47 28 001B002E 001E0031 F
48 28 001B002F 001E0032 F
49 28 001B0030 001E0033 F
50 28 001B0031 001D0033 9
59 28 001B003B 001E003D 7
60 28 001C003B 001E003D C
63 28 001B003F 001D0040 1
64 28 001B003F 001D0041 9
97 28 001C0061 001E0062 4
98 28 001C0062 001E0063 4
99 28 001C0063 001E0064 4
100 28 001C0064 001E0065 4
101 28 001C0065 001E0066 4
102 28 001C0066 001E0067 4
103 28 001C0067 001E0068 4
104 28 001C0068 001E0069 4
105 28 001C0069 001E006A 4
106 28 001C006A 001E006B 4
107 28 001C006B 001E006C 4
108 28 001C006C 001E006D 4
109 28 001C006D 001E006E 4
110 28 001C006E 001E006F 4
111 28 001C006F 001D0070 0
114 28 001C0072 001D0073 0
8 29 001D0008 001F000A 6
9 29 001D0008 001E000A 8
10 29 001D0009 001E000C A
11 29 001D000B 001E000D 2
12 29 001C000B 001F000E F
13 29 001C000C 001F000F F
14 29 001C000D 001F0010 F
15 29 001D000E 001F0010 C
26 29 001C001A 001E001C 3
27 29 001C001A 001F001D F
28 29 001C001B 001F001E F
29 29 001D001C 001F001E C
31 29 001D001F 001F0020 4
39 29 001D0027 001E0028 0
40 29 001D0028 001E0029 0
41 29 001D0029 001F002A 4
43 29 001D002B 001F002D 6
44 29 001D002C 001F002E 6
45 29 001C002C 001F002F F
46 29 001C002D 001F0030 F
47 29 001C002E 001F0031 F
48 29 001C002F 001F0032 F
49 29 001C0030 001E0032 9
50 29 001D0031 001E0033 8
58 29 001D003A 001E003C 2
59 29 001D003B 001F003D 6
60 29 001D003B 001F003D C
61 29 001D003C 001F003E C
62 29 001D003E 001E003F 0
63 29 001D003F 001E0040 0
89 29 001D0059 001E005A 0
90 29 001D005A 001F005B 4
91 29 001D005B 001E005C 0
92 29 001D005C 001E005D 0
93 29 001D005D 001E005E 0
94 29 001D005E 001E005F 0
95 29 001D005F 001E0060 0
96 29 001D0060 001E0061 0
97 29 001D0061 001E0062 0
98 29 001C0062 001E0064 3
99 29 001C0063 001E0065 3
100 29 001C0063 001F0066 F
101 29 001C0064 001E0066 9
102 29 001C0065 001E0067 9
103 29 001C0067 001E0069 3
104 29 001C0068 001E006A 3
105 29 001C0068 001F006B F
106 29 001C0069 001F006C F
107 29 001C006A 001F006D F
108 29 001C006B 001F006E F
109 29 001C006C 001F006F F
110 29 001C006D 001E006F 9
111 29 001D006E 001E0070 8
4 30 001E0004 001F0005 0
7 30 001E0007 00200009 6
8 30 001E0008 0020000A 6
9 30 001D0008 0020000A D
11 30 001D000B 0020000D 7
12 30 001D000B 0020000E F
13 30 001D000C 0020000F F
14 30 001D000D 001F000F 9
15 30 001E000E 001F0010 8
16 30 001E0010 001F0011 0
22 30 001E0016 001F0017 0
23 30 001E0017 00200018 4
24 30 001E0018 001F0019 0
26 30 001E001A 001F001C 2
27 30 001D001B 001F001D 3
28 30 001D001B 0020001E F
29 30 001E001C 0020001E C
30 30 001E001D 00200020 E
31 30 001E001F 00200020 4
32 30 001E001F 00200021 C
33 30 001E0021 00200022 4
35 30 001E0023 001F0024 0
37 30 001E0025 001F0026 0
38 30 001E0026 00200027 4
40 30 001D0028 0020002A 7
41 30 001E0028 0020002A C
42 30 001E0029 0020002C E
43 30 001E002B 0020002D 6
44 30 001D002B 0020002E F
45 30 001D002C 0020002F F
46 30 001D002D 001F002F 9
47 30 001D002E 001F0030 9
48 30 001D0030 001F0031 1
49 30 001D0031 001F0032 1
58 30 001E003A 001F003C 2
59 30 001D003A 0020003D F
60 30 001D003B 0020003E F
61 30 001D003C 001F003E 9
62 30 001D003D 001F003F 9
68 30 001E0044 001F0045 0
78 30 001E004E 001F004F 0
79 30 001E004F 001F0050 0
84 30 001E0054 001F0055 0
85 30 001E0055 001F0056 0
86 30 001E0056 001F0057 0
87 30 001E0057 001F0058 0
89 30 001E0059 001F005A 0
90 30 001D005A 001F005B 1
91 30 001D005B 001F005C 1
93 30 001D005D 001F005E 1
99 30 001D0063 001F0064 1
100 30 001D0064 001F0065 1
101 30 001D0065 001F0066 1
104 30 001D0068 001F006A 3
105 30 001D0068 001F006A 9
106 30 001D0069 001F006B 9
107 30 001D006B 001F006C 1
108 30 001D006C 001F006D 1
109 30 001D006D 001F006E 1
110 30 001D006E 001F006F 1
0 31 001F0000 00200001 0
4 31 001F0004 00200005 0
5 31 001F0005 00200006 0
6 31 001F0006 00200007 0
7 31 001F0007 00200009 2
8 31 001E0008 0020000A 3
9 31 001F0008 0021000A C
10 31 001F0009 0021000C E
11 31 001F000B 0021000D 6
12 31 001E000B 0020000D 9
13 31 001E000C 0020000F B
14 31 001E000E 0020000F 1
16 31 001F0010 00200011 0
17 31 001F0011 00200012 0
22 31 001F0016 00200018 2
23 31 001E0016 00210019 F
24 31 001F0017 00200019 8
27 31 001E001B 0020001D 3
28 31 001E001B 0021001E F
29 31 001E001C 0021001F F
30 31 001E001D 00210020 F
31 31 001E001E 00210021 F
32 31 001E001F 00210022 F
33 31 001F0020 00210022 C
34 31 001F0021 00210024 E
35 31 001F0023 00210024 4
37 31 001F0025 00210027 6
38 31 001F0025 00210027 C
39 31 001F0026 00210029 E
40 31 001F0028 0021002A 6
41 31 001E0028 0021002B F
42 31 001E0029 0021002C F
43 31 001E002A 0021002D F
44 31 001E002B 0021002E F
45 31 001E002C 0021002F F
46 31 001E002D 0021002F D
54 31 001F0036 00200037 0
55 31 001F0037 00200038 0
56 31 001F0038 00200039 0
58 31 001F003A 0020003C 2
59 31 001E003A 0021003D F
60 31 001E003B 0021003E F
61 31 001E003C 0021003E D
67 31 001F0043 00210045 6
68 31 001F0044 00200045 0
78 31 001F004E 0020004F 0
79 31 001F004F 00200050 0
104 31 001F0068 0020006A 2
105 31 001E0068 0021006A D
0 32 00200000 00210001 0
8 32 001F0008 0021000A 3
9 32 001F0008 0022000B F
10 32 001F0009 0022000C F
11 32 001F000A 0021000C 9
12 32 001F000B 0021000D 9
14 32 0020000E 0021000F 0
22 32 00200016 00210017 0
23 32 001F0017 00210018 1
24 32 00200018 00210019 0
27 32 0020001B 0021001C 0
28 32 001F001C 0021001E 3
29 32 001F001D 0021001F 3
30 32 001F001D 00220020 F
31 32 001F001E 00220021 F
32 32 001F001F 00220022 F
33 32 001F0020 00220023 F
34 32 001F0021 00220024 F
35 32 00200022 00220024 C
36 32 00200023 00220026 E
37 32 00200025 00220027 6
38 32 001F0025 00220028 F
39 32 001F0026 00220029 F
40 32 001F0027 0022002A F
41 32 001F0028 0022002B F
42 32 001F0029 0022002C F
43 32 001F002A 0021002C 9
44 32 001F002B 0021002D 9
45 32 001F002D 0021002E 1
46 32 0020002E 0021002F 0
47 32 0020002F 00210030 0
48 32 00200030 00210031 0
49 32 00200031 00210032 0
51 32 00200033 00210034 0
54 32 00200036 00210037 0
58 32 0020003A 0021003C 2
59 32 001F003B 0021003D 3
60 32 001F003B 0022003E F
61 32 0020003C 0022003E C
62 32 0020003D 0022003F C
63 32 0020003F 00220040 4
64 32 00200040 00220041 4
65 32 00200041 00220042 4
66 32 00200042 00220044 6
67 32 00200043 00220045 6
68 32 00200043 00210045 8
104 32 00200068 0021006A 2
105 32 00200068 0022006A C
106 32 00200069 0021006B 8
8 33 00210008 0022000A 2
9 33 00200009 0022000B 3
10 33 00200009 0023000C F
11 33 0020000A 0022000C 9
13 33 0021000D 0022000E 0
29 33 0020001D 0022001E 1
30 33 0020001E 00220020 3
31 33 0020001F 00220021 3
32 33 0020001F 00230022 F
33 33 00200020 00230023 F
34 33 00200021 00230024 F
35 33 00200022 00230025 F
36 33 00200023 00230026 F
37 33 00200024 00230027 F
38 33 00200025 00230028 F
39 33 00200026 00230029 F
40 33 00200027 0023002A F
41 33 00200028 0022002A 9
42 33 00200029 0022002B 9
43 33 0020002B 0022002C 1
47 33 0020002F 00230031 7
48 33 0020002F 00230031 D
51 33 00210033 00220034 0
52 33 00210034 00220035 0
53 33 00210035 00220036 0
55 33 00210037 00220038 0
56 33 00210038 00220039 0
59 33 0020003B 0023003D 7
60 33 0020003B 0023003E F
61 33 0020003C 0022003E 9
62 33 0020003D 00220040 B
63 33 0020003F 00220040 1
64 33 0020003F 00220041 9
65 33 00200041 00220043 3
66 33 00200042 00220044 3
67 33 00200042 00230045 F
68 33 00210043 00220045 8
104 33 00210068 0022006A 2
105 33 00200069 0022006A 1
106 33 00210069 0022006B 8
111 33 0021006F 00220070 0
112 33 00210070 00230071 4
113 33 00210071 00230072 4
114 33 00210072 00220073 0
9 34 00210009 0023000B 3
10 34 00210009 0024000C F
11 34 0022000A 0024000C C
13 34 0022000D 0023000E 0
31 34 0021001F 00230020 1
32 34 0021001F 00230022 B
33 34 00210021 00230023 3
34 34 00210021 00240024 F
35 34 00210022 00240025 F
36 34 00210023 00240026 F
37 34 00210024 00240027 F
38 34 00210025 00230027 9
39 34 00210026 00230028 9
40 34 00210028 0023002A 3
41 34 00210029 0023002A 1
44 34 0022002C 0023002D 0
45 34 0022002D 0023002E 0
46 34 0022002E 00240030 6
47 34 0022002F 00240031 6
48 34 0022002F 00240031 C
49 34 00220030 00240032 C
50 34 00220032 00230033 0
53 34 00220035 00230036 0
54 34 00220035 00230037 8
55 34 00220037 00230038 0
57 34 00220039 0023003A 0
58 34 0022003A 0024003C 6
59 34 0022003B 0024003D 6
60 34 0021003B 0024003E F
61 34 0021003C 0023003E 9
63 34 0021003F 00230040 1
66 34 00210042 00230044 3
67 34 00210042 00240045 F
68 34 00220043 00240045 C
105 34 00210069 0023006A 1
111 34 0022006F 00230071 2
112 34 00210070 00230071 1
113 34 00210070 00230072 9
114 34 00220072 00230073 0
9 35 00230009 0024000B 2
10 35 0022000A 0024000C 3
11 35 0023000A 0025000C C
12 35 0023000B 0024000D 8
13 35 0023000D 0024000E 0
20 35 00230014 00240015 0
29 35 0023001D 0025001E 4
30 35 0023001E 00250020 6
31 35 0023001F 00250020 4
33 35 00220021 00240022 1
34 35 00220021 00240023 9
35 35 00220023 00240025 3
36 35 00220024 00240026 3
37 35 00220024 00240026 9
38 35 00220025 00240027 9
41 35 00230029 0024002A 0
42 35 00230029 0024002B 8
45 35 0022002D 0024002F 3
46 35 0022002D 0024002F 9
47 35 0022002E 00240030 9
48 35 00220030 00240031 1
49 35 00220031 00240033 3
50 35 00230032 00240033 0
53 35 00230035 00240036 0
57 35 00230039 0024003B 2
58 35 0022003A 0024003C 3
59 35 0022003A 0025003D F
60 35 0022003B 0025003E F
61 35 0023003C 0024003E 8
66 35 00230042 00240044 2
67 35 00220042 00250045 F
68 35 00230043 00250045 C
69 35 00230044 00240046 8
105 35 00230069 0025006A 4
106 35 00230069 0024006B 8
112 35 00220070 00240071 1
10 36 0023000A 0025000C 3
11 36 0023000A 0026000D F
12 36 0023000B 0025000D 9
20 36 00240014 00250015 0
27 36 0024001B 0025001C 0
28 36 0024001C 0025001E 2
29 36 0024001D 0025001F 2
30 36 0023001D 00260020 F
31 36 0024001E 00260020 C
32 36 0024001F 00260022 E
33 36 00240021 00250022 0
36 36 00230024 00250026 3
37 36 00230025 00250026 1
40 36 00240028 00250029 0
41 36 00240029 0025002A 0
45 36 0024002D 0026002F 6
46 36 0023002D 0026002F D
50 36 00240032 00250033 0
51 36 00240032 00250034 8
53 36 00240035 00250036 0
54 36 00240035 00250037 8
55 36 00240037 00250038 0
58 36 0023003A 0026003C 7
59 36 0023003A 0025003C 9
60 36 0023003B 0025003E B
61 36 0024003D 0025003E 0
66 36 00240042 00260044 6
67 36 00230042 00260045 F
68 36 00230043 00260046 F
69 36 00240044 00250046 8
104 36 00240068 0026006A 6
105 36 00240069 0026006B 6
106 36 00240069 0025006B 8
10 37 0025000A 0026000C 2
11 37 0024000A 0027000D F
12 37 0025000B 0026000D 8
16 37 00250010 00260011 0
29 37 0024001D 0026001F 3
30 37 0024001D 00270020 F
31 37 0024001E 00260020 9
32 37 0024001F 00260022 B
33 37 00250021 00260022 0
37 37 00250025 00270026 4
42 37 0025002A 0026002B 0
43 37 0025002B 0026002C 0
44 37 0025002C 0026002E 2
45 37 0025002D 0026002F 2
46 37 0025002D 0026002F 8
47 37 0025002E 00260030 8
50 37 00250032 00260033 0
51 37 00250033 00260034 0
53 37 00250035 00260036 0
54 37 00240035 00260037 9
56 37 00250038 00260039 0
57 37 00250039 0026003B 2
58 37 0025003A 0027003C 6
59 37 0024003A 0027003C D
61 37 0025003D 0026003E 0
65 37 00250041 00260042 0
66 37 00250042 00260044 2
67 37 00240043 00260045 3
68 37 00240043 00270046 F
69 37 00250044 00270046 C
86 37 00250056 00270057 4
87 37 00250057 00270058 4
88 37 00250058 00270059 4
89 37 00250059 0027005A 4
90 37 0025005A 0027005B 4
91 37 0025005B 0027005C 4
92 37 0025005C 0027005D 4
93 37 0025005D 0027005E 4
94 37 0025005E 0027005F 4
95 37 0025005F 00270060 4
96 37 00250060 00270061 4
97 37 00250061 00270062 4
98 37 00250062 00270063 4
99 37 00250063 00270064 4
100 37 00250064 00260065 0
101 37 00250065 00260066 0
102 37 00250066 00260067 0
103 37 00250067 00260069 2
104 37 00250068 0027006A 6
105 37 00240068 0026006A 9
106 37 00250069 0026006B 8
10 38 0026000A 0027000C 2
11 38 0025000A 0028000D F
12 38 0026000B 0027000D 8
16 38 00260010 00270011 0
19 38 00260013 00270014 0
20 38 00260014 00270015 0
21 38 00260015 00270016 0
23 38 00260017 00270018 0
24 38 00260018 00270019 0
29 38 0026001D 0027001E 0
30 38 0025001D 00270020 B
31 38 0025001F 00270020 1
33 38 00260021 00270022 0
36 38 00260024 00270025 0
37 38 00260025 00270026 0
38 38 00260026 00270027 0
45 38 0025002D 0027002E 1
46 38 0025002D 0027002F 9
53 38 00260035 00270036 0
57 38 00250039 0027003B 3
58 38 0025003A 0027003C 3
59 38 0026003A 0027003C 8
60 38 0026003B 0027003D 8
65 38 00260041 00270042 0
67 38 00250043 00270045 3
68 38 00250043 00280046 F
69 38 00260044 00280046 C
70 38 00260045 00280047 C
71 38 00260047 00280048 4
72 38 00260048 00280049 4
73 38 00260049 0028004A 4
74 38 0026004A 0028004B 4
75 38 0026004B 0028004C 4
76 38 0026004C 0028004D 4
77 38 0026004D 0028004E 4
78 38 0026004E 0028004F 4
79 38 0026004F 00280050 4
80 38 00260050 00280051 4
81 38 00260051 00270052 0
82 38 00260052 00270053 0
83 38 00260053 00270054 0
84 38 00260054 00270055 0
85 38 00260055 00270056 0
86 38 00260056 00270057 0
87 38 00250057 00270058 1
88 38 00250058 00270059 1
89 38 00250059 0027005A 1
90 38 0025005A 0027005B 1
91 38 0025005B 0027005C 1
92 38 0025005C 0027005D 1
93 38 0025005D 0027005E 1
94 38 0025005E 0027005F 1
95 38 0025005F 00270060 1
96 38 00250060 00270061 1
97 38 00250061 00270062 1
98 38 00250062 00270063 1
99 38 00250063 00270064 1
100 38 00250064 00270065 1
103 38 00250067 00270069 3
104 38 00250067 0028006A F
105 38 00250068 0027006A 9
10 39 0027000A 0029000C 6
11 39 0026000A 0029000D F
12 39 0027000B 0029000D C
14 39 0027000E 0028000F 0
15 39 0027000F 00280010 0
20 39 00260014 00280015 1
24 39 00270018 00280019 0
28 39 0027001C 0028001E 2
29 39 0027001D 0028001E 0
31 39 0027001F 00280020 0
36 39 00270024 00280025 0
40 39 00270028 00280029 0
41 39 00270029 0028002A 0
44 39 0027002C 0029002E 6
45 39 0027002D 0028002E 0
48 39 00270030 00290031 4
53 39 00270035 00280036 0
54 39 00270035 00280037 8
55 39 00270037 00280038 0
58 39 0026003A 0028003C 3
59 39 0026003A 0029003C D
62 39 0027003E 0028003F 0
67 39 00270043 00290045 6
68 39 00260043 00290046 F
69 39 00260044 00290047 F
70 39 00260045 00290048 F
71 39 00260046 00290049 F
72 39 00260047 00280049 9
73 39 00260048 0028004A 9
74 39 0026004A 0028004B 1
75 39 0026004B 0028004C 1
76 39 0026004C 0028004D 1
77 39 0026004D 0028004E 1
78 39 0026004E 0028004F 1
79 39 0026004F 00280050 1
80 39 00260050 00280051 1
81 39 00260051 00280052 1
103 39 00270067 00280069 2
104 39 00260067 0029006A F
105 39 00270068 0029006A C
9 40 00280009 0029000B 2
10 40 0028000A 002A000C 6
11 40 0027000A 002A000D F
12 40 0028000B 002A000D C
13 40 0028000C 0029000E 8
14 40 0028000E 0029000F 0
20 40 00280014 00290015 0
29 40 0028001D 0029001E 0
31 40 0028001F 00290020 0
32 40 00280020 00290021 0
36 40 00280024 00290025 0
37 40 00280024 002A0026 C
43 40 0028002B 0029002D 2
44 40 0028002C 002A002E 6
45 40 0028002C 002A002E C
47 40 0028002F 00290030 0
48 40 00280030 00290031 0
49 40 00280031 00290032 0
50 40 00280032 00290033 0
51 40 00280033 00290034 0
52 40 00280034 00290036 2
53 40 00280035 00290036 0
55 40 00280037 00290038 0
56 40 00280038 00290039 0
58 40 0028003A 002A003C 6
59 40 0028003A 0029003C 8
60 40 0028003B 0029003D 8
62 40 0028003E 0029003F 0
63 40 0028003F 00290040 0
66 40 00280042 00290044 2
67 40 00280043 002A0045 6
68 40 00270043 002A0046 F
69 40 00270044 00290046 9
70 40 00270045 00290048 B
71 40 00270047 00290049 3
72 40 00270047 00290049 9
103 40 00280067 00290069 2
104 40 00270067 00290069 9
105 40 00280068 0029006A 8
106 40 0028006A 0029006B 0
9 41 00290009 002A000B 2
10 41 00280009 002B000C F
11 41 0028000A 002B000D F
12 41 0028000B 002B000E F
13 41 0028000C 002B000E D
18 41 00290012 002A0013 0
19 41 00290013 002A0014 0
20 41 00290014 002A0015 0
29 41 0029001D 002A001E 0
30 41 0029001E 002A001F 0
36 41 00290024 002A0026 2
37 41 00290025 002A0026 0
38 41 00290025 002B0027 C
43 41 0029002B 002B002D 6
44 41 0028002B 002B002E F
45 41 0029002C 002B002E C
46 41 0029002D 002A002F 8
49 41 00280031 002A0032 1
52 41 00280034 002A0035 1
53 41 00290035 002A0036 0
56 41 00290038 002A0039 0
57 41 00290038 002A003B A
58 41 0029003A 002A003C 2
59 41 0028003A 002A003C 9
66 41 00290042 002A0044 2
67 41 00280042 002B0045 F
68 41 00280043 002B0046 F
69 41 00280044 002B0046 D
71 41 00280047 002B0049 7
72 41 00290047 002B0049 C
103 41 00290067 002A0069 2
104 41 00280067 002B0069 D
9 42 002A0009 002B000B 2
10 42 00290009 002C000C F
11 42 0029000A 002C000D F
12 42 0029000B 002C000E F
13 42 002A000C 002C000E C
14 42 002A000D 002C000F C
15 42 002A000F 002B0010 0
30 42 002A001E 002B001F 0
32 42 002A0020 002B0021 0
33 42 002A0021 002B0022 0
37 42 00290025 002B0027 3
38 42 002A0025 002C0027 C
39 42 002A0026 002C0028 C
40 42 002A0028 002B0029 0
41 42 002A0029 002B002A 0
42 42 002A002A 002B002C 2
43 42 002A002B 002C002D 6
44 42 0029002B 002C002E F
45 42 0029002C 002C002F F
46 42 002A002D 002B002F 8
54 42 002A0036 002C0037 4
55 42 002A0037 002B0038 0
56 42 002A0038 002B0039 0
58 42 0029003A 002B003C 3
59 42 002A003A 002B003C 8
66 42 002A0042 002B0044 2
67 42 00290043 002B0045 3
68 42 00290043 002C0046 F
69 42 002A0044 002C0046 C
70 42 002A0045 002C0048 E
71 42 002A0047 002C0049 6
72 42 002A0047 002C0049 C
73 42 002A0048 002B004A 8
103 42 002A0067 002B0069 2
104 42 002A0067 002C0069 C
105 42 002A0068 002B006A 8
106 42 002A006A 002B006B 0
9 43 002B0009 002C000B 2
10 43 002A0009 002D000C F
11 43 002A000A 002D000D F
12 43 002A000B 002C000D 9
13 43 002A000C 002C000E 9
14 43 002A000E 002C000F 1
15 43 002B000F 002C0010 0
30 43 002B001E 002C001F 0
31 43 002B001E 002C0020 8
32 43 002B0020 002C0021 0
37 43 002B0025 002D0027 6
38 43 002A0025 002D0028 F
39 43 002A0026 002C0028 9
40 43 002A0027 002C0029 9
42 43 002A002A 002C002C 3
43 43 002A002A 002D002D F
44 43 002A002B 002D002E F
45 43 002A002C 002C002E 9
46 43 002B002D 002C002F 8
50 43 002B0032 002C0033 0
51 43 002B0033 002C0034 0
52 43 002B0034 002C0035 0
53 43 002B0035 002D0037 6
54 43 002B0036 002D0038 6
55 43 002A0036 002D0038 D
58 43 002B003A 002D003C 6
59 43 002B003A 002C003C 8
67 43 002A0043 002D0045 7
68 43 002A0043 002D0046 F
69 43 002A0044 002D0047 F
70 43 002A0045 002D0048 F
71 43 002A0046 002D0049 F
72 43 002A0047 002D004A F
73 43 002B0048 002C004A 8
103 43 002B0067 002C0069 2
104 43 002A0067 002C0069 9
105 43 002A0068 002C006A 9
9 44 002C0009 002E000B 6
10 44 002B0009 002E000C F
11 44 002B000A 002E000D F
12 44 002B000B 002D000D 9
30 44 002C001E 002D0020 2
31 44 002B001E 002E0020 D
36 44 002C0024 002E0026 6
37 44 002C0025 002E0027 6
38 44 002B0025 002E0028 F
39 44 002B0026 002E0028 D
42 44 002C002A 002E002C 6
43 44 002B002A 002D002C 9
44 44 002B002B 002D002E B
45 44 002B002D 002D002E 1
52 44 002B0034 002D0035 1
53 44 002B0034 002D0037 B
54 44 002B0036 002D0038 3
55 44 002C0036 002E0038 C
56 44 002C0037 002E0039 C
57 44 002C0039 002E003B 6
58 44 002C003A 002D003B 0
59 44 002C003A 002D003C 8
62 44 002C003E 002D003F 0
65 44 002C0041 002D0042 0
66 44 002C0042 002D0044 2
67 44 002C0043 002D0045 2
68 44 002B0043 002E0046 F
69 44 002B0044 002E0047 F
70 44 002B0045 002E0048 F
71 44 002B0046 002E0049 F
72 44 002B0047 002E004A F
73 44 002C0048 002E004A C
103 44 002C0067 002D0069 2
104 44 002B0067 002E0069 D
8 45 002D0008 002E000A 2
9 45 002D0009 002E000A 0
10 45 002C0009 002E000C B
11 45 002C000B 002E000D 3
12 45 002D000B 002F000D C
17 45 002D0011 002F0012 4
30 45 002D001E 002E001F 0
31 45 002D001E 002E0020 8
32 45 002D0020 002E0021 0
34 45 002D0022 002E0023 0
35 45 002D0023 002E0024 0
36 45 002D0024 002E0025 0
37 45 002C0025 002E0027 3
38 45 002C0026 002E0028 3
39 45 002D0026 002E0028 8
40 45 002D0027 002E0029 8
41 45 002D0029 002E002A 0
42 45 002D002A 002E002B 0
43 45 002C002B 002E002C 1
45 45 002D002D 002E002E 0
47 45 002D002F 002E0030 0
52 45 002D0034 002F0035 4
54 45 002C0036 002F0038 7
55 45 002C0036 002F0039 F
56 45 002C0037 002F003A F
57 45 002C0038 002F003B F
58 45 002C0039 002F003B D
60 45 002D003C 002E003D 0
62 45 002D003E 002E003F 0
63 45 002D003F 002E0040 0
65 45 002D0041 002E0042 0
67 45 002C0043 002E0045 3
68 45 002C0043 002E0045 9
69 45 002C0044 002E0047 B
70 45 002C0046 002E0048 3
71 45 002C0046 002F0049 F
72 45 002C0047 002F004A F
73 45 002D0048 002F004A C
74 45 002D0049 002E004B 8
103 45 002D0067 002F0069 6
104 45 002D0067 002F0069 C
105 45 002D0068 002E006A 8
9 46 002D0009 0030000A 5
11 46 002D000B 0030000D 7
12 46 002E000B 002F000D 8
13 46 002E000C 002F000E 8
16 46 002E0010 002F0012 2
17 46 002E0011 002F0012 0
18 46 002E0011 002F0013 8
30 46 002E001E 002F001F 0
34 46 002E0022 00300024 6
35 46 002D0022 00300024 D
38 46 002D0026 002F0028 3
39 46 002D0026 00300028 D
41 46 002D0029 002F002A 1
47 46 002E002F 002F0030 0
48 46 002E002F 002F0031 8
51 46 002E0033 002F0035 2
52 46 002E0034 002F0035 0
53 46 002E0034 00300037 E
54 46 002E0036 002F0037 0
55 46 002D0036 002F0038 9
56 46 002D0038 002F0039 1
57 46 002D0039 002F003B 3
58 46 002E003A 002F003B 0
59 46 002E003A 002F003C 8
60 46 002E003C 002F003D 0
63 46 002E003F 002F0040 0
65 46 002E0041 002F0042 0
67 46 002E0043 002F0045 2
68 46 002D0043 002F0045 9
70 46 002D0046 002F0048 3
71 46 002D0047 002F0049 3
72 46 002D0047 0030004A F
73 46 002D0048 002F004A 9
74 46 002E0049 002F004B 8
102 46 002E0066 002F0068 2
103 46 002E0067 002F0068 0
104 46 002D0067 002F0069 9
105 46 002E0069 002F006A 0
8 47 002F0008 0030000A 2
9 47 002F0009 0030000A 0
10 47 002F0009 0030000C A
11 47 002F000B 0030000D 2
12 47 002E000B 0031000D D
17 47 002E0011 00300012 1
21 47 002F0015 00300016 0
30 47 002F001E 0030001F 0
32 47 002F0020 00300021 0
33 47 002F0021 00300022 0
34 47 002F0022 00300023 0
35 47 002F0023 00300024 0
36 47 002F0024 00300025 0
38 47 002F0026 00300027 0
39 47 002F0026 00300028 8
40 47 002F0028 00300029 0
42 47 002F002A 0030002B 0
43 47 002F002B 0030002C 0
45 47 002F002D 0030002E 0
47 47 002F002F 00300031 2
48 47 002F0030 00300031 0
52 47 002E0034 00300036 3
53 47 002E0034 00300036 9
54 47 002E0035 00300037 9
58 47 002E003A 0031003C 7
59 47 002E003A 0030003C 9
65 47 002F0041 00300042 0
67 47 002F0043 00300045 2
68 47 002F0043 00300045 8
71 47 002E0047 00300049 3
72 47 002E0048 0030004A 3
73 47 002E0048 0030004A 9
102 47 002F0066 00300068 2
103 47 002E0066 00300068 9
8 48 00300008 0031000A 2
9 48 002F0008 0031000A 9
11 48 002F000B 0031000D 3
12 48 0030000C 0031000D 0
13 48 0030000C 0031000E 8
19 48 00300013 00310014 0
20 48 00300014 00310015 0
21 48 00300015 00310016 0
30 48 0030001E 0031001F 0
32 48 00300020 00310021 0
36 48 00300024 00310025 0
38 48 00300026 00310027 0
40 48 00300028 00310029 0
42 48 0030002A 0031002B 0
44 48 0030002C 0031002E 2
45 48 0030002D 0031002E 0
48 48 00300030 00310031 0
52 48 00300034 00310036 2
53 48 002F0034 00310036 9
57 48 00300039 0032003B 6
58 48 0030003A 0031003B 0
59 48 0030003A 0031003C 8
65 48 00300041 00310042 0
67 48 00300043 00310045 2
68 48 00300043 00310045 8
72 48 002F0048 00310049 1
73 48 00300049 0031004A 0
102 48 00300066 00310067 0
103 48 00300067 00310068 0
8 49 00310008 0032000A 2
9 49 00310008 0033000A C
12 49 0030000C 0033000E 7
13 49 0031000C 0033000E C
17 49 00310011 00320012 0
20 49 00300014 00320015 1
22 49 00310016 00320017 0
23 49 00310017 00320018 0
30 49 0031001E 0032001F 0
31 49 0031001E 00320020 8
34 49 00310022 00320023 0
36 49 00310024 00320025 0
39 49 00310027 00330028 4
41 49 00310029 0033002A 4
45 49 0031002D 0032002E 0
47 49 0031002F 00320030 0
52 49 00310034 00320036 2
53 49 00310035 00320036 0
55 49 00310037 00330038 4
56 49 00310038 0033003A 6
57 49 00310039 0033003B 6
58 49 00300039 0033003B D
65 49 00310041 00320042 0
67 49 00310043 00320044 0
68 49 00310043 00320045 8
0 50 00320000 00330001 0
1 50 00320001 00330002 0
8 50 00320008 0033000A 2
9 50 00320008 0033000A 8
10 50 00320009 0033000B 8
11 50 0032000B 0033000D 2
12 50 0032000C 0033000E 2
13 50 0032000C 0034000E C
14 50 0032000D 0034000F C
15 50 0032000F 00330010 0
17 50 00320011 00330012 0
18 50 00320012 00330013 0
22 50 00320016 00330017 0
23 50 00320016 00330018 8
30 50 0032001E 00330020 2
31 50 0032001F 00330020 0
34 50 00320022 00330023 0
35 50 00320022 00340025 E
36 50 00320024 00340025 4
38 50 00320026 00340028 6
39 50 00320027 00330028 0
40 50 00320027 0033002A A
41 50 00320029 0033002A 0
42 50 00320029 0033002B 8
43 50 0032002B 0033002C 0
44 50 0032002C 0033002D 0
47 50 0032002F 00330030 0
48 50 00320030 00330031 0
53 50 00320035 00340036 4
54 50 00320035 00340038 E
55 50 00320037 00340039 6
56 50 00310037 0034003A F
57 50 00310038 0034003B F
58 50 00320039 0033003B 8
59 50 0032003A 0033003C 8
60 50 0032003C 0033003D 0
67 50 00320043 00330044 0
8 51 00330008 0034000A 2
9 51 00320008 0034000A 9
12 51 0032000C 0034000E 3
13 51 0032000C 0035000F F
14 51 0032000D 0034000F 9
15 51 0033000E 00340010 8
18 51 00330012 00340013 0
22 51 00330016 00350017 4
31 51 0033001F 00340020 0
34 51 00330022 00340023 0
35 51 00320023 00340024 1
36 51 00330024 00340025 0
37 51 00330025 00340027 2
38 51 00330026 00350028 6
39 51 00320026 00340028 9
41 51 00320029 0034002A 1
42 51 0032002A 0034002B 1
49 51 00330031 00340032 0
51 51 00330033 00340034 0
52 51 00330034 00350036 6
53 51 00330035 00340036 0
54 51 00320035 00340037 9
55 51 00320037 00340039 3
56 51 00320038 0034003A 3
57 51 00320038 0035003B F
58 51 00320039 0035003B D
66 51 00330042 00350044 6
67 51 00330043 00340044 0
102 51 00330066 00340067 0
103 51 00330067 00340068 0
8 52 00340008 0035000A 2
9 52 00340008 0035000A 8
12 52 0034000C 0035000D 0
13 52 0033000D 0035000E 1
14 52 0033000E 0035000F 1
16 52 00340010 00350011 0
21 52 00340015 00360017 6
22 52 00340016 00350017 0
23 52 00340016 00350018 8
31 52 0034001F 00350020 0
32 52 0034001F 00360021 C
37 52 00330025 00360027 7
38 52 00330025 00360028 F
39 52 00340026 00360028 C
46 52 0034002E 0035002F 0
48 52 00340030 00350031 0
49 52 00340031 00350032 0
51 52 00340033 00360035 6
52 52 00330033 00360036 F
53 52 00330034 00350036 9
56 52 00330038 0035003A 3
57 52 00330038 0036003B F
58 52 00340039 0035003B 8
59 52 0034003A 0035003C 8
65 52 00340041 00350043 2
66 52 00340042 00360044 6
67 52 00340042 00350044 8
102 52 00340066 00350068 2
103 52 00340066 00350068 8
8 53 00350008 0037000A 6
9 53 00350008 0036000A 8
15 53 0035000F 00360010 0
16 53 00350010 00360011 0
20 53 00350014 00360016 2
21 53 00350015 00360016 0
22 53 00340015 00360017 9
31 53 0035001F 00360021 2
32 53 00350020 00360021 0
33 53 00350020 00360022 8
34 53 00350022 00360023 0
35 53 00350023 00370024 4
36 53 00350024 00370026 6
37 53 00350025 00370027 6
38 53 00340025 00370028 F
39 53 00350026 00370028 C
40 53 00350027 00370029 C
41 53 00350029 0036002A 0
46 53 0035002E 0036002F 0
48 53 00350030 00360031 0
50 53 00350032 00360033 0
51 53 00350033 00360035 2
52 53 00340034 00360036 3
53 53 00350034 00370036 C
56 53 00350038 0037003A 6
57 53 00340038 0037003B F
58 53 00340039 0037003B D
65 53 00350041 00360043 2
66 53 00340042 00360044 3
67 53 00350042 00360044 8
102 53 00350066 00360068 2
103 53 00350066 00360068 8
7 54 00360007 00370009 2
8 54 00360008 0038000A 6
9 54 00360008 0037000A 8
15 54 0036000F 00370010 0
18 54 00360012 00370013 0
21 54 00350015 00370016 1
32 54 00350020 00370021 1
34 54 00350022 00370024 3
35 54 00350023 00370025 3
36 54 00350023 00380026 F
37 54 00350024 00380027 F
38 54 00350025 00380028 F
39 54 00350026 00380029 F
40 54 00350027 0038002A F
41 54 00360028 0038002A C
43 54 0036002B 0038002C 4
44 54 0036002C 0038002D 4
45 54 0036002D 0038002E 4
48 54 00360030 00370031 0
49 54 00360031 00370032 0
50 54 00360032 00370033 0
52 54 00350034 00380036 7
53 54 00360034 00380036 C
54 54 00360035 00380037 C
55 54 00360037 00380039 6
56 54 00360038 0038003A 6
57 54 00350038 0038003B F
58 54 00360039 0038003B C
59 54 0036003A 0037003C 8
60 54 0036003C 0037003D 0
61 54 0036003D 0037003E 0
66 54 00350042 00370044 3
67 54 00360042 00370044 8
102 54 00360066 00370068 2
103 54 00360067 00370068 0
7 55 00370007 00380009 2
8 55 00360007 0039000A F
9 55 00370008 0039000A C
18 55 00370012 00380013 0
32 55 00370020 00380021 0
35 55 00360023 00380025 3
36 55 00360024 00380026 3
37 55 00360024 00390027 F
38 55 00360025 00390028 F
39 55 00360026 00380028 9
40 55 00360027 0038002A B
41 55 00370029 0038002A 0
42 55 00370029 0039002C E
43 55 0037002B 0038002C 0
44 55 0036002B 0038002D 9
45 55 0037002D 0038002E 0
46 55 0037002E 0038002F 0
47 55 0037002F 00390030 4
49 55 00360031 00380032 1
51 55 00370033 00390035 6
52 55 00370034 00390036 6
53 55 00360034 00390037 F
54 55 00360035 00390038 F
55 55 00360036 00390039 F
56 55 00360037 0039003A F
57 55 00360038 0039003B F
58 55 00360039 0039003C F
59 55 0036003A 0039003C D
62 55 0037003E 0038003F 0
66 55 00370042 00380044 2
67 55 00370042 00380044 8
103 55 00370067 00380068 0
7 56 00380007 00390009 2
8 56 00370008 0039000A 3
9 56 00380008 003A000A C
10 56 00380009 003A000B C
11 56 0038000B 0039000C 0
24 56 00380018 00390019 0
32 56 00380020 00390021 0
33 56 00380020 00390022 8
36 56 00370024 00390026 3
37 56 00370024 003A0027 F
38 56 00370025 003A0028 F
39 56 00370026 003A0028 D
41 56 00370029 0039002A 1
42 56 00370029 0039002C B
43 56 0037002B 0039002C 1
46 56 0037002E 0039002F 1
47 56 0038002F 00390030 0
48 56 00380030 00390031 0
50 56 00380032 00390034 2
51 56 00380033 003A0035 6
52 56 00370033 00390035 9
53 56 00370034 00390037 B
54 56 00370036 00390038 3
55 56 00370036 00390038 9
56 56 00370037 0039003A B
57 56 00370039 0039003B 3
58 56 00370039 0039003B 9
59 56 0038003A 0039003C 8
60 56 0038003C 0039003D 0
61 56 0038003D 0039003E 0
62 56 0038003E 0039003F 0
66 56 00380042 00390044 2
67 56 00380042 00390044 8
104 56 00380068 00390069 0
105 56 00380069 0039006A 0
8 57 00380008 003B000A 7
9 57 00380008 003B000B F
10 57 00380009 003B000C F
11 57 0039000A 003A000C 8
14 57 0039000E 003A000F 0
22 57 00390016 003A0017 0
24 57 00390018 003A0019 0
32 57 00390020 003A0022 2
33 57 00390020 003A0022 8
36 57 00390024 003B0026 6
37 57 00380024 003B0027 F
38 57 00380025 003B0028 F
39 57 00390026 003A0028 8
40 57 00390027 003A0029 8
41 57 00390029 003A002A 0
43 57 0039002B 003A002C 0
50 57 00390032 003A0034 2
51 57 00380032 003B0035 F
52 57 00380033 003B0035 D
54 57 00380036 003B0038 7
55 57 00380036 003B0038 D
57 57 00380039 003B003B 7
58 57 00380039 003B003B D
66 57 00390042 003A0044 2
67 57 00390042 003A0044 8
102 57 00390066 003A0067 0
103 57 00390067 003A0068 0
128 57 00390080 003A0081 0
131 57 00390083 003A0084 0
0 58 003A0000 003B0001 0
1 58 003A0001 003C0002 4
2 58 003A0002 003C0003 4
3 58 003A0003 003B0004 0
5 58 003A0005 003B0006 0
6 58 003A0006 003C0007 4
7 58 003A0007 003C0009 6
8 58 003A0008 003C000A 6
9 58 00390008 003B000A 9
10 58 00390009 003B000B 9
11 58 003A000B 003B000C 0
14 58 003A000E 003B000F 0
16 58 003A0010 003B0011 0
17 58 003A0011 003B0012 0
22 58 003A0016 003B0017 0
32 58 003A0020 003B0021 0
33 58 003A0020 003B0022 8
35 58 003A0023 003B0025 2
36 58 003A0024 003C0026 6
37 58 00390024 003B0026 9
38 58 00390025 003B0028 B
39 58 00390027 003B0028 1
46 58 003A002E 003B002F 0
47 58 003A002F 003B0030 0
48 58 003A0030 003B0031 0
50 58 003A0032 003B0034 2
51 58 00390032 003C0035 F
52 58 003A0033 003C0035 C
53 58 003A0034 003B0036 8
54 58 003A0036 003B0038 2
55 58 003A0037 003B0038 0
56 58 003A0037 003C003A E
57 58 003A0039 003C003B 6
58 58 003A0039 003C003B C
59 58 003A003A 003B003C 8
66 58 003A0042 003B0044 2
67 58 003A0042 003B0044 8
102 58 003A0066 003B0068 2
103 58 003A0066 003B0068 8
128 58 003A0080 003B0081 0
131 58 003A0083 003B0084 0
0 59 003B0000 003C0001 0
1 59 003A0001 003C0002 1
2 59 003A0002 003C0003 1
3 59 003B0003 003C0004 0
5 59 003B0005 003C0006 0
6 59 003A0006 003C0008 3
7 59 003A0007 003C0009 3
8 59 003A0007 003D000A F
9 59 003A0008 003C000A 9
12 59 003B000C 003C000D 0
13 59 003B000D 003C000E 0
14 59 003B000E 003C000F 0
24 59 003B0018 003C0019 0
31 59 003B001F 003C0021 2
32 59 003B0020 003C0021 0
35 59 003B0023 003C0024 0
36 59 003A0023 003C0025 9
37 59 003A0025 003C0026 1
39 59 003B0027 003D0028 4
40 59 003B0027 003C0029 8
41 59 003B0029 003C002A 0
42 59 003B002A 003C002B 0
46 59 003B002E 003C0030 2
47 59 003A002F 003C0030 1
50 59 003B0032 003D0034 6
51 59 003A0032 003D0035 F
52 59 003A0033 003C0035 9
53 59 003A0034 003C0036 9
55 59 003A0037 003C0038 1
56 59 003A0037 003C003A B
57 59 003A0039 003C003B 3
58 59 003A0039 003D003C F
59 59 003B003A 003D003C C
66 59 003B0042 003D0044 6
67 59 003B0042 003C0044 8
102 59 003B0066 003C0068 2
103 59 003B0066 003C0068 8
7 60 003B0007 003D0009 3
8 60 003B0007 003E000A F
9 60 003C0008 003D000A 8
12 60 003C000C 003D000D 0
19 60 003C0013 003D0014 0
20 60 003C0014 003D0015 0
21 60 003C0015 003D0016 0
24 60 003C0018 003D0019 0
25 60 003C0018 003D001A 8
32 60 003C0020 003E0021 4
33 60 003C0020 003E0022 C
34 60 003C0022 003D0023 0
35 60 003C0023 003D0024 0
38 60 003C0026 003E0028 6
39 60 003C0027 003D0028 0
40 60 003B0027 003D0029 9
42 60 003C002A 003D002B 0
43 60 003C002B 003D002C 0
47 60 003C002F 003D0030 0
48 60 003C002F 003D0031 8
49 60 003C0031 003D0032 0
50 60 003C0032 003D0033 0
51 60 003B0033 003D0034 1
52 60 003B0034 003D0035 1
55 60 003C0037 003E0038 4
57 60 003B0039 003E003B 7
58 60 003B0039 003D003B 9
59 60 003C003A 003D003C 8
60 60 003C003C 003D003D 0
61 60 003C003D 003E003E 4
65 60 003C0041 003E0043 6
66 60 003C0042 003E0044 6
67 60 003C0042 003D0044 8
102 60 003C0066 003D0068 2
103 60 003C0066 003D0068 8
7 61 003D0007 003E0009 2
8 61 003C0007 003F000A F
9 61 003D0008 003F000A C
16 61 003D0010 003E0011 0
17 61 003D0011 003E0012 0
20 61 003C0014 003E0015 1
21 61 003D0015 003E0016 0
24 61 003D0018 003E0019 0
25 61 003D0019 003E001A 0
31 61 003D001F 003E0021 2
32 61 003D0020 003F0022 6
33 61 003C0020 003F0023 F
34 61 003C0021 003E0023 9
37 61 003D0025 003F0027 6
38 61 003D0026 003F0028 6
39 61 003C0026 003F0028 D
41 61 003D0029 003E002A 0
43 61 003D002B 003E002C 0
44 61 003D002C 003E002D 0
45 61 003D002D 003E002E 0
47 61 003D002F 003E0030 0
53 61 003D0035 003F0036 4
54 61 003D0036 003F0038 6
55 61 003D0037 003F0038 4
56 61 003D0037 003F003A E
57 61 003D0039 003E003A 0
58 61 003C0039 003E003B 9
60 61 003C003C 003E003E 3
61 61 003D003D 003E003E 0
62 61 003D003D 003F003F C
63 61 003D003F 003E0040 0
64 61 003D0040 003E0042 2
65 61 003D0041 003E0043 2
66 61 003C0041 003F0044 F
67 61 003D0042 003E0044 8
102 61 003D0066 003E0068 2
103 61 003D0066 003E0068 8
7 62 003E0007 003F0009 2
8 62 003D0007 0040000A F
9 62 003E0008 003F000A 8
10 62 003E0009 003F000B 8
11 62 003E000B 003F000C 0
16 62 003E0010 003F0011 0
17 62 003E0011 003F0012 0
31 62 003E001F 003F0021 2
32 62 003D001F 00400022 F
33 62 003D0020 00400023 F
34 62 003E0021 00400023 C
36 62 003E0024 00400026 6
37 62 003E0025 00400027 6
38 62 003D0025 00400028 F
39 62 003E0026 00400028 C
40 62 003E0027 003F0029 8
41 62 003E0029 003F002A 0
48 62 003E0030 003F0031 0
49 62 003E0031 003F0032 0
52 62 003E0034 00400036 6
53 62 003E0035 00400037 6
54 62 003D0035 00400038 F
55 62 003D0036 00400039 F
56 62 003D0037 0040003A F
57 62 003D0038 0040003A D
61 62 003D003D 003F003E 1
62 62 003D003E 003F003F 1
63 62 003D003F 003F0040 1
65 62 003D0041 003F0043 3
66 62 003D0042 003F0043 1
67 62 003E0042 003F0044 8
102 62 003E0066 003F0068 2
103 62 003E0066 003F0068 8
7 63 003F0007 00400009 2
8 63 003E0007 0041000A F
9 63 003E0008 0040000A 9
11 63 003F000B 0040000C 0
22 63 003F0016 00400017 0
23 63 003F0017 00400018 0
31 63 003F001F 00400021 2
32 63 003E0020 00400022 3
33 63 003E0020 00410023 F
34 63 003F0021 00410023 C
35 63 003F0022 00410025 E
36 63 003F0024 00410026 6
37 63 003E0024 00410027 F
38 63 003E0025 00410028 F
39 63 003E0026 00400028 9
40 63 003E0027 00400029 9
42 63 003F002A 0040002B 0
43 63 003F002B 0040002C 0
44 63 003F002C 0040002D 0
47 63 003F002F 00400031 2
48 63 003F0030 00400031 0
51 63 003F0033 00410035 6
52 63 003F0034 00410036 6
53 63 003E0034 00410037 F
54 63 003E0035 00410038 F
55 63 003E0036 00410039 F
56 63 003E0037 0041003A F
57 63 003F0038 0041003A C
58 63 003F0039 0040003B 8
66 63 003E0042 00400043 1
102 63 003F0066 00400067 0
103 63 003F0066 00400068 8
7 64 00400007 00410009 2
8 64 003F0007 00410009 9
9 64 00400008 0041000A 8
12 64 0040000C 0041000D 0
13 64 0040000D 0041000E 0
19 64 00400013 00410014 0
20 64 00400014 00410015 0
21 64 00400015 00410016 0
32 64 003F0020 00420022 7
33 64 003F0020 00420023 F
34 64 003F0021 00410023 9
35 64 003F0022 00410025 B
36 64 003F0024 00410026 3
37 64 003F0024 00420027 F
38 64 003F0025 00420028 F
39 64 003F0026 00410028 9
43 64 003F002B 0041002C 1
44 64 0040002C 0041002D 0
46 64 0040002E 0042002F 4
48 64 00400030 00420031 4
49 64 00400030 00420032 C
50 64 00400032 00410033 0
51 64 00400033 00410035 2
52 64 003F0034 00410036 3
53 64 003F0034 00420037 F
54 64 003F0035 00420038 F
55 64 003F0036 00420039 F
56 64 003F0037 0042003A F
57 64 003F0038 0042003B F
58 64 00400039 0041003B 8
66 64 00400042 00410043 0
102 64 00400066 00410067 0
7 65 00410007 00420009 2
8 65 00400007 00420009 9
14 65 0041000E 0043000F 4
15 65 0041000F 00430010 4
16 65 00410010 00420011 0
31 65 0041001F 00420021 2
32 65 00410020 00420022 2
33 65 00400020 00420022 9
34 65 00400021 00420023 9
36 65 00400024 00420025 1
37 65 00400024 00420026 9
38 65 00400026 00420027 1
39 65 00410027 00420028 0
42 65 0041002A 0042002B 0
45 65 0041002D 0043002F 6
46 65 0041002E 0043002F 4
47 65 0041002E 00420030 8
48 65 00410030 00420032 2
49 65 00400031 00420033 3
50 65 00400031 00430033 D
52 65 00400034 00430036 7
53 65 00400034 00430037 F
54 65 00400035 00430038 F
55 65 00400036 00430039 F
56 65 00400037 0043003A F
57 65 00400038 0043003B F
58 65 00410039 0042003B 8
66 65 00410042 00420043 0
102 65 00410066 00420067 0
7 66 00420007 00430009 2
8 66 00420008 00430009 0
13 66 0042000D 0043000E 0
14 66 0042000E 0043000F 0
15 66 0041000F 00430010 1
16 66 00420010 00430011 0
21 66 00420015 00430016 0
22 66 00420016 00430017 0
32 66 00410020 00430021 1
33 66 00410020 00430022 9
35 66 00420023 00430024 0
36 66 00420024 00430025 0
41 66 00420029 0044002B 6
42 66 0042002A 0044002B 4
44 66 0042002C 0044002E 6
45 66 0042002D 0044002F 6
46 66 0041002D 00440030 F
47 66 0041002E 00430030 9
49 66 00410031 00430032 1
50 66 00420032 00430033 0
51 66 00420033 00430035 2
52 66 00420034 00440036 6
53 66 00410034 00440037 F
54 66 00410035 00440038 F
55 66 00410036 00440039 F
56 66 00410037 0044003A F
57 66 00410038 0044003B F
58 66 00420039 0044003B C
60 66 0042003C 0043003D 0
65 66 00420041 00430043 2
66 66 00420042 00430043 0
102 66 00420066 00430067 0
8 67 00430008 00440009 0
20 67 00430014 00450015 4
31 67 0043001F 00440021 2
32 67 00430020 00450021 4
39 67 00430027 00450028 4
40 67 00430028 0045002A 6
41 67 00430029 0044002A 0
42 67 00430029 0044002B 8
43 67 0043002B 0044002D 2
44 67 0043002C 0044002D 0
45 67 0042002C 0044002E 9
46 67 0042002E 00440030 3
47 67 0043002F 00440030 0
51 67 00420033 00440034 1
52 67 00420033 00440036 B
53 67 00420035 00440037 3
54 67 00420035 00450038 F
55 67 00420036 00440038 9
56 67 00420037 0044003A B
57 67 00420039 0044003B 3
58 67 00430039 0045003B C
59 67 0043003A 0045003D E
60 67 0043003C 0045003D 4
65 67 00430041 00440043 2
66 67 00430041 00440043 8
101 67 00430065 00440067 2
102 67 00430066 00440067 0
8 68 00440008 00450009 0
14 68 0044000E 0045000F 0
15 68 0044000F 00460010 4
16 68 00440010 00460011 4
17 68 00440011 00450012 0
19 68 00440013 00450014 0
20 68 00440014 00450015 0
21 68 00440015 00450016 0
31 68 0044001F 00450020 0
32 68 0044001F 00450021 8
33 68 00440021 00450022 0
35 68 00440023 00460024 4
36 68 00440024 00450025 0
37 68 00440025 00450026 0
38 68 00440026 00450028 2
39 68 00440027 00450029 2
40 68 00430027 0046002A F
41 68 00430028 0045002A 9
43 68 0043002B 0045002D 3
44 68 0043002C 0045002D 1
47 68 0044002F 00450030 0
48 68 0044002F 00450031 8
49 68 00440031 00450032 0
50 68 00440032 00450033 0
51 68 00440033 00450034 0
53 68 00430035 00460037 7
54 68 00430035 00460038 F
55 68 00430036 00460038 D
57 68 00430039 0046003B 7
58 68 00430039 0046003C F
59 68 0043003A 0046003D F
60 68 0044003B 0046003D C
61 68 0044003C 0045003E 8
65 68 00440041 00450043 2
66 68 00440041 00450043 8
102 68 00440066 00450067 0
8 69 00450008 00470009 4
14 69 0045000E 00460010 2
15 69 0044000F 00460011 3
16 69 0044000F 00460011 9
17 69 00450010 00460012 8
21 69 00450015 00460016 0
31 69 0045001F 00460020 0
33 69 00450021 00460022 0
34 69 00450021 00470024 E
35 69 00450023 00470025 6
36 69 00440023 00470025 D
39 69 00440027 00460029 3
40 69 00440028 0046002A 3
41 69 00450028 0047002A C
44 69 0045002C 0046002D 0
46 69 0045002E 00460030 2
47 69 0045002F 00460030 0
49 69 00440031 00460032 1
52 69 00450034 00470036 6
53 69 00450035 00470037 6
54 69 00440035 00460037 9
55 69 00450036 00460038 8
56 69 00450038 0046003A 2
57 69 00450039 0046003A 0
58 69 00440039 0046003B 9
59 69 0044003B 0046003C 1
60 69 0044003C 0046003D 1
61 69 0045003D 0046003E 0
65 69 00450041 00470043 6
66 69 00450041 00460043 8
102 69 00450066 00460067 0
7 70 00460007 00470009 2
8 70 00460008 00470009 0
9 70 00460008 0048000A C
15 70 0045000F 00470011 3
16 70 00450010 00470011 1
22 70 00460016 00470017 0
23 70 00460017 00470018 0
30 70 0046001E 00470020 2
31 70 0046001F 00480020 4
33 70 00460021 00470022 0
34 70 00450022 00470024 3
35 70 00450023 00470025 3
36 70 00460023 00480025 C
37 70 00460024 00480026 C
40 70 00450028 0048002A 7
41 70 00460028 0048002A C
42 70 00460029 0048002B C
43 70 0046002B 0047002C 0
46 70 0046002E 00470030 2
47 70 0046002F 00470030 0
51 70 00460033 00470035 2
52 70 00460034 00480036 6
53 70 00450034 00470036 9
54 70 00450035 00470037 9
56 70 00450038 0047003A 3
57 70 00450038 0047003A 9
62 70 0046003E 0047003F 0
64 70 00460040 00470042 2
65 70 00460041 00470042 0
66 70 00460041 00470043 8
8 71 00460008 0048000A 3
9 71 00470008 0049000A C
10 71 00470009 0049000B C
11 71 0047000B 0048000C 0
16 71 00470010 00480011 0
30 71 0047001E 0048001F 0
31 71 0047001E 00480020 8
32 71 00470020 00480021 0
35 71 00460023 00480025 3
36 71 00460024 00480026 3
37 71 00470024 00480026 8
38 71 00470025 00480027 8
39 71 00470027 00480029 2
40 71 00470028 0048002A 2
41 71 00460028 0049002B F
42 71 00460029 0049002C F
43 71 0047002A 0048002C 8
47 71 0047002F 00480030 0
51 71 00470033 00480035 2
52 71 00460033 00490036 F
53 71 00460034 00480036 9
56 71 00470038 0048003A 2
57 71 00470038 0048003A 8
62 71 0047003E 0048003F 0
64 71 00470040 00490042 6
65 71 00460040 00480042 9
8 72 00480008 0049000A 2
9 72 00470008 0049000A 9
10 72 00470009 0049000B 9
11 72 0048000B 0049000C 0
30 72 0048001E 0049001F 0
32 72 00480020 00490021 0
33 72 00480021 00490022 0
34 72 00480022 00490023 0
36 72 00470024 004A0026 7
37 72 00470024 004A0026 D
40 72 00470028 0049002A 3
41 72 00470029 0049002B 3
42 72 00470029 0049002B 9
43 72 0048002A 0049002C 8
47 72 0048002F 00490030 0
51 72 00480033 00490034 0
52 72 00470034 00490036 3
53 72 00480035 00490036 0
56 72 00480038 004A003A 6
57 72 00480038 0049003A 8
63 72 0048003F 00490041 2
64 72 00480040 004A0042 6
65 72 00480040 00490042 8
101 72 00480065 00490066 0
102 72 00480066 00490067 0
0 73 00490000 004A0001 0
1 73 00490001 004B0002 4
2 73 00490002 004B0003 4
3 73 00490003 004B0004 4
4 73 00490004 004B0005 4
5 73 00490005 004B0006 4
6 73 00490006 004B0007 4
8 73 00490008 004B000A 6
9 73 00480008 004A000A 9
15 73 0049000F 004A0010 0
30 73 0049001E 004A001F 0
34 73 00490022 004A0023 0
35 73 00490022 004B0025 E
36 73 00490024 004A0025 0
37 73 00490024 004A0026 8
38 73 00490026 004A0027 0
39 73 00490027 004B0028 4
41 73 00480029 004B002B 7
42 73 00480029 004B002B D
53 73 00490035 004A0036 0
54 73 00490035 004A0037 8
55 73 00490037 004A0039 2
56 73 00490038 004B003A 6
57 73 00490038 004A003A 8
63 73 0049003F 004A0041 2
64 73 0048003F 004B0042 F
65 73 00490040 004A0042 8
101 73 00490065 004A0066 0
102 73 00490066 004A0067 0
0 74 004A0000 004B0001 0
1 74 00490001 004B0002 1
2 74 00490002 004B0003 1
3 74 00490003 004B0004 1
4 74 00490004 004B0005 1
5 74 00490005 004B0006 1
6 74 004A0006 004B0007 0
7 74 004A0007 004B0009 2
8 74 004A0008 004C000A 6
9 74 004A0008 004B000A 8
13 74 004A000D 004B000E 0
14 74 004A000E 004B0010 2
15 74 004A000F 004B0010 0
29 74 004A001D 004B001F 2
30 74 004A001E 004B001F 0
34 74 004A0022 004C0024 6
35 74 00490022 004C0025 F
36 74 00490023 004C0025 D
38 74 00490026 004C0028 7
39 74 004A0026 004C0028 C
40 74 004A0027 004C002A E
41 74 004A0029 004C002B 6
42 74 004A0029 004C002B C
43 74 004A002A 004C002C C
44 74 004A002C 004C002D 4
49 74 004A0031 004B0032 0
50 74 004A0032 004C0033 4
51 74 004A0033 004B0034 0
52 74 004A0034 004B0036 2
53 74 004A0035 004B0036 0
55 74 00490037 004C0039 7
56 74 00490037 004C003A F
57 74 004A0038 004C003A C
63 74 004A003F 004B0041 2
64 74 00490040 004B0041 1
65 74 004A0040 004B0042 8
7 75 004A0007 004C0009 3
8 75 004A0008 004C000A 3
9 75 004B0008 004C000A 8
11 75 004B000B 004C000C 0
12 75 004B000C 004D000D 4
15 75 004B000F 004C0010 0
17 75 004B0011 004C0012 0
29 75 004B001D 004C001F 2
30 75 004B001D 004C001F 8
33 75 004B0021 004D0023 6
34 75 004B0022 004D0024 6
35 75 004A0022 004D0025 F
36 75 004B0023 004D0025 C
37 75 004B0024 004D0027 E
38 75 004B0026 004C0027 0
39 75 004A0026 004C0029 B
40 75 004A0028 004C002A 3
41 75 004A0028 004D002B F
42 75 004A0029 004D002C F
43 75 004A002A 004C002C 9
44 75 004B002B 004C002D 8
45 75 004B002D 004C002E 0
47 75 004B002F 004D0030 4
49 75 004B0031 004D0033 6
50 75 004A0031 004D0034 F
51 75 004A0032 004D0034 D
53 75 004B0035 004D0036 4
54 75 004B0035 004D0038 E
55 75 004B0037 004D0039 6
56 75 004A0037 004D003A F
57 75 004B0038 004D003A C
58 75 004B0039 004C003B 8
64 75 004A0040 004C0041 1
0 76 004C0000 004D0001 0
1 76 004C0001 004E0002 4
2 76 004C0002 004E0003 4
3 76 004C0003 004E0004 4
8 76 004B0008 004E000A 7
9 76 004C0008 004D000A 8
11 76 004C000B 004D000D 2
12 76 004C000C 004D000D 0
13 76 004C000C 004E000E C
15 76 004C000F 004D0010 0
16 76 004C0010 004D0011 0
17 76 004C0011 004D0012 0
29 76 004C001D 004D001F 2
30 76 004C001D 004E001F C
32 76 004C0020 004E0022 6
33 76 004C0021 004E0023 6
34 76 004B0021 004D0023 9
35 76 004B0022 004D0024 9
36 76 004B0024 004D0025 1
37 76 004B0025 004D0026 1
38 76 004B0026 004D0027 1
40 76 004B0028 004E002A 7
41 76 004B0028 004E002B F
42 76 004B0029 004D002B 9
43 76 004B002A 004D002C 9
46 76 004C002E 004D0030 2
47 76 004C002F 004E0030 4
48 76 004C002F 004E0032 E
49 76 004C0031 004E0033 6
50 76 004B0031 004E0034 F
51 76 004C0032 004D0034 8
52 76 004C0033 004D0035 8
53 76 004C0035 004D0037 2
54 76 004B0036 004D0038 3
55 76 004B0036 004E0039 F
56 76 004B0037 004E003A F
57 76 004B0038 004D003A 9
58 76 004C0039 004D003B 8
61 76 004C003D 004D003E 0
62 76 004C003E 004D003F 0
63 76 004C003F 004D0041 2
64 76 004C0040 004D0041 0
0 77 004D0000 004E0002 2
1 77 004C0000 004F0003 F
2 77 004C0001 004F0004 F
3 77 004D0002 004F0004 C
4 77 004D0003 004F0005 C
5 77 004D0005 004F0006 4
6 77 004D0006 004F0007 4
7 77 004D0007 004F0009 6
8 77 004D0008 004F000A 6
9 77 004D0008 004E000A 8
12 77 004C000C 004E000D 1
13 77 004D000D 004E000E 0
14 77 004D000E 004E000F 0
29 77 004D001D 004E001F 2
30 77 004D001D 004E001F 8
31 77 004D001E 004E0021 A
32 77 004D0020 004E0021 0
33 77 004C0020 004E0022 9
34 77 004C0022 004E0023 1
39 77 004D0027 004E0029 2
40 77 004D0028 004E002A 2
41 77 004C0028 004F002B F
42 77 004C0029 004E002B 9
46 77 004D002E 004E002F 0
47 77 004C002E 004E0031 B
48 77 004C0030 004E0032 3
49 77 004C0030 004E0032 9
50 77 004C0031 004E0033 9
51 77 004C0033 004E0034 1
54 77 004C0036 004F0038 7
55 77 004C0036 004F0039 F
56 77 004C0037 004F003A F
57 77 004C0038 004E003A 9
63 77 004C003F 004E0040 1
64 77 004D003F 004E0041 8
0 78 004E0000 004F0002 2
1 78 004D0000 00500003 F
2 78 004D0001 00500004 F
3 78 004D0002 00500005 F
4 78 004D0003 004F0005 9
5 78 004D0004 004F0006 9
6 78 004D0006 004F0007 1
7 78 004D0007 004F0009 3
8 78 004D0008 004F000A 3
9 78 004E0008 004F000A 8
14 78 004E000E 004F000F 0
29 78 004E001D 004F001F 2
30 78 004D001D 004F001F 9
32 78 004D0020 004F0021 1
37 78 004E0025 004F0026 0
38 78 004E0026 004F0027 0
40 78 004D0028 004F002A 3
41 78 004D0028 004F002A 9
42 78 004E0029 004F002B 8
45 78 004E002D 0050002F 6
46 78 004E002E 0050002F 4
48 78 004D0030 00500032 7
49 78 004D0030 004F0032 9
52 78 004E0034 004F0035 0
53 78 004E0035 00500037 6
54 78 004E0036 00500038 6
55 78 004D0036 00500039 F
56 78 004D0037 0050003A F
57 78 004E0038 0050003A C
62 78 004E003E 004F003F 0
63 78 004E003F 004F0040 0
0 79 004F0000 00500001 0
1 79 004E0001 00500002 1
2 79 004E0002 00500003 1
3 79 004E0003 00500004 1
4 79 004E0004 00500005 1
8 79 004E0008 0050000A 3
9 79 004F0008 0051000A C
11 79 004F000B 0050000C 0
13 79 004F000D 0050000E 0
15 79 004F000F 00500010 0
29 79 004F001D 0050001F 2
30 79 004F001D 0050001F 8
33 79 004F0021 00510022 4
34 79 004F0022 00510023 4
38 79 004F0026 00510027 4
40 79 004F0028 00500029 0
41 79 004E0029 0050002A 1
43 79 004F002B 0050002C 0
44 79 004F002C 0050002E 2
45 79 004F002D 0050002E 0
46 79 004F002D 0050002F 8
47 79 004F002F 00500030 0
48 79 004F0030 00500031 0
49 79 004F0031 00500032 0
52 79 004F0034 00500035 0
53 79 004E0035 00500036 1
54 79 004E0036 00500038 3
55 79 004E0037 00500039 3
56 79 004E0037 0051003A F
57 79 004F0038 0051003A C
58 79 004F0039 0050003B 8
60 79 004F003C 0050003D 0
61 79 004F003D 0050003E 0
62 79 004F003E 0050003F 0
8 80 00500008 0051000A 2
9 80 00500008 0052000A C
10 80 00500009 0051000B 8
11 80 0050000B 0051000C 0
13 80 0050000D 0051000E 0
15 80 0050000F 00510010 0
29 80 0050001D 0051001F 2
30 80 0050001D 0051001F 8
32 80 00500020 00510022 2
33 80 00500021 00520023 6
34 80 00500021 00520023 C
35 80 00500022 00520024 C
36 80 00500024 00520025 4
37 80 00500025 00510026 0
38 80 00500026 00510027 0
39 80 00500027 00510028 0
44 80 004F002C 0051002E 3
45 80 004F002C 0052002E D
55 80 004F0037 00520039 7
56 80 004F0037 00510039 9
57 80 004F0038 0051003B B
58 80 0050003A 0051003B 0
60 80 0050003C 0051003E 2
61 80 004F003C 0051003E 9
8 81 00510008 0052000A 2
9 81 00500008 0052000A 9
10 81 00500009 0052000B 9
13 81 0051000D 0052000E 0
14 81 0051000D 0052000F 8
19 81 00510013 00520014 0
29 81 0051001D 0052001F 2
30 81 0051001D 0053001F C
32 81 00510020 00520021 0
33 81 00500021 00520022 1
34 81 00500022 00520024 3
35 81 00500023 00520024 1
36 81 00500023 00520025 9
37 81 00500025 00520026 1
42 81 0051002A 0052002B 0
44 81 0051002C 0052002D 0
45 81 0051002C 0052002E 8
46 81 0051002E 0052002F 0
51 81 00510033 00520034 0
52 81 00510034 00520035 0
53 81 00510035 00530036 4
54 81 00510036 00530038 6
55 81 00510037 00530039 6
56 81 00500037 00530039 D
58 81 0051003A 0053003B 4
60 81 0051003C 0052003D 0
61 81 0051003C 0052003E 8
99 81 00510063 00520064 0
100 81 00510064 00520065 0
101 81 00510065 00520066 0
8 82 00520008 0053000A 2
9 82 00510008 0053000A 9
11 82 0052000B 0053000C 0
12 82 0052000C 0053000D 0
13 82 0052000D 0053000E 0
16 82 00520010 00530011 0
19 82 00520013 00530014 0
20 82 00520013 00540015 C
29 82 0052001D 0053001F 2
30 82 0052001D 0053001F 8
31 82 0052001E 00530020 8
35 82 00510023 00530024 1
38 82 00520026 00530027 0
39 82 00520027 00530028 0
42 82 0052002A 0053002B 0
44 82 0052002C 0053002D 0
52 82 00510034 00530036 3
53 82 00510035 00530037 3
54 82 00510035 00540038 F
55 82 00510036 00540039 F
56 82 00520037 00540039 C
57 82 00520038 0054003B E
58 82 0052003A 0054003B 4
59 82 0052003A 0053003C 8
60 82 0052003C 0053003D 0
8 83 00530008 0055000A 6
9 83 00530008 0054000A 8
12 83 0052000C 0054000D 1
16 83 00530010 00540011 0
19 83 00530013 00540014 0
20 83 00530013 00540015 8
21 83 00530015 00540016 0
29 83 0053001D 0055001F 6
30 83 0052001D 0055001F D
33 83 00530021 00550022 4
38 83 00530026 00540028 2
39 83 00530026 00540028 8
44 83 0053002C 0055002D 4
53 83 00520035 00540037 3
54 83 00520036 00540038 3
55 83 00520036 00550039 F
56 83 00520037 0055003A F
57 83 00520038 0055003B F
58 83 00520039 0054003B 9
59 83 0052003A 0054003C 9
0 84 00540000 00550001 0
1 84 00540001 00550002 0
2 84 00540002 00560003 4
3 84 00540003 00560004 4
4 84 00540004 00560005 4
5 84 00540005 00560006 4
7 84 00540007 00560009 6
8 84 00540008 0056000A 6
9 84 00540008 0056000A C
12 84 0054000C 0056000D 4
19 84 00540013 00550014 0
24 84 00540018 00550019 0
28 84 0054001C 0055001E 2
29 84 0054001D 0056001F 6
30 84 0054001D 0055001F 8
31 84 0054001E 00550020 8
32 84 00540020 00550021 0
33 84 00540021 00550022 0
34 84 00540022 00550023 0
38 84 00540026 00550028 2
39 84 00540026 00550028 8
43 84 0054002B 0056002D 6
44 84 0054002C 0056002D 4
45 84 0054002C 0056002E C
46 84 0054002E 0055002F 0
47 84 0054002F 00550030 0
50 84 00540032 00550033 0
51 84 00540033 00560034 4
52 84 00540034 00560035 4
54 84 00530036 00560038 7
55 84 00530036 00560039 F
56 84 00530037 0056003A F
57 84 00530038 0055003A 9
58 84 00530039 0055003B 9
1 85 00540001 00560002 1
2 85 00540002 00560003 1
3 85 00540003 00560004 1
4 85 00540004 00560005 1
5 85 00550005 00560006 0
6 85 00550006 00560007 0
7 85 00550007 00560008 0
8 85 00540008 0056000A 3
9 85 00550009 0056000A 0
10 85 00550009 0057000B C
11 85 0055000B 0057000D 6
12 85 0055000C 0057000D 4
13 85 0055000C 0057000E C
24 85 00550018 00560019 0
25 85 00550019 0056001A 0
28 85 0055001C 0057001E 6
29 85 0054001C 0057001F F
30 85 0054001D 0056001F 9
32 85 00540020 00560021 1
38 85 00550026 00560027 0
39 85 00550027 00560028 0
41 85 00550029 0057002A 4
42 85 0055002A 0056002B 0
43 85 0055002B 0056002D 2
44 85 0054002C 0056002E 3
45 85 0054002C 0056002E 9
46 85 0054002D 0056002F 9
50 85 00550032 00560033 0
51 85 00540033 00560035 3
52 85 00550034 00560035 0
53 85 00550034 00560037 A
54 85 00550036 00560038 2
55 85 00540036 00570039 F
56 85 00540037 0057003A F
57 85 00540038 0057003A D
9 86 00550009 0057000A 1
10 86 0055000A 0057000B 1
11 86 0055000B 0057000C 1
12 86 0055000C 0057000E 3
13 86 0056000D 0057000E 0
14 86 0056000D 0057000F 8
15 86 0056000F 00570010 0
16 86 00560010 00580011 4
17 86 00560011 00580012 4
18 86 00560012 00580013 4
19 86 00560013 00580014 4
20 86 00560014 00580015 4
27 86 0056001B 0057001D 2
28 86 0056001C 0057001E 2
29 86 0055001C 0058001F F
30 86 0056001D 0058001F C
40 86 00560028 0057002A 2
41 86 00560029 0057002A 0
42 86 00550029 0057002B 9
44 86 0055002C 0057002D 1
45 86 0055002D 0057002E 1
52 86 00550034 00580035 5
54 86 00550036 00580038 7
55 86 00550036 00580039 F
56 86 00550037 0058003A F
57 86 00560038 0058003A C
58 86 00560039 0058003B C
13 87 0056000D 0058000E 1
15 87 0056000F 00580010 1
16 87 00560010 00580011 1
17 87 00560011 00580012 1
18 87 00560012 00580013 1
19 87 00560013 00580015 3
20 87 00570014 00580015 0
21 87 00570014 00590016 C
22 87 00570016 00590017 4
23 87 00570017 00590018 4
24 87 00570018 00590019 4
25 87 00570019 0059001A 4
26 87 0057001A 0059001B 4
28 87 0056001C 0059001E 7
29 87 0056001C 0059001F F
30 87 0057001D 0059001F C
31 87 0057001E 00590020 C
32 87 00570020 00590021 4
36 87 00570024 00590025 4
41 87 00560029 0058002A 1
43 87 0057002B 0058002C 0
48 87 00570030 00580031 0
51 87 00570033 00590035 6
52 87 00570034 00590035 4
53 87 00570034 00590037 E
54 87 00570036 00590038 6
55 87 00560036 00590039 F
56 87 00560037 0059003A F
57 87 00560038 0059003B F
58 87 00570039 0059003B C
59 87 0057003A 0058003C 8
20 88 00570014 00590015 1
21 88 00570015 00590016 1
22 88 00570016 00590017 1
23 88 00570017 00590018 1
24 88 00570018 00590019 1
25 88 00570019 0059001B 3
26 88 0058001A 0059001B 0
27 88 0058001A 005A001D E
28 88 0058001C 005A001E 6
29 88 0057001C 005A001F F
30 88 0057001D 005A0020 F
31 88 0057001E 005A0021 F
32 88 0058001F 005A0021 C
33 88 00580020 005A0022 C
34 88 00580022 005A0023 4
35 88 00580023 005A0025 6
36 88 00580024 005A0025 4
37 88 00580024 005A0026 C
38 88 00580026 00590027 0
41 88 00580029 0059002A 0
42 88 00580029 0059002C A
43 88 0058002B 0059002C 0
48 88 00580030 005A0031 4
49 88 00580030 005A0032 C
50 88 00580032 005A0034 6
51 88 00580033 005A0035 6
52 88 00570033 005A0036 F
53 88 00570034 005A0037 F
54 88 00570035 005A0038 F
55 88 00570036 005A0039 F
56 88 00570037 005A003A F
57 88 00570038 005A003B F
58 88 00570039 005A003C F
59 88 0058003A 0059003C 8
26 89 0058001A 005A001B 1
27 89 0058001B 005A001C 1
28 89 0058001C 005A001D 1
29 89 0058001D 005A001E 1
30 89 0058001E 005A0020 3
31 89 0058001F 005A0021 3
32 89 0058001F 005B0022 F
33 89 00580020 005B0023 F
34 89 00580021 005B0024 F
35 89 00580022 005B0025 F
36 89 00580023 005B0026 F
37 89 00580024 005B0027 F
38 89 00590025 005B0027 C
41 89 00590029 005B002A 4
43 89 0059002B 005B002C 4
47 89 0059002F 005A0031 2
48 89 00590030 005A0031 0
49 89 00580030 005A0033 B
50 89 00580032 005A0034 3
51 89 00580032 005B0035 F
52 89 00580033 005B0036 F
53 89 00580034 005A0036 9
54 89 00580035 005A0037 9
55 89 00580037 005A0039 3
56 89 00580038 005A0039 1
57 89 00580038 005A003B B
58 89 0058003A 005A003C 3
59 89 0059003A 005A003C 8
31 90 0059001F 005B0020 1
32 90 00590020 005B0021 1
33 90 00590021 005B0022 1
34 90 00590022 005B0023 1
35 90 00590023 005B0024 1
36 90 00590024 005B0026 3
37 90 00590025 005B0027 3
38 90 005A0025 005C0027 C
39 90 005A0026 005C0028 C
40 90 005A0028 005C002A 6
41 90 005A0029 005C002A 4
42 90 005A0029 005C002C E
43 90 005A002B 005C002C 4
44 90 005A002B 005C002D C
45 90 005A002D 005C002E 4
47 90 005A002F 005C0031 6
48 90 0059002F 005C0031 D
50 90 00590032 005C0034 7
51 90 00590032 005C0035 F
52 90 00590033 005C0036 F
53 90 00590034 005B0036 9
56 90 00590038 005B0039 1
58 90 0059003A 005B003C 3
59 90 005A003B 005B003C 0
100 90 005A0064 005B0065 0
101 90 005A0065 005B0066 0
37 91 005A0025 005C0026 1
38 91 005A0026 005C0027 1
39 91 005A0027 005C0028 1
40 91 005A0028 005C0029 1
41 91 005A0029 005C002A 1
42 91 005A002A 005C002B 1
43 91 005A002B 005C002D 3
44 91 005A002C 005C002E 3
45 91 005B002C 005D002E C
46 91 005B002D 005D0030 E
47 91 005B002F 005D0031 6
48 91 005B002F 005D0031 C
49 91 005B0030 005D0033 E
50 91 005B0032 005D0034 6
51 91 005A0032 005D0035 F
52 91 005A0033 005D0036 F
53 91 005B0034 005D0036 C
55 91 005B0037 005D0039 6
56 91 005B0038 005C0039 0
59 91 005B003B 005C003C 0
60 91 005B003B 005C003D 8
100 91 005B0064 005C0066 2
101 91 005B0064 005C0066 8
44 92 005B002C 005D002D 1
45 92 005B002D 005D002E 1
46 92 005B002E 005D002F 1
47 92 005B002F 005D0031 3
48 92 005B0030 005D0032 3
49 92 005B0030 005E0033 F
50 92 005B0031 005E0034 F
51 92 005B0032 005E0035 F
52 92 005B0033 005E0036 F
53 92 005C0034 005E0036 C
54 92 005C0035 005E0038 E
55 92 005C0037 005E0039 6
56 92 005C0037 005E0039 C
59 92 005C003B 005E003D 6
60 92 005C003B 005D003D 8
100 92 005C0064 005D0065 0
101 92 005C0064 005D0066 8
48 93 005C0030 005E0031 1
49 93 005C0031 005E0032 1
50 93 005C0032 005E0033 1
51 93 005C0033 005E0034 1
52 93 005C0034 005E0035 1
53 93 005C0035 005E0037 3
54 93 005C0036 005E0038 3
55 93 005C0036 005F0039 F
56 93 005D0037 005F0039 C
57 93 005D0038 005F003A C
58 93 005D003A 005F003C 6
59 93 005D003B 005F003D 6
60 93 005D003B 005E003D 8
73 93 005D0049 005F004A 4
74 93 005D004A 005F004B 4
100 93 005D0064 005E0065 0
54 94 005D0036 005F0037 1
55 94 005D0037 005F0038 1
56 94 005D0038 005F0039 1
57 94 005D0039 005F003A 1
58 94 005D003A 005F003C 3
59 94 005D003B 005F003C 1
60 94 005E003B 005F003D 8
71 94 005E0047 00600048 4
72 94 005E0048 005F0049 0
73 94 005E0049 005F004A 0
74 94 005E004A 005F004B 0
75 94 005E004B 005F004C 0
76 94 005E004C 005F004D 0
78 94 005E004E 005F004F 0
79 94 005E004F 00600050 4
80 94 005E0050 00600051 4
100 94 005E0064 005F0065 0
101 94 005E0064 005F0066 8
59 95 005E003B 0060003C 1
63 95 005F003F 00600040 0
64 95 005F0040 00600041 0
65 95 005F0041 00610042 4
67 95 005F0043 00610044 4
68 95 005F0044 00600045 0
69 95 005F0045 00600046 0
70 95 005F0046 00600047 0
71 95 005F0047 00600048 0
72 95 005E0048 00600049 1
78 95 005F004E 0060004F 0
79 95 005E004F 00600050 1
80 95 005F0050 00600051 0
81 95 005F0051 00600052 0
82 95 005F0052 00600053 0
100 95 005F0064 00600065 0
64 96 005F0040 00610041 1
65 96 00600041 00610042 0
66 96 00600042 00610043 0
67 96 00600043 00610044 0
68 96 005F0044 00610045 1
100 96 00600064 00610065 0
101 96 00600065 00610066 0
