38 0 00000026 00010027 0
39 0 00000027 00010028 0
59 0 0000003B 0001003C 0
60 0 0000003C 0001003D 0
61 0 0000003D 0001003E 0
62 0 0000003E 0001003F 0
63 0 0000003F 00010040 0
65 0 00000041 00010042 0
66 0 00000042 00010043 0
68 0 00000044 00010045 0
69 0 00000045 00010046 0
72 0 00000048 00010049 0
73 0 00000049 0001004A 0
74 0 0000004A 0001004B 0
75 0 0000004B 0001004C 0
78 0 0000004E 0001004F 0
79 0 0000004F 00010050 0
80 0 00000050 00010051 0
81 0 00000051 00010052 0
84 0 00000054 00010055 0
85 0 00000055 00010056 0
92 0 0000005C 0001005D 0
93 0 0000005D 0001005E 0
120 0 00000078 00010079 0
121 0 00000079 0001007A 0
159 6 0006009F 000700A0 0
159 7 0007009F 000800A0 0
159 9 0009009F 000A00A0 0
0 10 000A0000 000B0001 0
159 10 000A009F 000B00A0 0
0 11 000B0000 000C0001 0
159 11 000B009F 000C00A0 0
0 12 000C0000 000D0001 0
159 12 000C009F 000D00A0 0
0 13 000D0000 000E0001 0
159 13 000D009F 000E00A0 0
0 14 000E0000 000F0001 0
159 14 000E009F 000F00A0 0
0 15 000F0000 00100001 0
159 15 000F009F 001000A0 0
0 16 00100000 00110001 0
159 16 0010009F 001100A0 0
0 17 00110000 00120001 0
159 17 0011009F 001200A0 0
0 18 00120000 00130001 0
159 18 0012009F 001300A0 0
0 19 00130000 00140001 0
159 19 0013009F 001400A0 0
0 20 00140000 00150001 0
159 20 0014009F 001500A0 0
0 21 00150000 00160001 0
159 21 0015009F 001600A0 0
0 22 00160000 00170001 0
159 22 0016009F 001700A0 0
0 23 00170000 00180001 0
159 23 0017009F 001800A0 0
0 24 00180000 00190001 0
159 24 0018009F 001900A0 0
0 25 00190000 001A0001 0
159 25 0019009F 001A00A0 0
0 26 001A0000 001B0001 0
159 26 001A009F 001B00A0 0
0 27 001B0000 001C0001 0
159 27 001B009F 001C00A0 0
0 28 001C0000 001D0001 0
159 28 001C009F 001D00A0 0
0 29 001D0000 001E0001 0
159 29 001D009F 001E00A0 0
0 30 001E0000 001F0001 0
159 30 001E009F 001F00A0 0
0 31 001F0000 00200001 0
159 31 001F009F 002000A0 0
0 32 00200000 00210001 0
82 32 00200052 00220053 4
83 32 00200053 00220054 4
159 32 0020009F 002100A0 0
0 33 00210000 00220001 0
79 33 0021004F 00230050 4
80 33 00210050 00230051 4
81 33 00210051 00230053 6
82 33 00210052 00230054 6
83 33 00210052 00230054 C
84 33 00210053 00230055 C
159 33 0021009F 002200A0 0
0 34 00220000 00230001 0
78 34 0022004E 00240050 6
79 34 0022004F 00230050 0
80 34 0021004F 00230052 B
81 34 00210051 00230053 3
82 34 00210051 00240054 F
83 34 00210052 00240055 F
84 34 00220053 00240055 C
85 34 00220054 00230056 8
159 34 0022009F 002300A0 0
0 35 00230000 00240001 0
77 35 0023004D 0025004F 6
78 35 0023004E 0024004F 0
79 35 0022004E 00240050 9
81 35 00220051 00250053 7
82 35 00220051 00250054 F
83 35 00220052 00250055 F
84 35 00220053 00250056 F
85 35 00230054 00240056 8
158 35 0023009E 002400A0 2
159 35 0023009F 002400A0 0
0 36 00240000 00250001 0
76 36 0024004C 0025004E 2
77 36 0024004D 0026004F 6
78 36 0023004D 0025004F 9
80 36 00240050 00250052 2
81 36 00240051 00260053 6
82 36 00230051 00260054 F
83 36 00230052 00260055 F
84 36 00230053 00250055 9
85 36 00240054 00250056 8
158 36 0024009E 002500A0 2
159 36 0024009E 002500A0 8
0 37 00250000 00260001 0
76 37 0025004C 0027004E 6
77 37 0024004C 0027004F F
78 37 0025004D 0027004F C
80 37 00250050 00270052 6
81 37 00240050 00270053 F
82 37 00240051 00270054 F
83 37 00240052 00270055 F
84 37 00240053 00270055 D
158 37 0025009E 002600A0 2
159 37 0025009F 002600A0 0
0 38 00260000 00270001 0
36 38 00260024 00280025 4
37 38 00260025 00280026 4
38 38 00260026 00280027 4
75 38 0026004B 0027004D 2
76 38 0026004C 0028004E 6
77 38 0025004C 0028004F F
78 38 0026004D 0028004F C
79 38 0026004E 00280051 E
80 38 00260050 00280052 6
81 38 00250050 00280053 F
82 38 00250051 00280054 F
83 38 00250052 00280055 F
84 38 00260053 00280055 C
85 38 00260054 00280056 C
86 38 00260056 00280057 4
87 38 00260057 00280058 4
159 38 0026009F 002700A0 0
0 39 00270000 00280001 0
33 39 00270021 00290022 4
34 39 00270022 00290023 4
35 39 00270023 00290025 6
36 39 00270024 00290026 6
37 39 00260024 00290027 F
38 39 00270025 00290027 C
39 39 00270026 00290028 C
75 39 0027004B 0029004D 6
76 39 0026004B 0029004E F
77 39 0026004C 0029004F F
78 39 0026004D 00290050 F
79 39 0026004E 00290051 F
80 39 0026004F 00290052 F
81 39 00260050 00290053 F
82 39 00260051 00290054 F
83 39 00260052 00290055 F
84 39 00260053 00290056 F
85 39 00260054 00290057 F
86 39 00260055 00290058 F
87 39 00270056 00290058 C
88 39 00270057 00290059 C
89 39 00270059 0029005A 4
158 39 0027009E 002800A0 2
159 39 0027009F 002800A0 0
0 40 00280000 00290001 0
32 40 00280020 00290022 2
33 40 00280021 002A0023 6
34 40 00270021 002A0024 F
35 40 00270022 002A0025 F
36 40 00270023 002A0026 F
37 40 00270024 002A0027 F
38 40 00270025 002A0028 F
39 40 00280026 002A0028 C
40 40 00280027 00290029 8
74 40 0028004A 0029004C 2
75 40 0028004B 002A004D 6
76 40 0027004B 002A004E F
77 40 0027004C 002A004F F
78 40 0027004D 002A0050 F
79 40 0027004E 002A0051 F
80 40 0027004F 002A0052 F
81 40 00270050 00290052 9
82 40 00270051 00290054 B
83 40 00270053 00290055 3
84 40 00270053 002A0056 F
85 40 00270054 002A0057 F
86 40 00270055 002A0058 F
87 40 00270056 002A0059 F
88 40 00270057 002A005A F
89 40 00280058 002A005A C
90 40 00280059 002A005B C
158 40 0028009E 002900A0 2
159 40 0028009E 002900A0 8
0 41 00290000 002A0001 0
26 41 0029001A 002B001B 4
32 41 00290020 002B0022 6
33 41 00280020 002B0023 F
34 41 00280021 002B0024 F
35 41 00280022 002B0025 F
36 41 00280023 002B0026 F
37 41 00280024 002B0027 F
38 41 00280025 002B0028 F
39 41 00280026 002B0029 F
40 41 00290027 002A0029 8
74 41 0029004A 002A004C 2
75 41 0028004A 002B004D F
76 41 0028004B 002B004E F
77 41 0028004C 002B004F F
78 41 0028004D 002B0050 F
79 41 0028004E 002B0051 F
80 41 0028004F 002B0052 F
81 41 00280050 002A0052 9
83 41 00280053 002A0054 1
84 41 00280054 002A0055 1
85 41 00280055 002A0056 1
86 41 00280056 002A0057 1
87 41 00280057 002A0058 1
88 41 00280058 002A0059 1
89 41 00280059 002A005B 3
90 41 0029005A 002A005B 0
91 41 0029005A 002A005C 8
158 41 0029009E 002A00A0 2
159 41 0029009E 002A00A0 8
0 42 002A0000 002B0001 0
25 42 002A0019 002C001B 6
26 42 002A001A 002C001B 4
27 42 002A001A 002C001C C
30 42 002A001E 002C001F 4
31 42 002A001F 002C0021 6
32 42 002A0020 002C0022 6
33 42 00290020 002C0023 F
34 42 00290021 002C0024 F
35 42 00290022 002C0025 F
36 42 00290023 002C0026 F
37 42 00290024 002C0027 F
38 42 00290025 002C0028 F
39 42 00290026 002C0029 F
40 42 002A0027 002B0029 8
74 42 002A004A 002C004C 6
75 42 0029004A 002C004D F
76 42 0029004B 002C004E F
77 42 0029004C 002C004F F
78 42 0029004D 002C0050 F
79 42 0029004E 002C0051 F
80 42 0029004F 002C0052 F
81 42 002A0050 002C0052 C
90 42 0029005A 002B005B 1
91 42 002A005B 002B005C 0
158 42 002A009E 002B00A0 2
159 42 002A009E 002B00A0 8
0 43 002B0000 002C0001 0
24 43 002B0018 002C001A 2
25 43 002B0019 002D001B 6
26 43 002A0019 002D001C F
27 43 002B001A 002D001C C
28 43 002B001B 002D001D C
29 43 002B001D 002D001F 6
30 43 002B001E 002D0020 6
31 43 002A001E 002D0021 F
32 43 002A001F 002D0022 F
33 43 002A0020 002D0023 F
34 43 002A0021 002D0024 F
35 43 002A0022 002D0025 F
36 43 002A0023 002D0026 F
37 43 002A0024 002D0027 F
38 43 002A0025 002D0028 F
39 43 002A0026 002D0029 F
40 43 002B0027 002C0029 8
73 43 002B0049 002C004B 2
74 43 002B004A 002D004C 6
75 43 002A004A 002D004D F
76 43 002A004B 002D004E F
77 43 002A004C 002D004F F
78 43 002A004D 002D0050 F
79 43 002A004E 002C0050 9
80 43 002A004F 002C0052 B
81 43 002B0051 002C0052 0
82 43 002B0051 002D0053 C
83 43 002B0053 002D0054 4
111 43 002B006F 002D0070 4
112 43 002B0070 002D0071 4
113 43 002B0071 002D0072 4
114 43 002B0072 002D0073 4
158 43 002B009E 002C00A0 2
159 43 002B009E 002C00A0 8
0 44 002C0000 002D0001 0
24 44 002C0018 002D001A 2
25 44 002B0019 002D001A 1
26 44 002B0019 002D001B 9
27 44 002B001B 002D001C 1
28 44 002B001C 002D001E 3
29 44 002B001D 002D001F 3
30 44 002B001D 002D001F 9
31 44 002B001E 002D0020 9
32 44 002B0020 002D0021 1
33 44 002B0021 002D0023 3
34 44 002B0022 002D0024 3
35 44 002B0022 002E0025 F
36 44 002B0023 002E0026 F
37 44 002B0024 002E0027 F
38 44 002B0025 002D0027 9
39 44 002B0026 002D0028 9
40 44 002C0028 002D0029 0
73 44 002C0049 002D004B 2
74 44 002B004A 002D004C 3
75 44 002B004A 002E004D F
76 44 002B004B 002E004E F
77 44 002B004C 002D004E 9
78 44 002B004D 002D004F 9
79 44 002B004F 002D0050 1
81 44 002B0051 002D0052 1
82 44 002B0052 002D0053 1
83 44 002C0053 002D0054 0
84 44 002C0054 002D0055 0
89 44 002C0059 002E005A 4
90 44 002C005A 002E005B 4
91 44 002C005B 002E005C 4
92 44 002C005C 002D005D 0
109 44 002C006D 002E006E 4
110 44 002C006E 002E0070 6
111 44 002C006F 002E0071 6
112 44 002B006F 002E0072 F
113 44 002B0070 002E0073 F
114 44 002C0071 002D0073 8
115 44 002C0072 002D0074 8
158 44 002C009E 002D00A0 2
159 44 002C009E 002D00A0 8
0 45 002D0000 002E0001 0
25 45 002C0019 002E001A 1
29 45 002C001D 002F001F 7
30 45 002C001D 002E001F 9
34 45 002C0022 002E0024 3
35 45 002C0022 002F0025 F
36 45 002C0023 002E0025 9
37 45 002C0024 002E0026 9
38 45 002C0026 002E0027 1
74 45 002C004A 002E004B 1
75 45 002C004A 002E004C 9
76 45 002C004C 002E004D 1
77 45 002C004D 002E004E 1
84 45 002D0054 002E0055 0
85 45 002D0055 002E0056 0
87 45 002D0057 002F0058 4
88 45 002D0058 002F005A 6
89 45 002D0059 002F005B 6
90 45 002C0059 002F005C F
91 45 002C005A 002F005D F
92 45 002D005B 002F005D C
108 45 002D006C 002F006E 6
109 45 002D006D 002F006F 6
110 45 002C006D 002F0070 F
111 45 002C006E 002F0071 F
112 45 002C006F 002F0072 F
113 45 002C0070 002F0073 F
114 45 002C0071 002F0073 D
158 45 002D009E 002E00A0 2
159 45 002D009E 002E00A0 8
0 46 002E0000 002F0001 0
25 46 002E0019 002F001A 0
26 46 002E001A 002F001B 0
27 46 002E001B 0030001C 4
28 46 002E001C 002F001D 0
29 46 002E001D 002F001F 2
30 46 002E001E 002F001F 0
34 46 002E0022 002F0024 2
35 46 002D0023 002F0025 3
36 46 002D0023 002F0025 9
74 46 002E004A 002F004B 0
85 46 002E0055 002F0056 0
86 46 002E0055 00300058 E
87 46 002E0057 00300059 6
88 46 002D0057 0030005A F
89 46 002D0058 0030005B F
90 46 002D0059 0030005C F
91 46 002D005A 0030005D F
92 46 002E005B 0030005D C
93 46 002E005C 002F005E 8
107 46 002E006B 002F006D 2
108 46 002E006C 0030006E 6
109 46 002D006C 0030006F F
110 46 002D006D 00300070 F
111 46 002D006E 00300071 F
112 46 002D006F 00300072 F
113 46 002D0070 00300073 F
114 46 002E0071 00300073 C
115 46 002E0072 002F0074 8
158 46 002E009E 002F00A0 2
159 46 002E009E 002F00A0 8
0 47 002F0000 00300001 0
26 47 002E001A 0030001C 3
27 47 002E001B 0030001D 3
28 47 002E001B 0031001D D
30 47 002F001E 0031001F 4
31 47 002F001E 00310020 C
35 47 002E0023 00300024 1
36 47 002F0023 00300025 8
74 47 002F004A 0030004B 0
75 47 002F004A 0030004C 8
76 47 002F004C 0030004D 0
77 47 002F004D 0030004E 0
79 47 002F004F 00310050 4
80 47 002F0050 00310051 4
81 47 002F0051 00310052 4
82 47 002F0052 00310053 4
85 47 002F0055 00300057 2
86 47 002E0055 00310058 F
87 47 002E0056 00310059 F
88 47 002E0057 0031005A F
89 47 002E0058 0031005B F
90 47 002E0059 0031005C F
91 47 002E005A 0031005D F
92 47 002E005B 0031005E F
93 47 002F005C 0030005E 8
107 47 002F006B 0030006D 2
108 47 002E006B 0031006E F
109 47 002E006C 0031006F F
110 47 002E006D 00310070 F
111 47 002E006E 00310071 F
112 47 002E006F 00310072 F
113 47 002E0070 00300072 9
114 47 002E0071 00300073 9
115 47 002F0073 00300074 0
158 47 002F009E 003000A0 2
159 47 002F009E 003000A0 8
0 48 00300000 00310001 0
27 48 002F001B 0031001D 3
28 48 0030001B 0031001D 8
29 48 0030001C 0031001F A
30 48 0030001E 00310020 2
31 48 0030001E 00320020 C
32 48 0030001F 00320021 C
33 48 00300021 00320022 4
34 48 00300022 00320024 6
35 48 00300023 00310024 0
74 48 0030004A 0032004C 6
75 48 002F004A 0031004C 9
78 48 0030004E 00320050 6
79 48 0030004F 00320051 6
80 48 002F004F 00320052 F
81 48 002F0050 00320053 F
82 48 00300051 00320053 C
83 48 00300052 00320054 C
85 48 00300055 00310057 2
86 48 002F0056 00310058 3
87 48 002F0056 00320059 F
88 48 002F0057 0032005A F
89 48 002F0058 0032005B F
90 48 002F0059 0032005C F
91 48 002F005A 0032005D F
92 48 002F005B 0031005D 9
93 48 0030005C 0031005E 8
107 48 0030006B 0031006D 2
108 48 002F006B 0032006E F
109 48 002F006C 0032006F F
110 48 002F006D 00320070 F
111 48 002F006E 00320071 F
112 48 002F006F 00310071 9
113 48 002F0070 00310072 9
158 48 0030009E 003100A0 2
159 48 0030009E 003100A0 8
0 49 00310000 00320001 0
27 49 0031001B 0032001D 2
28 49 0030001B 0032001D 9
30 49 0030001E 00320020 3
31 49 0030001E 00330021 F
32 49 0030001F 00330022 F
33 49 00300020 00330023 F
34 49 00300021 00330024 F
35 49 00310022 00320024 8
73 49 00310049 0032004B 2
74 49 0031004A 0033004C 6
75 49 0031004A 0032004C 8
77 49 0031004D 0032004F 2
78 49 0031004E 00330050 6
79 49 0030004E 00330051 F
80 49 0030004F 00330052 F
81 49 00300050 00330053 F
82 49 00300051 00320053 9
83 49 00310052 00320054 8
84 49 00310054 00320055 0
86 49 00300056 00330058 7
87 49 00300056 00330059 F
88 49 00300057 0033005A F
89 49 00300058 0033005B F
90 49 00300059 0032005B 9
91 49 0030005A 0032005C 9
92 49 0030005C 0032005D 1
107 49 0031006B 0032006D 2
108 49 0030006B 0033006E F
109 49 0030006C 0033006F F
110 49 0030006D 00330070 F
111 49 0030006E 00330071 F
112 49 0030006F 00320071 9
158 49 0031009E 003200A0 2
159 49 0031009E 003200A0 8
0 50 00320000 00330001 0
27 50 0032001B 0033001D 2
28 50 0032001B 0033001D 8
30 50 0032001E 00330020 2
31 50 0031001F 00330021 3
32 50 0031001F 00340022 F
33 50 00310020 00340023 F
34 50 00310021 00340024 F
35 50 00320022 00340024 C
73 50 00320049 0034004B 6
74 50 00310049 0033004B 9
75 50 0032004A 0033004C 8
77 50 0032004D 0033004F 2
78 50 0031004D 00340050 F
79 50 0031004E 00340051 F
80 50 0031004F 00340052 F
81 50 00310050 00340053 F
82 50 00310051 00340053 D
84 50 00320054 00340055 4
85 50 00320054 00340057 E
86 50 00320056 00340058 6
87 50 00310056 00330058 9
88 50 00310057 00330059 9
89 50 00310059 0033005A 1
90 50 0031005A 0033005B 1
107 50 0032006B 0033006D 2
108 50 0031006B 0034006E F
109 50 0031006C 0034006F F
110 50 0031006D 00340070 F
111 50 0031006E 00340071 F
112 50 0032006F 00340071 C
158 50 0032009E 003300A0 2
159 50 0032009E 003300A0 8
0 51 00330000 00340001 0
27 51 0033001B 0034001D 2
28 51 0033001B 0034001D 8
31 51 0032001F 00350021 7
32 51 0032001F 00350022 F
33 51 00320020 00350023 F
34 51 00320021 00350024 F
35 51 00330022 00350024 C
36 51 00330023 00350025 C
71 51 00330047 00350048 4
72 51 00330048 0035004A 6
73 51 00330049 0035004B 6
74 51 00320049 0035004B D
77 51 0033004D 0034004F 2
78 51 0032004E 00340050 3
79 51 0032004E 00350051 F
80 51 0032004F 00350052 F
81 51 00320050 00350053 F
82 51 00330051 00350053 C
83 51 00330052 00350055 E
84 51 00330054 00340055 0
85 51 00320054 00340056 9
86 51 00320056 00340057 1
87 51 00320057 00340058 1
107 51 0033006B 0035006D 6
108 51 0032006B 0035006E F
109 51 0032006C 0035006F F
110 51 0032006D 00350070 F
111 51 0032006E 00350071 F
112 51 0033006F 00350071 C
113 51 00330070 00340072 8
158 51 0033009E 003400A0 2
159 51 0033009E 003400A0 8
0 52 00340000 00350001 0
27 52 0034001B 0035001D 2
28 52 0034001B 0036001D C
30 52 0034001E 00360020 6
31 52 0034001F 00360021 6
32 52 0033001F 00360022 F
33 52 00330020 00360023 F
34 52 00330021 00360024 F
35 52 00330022 00350024 9
36 52 00340023 00350025 8
37 52 00340025 00350026 0
69 52 00340045 00360046 4
70 52 00340046 00360048 6
71 52 00340047 00360049 6
72 52 00330047 0036004A F
73 52 00330048 0036004B F
74 52 00340049 0036004B C
75 52 0034004A 0036004C C
78 52 0033004E 00360050 7
79 52 0033004E 00360051 F
80 52 0033004F 00360052 F
81 52 00330050 00350052 9
82 52 00330051 00350053 9
83 52 00330053 00350054 1
84 52 00330054 00350055 1
106 52 0034006A 0035006C 2
107 52 0034006B 0036006D 6
108 52 0033006B 0036006E F
109 52 0033006C 0036006F F
110 52 0033006D 00360070 F
111 52 0033006E 00360071 F
112 52 0033006F 00360072 F
113 52 00340070 00350072 8
158 52 0034009E 003500A0 2
159 52 0034009E 003500A0 8
0 53 00350000 00360001 0
27 53 0035001B 0036001D 2
28 53 0035001B 0037001D C
29 53 0035001C 0037001F E
30 53 0035001E 00370020 6
31 53 0034001E 00370021 F
32 53 0034001F 00370022 F
33 53 00340020 00370023 F
34 53 00340021 00370024 F
35 53 00340022 00360024 9
37 53 00350025 00360026 0
38 53 00350026 00360027 0
68 53 00350044 00360046 2
69 53 00350045 00370047 6
70 53 00340045 00370048 F
71 53 00340046 00370049 F
72 53 00340047 0037004A F
73 53 00340048 0037004B F
74 53 00340049 0037004C F
75 53 0035004A 0037004C C
76 53 0035004B 0037004D C
77 53 0035004D 0037004F 6
78 53 0035004E 00370050 6
79 53 0034004E 00360050 9
80 53 0034004F 00360051 9
81 53 00340051 00360052 1
99 53 00350063 00360064 0
100 53 00350064 00370065 4
101 53 00350065 00370066 4
102 53 00350066 00370067 4
106 53 0035006A 0037006C 6
107 53 0034006A 0036006C 9
108 53 0034006B 0036006D 9
109 53 0034006D 0036006E 1
110 53 0034006E 00360070 3
111 53 0034006F 00360071 3
112 53 0034006F 00360071 9
113 53 00350070 00360072 8
158 53 0035009E 003600A0 2
159 53 0035009E 003600A0 8
0 54 00360000 00370001 0
27 54 0036001B 0037001D 2
28 54 0035001C 0037001E 3
29 54 0035001C 0038001F F
30 54 0035001D 00380020 F
31 54 0035001E 00380021 F
32 54 0035001F 00380022 F
33 54 00350020 00370022 9
34 54 00350021 00370023 9
35 54 00360023 00370024 0
38 54 00360026 00370027 0
39 54 00360027 00370028 0
68 54 00360044 00370046 2
69 54 00350045 00370047 3
70 54 00350045 00380048 F
71 54 00350046 00380049 F
72 54 00350047 0038004A F
73 54 00350048 0038004B F
74 54 00350049 0038004C F
75 54 0035004A 0038004D F
76 54 0035004B 0037004D 9
77 54 0035004C 0037004E 9
78 54 0035004E 0037004F 1
79 54 0035004F 00370050 1
99 54 00360063 00380065 6
100 54 00350063 00380066 F
101 54 00350064 00380067 F
102 54 00360065 00380067 C
103 54 00360066 00380068 C
104 54 00360068 00380069 4
105 54 00360069 0038006B 6
106 54 0036006A 0037006B 0
107 54 0035006A 0037006C 9
111 54 0035006F 00370071 3
112 54 00350070 00370071 1
158 54 0036009E 003700A0 2
159 54 0036009E 003700A0 8
0 55 00370000 00380001 0
28 55 0036001C 0038001E 3
29 55 0036001C 0039001F F
30 55 0036001D 00390020 F
31 55 0036001E 00380020 9
32 55 0036001F 00380021 9
33 55 00360021 00380022 1
39 55 00370027 00380028 0
40 55 00370028 00380029 0
69 55 00360045 00380047 3
70 55 00360045 00390048 F
71 55 00360046 00390049 F
72 55 00360047 0039004A F
73 55 00360048 0039004B F
74 55 00360049 0038004B 9
75 55 0036004A 0038004C 9
76 55 0036004C 0038004D 1
98 55 00370062 00380064 2
99 55 00370063 00380065 2
100 55 00360063 00390066 F
101 55 00360064 00390067 F
102 55 00360065 00390068 F
103 55 00360066 00390069 F
104 55 00360067 0039006A F
105 55 00360068 0039006B F
106 55 00360069 0038006B 9
112 55 00370070 00380071 0
113 55 00370070 00380072 8
158 55 0037009E 003800A0 2
159 55 0037009E 003800A0 8
0 56 00380000 00390001 0
28 56 0038001C 0039001E 2
29 56 0037001D 0039001E 1
30 56 0037001D 0039001F 9
31 56 0037001F 00390020 1
40 56 00380028 00390029 0
41 56 00380029 0039002A 0
69 56 00380045 00390046 0
70 56 00370046 00390048 3
71 56 00370047 00390048 1
72 56 00370047 00390049 9
73 56 00370049 0039004A 1
74 56 0037004A 0039004B 1
99 56 00370063 00390065 3
100 56 00370064 00390066 3
101 56 00370064 003A0067 F
102 56 00370065 003A0068 F
103 56 00370066 003A0069 F
104 56 00370067 00390069 9
105 56 00370068 0039006A 9
106 56 0038006A 0039006B 0
112 56 00380070 00390072 2
113 56 00380071 00390072 0
158 56 0038009E 003900A0 2
159 56 0038009E 003900A0 8
0 57 00390000 003A0001 0
29 57 0038001D 003A001E 1
41 57 00390029 003A002A 0
42 57 0039002A 003A002B 0
71 57 00380047 003A0048 1
100 57 00380064 003A0065 1
101 57 00380065 003A0067 3
102 57 00380066 003A0068 3
103 57 00380066 003B0069 F
104 57 00380067 003B0069 D
109 57 0039006D 003B006E 4
110 57 0039006E 003B006F 4
113 57 00390071 003A0072 0
114 57 00390072 003A0073 0
158 57 0039009E 003A00A0 2
159 57 0039009E 003A00A0 8
0 58 003A0000 003B0001 0
29 58 003A001D 003B001E 0
30 58 003A001E 003B001F 0
34 58 003A0022 003C0023 4
35 58 003A0023 003C0024 4
36 58 003A0024 003C0025 4
42 58 003A002A 003B002B 0
43 58 003A002A 003B002C 8
102 58 00390066 003B0067 1
103 58 00390067 003B0069 3
104 58 003A0068 003B0069 0
105 58 003A0068 003B006A 8
108 58 003A006C 003C006E 6
109 58 003A006D 003C006F 6
110 58 003A006D 003C006F C
111 58 003A006E 003C0070 C
114 58 003A0072 003C0073 4
115 58 003A0072 003C0074 C
116 58 003A0074 003C0075 4
117 58 003A0075 003C0076 4
158 58 003A009E 003B00A0 2
159 58 003A009E 003B00A0 8
0 59 003B0000 003C0001 0
30 59 003B001E 003C001F 0
31 59 003B001E 003C0020 8
32 59 003B0020 003C0021 0
33 59 003B0021 003C0023 2
34 59 003B0022 003C0024 2
35 59 003A0022 003C0024 9
36 59 003B0023 003C0025 8
37 59 003B0025 003C0026 0
38 59 003B0026 003D0027 4
42 59 003B002A 003C002C 2
43 59 003B002B 003C002C 0
104 59 003A0068 003C006A 3
105 59 003B0068 003D006A C
107 59 003B006B 003D006D 6
108 59 003B006C 003D006E 6
109 59 003A006C 003D006F F
110 59 003A006D 003D0070 F
111 59 003B006E 003D0070 C
112 59 003B006F 003D0071 C
113 59 003B0071 003D0073 6
114 59 003B0072 003D0074 6
115 59 003A0072 003D0075 F
116 59 003A0073 003D0076 F
117 59 003B0074 003D0076 C
118 59 003B0075 003D0077 C
119 59 003B0077 003C0078 0
158 59 003B009E 003C00A0 2
159 59 003B009E 003C00A0 8
0 60 003C0000 003D0001 0
30 60 003C001E 003D0020 2
31 60 003B001F 003D0020 1
34 60 003B0022 003D0024 3
35 60 003B0022 003D0024 9
37 60 003B0025 003D0026 1
38 60 003C0026 003D0027 0
39 60 003C0027 003D0028 0
43 60 003C002B 003D002C 0
44 60 003C002B 003D002D 8
104 60 003C0068 003D006A 2
105 60 003C0069 003D006A 0
106 60 003C0069 003E006C E
107 60 003C006B 003D006C 0
108 60 003B006B 003D006D 9
109 60 003B006D 003D006E 1
110 60 003B006E 003D0070 3
111 60 003B006F 003D0071 3
112 60 003B006F 003E0072 F
113 60 003B0070 003E0073 F
114 60 003B0071 003E0074 F
115 60 003B0072 003E0075 F
116 60 003B0073 003E0076 F
117 60 003B0074 003E0077 F
118 60 003B0075 003E0078 F
119 60 003C0076 003E0078 C
158 60 003C009E 003D00A0 2
159 60 003C009E 003D00A0 8
0 61 003D0000 003E0001 0
31 61 003D001F 003E0020 0
32 61 003D001F 003E0021 8
34 61 003D0022 003E0024 2
35 61 003D0023 003E0024 0
39 61 003D0027 003E0028 0
40 61 003D0028 003E0029 0
43 61 003D002B 003E002D 2
44 61 003D002C 003E002D 0
50 61 003D0032 003F0033 4
51 61 003D0033 003F0034 4
52 61 003D0034 003F0035 4
105 61 003C0069 003E006A 1
106 61 003C006A 003E006B 1
107 61 003C006B 003E006C 1
111 61 003C006F 003E0070 1
112 61 003C0070 003E0072 3
113 61 003C0071 003E0073 3
114 61 003C0071 003F0074 F
115 61 003C0072 003F0075 F
116 61 003C0073 003F0076 F
117 61 003C0074 003F0077 F
118 61 003C0075 003F0078 F
119 61 003D0076 003E0078 8
120 61 003D0077 003E0079 8
158 61 003D009E 003E00A0 2
159 61 003D009E 003E00A0 8
0 62 003E0000 003F0001 0
31 62 003E001F 003F0021 2
32 62 003E001F 003F0021 8
35 62 003E0023 003F0024 0
36 62 003E0024 003F0025 0
40 62 003E0028 003F0029 0
44 62 003E002C 003F002D 0
45 62 003E002C 0040002E C
48 62 003E0030 00400031 4
49 62 003E0031 00400033 6
50 62 003E0032 00400034 6
51 62 003D0032 00400035 F
52 62 003E0033 003F0035 8
53 62 003E0034 003F0036 8
113 62 003D0071 003F0072 1
114 62 003D0072 003F0073 1
115 62 003D0073 003F0075 3
116 62 003D0074 003F0076 3
117 62 003D0074 00400077 F
118 62 003D0075 00400078 F
119 62 003D0076 003F0078 9
158 62 003E009E 003F00A0 2
159 62 003E009E 003F00A0 8
0 63 003F0000 00400001 0
31 63 003F001F 00400021 2
32 63 003F001F 00400021 8
36 63 003F0024 00400025 0
40 63 003F0028 00400029 0
41 63 003F0029 0040002A 0
44 63 003F002C 0040002E 2
45 63 003F002C 0041002E C
46 63 003F002D 0041002F C
47 63 003F002F 00410031 6
48 63 003F0030 00410032 6
49 63 003E0030 00410033 F
50 63 003E0031 00410034 F
51 63 003E0032 00400034 9
52 63 003E0033 00400035 9
116 63 003E0074 00400075 1
117 63 003E0075 00400076 1
118 63 003E0076 00400077 1
119 63 003F0077 00400078 0
158 63 003F009E 004000A0 2
159 63 003F009E 004000A0 8
0 64 00400000 00410001 0
31 64 0040001F 00410021 2
32 64 0040001F 00410021 8
35 64 00400023 00410025 2
36 64 00400024 00410025 0
41 64 00400029 0041002A 0
44 64 0040002C 0042002E 6
45 64 003F002C 0042002F F
46 64 003F002D 00420030 F
47 64 003F002E 00420031 F
48 64 003F002F 00420032 F
49 64 003F0030 00420033 F
50 64 003F0031 00410033 9
51 64 003F0032 00410034 9
158 64 0040009E 004100A0 2
159 64 0040009E 004100A0 8
0 65 00410000 00420001 0
31 65 0041001F 00420021 2
32 65 0041001F 00420021 8
35 65 00410023 00420025 2
36 65 00410023 00420025 8
41 65 00410029 0042002A 0
42 65 00410029 0043002B C
43 65 0041002B 0043002D 6
44 65 0041002C 0043002E 6
45 65 0040002C 0043002F F
46 65 0040002D 00430030 F
47 65 0040002E 00430031 F
48 65 0040002F 00420031 9
49 65 00400030 00420032 9
50 65 00400032 00420033 1
158 65 0041009E 004200A0 2
159 65 0041009E 004200A0 8
0 66 00420000 00430001 0
31 66 0042001F 00430021 2
32 66 0042001F 00430021 8
35 66 00420023 00430025 2
36 66 00420023 00430025 8
41 66 00420029 0044002B 6
42 66 00410029 0044002C F
43 66 0041002A 0044002D F
44 66 0041002B 0044002E F
45 66 0041002C 0044002F F
46 66 0041002D 0043002F 9
47 66 0041002E 00430030 9
48 66 00410030 00430031 1
133 66 00420085 00440086 4
134 66 00420086 00440087 4
135 66 00420087 00440088 4
136 66 00420088 00440089 4
137 66 00420089 0044008A 4
138 66 0042008A 0044008B 4
158 66 0042009E 004300A0 2
159 66 0042009E 004300A0 8
0 67 00430000 00440001 0
31 67 0043001F 00440021 2
32 67 0043001F 00440021 8
35 67 00430023 00440025 2
36 67 00430024 00440025 0
40 67 00430028 0045002A 6
41 67 00430029 0045002B 6
42 67 00420029 0045002C F
43 67 0042002A 0045002D F
44 67 0042002B 0044002D 9
45 67 0042002C 0044002E 9
46 67 0042002E 0044002F 1
131 67 00430083 00450084 4
132 67 00430084 00450086 6
133 67 00430085 00450087 6
134 67 00420085 00450088 F
135 67 00420086 00450089 F
136 67 00420087 0045008A F
137 67 00420088 0045008B F
138 67 00430089 0045008B C
139 67 0043008A 0044008C 8
158 67 0043009E 004400A0 2
159 67 0043009E 004400A0 8
0 68 00440000 00450001 0
31 68 0044001F 00450021 2
32 68 0044001F 00450021 8
36 68 00440024 00460025 4
38 68 00440026 00460027 4
39 68 00440027 00460029 6
40 68 00440028 0046002A 6
41 68 00430028 0046002B F
42 68 00430029 0045002B 9
43 68 0043002A 0045002C 9
44 68 0043002C 0045002D 1
130 68 00440082 00460084 6
131 68 00440083 00460085 6
132 68 00430083 00460086 F
133 68 00430084 00460087 F
134 68 00430085 00460088 F
135 68 00430086 00460089 F
136 68 00430087 0046008A F
137 68 00430088 0046008B F
138 68 00430089 0046008C F
139 68 0044008A 0045008C 8
158 68 0044009E 004500A0 2
159 68 0044009E 004500A0 8
0 69 00450000 00460001 0
31 69 0045001F 00460021 2
32 69 0045001F 00470021 C
35 69 00450023 00470025 6
36 69 00450024 00470025 4
37 69 00450024 00470027 E
38 69 00450026 00470028 6
39 69 00440026 00470029 F
40 69 00440027 0047002A F
41 69 00440028 0046002A 9
42 69 00440029 0046002B 9
129 69 00450081 00460083 2
130 69 00450082 00470084 6
131 69 00440082 00470085 F
132 69 00440083 00470086 F
133 69 00440084 00470087 F
134 69 00440085 00470088 F
135 69 00440086 00470089 F
136 69 00440087 0047008A F
137 69 00440088 0047008B F
138 69 00440089 0046008B 9
139 69 0045008A 0046008C 8
158 69 0045009E 004600A0 2
159 69 0045009E 004600A0 8
0 70 00460000 00470001 0
31 70 0046001F 00470021 2
32 70 00460020 00470021 0
33 70 00460020 00480022 C
34 70 00460022 00470023 0
35 70 00460023 00470025 2
36 70 00450024 00470026 3
37 70 00450024 00480027 F
38 70 00450025 00480028 F
39 70 00450026 00470028 9
40 70 00450027 00470029 9
41 70 00450029 0047002A 1
129 70 00460081 00480083 6
130 70 00450081 00480084 F
131 70 00450082 00480085 F
132 70 00450083 00480086 F
133 70 00450084 00480087 F
134 70 00450085 00480088 F
135 70 00450086 00470088 9
136 70 00450087 00470089 9
137 70 00450089 0047008A 1
138 70 0045008A 0047008B 1
158 70 0046009E 004700A0 2
159 70 0046009E 004700A0 8
0 71 00470000 00480001 0
32 71 00460020 00490022 7
33 71 00460020 00490023 F
34 71 00460021 00490023 D
36 71 00460024 00490026 7
37 71 00460024 00490027 F
38 71 00460025 00480027 9
39 71 00460026 00480028 9
53 71 00470035 00490036 4
54 71 00470036 00490037 4
55 71 00470037 00490038 4
56 71 00470038 00490039 4
57 71 00470039 0049003A 4
58 71 0047003A 0049003B 4
59 71 0047003B 0049003C 4
60 71 0047003C 0049003D 4
61 71 0047003D 0049003E 4
62 71 0047003E 0049003F 4
128 71 00470080 00490082 6
129 71 00470081 00490083 6
130 71 00460081 00490084 F
131 71 00460082 00490085 F
132 71 00460083 00490086 F
133 71 00460084 00490087 F
134 71 00460085 00490088 F
135 71 00460086 00480088 9
158 71 0047009E 004800A0 2
159 71 0047009E 004800A0 8
0 72 00480000 00490001 0
31 72 0048001F 004A0021 6
32 72 00480020 004A0022 6
33 72 00470020 004A0023 F
34 72 00480021 004A0023 C
35 72 00480022 004A0025 E
36 72 00480024 00490025 0
37 72 00470024 00490026 9
38 72 00470026 00490027 1
44 72 0048002C 004A002D 4
45 72 0048002D 004A002E 4
46 72 0048002E 004A002F 4
47 72 0048002F 004A0030 4
48 72 00480030 00490031 0
49 72 00480031 00490032 0
50 72 00480032 00490033 0
51 72 00480033 00490034 0
52 72 00480034 00490035 0
53 72 00480035 00490036 0
54 72 00470036 00490037 1
55 72 00470037 00490038 1
56 72 00470038 0049003A 3
57 72 00470039 0049003A 1
58 72 00470039 0049003B 9
59 72 0047003B 0049003C 1
60 72 0047003C 0049003D 1
61 72 0047003D 0049003E 1
62 72 0048003E 0049003F 0
63 72 0048003F 00490040 0
64 72 00480040 00490041 0
65 72 00480041 00490042 0
66 72 00480042 00490043 0
67 72 00480043 004A0044 4
68 72 00480044 004A0045 4
69 72 00480045 004A0046 4
127 72 0048007F 00490081 2
128 72 00480080 00490081 0
129 72 00470080 00490082 9
130 72 00470082 00490083 1
131 72 00470083 00490085 3
132 72 00470084 00490085 1
133 72 00470084 00490087 B
134 72 00470086 00490088 3
135 72 00480086 004A0088 C
158 72 0048009E 004900A0 2
159 72 0048009E 004900A0 8
0 73 00490000 004A0001 0
29 73 0049001D 004B001E 4
30 73 0049001E 004B0020 6
31 73 0049001F 004B0021 6
32 73 0048001F 004B0022 F
33 73 00480020 004B0023 F
34 73 00480021 004B0024 F
35 73 00480022 004B0025 F
36 73 00480023 004B0025 D
39 73 00490027 004B0028 4
40 73 00490028 004B0029 4
41 73 00490029 004B002A 4
42 73 0049002A 004A002B 0
43 73 0049002B 004A002C 0
44 73 0049002C 004A002D 0
45 73 0048002D 004A002E 1
46 73 0048002E 004A002F 1
47 73 0048002F 004A0030 1
48 73 00480030 004A0031 1
57 73 00480039 004A003A 1
64 73 00480040 004A0041 1
66 73 00480042 004A0043 1
67 73 00480043 004A0044 1
68 73 00480044 004A0045 1
69 73 00490045 004A0046 0
70 73 00490046 004A0047 0
71 73 00490047 004A0048 0
72 73 00490048 004B0049 4
128 73 00480080 004A0081 1
132 73 00480084 004A0085 1
134 73 00480086 004A0088 3
135 73 00490087 004A0088 0
136 73 00490087 004A0089 8
158 73 0049009E 004A00A0 2
159 73 0049009E 004A00A0 8
0 74 004A0000 004B0001 0
20 74 004A0014 004C0015 4
22 74 004A0016 004C0017 4
27 74 004A001B 004C001C 4
28 74 004A001C 004C001E 6
29 74 004A001D 004C001F 6
30 74 0049001D 004C0020 F
31 74 0049001E 004C0021 F
32 74 0049001F 004C0022 F
33 74 00490020 004C0023 F
34 74 00490021 004B0023 9
35 74 00490022 004B0024 9
36 74 004A0024 004B0025 0
37 74 004A0025 004B0026 0
38 74 004A0026 004B0027 0
39 74 004A0027 004B0028 0
40 74 00490028 004B0029 1
41 74 00490029 004B002A 1
42 74 0049002A 004B002B 1
71 74 00490047 004B0048 1
72 74 004A0048 004B0049 0
73 74 004A0049 004B004A 0
74 74 004A004A 004B004B 0
75 74 004A004B 004C004C 4
76 74 004A004C 004C004D 4
128 74 004A0080 004B0081 0
129 74 004A0081 004B0082 0
131 74 004A0083 004B0085 2
132 74 004A0084 004C0085 4
135 74 00490087 004B0089 3
136 74 004A0088 004B0089 0
158 74 004A009E 004B00A0 2
159 74 004A009E 004B00A0 8
0 75 004B0000 004C0001 0
13 75 004B000D 004D000E 4
14 75 004B000E 004D000F 4
15 75 004B000F 004D0010 4
16 75 004B0010 004D0011 4
17 75 004B0011 004C0012 0
18 75 004B0012 004C0013 0
19 75 004B0013 004C0014 0
20 75 004B0014 004C0015 0
21 75 004B0015 004C0016 0
22 75 004B0016 004C0017 0
23 75 004B0017 004C0018 0
24 75 004B0018 004C0019 0
25 75 004B0019 004C001A 0
26 75 004B001A 004C001C 2
27 75 004B001B 004D001D 6
28 75 004A001B 004D001E F
29 75 004A001C 004D001F F
30 75 004A001D 004D0020 F
31 75 004A001E 004D0021 F
32 75 004A001F 004C0021 9
33 75 004A0020 004C0022 9
34 75 004A0022 004C0023 1
74 75 004A004A 004C004B 1
75 75 004A004B 004C004C 1
76 75 004B004C 004C004D 0
77 75 004B004D 004C004E 0
78 75 004B004E 004C004F 0
129 75 004B0081 004C0082 0
131 75 004B0083 004C0085 2
132 75 004B0084 004C0085 0
133 75 004B0084 004D0086 C
134 75 004B0086 004C0087 0
136 75 004B0088 004C0089 0
137 75 004B0088 004C008A 8
158 75 004B009E 004C00A0 2
159 75 004B009E 004C00A0 8
0 76 004C0000 004D0001 0
10 76 004C000A 004E000B 4
11 76 004C000B 004D000C 0
12 76 004C000C 004D000D 0
13 76 004C000D 004D000E 0
14 76 004B000E 004D000F 1
15 76 004B000F 004D0010 1
16 76 004B0010 004D0011 1
17 76 004B0011 004D0012 1
26 76 004B001A 004D001C 3
27 76 004B001A 004E001D F
28 76 004B001B 004E001E F
29 76 004B001C 004D001E 9
30 76 004B001D 004D001F 9
31 76 004B001F 004D0020 1
32 76 004B0020 004D0021 1
78 76 004C004E 004D004F 0
79 76 004C004F 004D0050 0
128 76 004C0080 004D0081 0
129 76 004C0081 004D0082 0
132 76 004B0084 004E0086 7
133 76 004B0084 004E0087 F
134 76 004C0085 004D0087 8
136 76 004C0088 004D0089 0
158 76 004C009E 004D00A0 2
159 76 004C009E 004D00A0 8
0 77 004D0000 004E0001 0
7 77 004D0007 004F0008 4
8 77 004D0008 004F0009 4
9 77 004D0009 004E000A 0
10 77 004D000A 004E000B 0
11 77 004C000B 004E000C 1
26 77 004D001A 004E001C 2
27 77 004C001B 004E001D 3
28 77 004C001B 004F001E F
29 77 004C001C 004E001E 9
79 77 004D004F 004E0050 0
80 77 004D0050 004E0051 0
81 77 004D0051 004E0052 0
127 77 004D007F 004E0080 0
128 77 004D0080 004E0081 0
131 77 004D0083 004F0085 6
132 77 004D0084 004F0086 6
133 77 004C0084 004F0087 F
134 77 004D0085 004E0087 8
136 77 004D0088 004E0089 0
158 77 004D009E 004E00A0 2
159 77 004D009E 004E00A0 8
0 78 004E0000 004F0001 0
2 78 004E0002 00500003 4
3 78 004E0003 00500004 4
4 78 004E0004 00500005 4
5 78 004E0005 004F0006 0
6 78 004E0006 004F0007 0
7 78 004E0007 004F0008 0
8 78 004D0008 004F0009 1
9 78 004D0009 004F000A 1
27 78 004D001B 004F001C 1
28 78 004D001C 004F001D 1
29 78 004E001D 004F001E 0
81 78 004E0051 004F0052 0
82 78 004E0052 004F0053 0
126 78 004E007E 004F0080 2
127 78 004E007F 004F0080 0
130 78 004E0082 00500084 6
131 78 004E0083 00500085 6
132 78 004D0083 00500086 F
133 78 004D0084 00500087 F
134 78 004E0085 00500087 C
136 78 004E0088 00500089 4
137 78 004E0088 0050008A C
138 78 004E008A 0050008B 4
139 78 004E008B 0050008C 4
140 78 004E008C 0050008D 4
141 78 004E008D 004F008E 0
158 78 004E009E 004F00A0 2
159 78 004E009E 004F00A0 8
0 79 004F0000 00500001 0
1 79 004F0000 00500002 8
2 79 004F0002 00500003 0
3 79 004E0003 00500004 1
4 79 004E0004 00500005 1
5 79 004E0005 00500006 1
82 79 004F0052 00500053 0
83 79 004F0053 00500054 0
84 79 004F0054 00500055 0
126 79 004F007E 00510080 6
127 79 004F007E 00510080 C
129 79 004F0081 00510083 6
130 79 004F0082 00510084 6
131 79 004E0082 00510085 F
132 79 004E0083 00510086 F
133 79 004E0084 00510087 F
134 79 004F0085 00510087 C
135 79 004F0086 00510089 E
136 79 004F0088 0051008A 6
137 79 004E0088 0051008B F
138 79 004E0089 0051008C F
139 79 004E008A 0051008D F
140 79 004E008B 0051008E F
141 79 004F008C 0050008E 8
158 79 004F009E 005000A0 2
159 79 004F009E 005000A0 8
0 80 00500000 00510001 0
1 80 004F0000 00510002 9
84 80 00500054 00510055 0
85 80 00500055 00510056 0
122 80 0050007A 0051007B 0
123 80 0050007B 0052007C 4
124 80 0050007C 0052007D 4
125 80 0050007D 0052007F 6
126 80 0050007E 00520080 6
127 80 0050007E 00520080 C
128 80 0050007F 00520082 E
129 80 00500081 00520083 6
130 80 004F0081 00520084 F
131 80 004F0082 00520085 F
132 80 004F0083 00520086 F
133 80 004F0084 00520087 F
134 80 004F0085 00520088 F
135 80 004F0086 00520089 F
136 80 004F0087 0052008A F
137 80 004F0088 0052008B F
138 80 004F0089 0052008C F
139 80 004F008A 0052008D F
140 80 004F008B 0051008D 9
141 80 0050008C 0051008E 8
158 80 0050009E 005100A0 2
159 80 0050009E 005100A0 8
0 81 00510000 00520001 0
85 81 00510055 00520056 0
86 81 00510056 00520057 0
87 81 00510057 00520058 0
122 81 0051007A 0052007C 2
123 81 0050007B 0052007D 3
124 81 0050007B 0053007E F
125 81 0050007C 0053007F F
126 81 0050007D 00530080 F
127 81 0050007E 00530081 F
128 81 0050007F 00530082 F
129 81 00500080 00530083 F
130 81 00500081 00530084 F
131 81 00500082 00520084 9
132 81 00500083 00520085 9
133 81 00500085 00520086 1
134 81 00500086 00520087 1
135 81 00500087 00520088 1
136 81 00500088 00520089 1
137 81 00500089 0052008A 1
138 81 0050008A 0052008B 1
139 81 0050008B 0052008C 1
140 81 0050008C 0052008D 1
158 81 0051009E 005200A0 2
159 81 0051009F 005200A0 0
0 82 00520000 00530001 0
86 82 00510056 00530058 3
87 82 00520057 00530058 0
123 82 0051007B 0053007C 1
124 82 0051007C 0053007D 1
125 82 0051007D 0053007E 1
126 82 0051007E 0053007F 1
127 82 0051007F 00530080 1
128 82 00510080 00530081 1
129 82 00510081 00530082 1
130 82 00510082 00530083 1
131 82 00510083 00530084 1
159 82 0052009F 005300A0 0
0 83 00530000 00540001 0
87 83 00530057 00540058 0
88 83 00530057 00540059 8
159 83 0053009F 005400A0 0
0 84 00540000 00550001 0
76 84 0054004C 0055004D 0
87 84 00540057 00550059 2
88 84 00540057 00550059 8
159 84 0054009F 005500A0 0
0 85 00550000 00560001 0
76 85 0055004C 0056004D 0
87 85 00550057 00560059 2
88 85 00550058 00560059 0
98 85 00550062 00560063 0
119 85 00550077 00560078 0
120 85 00550078 00570079 4
121 85 00550079 0056007A 0
122 85 0055007A 0056007B 0
123 85 0055007B 0056007C 0
159 85 0055009F 005600A0 0
0 86 00560000 00570001 0
88 86 00560058 00570059 0
89 86 00560059 0057005A 0
90 86 0056005A 0058005B 4
91 86 0056005B 0058005C 4
92 86 0056005C 0058005D 4
93 86 0056005D 0058005E 4
98 86 00560062 00580063 4
106 86 0056006A 0057006B 0
107 86 0056006B 0057006C 0
108 86 0056006C 0057006D 0
109 86 0056006D 0057006E 0
112 86 00560070 00570071 0
113 86 00560071 00570072 0
114 86 00560072 00570073 0
119 86 00560077 00570078 0
120 86 00550078 00570079 1
121 86 00550079 0057007A 1
132 86 00560084 00580085 4
133 86 00560085 00570086 0
135 86 00560087 00570088 0
136 86 00560088 00570089 0
159 86 0056009F 005700A0 0
0 87 00570000 00580001 0
89 87 00560059 0059005B 7
90 87 00560059 0059005C F
91 87 0056005A 0058005C 9
92 87 0056005B 0058005E B
93 87 0057005D 0058005E 0
94 87 0057005D 0059005F C
95 87 0057005F 00590060 4
96 87 00570060 00590061 4
97 87 00570061 00590063 6
98 87 00570062 00590063 4
99 87 00570062 00590064 C
103 87 00570067 00590068 4
104 87 00570068 00590069 4
109 87 0057006D 0058006E 0
115 87 00570073 00580074 0
116 87 00570074 00580075 0
130 87 00570082 00580083 0
131 87 00570083 00580084 0
132 87 00570084 00580085 0
133 87 00570085 00580086 0
135 87 00570087 00580088 0
136 87 00570088 00580089 0
149 87 00570095 00580096 0
150 87 00570096 00580097 0
159 87 0057009F 005800A0 0
0 88 00580000 00590001 0
88 88 00580058 0059005A 2
89 88 00580059 0059005A 0
90 88 00570059 0059005B 9
91 88 0057005B 0059005C 1
93 88 0057005D 0059005E 1
94 88 0057005E 0059005F 1
95 88 0057005F 00590060 1
96 88 00570060 00590061 1
97 88 00570061 00590063 3
98 88 00570062 00590064 3
99 88 00580062 005A0064 C
100 88 00580063 005A0065 C
101 88 00580065 005A0066 4
102 88 00580066 005A0068 6
103 88 00580067 005A0069 6
104 88 00580067 005A0069 C
105 88 00580068 005A006A C
106 88 0058006A 005A006B 4
116 88 00580074 00590075 0
119 88 00580077 00590078 0
120 88 00580078 00590079 0
121 88 00580079 005A007A 4
122 88 0058007A 005A007B 4
123 88 0058007B 0059007C 0
127 88 0058007F 005A0080 4
128 88 00580080 005A0081 4
130 88 00580082 00590083 0
147 88 00580093 00590094 0
159 88 0058009F 005900A0 0
0 89 00590000 005A0001 0
89 89 00580059 005A005A 1
98 89 00580062 005A0063 1
99 89 00580062 005A0065 B
100 89 00580064 005A0066 3
101 89 00580064 005B0067 F
102 89 00580065 005B0068 F
103 89 00580066 005B0069 F
104 89 00580067 005B006A F
105 89 00580068 005B006B F
106 89 00590069 005B006B C
107 89 0059006A 005B006C C
108 89 0059006C 005B006D 4
109 89 0059006D 005B006E 4
120 89 00580078 005A0079 1
121 89 00580079 005A007B 3
122 89 0058007A 005A007C 3
123 89 0059007A 005B007C C
126 89 0059007E 005A0080 2
127 89 0059007F 005A0081 2
128 89 0059007F 005B0081 C
129 89 00590080 005B0083 E
130 89 00590082 005B0083 4
140 89 0059008C 005B008D 4
142 89 0059008E 005B008F 4
143 89 0059008F 005B0090 4
144 89 00590090 005B0091 4
145 89 00590091 005B0092 4
146 89 00590092 005B0094 6
147 89 00590093 005B0094 4
159 89 0059009F 005A00A0 0
0 90 005A0000 005B0001 0
98 90 005A0062 005B0063 0
100 90 00590064 005B0066 3
101 90 00590064 005C0067 F
102 90 00590065 005C0068 F
103 90 00590066 005C0069 F
104 90 00590067 005C006A F
105 90 00590068 005C006B F
106 90 00590069 005C006C F
107 90 0059006A 005C006D F
108 90 0059006B 005C006E F
109 90 005A006C 005C006E C
110 90 005A006D 005C006F C
111 90 005A006F 005C0070 4
112 90 005A0070 005C0071 4
113 90 005A0071 005C0072 4
115 90 005A0073 005C0074 4
117 90 005A0075 005C0076 4
118 90 005A0076 005C0077 4
122 90 0059007A 005C007C 7
123 90 005A007A 005C007C C
124 90 005A007B 005C007D C
127 90 0059007F 005C0081 7
128 90 0059007F 005C0082 F
129 90 00590080 005B0082 9
130 90 005A0081 005B0083 8
131 90 005A0083 005B0084 0
132 90 005A0084 005B0085 0
133 90 005A0085 005C0086 4
134 90 005A0086 005C0087 4
135 90 005A0087 005B0088 0
136 90 005A0088 005B0089 0
137 90 005A0089 005B008A 0
138 90 005A008A 005C008B 4
139 90 005A008B 005C008D 6
140 90 005A008C 005C008D 4
141 90 005A008C 005C008F E
142 90 005A008E 005C0090 6
143 90 0059008E 005C0091 F
144 90 0059008F 005C0092 F
145 90 00590090 005C0093 F
146 90 00590091 005C0094 F
147 90 005A0092 005C0094 C
148 90 005A0093 005C0095 C
149 90 005A0095 005C0096 4
150 90 005A0096 005C0097 4
151 90 005A0097 005C0098 4
152 90 005A0098 005C0099 4
153 90 005A0099 005C009A 4
156 90 005A009C 005C009D 4
157 90 005A009D 005C009E 4
159 90 005A009F 005B00A0 0
0 91 005B0000 005C0001 0
100 91 005B0064 005C0065 0
101 91 005A0065 005C0066 1
102 91 005A0066 005C0067 1
103 91 005A0067 005C0068 1
104 91 005A0068 005C0069 1
105 91 005A0069 005C006B 3
106 91 005A006A 005C006C 3
107 91 005A006A 005D006D F
108 91 005A006B 005D006E F
109 91 005A006C 005D006F F
110 91 005A006D 005C006F 9
111 91 005A006E 005C0070 9
112 91 005A0070 005C0072 3
113 91 005B0071 005C0072 0
114 91 005B0071 005C0073 8
115 91 005B0073 005C0074 0
116 91 005B0074 005C0076 2
117 91 005B0075 005C0076 0
118 91 005B0075 005C0077 8
119 91 005B0077 005C0078 0
120 91 005B0078 005C0079 0
121 91 005B0079 005C007B 2
122 91 005B007A 005D007C 6
123 91 005A007A 005C007C 9
124 91 005B007B 005C007D 8
125 91 005B007D 005C007E 0
126 91 005B007E 005C007F 0
127 91 005B007F 005C0081 2
128 91 005A0080 005C0082 3
129 91 005A0080 005C0082 9
132 91 005A0084 005C0086 3
133 91 005A0085 005C0086 1
134 91 005A0085 005C0087 9
135 91 005A0087 005C0088 1
137 91 005A0089 005C008A 1
138 91 005A008A 005C008C 3
139 91 005A008B 005C008C 1
140 91 005A008B 005C008D 9
141 91 005A008D 005C008E 1
142 91 005A008E 005C008F 1
143 91 005A008F 005C0090 1
144 91 005A0090 005C0091 1
145 91 005A0091 005C0092 1
146 91 005A0092 005C0093 1
147 91 005A0093 005C0094 1
148 91 005A0094 005C0095 1
149 91 005A0095 005C0096 1
150 91 005A0096 005C0098 3
151 91 005A0097 005C0099 3
152 91 005A0097 005D009A F
153 91 005B0098 005D009A C
154 91 005B0099 005D009B C
155 91 005B009B 005C009C 0
156 91 005B009C 005C009D 0
157 91 005B009D 005C009E 0
158 91 005B009E 005C00A0 2
159 91 005B009F 005C00A0 0
0 92 005C0000 005D0001 0
106 92 005B006A 005D006B 1
107 92 005B006B 005D006C 1
108 92 005B006C 005D006D 1
109 92 005B006D 005D006F 3
110 92 005B006E 005D006F 1
113 92 005B0071 005D0072 1
114 92 005B0072 005D0073 1
116 92 005B0074 005D0075 1
117 92 005B0075 005D0076 1
121 92 005B0079 005D007A 1
122 92 005B007A 005D007B 1
123 92 005B007B 005D007C 1
125 92 005B007D 005D007E 1
126 92 005B007E 005D007F 1
128 92 005B0080 005D0081 1
129 92 005C0080 005D0082 8
133 92 005B0085 005D0086 1
139 92 005B008B 005D008C 1
151 92 005B0097 005D0098 1
152 92 005B0097 005D0099 9
153 92 005B0099 005D009A 1
154 92 005B009A 005D009C 3
155 92 005B009B 005D009C 1
158 92 005B009E 005D00A0 3
159 92 005C009E 005D00A0 8
0 93 005D0000 005E0001 0
104 93 005D0068 005E0069 0
105 93 005D0069 005E006A 0
110 93 005D006E 005E006F 0
127 93 005D007F 005E0080 0
128 93 005D0080 005E0081 0
137 93 005D0089 005E008A 0
150 93 005D0096 005E0098 2
151 93 005D0097 005E0098 0
155 93 005D009B 005E009C 0
158 93 005D009E 005E00A0 2
159 93 005D009E 005E00A0 8
0 94 005E0000 005F0001 0
137 94 005E0089 005F008A 0
151 94 005E0097 005F0098 0
158 94 005E009E 005F00A0 2
159 94 005E009E 005F00A0 8
0 95 005F0000 00600001 0
105 95 005F0069 0060006A 0
106 95 005F006A 0060006B 0
145 95 005F0091 00600092 0
146 95 005F0092 00600093 0
158 95 005F009E 006000A0 2
159 95 005F009E 006000A0 8
0 96 00600000 00610001 0
68 96 00600044 00610045 0
105 96 00600069 0061006A 0
158 96 0060009E 006100A0 2
159 96 0060009E 006100A0 8
0 97 00610000 00620001 0
67 97 00610043 00620044 0
68 97 00610044 00620045 0
107 97 0061006B 0062006C 0
110 97 0061006E 0063006F 4
158 97 0061009E 006200A0 2
159 97 0061009E 006200A0 8
0 98 00620000 00630001 0
67 98 00620043 00630044 0
107 98 0062006B 0063006C 0
108 98 0062006C 0063006D 0
109 98 0062006D 0063006E 0
110 98 0062006E 0063006F 0
111 98 0062006F 00630070 0
158 98 0062009E 006400A0 6
159 98 0062009E 006300A0 8
0 99 00630000 00640001 0
109 99 0062006D 0064006E 1
150 99 00630096 00640097 0
151 99 00630097 00640098 0
157 99 0063009D 0064009F 2
158 99 0063009E 006400A0 2
159 99 0063009E 006400A0 8
0 100 00640000 00650001 0
158 100 0063009E 006500A0 3
159 100 0064009E 006500A0 8
0 101 00650000 00660001 0
64 101 00650040 00660041 0
65 101 00650041 00660042 0
158 101 0065009E 006600A0 2
159 101 0065009E 006600A0 8
0 102 00660000 00670001 0
59 102 0066003B 0067003C 0
60 102 0066003C 0067003D 0
64 102 00660040 00670041 0
65 102 00660040 00670042 8
158 102 0066009E 006700A0 2
159 102 0066009E 006700A0 8
0 103 00670000 00680001 0
64 103 00670040 00680041 0
149 103 00670095 00680096 0
150 103 00670096 00680097 0
158 103 0067009E 006800A0 2
159 103 0067009E 006800A0 8
0 104 00680000 00690001 0
149 104 00680095 00690096 0
150 104 00680096 00690097 0
158 104 0068009E 006900A0 2
159 104 0068009E 006900A0 8
0 105 00690000 006A0001 0
158 105 0069009E 006A00A0 2
159 105 0069009E 006A00A0 8
0 106 006A0000 006B0001 0
158 106 006A009E 006B00A0 2
159 106 006A009E 006B00A0 8
0 107 006B0000 006C0001 0
118 107 006B0076 006C0077 0
119 107 006B0077 006C0078 0
158 107 006B009E 006C00A0 2
159 107 006B009E 006C00A0 8
0 108 006C0000 006D0001 0
158 108 006C009E 006D00A0 2
159 108 006C009E 006D00A0 8
0 109 006D0000 006E0001 0
23 109 006D0017 006E0018 0
117 109 006D0075 006E0076 0
150 109 006D0096 006E0097 0
158 109 006D009E 006E00A0 2
159 109 006D009E 006E00A0 8
0 110 006E0000 006F0001 0
23 110 006E0017 006F0018 0
117 110 006E0075 006F0076 0
150 110 006E0096 006F0097 0
158 110 006E009E 006F00A0 2
159 110 006E009E 006F00A0 8
0 111 006F0000 00700001 0
158 111 006F009E 007000A0 2
159 111 006F009E 007000A0 8
0 112 00700000 00710001 0
158 112 0070009E 007100A0 2
159 112 0070009E 007100A0 8
0 113 00710000 00720001 0
158 113 0071009E 007200A0 2
159 113 0071009E 007200A0 8
0 114 00720000 00730001 0
158 114 0072009E 007300A0 2
159 114 0072009E 007300A0 8
0 115 00730000 00740001 0
158 115 0073009E 007400A0 2
159 115 0073009E 007400A0 8
0 116 00740000 00750001 0
158 116 0074009E 007500A0 2
159 116 0074009E 007500A0 8
0 117 00750000 00760001 0
158 117 0075009E 007700A0 6
159 117 0075009E 007600A0 8
0 118 00760000 00770001 0
1 118 00760001 00770002 0
2 118 00760002 00770003 0
3 118 00760003 00770004 0
4 118 00760004 00770005 0
5 118 00760005 00770006 0
6 118 00760006 00770007 0
7 118 00760007 00770008 0
8 118 00760008 00770009 0
9 118 00760009 0077000A 0
10 118 0076000A 0077000B 0
11 118 0076000B 0077000C 0
12 118 0076000C 0077000D 0
13 118 0076000D 0077000E 0
14 118 0076000E 0077000F 0
15 118 0076000F 00770010 0
16 118 00760010 00770011 0
17 118 00760011 00770012 0
18 118 00760012 00770013 0
19 118 00760013 00770014 0
20 118 00760014 00770015 0
21 118 00760015 00770016 0
22 118 00760016 00770017 0
23 118 00760017 00770018 0
24 118 00760018 00770019 0
25 118 00760019 0077001A 0
26 118 0076001A 0077001B 0
27 118 0076001B 0077001C 0
28 118 0076001C 0077001D 0
29 118 0076001D 0077001E 0
30 118 0076001E 0077001F 0
31 118 0076001F 00770020 0
32 118 00760020 00770021 0
33 118 00760021 00770022 0
34 118 00760022 00770023 0
35 118 00760023 00770024 0
36 118 00760024 00770025 0
37 118 00760025 00770026 0
38 118 00760026 00770027 0
39 118 00760027 00770028 0
40 118 00760028 00770029 0
41 118 00760029 0077002A 0
42 118 0076002A 0077002B 0
43 118 0076002B 0077002C 0
44 118 0076002C 0077002D 0
45 118 0076002D 0077002E 0
46 118 0076002E 0077002F 0
47 118 0076002F 00770030 0
48 118 00760030 00770031 0
49 118 00760031 00770032 0
50 118 00760032 00770033 0
51 118 00760033 00770034 0
52 118 00760034 00770035 0
53 118 00760035 00770036 0
54 118 00760036 00770037 0
55 118 00760037 00770038 0
56 118 00760038 00770039 0
57 118 00760039 0077003A 0
58 118 0076003A 0077003B 0
59 118 0076003B 0077003C 0
60 118 0076003C 0077003D 0
61 118 0076003D 0077003E 0
62 118 0076003E 0077003F 0
63 118 0076003F 00770040 0
64 118 00760040 00770041 0
65 118 00760041 00770042 0
66 118 00760042 00770043 0
67 118 00760043 00770044 0
68 118 00760044 00770045 0
69 118 00760045 00770046 0
70 118 00760046 00770047 0
71 118 00760047 00770048 0
72 118 00760048 00770049 0
73 118 00760049 0077004A 0
74 118 0076004A 0077004B 0
75 118 0076004B 0077004C 0
76 118 0076004C 0077004D 0
77 118 0076004D 0077004E 0
78 118 0076004E 0077004F 0
79 118 0076004F 00770050 0
80 118 00760050 00770051 0
81 118 00760051 00770052 0
82 118 00760052 00770053 0
83 118 00760053 00770054 0
84 118 00760054 00770055 0
85 118 00760055 00770056 0
86 118 00760056 00770057 0
87 118 00760057 00770058 0
88 118 00760058 00770059 0
89 118 00760059 0077005A 0
90 118 0076005A 0077005B 0
91 118 0076005B 0077005C 0
92 118 0076005C 0077005D 0
93 118 0076005D 0077005E 0
94 118 0076005E 0077005F 0
95 118 0076005F 00770060 0
96 118 00760060 00770061 0
97 118 00760061 00770062 0
98 118 00760062 00770063 0
99 118 00760063 00770064 0
100 118 00760064 00770065 0
101 118 00760065 00770066 0
102 118 00760066 00770067 0
103 118 00760067 00770068 0
104 118 00760068 00770069 0
105 118 00760069 0077006A 0
106 118 0076006A 0077006B 0
107 118 0076006B 0077006C 0
108 118 0076006C 0077006D 0
109 118 0076006D 0077006E 0
110 118 0076006E 0077006F 0
111 118 0076006F 00770070 0
112 118 00760070 00770071 0
113 118 00760071 00770072 0
114 118 00760072 00770073 0
115 118 00760073 00770074 0
116 118 00760074 00770075 0
117 118 00760075 00770076 0
118 118 00760076 00770077 0
119 118 00760077 00770078 0
120 118 00760078 00770079 0
121 118 00760079 0077007A 0
122 118 0076007A 0077007B 0
123 118 0076007B 0077007C 0
124 118 0076007C 0077007D 0
125 118 0076007D 0077007E 0
126 118 0076007E 0077007F 0
127 118 0076007F 00770080 0
128 118 00760080 00770081 0
129 118 00760081 00770082 0
130 118 00760082 00770083 0
131 118 00760083 00770084 0
132 118 00760084 00770085 0
133 118 00760085 00770086 0
134 118 00760086 00770087 0
135 118 00760087 00770088 0
136 118 00760088 00770089 0
137 118 00760089 0077008A 0
138 118 0076008A 0077008B 0
139 118 0076008B 0077008C 0
140 118 0076008C 0077008D 0
141 118 0076008D 0077008E 0
142 118 0076008E 0077008F 0
143 118 0076008F 00770090 0
144 118 00760090 00770091 0
145 118 00760091 00770092 0
146 118 00760092 00770093 0
147 118 00760093 00770094 0
148 118 00760094 00770095 0
149 118 00760095 00770096 0
150 118 00760096 00770097 0
151 118 00760097 00770098 0
152 118 00760098 00770099 0
153 118 00760099 0077009A 0
154 118 0076009A 0077009B 0
155 118 0076009B 0077009C 0
156 118 0076009C 0077009D 0
157 118 0076009D 0077009E 0
158 118 0076009E 0077009F 0
159 118 0076009F 007700A0 0
