54 28 001C0036 001E0037 4
53 29 001D0035 001E0036 0
54 29 001D0036 001E0037 0
55 29 001D0037 001E0038 0
56 29 001D0038 001E0039 0
56 30 001E0038 001F0039 0
59 30 001E003B 001F003C 0
60 30 001E003C 001F003D 0
85 30 001E0055 00200056 4
86 30 001E0056 001F0057 0
59 31 001F003B 0020003D 2
60 31 001F003B 0020003D 8
84 31 001F0054 00210056 6
85 31 001F0055 00200056 0
86 31 001F0055 00200057 8
59 32 0020003B 0021003C 0
60 32 0020003C 0021003D 0
83 32 00200053 00210054 0
84 32 00200054 00210055 0
85 32 001F0055 00210056 1
81 33 00210051 00230052 4
82 33 00210052 00230054 6
83 33 00210053 00220054 0
60 34 0022003C 0023003D 0
80 34 00220050 00240052 6
81 34 00220051 00230052 0
82 34 00210051 00230053 9
83 34 00220053 00230054 0
59 35 0023003B 0025003D 6
60 35 0023003C 0024003D 0
79 35 0023004F 00250051 6
80 35 00230050 00250052 6
81 35 00220050 00250052 D
58 36 0024003A 0026003C 6
59 36 0024003B 0026003D 6
60 36 0024003B 0025003D 8
68 36 00240044 00260045 4
75 36 0024004B 0025004C 0
78 36 0024004E 00260050 6
79 36 0024004F 00260051 6
80 36 0023004F 00260052 F
81 36 00240050 00250052 8
82 36 00240051 00250053 8
84 36 00240054 00250055 0
57 37 00250039 0026003B 2
58 37 0025003A 0027003C 6
59 37 0024003A 0026003C 9
60 37 0025003B 0026003D 8
67 37 00250043 00260045 2
68 37 00250044 00270045 4
69 37 00250044 00270046 C
70 37 00250046 00270047 4
75 37 0025004B 0026004C 0
76 37 0025004C 0026004D 0
77 37 0025004D 0027004F 6
78 37 0025004E 00270050 6
79 37 0024004E 00260050 9
80 37 0024004F 00260051 9
81 37 00240051 00260052 1
83 37 00250053 00260054 0
84 37 00250054 00260055 0
118 37 00250076 00260077 0
57 38 00260039 0027003B 2
58 38 00250039 0028003C F
59 38 0025003A 0027003C 9
61 38 0026003D 0027003E 0
62 38 0026003E 0027003F 0
65 38 00260041 00270042 0
67 38 00260043 00270045 2
68 38 00250043 00280046 F
69 38 00250044 00280047 F
70 38 00260045 00280047 C
71 38 00260046 00270048 8
76 38 0025004C 0027004E 3
77 38 0025004C 0028004F F
78 38 0025004D 00280050 F
79 38 0025004E 00280050 D
87 38 00260057 00270058 0
88 38 00260058 00270059 0
118 38 00260076 00270077 0
57 39 00270039 0028003B 2
58 39 0026003A 0028003C 3
59 39 0027003A 0028003C 8
62 39 0027003E 0028003F 0
65 39 00270041 00290042 4
67 39 00270043 00290045 6
68 39 00260043 00290046 F
69 39 00260044 00290047 F
70 39 00260045 00290048 F
71 39 00270046 00280048 8
76 39 0027004C 0029004E 6
77 39 0026004C 0029004F F
78 39 0026004D 00290050 F
79 39 0027004E 00290050 C
80 39 0027004F 00290051 C
118 39 00270076 00280077 0
47 40 0028002F 00290030 0
48 40 00280030 00290031 0
49 40 00280031 00290032 0
58 40 0027003A 0029003C 3
59 40 0028003A 0029003C 8
62 40 0028003E 0029003F 0
63 40 0028003E 002A0040 C
64 40 00280040 002A0042 6
65 40 00280041 002A0042 4
66 40 00280041 002A0044 E
67 40 00280043 002A0045 6
68 40 00270043 002A0046 F
69 40 00270044 002A0047 F
70 40 00270045 002A0048 F
71 40 00280046 00290048 8
73 40 00280049 0029004A 0
74 40 0028004A 002A004B 4
75 40 0028004B 0029004C 0
76 40 0028004C 0029004D 0
77 40 0027004D 0029004F 3
78 40 0027004E 0029004F 1
79 40 0027004E 00290050 9
80 40 00280050 00290051 0
81 40 00280051 00290052 0
90 40 0028005A 002A005B 4
91 40 0028005B 002A005C 4
92 40 0028005C 0029005D 0
94 40 0028005E 0029005F 0
118 40 00280076 00290077 0
55 41 00290037 002A0038 0
56 41 00290038 002A0039 0
58 41 0029003A 002B003C 6
59 41 0029003A 002B003C C
62 41 0029003E 002B0040 6
63 41 0028003E 002B0041 F
64 41 0028003F 002B0042 F
65 41 00280040 002A0042 9
66 41 00280041 002A0044 B
67 41 00280043 002A0045 3
68 41 00280043 002B0046 F
69 41 00280044 002B0047 F
70 41 00280045 002B0048 F
71 41 00290046 002B0048 C
73 41 00290049 002B004B 6
74 41 00280049 002A004B 9
75 41 0028004A 002A004C 9
78 41 0028004E 002A004F 1
81 41 00290051 002A0052 0
82 41 00290052 002A0053 0
88 41 00290058 002A0059 0
89 41 00290059 002A005A 0
90 41 0029005A 002A005B 0
91 41 0028005B 002A005C 1
92 41 0029005C 002A005D 0
94 41 0029005E 002A005F 0
95 41 0029005E 002A0060 8
117 41 00290075 002A0077 2
118 41 00290076 002A0077 0
49 42 002A0031 002B0032 0
50 42 002A0032 002B0033 0
55 42 002A0037 002C0038 4
57 42 002A0039 002C003B 6
58 42 002A003A 002C003C 6
59 42 002A003A 002B003C 8
60 42 002A003B 002B003D 8
61 42 002A003D 002B003F 2
62 42 002A003E 002B0040 2
63 42 0029003E 002C0041 F
64 42 0029003F 002C0042 F
65 42 00290040 002C0042 D
67 42 00290043 002B0045 3
68 42 00290044 002B0046 3
69 42 00290044 002C0047 F
70 42 00290045 002C0048 F
71 42 002A0046 002C0048 C
72 42 002A0047 002C004A E
73 42 002A0049 002C004B 6
74 42 00290049 002B004B 9
77 42 002A004D 002B004F 2
78 42 002A004E 002C004F 4
82 42 002A0052 002B0053 0
83 42 002A0053 002B0054 0
84 42 002A0054 002B0055 0
88 42 002A0058 002B0059 0
94 42 002A005E 002B005F 0
95 42 002A005E 002B0060 8
118 42 002A0076 002B0077 0
54 43 002B0036 002C0038 2
55 43 002B0037 002C0038 0
56 43 002B0037 002D003A E
57 43 002B0039 002D003B 6
58 43 002A0039 002C003B 9
59 43 002A003A 002C003C 9
62 43 002A003E 002C0040 3
63 43 002A003E 002D0041 F
64 43 002A003F 002D0042 F
65 43 002B0040 002D0042 C
66 43 002B0041 002C0043 8
68 43 002A0044 002C0046 3
69 43 002A0044 002D0047 F
70 43 002A0045 002D0048 F
71 43 002A0046 002D0049 F
72 43 002A0047 002D004A F
73 43 002A0048 002D004B F
74 43 002B0049 002C004B 8
77 43 002B004D 002C004F 2
78 43 002B004D 002D004F C
79 43 002B004E 002C0050 8
84 43 002B0054 002C0055 0
85 43 002B0055 002C0056 0
86 43 002B0056 002D0057 4
87 43 002B0057 002D0059 6
88 43 002B0058 002C0059 0
94 43 002B005E 002C005F 0
97 43 002B0061 002C0062 0
118 43 002B0076 002C0077 0
47 44 002C002F 002D0030 0
48 44 002C0030 002E0031 4
49 44 002C0031 002D0032 0
55 44 002B0037 002D0039 3
56 44 002B0037 002E003A F
57 44 002B0038 002E003B F
58 44 002B0039 002E003B D
62 44 002C003E 002D0040 2
63 44 002B003E 002E0041 F
64 44 002B003F 002E0042 F
65 44 002B0040 002E0043 F
66 44 002C0041 002D0043 8
68 44 002C0044 002D0046 2
69 44 002B0044 002E0047 F
70 44 002B0045 002E0048 F
71 44 002B0046 002E0049 F
72 44 002B0047 002E004A F
73 44 002B0048 002E004B F
74 44 002C0049 002D004B 8
77 44 002C004D 002D004F 2
78 44 002B004E 002D0050 3
79 44 002C004E 002E0050 C
85 44 002B0055 002D0057 3
86 44 002B0056 002D0058 3
87 44 002B0056 002E0059 F
88 44 002C0057 002D0059 8
93 44 002C005D 002D005E 0
94 44 002C005E 002D005F 0
97 44 002C0061 002D0062 0
47 45 002D002F 002E0031 2
48 45 002C002F 002F0032 F
49 45 002D0030 002E0032 8
55 45 002D0037 002F0039 6
56 45 002C0037 002F003A F
57 45 002C0038 002F003B F
58 45 002D0039 002E003B 8
59 45 002D003A 002E003C 8
62 45 002D003E 002F0040 6
63 45 002C003E 002F0041 F
64 45 002C003F 002F0042 F
65 45 002C0040 002F0043 F
66 45 002D0041 002E0043 8
68 45 002D0044 002E0046 2
69 45 002C0044 002F0047 F
70 45 002C0045 002F0048 F
71 45 002C0046 002F0049 F
72 45 002C0047 002F004A F
73 45 002C0048 002F004B F
74 45 002D0049 002F004B C
78 45 002C004E 002E0050 3
79 45 002D004E 002F0050 C
80 45 002D004F 002F0051 C
86 45 002C0056 002F0058 7
87 45 002C0056 002F0059 F
88 45 002D0057 002F0059 C
93 45 002D005D 002E005E 0
97 45 002D0061 002E0062 0
98 45 002D0061 002E0063 8
47 46 002E002F 002F0031 2
48 46 002D002F 00300032 F
49 46 002E0030 002F0032 8
54 46 002E0036 002F0038 2
55 46 002E0037 00300039 6
56 46 002D0037 0030003A F
57 46 002D0038 0030003B F
58 46 002D0039 002F003B 9
61 46 002E003D 002F003F 2
62 46 002E003E 00300040 6
63 46 002D003E 00300041 F
64 46 002D003F 00300042 F
65 46 002D0040 00300043 F
66 46 002E0041 00300043 C
68 46 002E0044 00300046 6
69 46 002D0044 00300047 F
70 46 002D0045 002F0047 9
71 46 002D0046 002F0049 B
72 46 002D0048 002F004A 3
73 46 002D0048 0030004B F
74 46 002E0049 0030004B C
75 46 002E004A 002F004C 8
78 46 002E004E 002F004F 0
79 46 002D004E 002F0050 9
80 46 002E0050 002F0051 0
81 46 002E0051 002F0052 0
85 46 002E0055 002F0057 2
86 46 002E0056 002F0057 0
87 46 002D0056 002F0058 9
88 46 002E0058 002F0059 0
89 46 002E0059 002F005A 0
92 46 002E005C 002F005D 0
93 46 002E005D 002F005E 0
97 46 002E0061 002F0063 2
98 46 002E0062 002F0063 0
47 47 002F002F 00300031 2
48 47 002E002F 00310032 F
49 47 002F0030 00300032 8
54 47 002F0036 00300038 2
55 47 002E0037 00300039 3
56 47 002E0037 0031003A F
57 47 002E0038 0031003B F
58 47 002F0039 0030003B 8
61 47 002F003D 0030003E 0
62 47 002E003E 00300040 3
63 47 002E003F 00300041 3
64 47 002E003F 00310042 F
65 47 002E0040 00310043 F
66 47 002F0041 00300043 8
67 47 002F0042 00300045 A
68 47 002F0044 00300046 2
69 47 002E0044 00310047 F
70 47 002E0045 00310047 D
72 47 002E0048 0031004A 7
73 47 002E0048 0031004B F
74 47 002E0049 0031004C F
75 47 002F004A 0030004C 8
78 47 002F004E 0030004F 0
81 47 002F0051 00300052 0
82 47 002F0052 00300053 0
83 47 002F0053 00310054 4
85 47 002F0055 00300056 0
86 47 002E0055 00300057 9
90 47 002F005A 0030005B 0
91 47 002F005B 0030005D 2
92 47 002F005C 0030005D 0
98 47 002F0062 00300063 0
47 48 0030002F 00310031 2
48 48 002F002F 00320032 F
49 48 00300030 00310032 8
55 48 002F0037 00310039 3
56 48 002F0037 0032003A F
57 48 002F0038 0031003A 9
58 48 00300039 0031003B 8
63 48 002F003F 00320041 7
64 48 002F003F 00320042 F
65 48 002F0040 00320043 F
66 48 002F0041 00310043 9
68 48 002F0044 00310046 3
69 48 002F0044 00320047 F
70 48 00300045 00320047 C
71 48 00300046 00310048 8
72 48 00300048 00310049 0
73 48 002F0049 0031004A 1
74 48 002F004A 0031004B 1
75 48 0030004B 0031004C 0
77 48 0030004D 0031004E 0
78 48 0030004E 0031004F 0
82 48 002F0052 00310054 3
83 48 00300053 00310054 0
84 48 00300053 00320056 E
85 48 00300055 00310056 0
91 48 002F005B 0031005D 3
92 48 0030005C 0031005D 0
108 48 0030006C 0031006D 0
47 49 0031002F 00320031 2
48 49 0030002F 00330032 F
49 49 00310030 00320032 8
55 49 00310037 00320039 2
56 49 00300037 0033003A F
57 49 00300038 0032003A 9
62 49 0031003E 00320040 2
63 49 0031003F 00320041 2
64 49 0030003F 00330042 F
65 49 00300040 00330043 F
66 49 00310041 00330043 C
68 49 00310044 00330046 6
69 49 00300044 00330047 F
70 49 00300045 00330048 F
71 49 00300046 00330048 D
83 49 00300053 00320055 3
84 49 00300054 00320056 3
85 49 00310054 00330056 C
92 49 0031005C 0032005D 0
93 49 0031005D 0032005E 0
94 49 0031005E 0032005F 0
108 49 0031006C 0032006D 0
109 49 0031006D 0032006E 0
44 50 0032002C 0033002D 0
45 50 0032002D 0033002E 0
47 50 0032002F 00330031 2
48 50 00310030 00330031 1
49 50 00320030 00330032 8
55 50 00320037 00330039 2
56 50 00310038 00330039 1
57 50 00320038 0033003A 8
63 50 0031003F 00330040 1
64 50 00310040 00330042 3
65 50 00310041 00330043 3
66 50 00320041 00340043 C
67 50 00320042 00340045 E
68 50 00320044 00340046 6
69 50 00310044 00340047 F
70 50 00310045 00340048 F
71 50 00320046 00340048 C
72 50 00320047 00330049 8
84 50 00310054 00330056 3
85 50 00320054 00340056 C
86 50 00320055 00340057 C
87 50 00320057 00340058 4
88 50 00320058 00340059 4
89 50 00320059 0034005A 4
90 50 0032005A 0034005B 4
91 50 0032005B 0034005C 4
94 50 0032005E 0033005F 0
95 50 0032005F 00330060 0
44 51 0033002C 0034002D 0
45 51 0033002D 0034002E 0
48 51 00320030 00340031 1
56 51 00320038 00340039 1
65 51 00320041 00340043 3
66 51 00320041 00350044 F
67 51 00320042 00350045 F
68 51 00320043 00350046 F
69 51 00320044 00350047 F
70 51 00320045 00350048 F
71 51 00320046 00350049 F
72 51 00330047 00350049 C
84 51 00330054 00340056 2
85 51 00320055 00340057 3
86 51 00320055 00350058 F
87 51 00320056 00350059 F
88 51 00320057 0035005A F
89 51 00320058 0034005A 9
90 51 00320059 0034005C B
91 51 0033005B 0034005C 0
92 51 0033005B 0035005D C
95 51 0033005F 00340060 0
96 51 00330060 00340061 0
65 52 00340041 00350043 2
66 52 00330041 00360044 F
67 52 00330042 00360045 F
68 52 00330043 00360046 F
69 52 00330044 00360047 F
70 52 00330045 00360048 F
71 52 00330046 00360049 F
72 52 00340047 00350049 8
73 52 00340048 0035004A 8
85 52 00330055 00350056 1
86 52 00330056 00350057 1
87 52 00330057 00350058 1
88 52 00330058 00350059 1
89 52 00330059 0035005A 1
91 52 0033005B 0035005D 3
92 52 0034005C 0035005D 0
93 52 0034005C 0035005E 8
97 52 00340061 00350062 0
98 52 00340062 00350063 0
65 53 00350041 00360043 2
66 53 00340042 00360044 3
67 53 00340042 00360044 9
68 53 00340043 00360045 9
69 53 00340045 00360047 3
70 53 00340046 00360048 3
71 53 00340046 00370049 F
72 53 00340047 00360049 9
92 53 0034005C 0036005D 1
93 53 0035005D 0036005E 0
98 53 00350062 00360063 0
99 53 00350063 00360064 0
111 53 0035006F 00360070 0
66 54 00350042 00370043 1
67 54 00350042 00370044 9
70 54 00350046 00370047 1
71 54 00350046 00370048 9
72 54 00360048 00370049 0
94 54 0036005E 0037005F 0
99 54 00360063 00370064 0
100 54 00360064 00370065 0
111 54 0036006F 00370070 0
66 55 00370042 00380043 0
69 55 00370045 00380047 2
70 55 00370046 00380047 0
94 55 0037005E 0038005F 0
95 55 0037005F 00380060 0
69 56 00380045 00390047 2
70 56 00380045 00390047 8
95 56 0038005F 00390060 0
96 56 0038005F 00390061 8
69 57 00390045 003A0047 2
70 57 00390045 003B0047 C
95 57 0039005F 003A0061 2
96 57 00390060 003A0061 0
108 57 0039006C 003A006D 0
109 57 0039006D 003A006E 0
69 58 003A0045 003B0047 2
70 58 003A0046 003B0047 0
71 58 003A0046 003B0048 8
96 58 003A0060 003B0061 0
97 58 003A0060 003B0062 8
108 58 003A006C 003B006E 2
109 58 003A006C 003B006E 8
70 59 003A0046 003C0048 3
71 59 003B0046 003C0048 8
92 59 003B005C 003C005D 0
96 59 003B0060 003C0062 2
97 59 003B0060 003C0062 8
108 59 003B006C 003C006D 0
109 59 003B006D 003C006E 0
70 60 003C0046 003D0048 2
71 60 003C0047 003D0048 0
74 60 003C004A 003D004B 0
91 60 003C005B 003D005C 0
92 60 003C005C 003D005D 0
96 60 003C0060 003D0062 2
97 60 003C0060 003D0062 8
71 61 003D0047 003E0048 0
72 61 003D0047 003F0049 C
74 61 003D004A 003E004B 0
96 61 003D0060 003F0062 6
97 61 003D0060 003E0062 8
65 62 003E0041 003F0042 0
66 62 003E0042 00400043 4
67 62 003E0043 003F0044 0
68 62 003E0044 003F0045 0
71 62 003E0047 003F0049 2
72 62 003E0048 003F0049 0
73 62 003E0048 0040004A C
95 62 003E005F 003F0061 2
96 62 003E0060 00400062 6
97 62 003E0060 003F0062 8
111 62 003E006F 003F0070 0
60 63 003F003C 0041003D 4
61 63 003F003D 0041003E 4
62 63 003F003E 0040003F 0
65 63 003F0041 00400042 0
66 63 003E0042 00400043 1
67 63 003E0043 00400044 1
72 63 003E0048 0040004A 3
73 63 003F0049 0040004A 0
74 63 003F0049 0040004B 8
95 63 003F005F 00410061 6
96 63 003E005F 00400061 9
97 63 003F0060 00400062 8
111 63 003F006F 00400070 0
56 64 00400038 00410039 0
57 64 00400039 0041003A 0
58 64 0040003A 0041003B 0
59 64 0040003B 0041003C 0
60 64 0040003C 0041003D 0
61 64 003F003D 0041003E 1
62 64 0040003E 0041003F 0
73 64 003F0049 0042004B 7
74 64 00400049 0041004B 8
94 64 0040005E 00410060 2
95 64 0040005F 00420061 6
96 64 003F005F 00420061 D
56 65 00410038 00420039 0
57 65 00400039 0042003A 1
71 65 00410047 00420048 0
72 65 00410048 0043004A 6
73 65 00410049 0043004B 6
74 65 00410049 0043004B C
94 65 0041005E 00420060 2
95 65 0040005E 00430061 F
96 65 0041005F 00430061 C
97 65 00410060 00430062 C
98 65 00410062 00420063 0
71 66 00420047 00430049 2
72 66 00410047 00430049 9
73 66 00410048 0043004B B
74 66 0042004A 0043004B 0
75 66 0042004A 0043004C 8
94 66 0042005E 00430060 2
95 66 0041005E 00440061 F
96 66 0041005F 00440062 F
97 66 00410060 00440063 F
98 66 00420061 00430063 8
71 67 00430047 00440048 0
72 67 00420047 00440049 9
74 67 0042004A 0044004C 3
75 67 0043004B 0044004C 0
94 67 0043005E 00450060 6
95 67 0042005E 00450061 F
96 67 0042005F 00450062 F
97 67 00420060 00450063 F
98 67 00430061 00440063 8
68 68 00440044 00450045 0
71 68 00440047 00450048 0
75 68 0044004B 0046004C 4
76 68 0044004B 0045004D 8
93 68 0044005D 0046005F 6
94 68 0044005E 00460060 6
95 68 0043005E 00460061 F
96 68 0043005F 00450061 9
97 68 00430060 00450063 B
98 68 00440062 00450063 0
67 69 00450043 00460044 0
68 69 00450044 00460045 0
72 69 00450048 00470049 4
73 69 00450049 0047004A 4
74 69 0045004A 0046004B 0
75 69 0045004B 0046004D 2
76 69 0045004C 0046004D 0
91 69 0045005B 0047005C 4
92 69 0045005C 0047005E 6
93 69 0045005D 0047005F 6
94 69 0044005D 00470060 F
95 69 0044005E 00470061 F
96 69 0044005F 00460061 9
98 69 00450062 00460063 0
66 70 00460042 00470043 0
67 70 00460043 00470044 0
71 70 00460047 00470049 2
72 70 00460048 0047004A 2
73 70 00450048 0047004A 9
74 70 00450049 0047004B 9
76 70 0046004C 0048004D 4
77 70 0046004C 0047004E 8
90 70 0046005A 0048005C 6
91 70 0046005B 0048005D 6
92 70 0045005B 0047005D 9
93 70 0045005C 0047005E 9
94 70 0045005E 00470060 3
95 70 0045005F 00470061 3
96 70 0046005F 00470061 8
98 70 00460062 00470063 0
99 70 00460062 00470064 8
66 71 00470042 00480043 0
72 71 00460048 00480049 1
73 71 00460049 0048004A 1
75 71 0047004B 0048004D 2
76 71 0047004C 0048004E 2
77 71 0047004C 0048004E 8
89 71 00470059 0049005B 6
90 71 0047005A 0049005C 6
91 71 0046005A 0048005C 9
92 71 0046005B 0048005D 9
95 71 0046005F 00480060 1
96 71 0047005F 00480061 8
98 71 00470062 00480063 0
99 71 00470062 00480064 8
66 72 00480042 00490043 0
67 72 00480042 004A0044 C
76 72 0047004C 004A004E 7
77 72 0048004C 0049004E 8
88 72 00480058 0049005A 2
89 72 00480059 004A005B 6
90 72 00470059 0049005B 9
91 72 0047005A 0049005C 9
93 72 0048005D 0049005E 0
94 72 0048005E 0049005F 0
95 72 0048005F 00490060 0
97 72 00480061 00490063 2
98 72 00480062 00490063 0
66 73 00490042 004A0043 0
67 73 00490043 004A0044 0
68 73 00490044 004A0045 0
69 73 00490045 004A0046 0
75 73 0049004B 004A004D 2
76 73 0049004C 004A004E 2
77 73 0049004C 004A004E 8
79 73 0049004F 004A0050 0
88 73 00490058 004A005A 2
89 73 00480058 004B005B F
90 73 00480059 004B005B D
92 73 0049005C 004A005D 0
93 73 0049005D 004A005E 0
97 73 00490061 004A0063 2
98 73 00490061 004B0063 C
68 74 00490044 004B0045 1
76 74 0049004C 004B004E 3
77 74 004A004C 004B004E 8
79 74 004A004F 004B0050 0
88 74 004A0058 004B005A 2
89 74 00490058 004C005B F
90 74 004A0059 004C005B C
91 74 004A005A 004B005C 8
92 74 004A005C 004B005D 0
97 74 004A0061 004B0063 2
98 74 004A0061 004B0063 8
99 74 004A0062 004B0064 8
100 74 004A0064 004B0065 0
76 75 004B004C 004C004E 2
77 75 004B004D 004C004E 0
79 75 004B004F 004C0050 0
88 75 004B0058 004C0059 0
89 75 004A0059 004C005A 1
90 75 004A005A 004C005B 1
91 75 004A005B 004C005C 1
97 75 004B0061 004C0063 2
98 75 004A0061 004C0063 9
77 76 004C004D 004D004E 0
78 76 004C004D 004E0050 E
79 76 004C004F 004E0050 4
83 76 004C0053 004D0054 0
97 76 004C0061 004D0062 0
98 76 004C0062 004D0063 0
74 77 004D004A 004E004B 0
77 77 004D004D 004E004E 0
78 77 004C004D 004E004F 9
79 77 004D004F 004E0050 0
80 77 004D0050 004E0051 0
83 77 004D0053 004E0054 0
66 78 004E0042 004F0043 0
67 78 004E0043 004F0044 0
74 78 004E004A 004F004B 0
76 78 004E004C 004F004D 0
77 78 004E004D 004F004E 0
83 78 004E0053 004F0054 0
84 78 004E0053 004F0055 8
86 78 004E0056 00500057 4
93 78 004E005D 004F005E 0
94 78 004E005E 004F005F 0
75 79 004F004B 0051004D 6
76 79 004F004C 0051004D 4
79 79 004F004F 00510050 4
80 79 004F0050 00510051 4
83 79 004F0053 00500054 0
85 79 004F0055 00500057 2
86 79 004F0056 00510057 4
87 79 004F0056 00510058 C
88 79 004F0058 00510059 4
89 79 004F0059 0051005A 4
90 79 004F005A 0050005B 0
93 79 004F005D 0050005E 0
94 79 004F005E 0050005F 0
74 80 0050004A 0051004C 2
75 80 0050004B 0051004D 2
76 80 0050004B 0052004D C
77 80 0050004C 0052004E C
78 80 0050004E 00520050 6
79 80 0050004F 00510050 0
80 80 0050004F 00510051 8
81 80 00500051 00510052 0
83 80 00500053 00510054 0
85 80 00500055 00510056 0
86 80 004F0056 00510057 1
87 80 004F0057 00510058 1
88 80 004F0058 00510059 1
89 80 004F0059 0051005A 1
90 80 0050005A 0051005B 0
75 81 0050004B 0052004C 1
76 81 0050004C 0052004D 1
77 81 0050004D 0052004E 1
78 81 0050004E 00520050 3
79 81 0050004F 00520050 1
82 81 00510052 00520053 0
83 81 00510053 00520054 0
79 82 0052004F 00530050 0
80 82 00520050 00530051 0
81 82 00520051 00530052 0
82 82 00520052 00530053 0
