48 21 00150030 00160031 0
47 22 0016002F 00170031 2
48 22 00160030 00170031 0
48 23 00170030 00180031 0
32 27 001B0020 001C0021 0
33 27 001B0021 001D0022 4
34 27 001B0022 001D0023 4
32 28 001C0020 001D0022 2
33 28 001B0020 001D0022 9
34 28 001C0021 001D0023 8
35 28 001C0023 001D0024 0
36 28 001C0024 001E0025 4
48 28 001C0030 001D0031 0
32 29 001D0020 001E0022 2
33 29 001C0020 001E0022 9
35 29 001C0023 001E0024 1
36 29 001D0024 001E0025 0
37 29 001D0025 001E0026 0
38 29 001D0026 001E0027 0
48 29 001D0030 001E0031 0
32 30 001E0020 001F0022 2
33 30 001E0020 001F0022 8
38 30 001E0026 001F0027 0
39 30 001E0027 001F0028 0
48 30 001E0030 001F0031 0
32 31 001F0020 00200022 2
33 31 001F0020 00200022 8
39 31 001F0027 00200028 0
40 31 001F0028 00200029 0
41 31 001F0029 0020002A 0
48 31 001F0030 00200031 0
49 31 001F0030 00210032 C
50 31 001F0032 00200033 0
32 32 00200020 00210022 2
33 32 00200020 00210022 8
41 32 00200029 0021002A 0
42 32 0020002A 0021002B 0
43 32 0020002B 0021002C 0
48 32 00200030 00210032 2
49 32 001F0030 00220033 F
50 32 00200031 00210033 8
32 33 00210020 00220022 2
33 33 00210020 00220022 8
43 33 0021002B 0022002C 0
44 33 0021002C 0022002D 0
45 33 0021002D 0022002E 0
48 33 00210030 00230032 6
49 33 00200030 00230033 F
50 33 00210031 00230033 C
32 34 00220020 00230022 2
33 34 00220020 00230022 8
45 34 0022002D 0023002E 0
46 34 0022002E 0023002F 0
47 34 0022002F 00230031 2
48 34 00220030 00230032 2
49 34 00210030 00240033 F
50 34 00220031 00230033 8
51 34 00220032 00230034 8
32 35 00230020 00240022 2
33 35 00230020 00240022 8
48 35 00220030 00240032 3
49 35 00220031 00240033 3
50 35 00220031 00250033 D
32 36 00240020 00250022 2
33 36 00240020 00250022 8
36 36 00240024 00260025 4
37 36 00240025 00260026 4
49 36 00230031 00250032 1
50 36 00240032 00250033 0
51 36 00240033 00250034 0
52 36 00240034 00250035 0
32 37 00250020 00260022 2
33 37 00250020 00260022 8
35 37 00250023 00260025 2
36 37 00250024 00270026 6
37 37 00250024 00270026 C
38 37 00250025 00270027 C
39 37 00250027 00270028 4
40 37 00250028 00270029 4
52 37 00250034 00260035 0
53 37 00250035 00260036 0
54 37 00250036 00260037 0
32 38 00260020 00270022 2
33 38 00260020 00270022 8
35 38 00260023 00270025 2
36 38 00250023 00280026 F
37 38 00250024 00280027 F
38 38 00250025 00270027 9
39 38 00250026 00270029 B
40 38 00260028 00270029 0
41 38 00260028 0028002A C
42 38 0026002A 0028002B 4
54 38 00260036 00270037 0
55 38 00260037 00270038 0
56 38 00260038 00270039 0
32 39 00270020 00280022 2
33 39 00270020 00280022 8
35 39 00270023 00280025 2
36 39 00260023 00290026 F
37 39 00260024 00290027 F
38 39 00260025 00280027 9
40 39 00260028 0028002A 3
41 39 00260028 0029002B F
42 39 00270029 0029002B C
43 39 0027002A 0029002C C
44 39 0027002C 0029002D 4
56 39 00270038 00280039 0
57 39 00270039 0028003A 0
58 39 0027003A 0028003B 0
32 40 00280020 00290022 2
33 40 00280020 00290022 8
35 40 00280023 00290025 2
36 40 00270023 002A0026 F
37 40 00270024 002A0027 F
38 40 00280025 00290027 8
40 40 00280028 0029002A 2
41 40 00270028 002A002B F
42 40 00270029 002A002C F
43 40 0027002A 0029002C 9
44 40 0028002B 0029002D 8
45 40 0028002D 0029002E 0
46 40 0028002E 0029002F 0
58 40 0028003A 0029003B 0
59 40 0028003B 0029003C 0
60 40 0028003C 0029003D 0
32 41 00290020 002A0022 2
33 41 00290020 002A0022 8
35 41 00290023 002A0025 2
36 41 00280023 002B0026 F
37 41 00280024 002B0027 F
38 41 00290025 002A0027 8
40 41 00290028 002A002A 2
41 41 00280028 002B002B F
42 41 00280029 002B002C F
43 41 0028002A 002A002C 9
45 41 0028002D 002A002F 3
46 41 0029002D 002B002F C
60 41 0029003C 002A003D 0
61 41 0029003D 002A003E 0
62 41 0029003E 002A003F 0
32 42 002A0020 002B0022 2
33 42 002A0020 002C0022 C
35 42 002A0023 002C0025 6
36 42 00290023 002C0026 F
37 42 00290024 002C0027 F
38 42 002A0025 002B0027 8
40 42 002A0028 002B002A 2
41 42 00290028 002C002B F
42 42 00290029 002B002B 9
43 42 002A002A 002B002C 8
45 42 002A002D 002B002F 2
46 42 002A002D 002C002F C
47 42 002A002E 002B0030 8
62 42 002A003E 002B003F 0
63 42 002A003F 002B0040 0
64 42 002A0040 002B0041 0
32 43 002B0020 002C0022 2
33 43 002B0020 002C0022 8
34 43 002B0021 002C0024 A
35 43 002B0023 002C0025 2
36 43 002A0023 002D0026 F
37 43 002A0024 002D0027 F
38 43 002B0025 002C0027 8
40 43 002B0028 002C002A 2
41 43 002A0028 002D002B F
42 43 002A0029 002D002B D
45 43 002B002D 002D002F 6
46 43 002A002D 002D0030 F
47 43 002B002E 002C0030 8
64 43 002B0040 002C0041 0
65 43 002B0041 002C0042 0
66 43 002B0042 002C0043 0
67 43 002B0043 002D0044 4
32 44 002C0020 002D0022 2
33 44 002B0020 002D0022 9
35 44 002B0023 002D0025 3
36 44 002B0024 002D0026 3
37 44 002B0024 002E0027 F
38 44 002C0025 002E0027 C
40 44 002C0028 002E002A 6
41 44 002B0028 002D002A 9
42 44 002C0029 002D002B 8
43 44 002C002B 002D002C 0
44 44 002C002C 002E002E 6
45 44 002C002D 002E002F 6
46 44 002B002D 002E0030 F
47 44 002C002E 002D0030 8
66 44 002B0042 002D0043 1
67 44 002C0043 002D0044 0
68 44 002C0044 002D0045 0
32 45 002D0020 002E0022 2
33 45 002D0020 002E0022 8
36 45 002C0024 002E0025 1
37 45 002C0024 002E0027 B
38 45 002D0026 002E0027 0
39 45 002D0026 002F0029 E
40 45 002D0028 002F002A 6
41 45 002C0028 002E002A 9
43 45 002C002B 002E002C 1
44 45 002C002C 002E002D 1
45 45 002C002D 002E002F 3
46 45 002C002E 002E0030 3
47 45 002D002E 002E0030 8
68 45 002D0044 002E0045 0
69 45 002D0045 002E0046 0
32 46 002E0020 002F0022 2
33 46 002E0020 00300022 C
35 46 002E0023 00300025 6
36 46 002E0024 00300025 4
38 46 002D0026 002F0027 1
39 46 002D0026 002F0029 B
40 46 002D0028 002F002A 3
41 46 002E0028 0030002A C
46 46 002D002E 002F0030 3
47 46 002E002E 002F0030 8
64 46 002E0040 002F0041 0
69 46 002E0045 002F0046 0
70 46 002E0045 002F0047 8
32 47 002F0020 00300022 2
33 47 002F0020 00310022 C
34 47 002F0021 00310024 E
35 47 002F0023 00310025 6
36 47 002F0023 00310025 C
37 47 002F0024 00310027 E
38 47 002F0026 00310027 4
40 47 002E0028 0031002A 7
41 47 002F0028 0030002A 8
42 47 002F0029 0030002B 8
43 47 002F002B 0030002C 0
44 47 002F002C 0031002D 4
46 47 002F002E 00310030 6
47 47 002F002E 00300030 8
64 47 002F0040 00300041 0
69 47 002F0045 00310047 6
70 47 002F0045 00310047 C
32 48 00300020 00310022 2
33 48 002F0020 00320023 F
34 48 002F0021 00320024 F
35 48 002F0022 00320025 F
36 48 002F0023 00320026 F
37 48 002F0024 00320027 F
38 48 00300025 00320027 C
39 48 00300026 00320029 E
40 48 00300028 0032002A 6
41 48 002F0028 0032002A D
43 48 002F002B 0031002C 1
44 48 0030002B 0031002D 8
45 48 0030002D 0031002F 2
46 48 0030002E 00320030 6
47 48 0030002E 00310030 8
51 48 00300033 00310034 0
68 48 00300044 00310046 2
69 48 00300045 00310047 2
70 48 00300045 00320047 C
71 48 00300046 00310048 8
32 49 00310020 00320022 2
33 49 00300020 00330023 F
34 49 00300021 00330024 F
35 49 00300022 00330025 F
36 49 00300023 00330026 F
37 49 00300024 00330027 F
38 49 00300025 00320027 9
39 49 00300026 00320029 B
40 49 00300028 0032002A 3
41 49 00310028 0033002A C
42 49 00310029 0033002C E
43 49 0031002B 0033002C 4
45 49 0030002D 0032002E 1
46 49 0030002D 0032002F 9
47 49 0031002F 00320030 0
50 49 00310032 00320033 0
51 49 00310033 00320034 0
69 49 00300045 00320047 3
70 49 00300046 00320048 3
71 49 00310046 00320048 8
32 50 00320020 00330022 2
33 50 00310020 00340023 F
34 50 00310021 00340024 F
35 50 00310022 00340025 F
36 50 00310023 00340026 F
37 50 00310024 00340027 F
38 50 00310025 00340027 D
40 50 00310028 0034002A 7
41 50 00310028 0034002B F
42 50 00310029 0034002C F
43 50 0032002A 0034002C C
44 50 0032002B 0034002E E
45 50 0032002D 0034002E 4
54 50 00320036 00330037 0
55 50 00320037 00330038 0
70 50 00310046 00330048 3
71 50 00320046 00330048 8
32 51 00330020 00340022 2
33 51 00320020 00350023 F
34 51 00320021 00350024 F
35 51 00320022 00350025 F
36 51 00320023 00350026 F
37 51 00320024 00340026 9
38 51 00330025 00340027 8
39 51 00330027 00340029 2
40 51 00330028 0035002A 6
41 51 00320028 0035002B F
42 51 00320029 0035002C F
43 51 0032002A 0035002D F
44 51 0032002B 0035002E F
45 51 0033002C 0035002E C
46 51 0033002D 0035002F C
47 51 0033002F 00350030 4
58 51 0033003A 0034003B 0
59 51 0033003B 0034003C 0
70 51 00330046 00340048 2
71 51 00330047 00340048 0
32 52 00340020 00350022 2
33 52 00330020 00350022 9
34 52 00330021 00350023 9
35 52 00330023 00350025 3
36 52 00330024 00350026 3
37 52 00330024 00360026 D
39 52 00330027 00360029 7
40 52 00330027 00350029 9
41 52 00330028 0035002B B
42 52 0033002A 0035002C 3
43 52 0033002A 0036002D F
44 52 0033002B 0036002E F
45 52 0033002C 0036002F F
46 52 0033002D 00360030 F
47 52 0034002E 00360030 C
48 52 0034002F 00350031 8
58 52 0034003A 0035003B 0
59 52 0034003B 0035003C 0
71 52 00340047 00350048 0
32 53 00350020 00360022 2
33 53 00340020 00370022 D
36 53 00340024 00360025 1
37 53 00350025 00360026 0
38 53 00350026 00360028 2
39 53 00350027 00370029 6
40 53 00340027 00370029 D
42 53 0034002A 0037002C 7
43 53 0034002A 0037002D F
44 53 0034002B 0037002E F
45 53 0034002C 0037002F F
46 53 0034002D 00370030 F
47 53 0034002E 00360030 9
48 53 0035002F 00360031 8
65 53 00350041 00370042 4
66 53 00350042 00360043 0
71 53 00350047 00360048 0
72 53 00350047 00360049 8
32 54 00360020 00370022 2
33 54 00360020 00380022 C
34 54 00360021 00380023 C
35 54 00360023 00380024 4
38 54 00350026 00370027 1
39 54 00350026 00370029 B
40 54 00360028 00370029 0
41 54 00360028 0038002B E
42 54 0036002A 0038002C 6
43 54 0035002A 0038002D F
44 54 0035002B 0038002E F
45 54 0035002C 0038002F F
46 54 0035002D 00380030 F
47 54 0035002E 00380030 D
64 54 00360040 00370042 2
65 54 00360041 00380043 6
66 54 00360041 00380043 C
68 54 00360044 00380045 4
71 54 00360047 00370049 2
72 54 00360047 00370049 8
32 55 00370020 00380022 2
33 55 00360020 00380022 9
34 55 00360021 00380023 9
35 55 00370023 00380024 0
36 55 00370024 00380025 0
37 55 00370025 00390027 6
38 55 00370026 00390027 4
40 55 00360028 0039002A 7
41 55 00360028 0038002A 9
42 55 00360029 0038002C B
43 55 0036002B 0038002D 3
44 55 0036002B 0039002E F
45 55 0036002C 0039002F F
46 55 0036002D 00390030 F
47 55 0037002E 00390030 C
48 55 0037002F 00380031 8
64 55 00370040 00380041 0
65 55 00360041 00380042 1
66 55 00370042 00380043 0
67 55 00370043 00380045 2
68 55 00370044 00390045 4
69 55 00370044 00380046 8
71 55 00370047 00380049 2
72 55 00370047 00380049 8
32 56 00380020 00390022 2
33 56 00370020 00390022 9
36 56 00370024 00390025 1
37 56 00370025 00390026 1
38 56 00380026 00390027 0
39 56 00380027 00390029 2
40 56 00380028 003A002A 6
41 56 00370028 003A002A D
43 56 0037002B 0039002C 1
44 56 0037002B 0039002E B
45 56 0037002D 0039002F 3
46 56 0037002D 003A0030 F
47 56 0037002E 003A0031 F
48 56 0038002F 00390031 8
67 56 00370043 00390045 3
68 56 00370044 00390045 1
69 56 00380044 00390046 8
71 56 00380047 00390049 2
72 56 00380047 003A0049 C
32 57 00390020 003A0022 2
33 57 00390020 003A0022 8
39 57 00380027 003A0029 3
40 57 00380027 003B002A F
41 57 00390028 003B002A C
42 57 00390029 003B002C E
43 57 0039002B 003B002C 4
45 57 0038002D 003B002F 7
46 57 0038002D 003A002F 9
47 57 0038002E 003A0031 B
48 57 00390030 003A0031 0
54 57 00390036 003A0037 0
68 57 00380044 003A0045 1
71 57 00390047 003A0049 2
72 57 00390047 003B0049 C
73 57 00390048 003A004A 8
32 58 003A0020 003B0022 2
33 58 003A0020 003B0022 8
39 58 003A0027 003B0029 2
40 58 00390028 003B002A 3
41 58 00390028 003C002B F
42 58 00390029 003B002B 9
43 58 003A002A 003B002C 8
44 58 003A002C 003B002E 2
45 58 003A002D 003C002F 6
46 58 0039002D 003C002F D
48 58 003A0030 003B0031 0
54 58 003A0036 003B0037 0
71 58 003A0047 003B0049 2
72 58 00390048 003B004A 3
73 58 003A0048 003B004A 8
32 59 003B0020 003C0022 2
33 59 003B0020 003C0022 8
37 59 003B0025 003C0026 0
38 59 003B0026 003D0027 4
40 59 003A0028 003D002A 7
41 59 003A0028 003D002B F
42 59 003A0029 003C002B 9
44 59 003A002C 003C002E 3
45 59 003A002D 003C002F 3
46 59 003B002D 003D002F C
47 59 003B002E 003D0031 E
48 59 003B0030 003D0031 4
72 59 003A0048 003C004A 3
73 59 003B0048 003C004A 8
32 60 003C0020 003D0022 2
33 60 003C0020 003D0022 8
37 60 003C0025 003D0027 2
38 60 003C0025 003E0027 C
39 60 003C0026 003E0029 E
40 60 003C0028 003E002A 6
41 60 003B0028 003E002B F
42 60 003C0029 003E002B C
45 60 003B002D 003D002F 3
46 60 003B002D 003E0030 F
47 60 003B002E 003E0031 F
48 60 003C002F 003E0031 C
49 60 003C0030 003E0032 C
50 60 003C0032 003E0033 4
72 60 003C0048 003D004A 2
73 60 003C0048 003D004A 8
32 61 003D0020 003E0022 2
33 61 003D0020 003E0022 8
37 61 003D0025 003E0027 2
38 61 003C0025 003F0028 F
39 61 003C0026 003F0029 F
40 61 003C0027 003F002A F
41 61 003C0028 003F002B F
42 61 003D0029 003F002B C
43 61 003D002A 003F002C C
45 61 003D002D 003F002F 6
46 61 003C002D 003F0030 F
47 61 003C002E 003F0031 F
48 61 003C002F 003F0032 F
49 61 003C0030 003F0033 F
50 61 003D0031 003F0033 C
51 61 003D0032 003F0034 C
52 61 003D0034 003F0035 4
53 61 003D0035 003F0036 4
72 61 003D0048 003E004A 2
73 61 003D0048 003F004A C
32 62 003E0020 003F0022 2
33 62 003E0020 003F0022 8
37 62 003E0025 003F0027 2
38 62 003D0026 003F0028 3
39 62 003D0026 003F0028 9
40 62 003D0027 003F002A B
41 62 003D0029 003F002B 3
42 62 003D0029 0040002C F
43 62 003E002A 0040002C C
44 62 003E002B 0040002E E
45 62 003E002D 0040002F 6
46 62 003D002D 00400030 F
47 62 003D002E 00400031 F
48 62 003D002F 00400032 F
49 62 003D0030 003F0032 9
50 62 003D0031 003F0034 B
51 62 003D0033 003F0035 3
52 62 003D0033 003F0035 9
53 62 003E0034 003F0036 8
54 62 003E0036 003F0037 0
55 62 003E0037 00400038 4
56 62 003E0038 00400039 4
72 62 003E0048 003F004A 2
73 62 003E0048 0040004A C
74 62 003E0049 003F004B 8
32 63 003F0020 00400021 0
33 63 003F0020 00400022 8
38 63 003E0026 00400028 3
39 63 003E0026 00410028 D
41 63 003E0029 0041002B 7
42 63 003E0029 0041002C F
43 63 003E002A 0041002D F
44 63 003E002B 0041002E F
45 63 003E002C 0041002F F
46 63 003E002D 00410030 F
47 63 003E002E 00410031 F
48 63 003E002F 00410032 F
49 63 003E0030 00410032 D
51 63 003E0033 00410035 7
52 63 003E0033 00400035 9
54 63 003E0036 00400038 3
55 63 003E0036 00410039 F
56 63 003F0037 00410039 C
57 63 003F0038 0041003A C
58 63 003F003A 0041003B 4
72 63 003F0048 0040004A 2
73 63 003E0049 0040004B 3
74 63 003F0049 0040004B 8
31 64 0040001F 00410021 2
32 64 00400020 00410021 0
38 64 00400026 00410028 2
39 64 00400026 00420028 C
40 64 00400027 0042002A E
41 64 00400029 0042002B 6
42 64 003F0029 0042002C F
43 64 003F002A 0042002D F
44 64 003F002B 0042002E F
45 64 003F002C 0041002E 9
46 64 003F002D 0041002F 9
47 64 003F002F 00410031 3
48 64 003F0030 00410032 3
49 64 00400030 00420032 C
50 64 00400031 00420034 E
51 64 00400033 00410034 0
52 64 00400033 00410035 8
54 64 00400036 00420038 6
55 64 003F0036 00420039 F
56 64 003F0037 00410039 9
57 64 003F0038 0041003A 9
58 64 0040003A 0041003B 0
59 64 0040003B 0041003C 0
60 64 0040003C 0042003D 4
61 64 0040003D 0042003E 4
73 64 003F0049 0041004B 3
74 64 00400049 0041004B 8
32 65 00410020 00420021 0
38 65 00410026 00420028 2
39 65 00400027 00420029 3
40 65 00400027 0043002A F
41 65 00400028 0043002B F
42 65 00400029 0043002C F
43 65 0040002A 0043002D F
44 65 0040002B 0043002E F
45 65 0040002C 0042002E 9
48 65 00400030 00430032 7
49 65 00400030 00430033 F
50 65 00400031 00430034 F
51 65 00400032 00420034 9
53 65 00410035 00420037 2
54 65 00410036 00430038 6
55 65 00400036 00430039 F
56 65 00400037 00430039 D
59 65 0040003B 0042003D 3
60 65 0040003C 0042003E 3
61 65 0041003C 0043003E C
62 65 0041003D 0043003F C
63 65 0041003F 00430040 4
64 65 00410040 00430041 4
73 65 00410049 0042004B 2
74 65 00410049 0042004B 8
32 66 00420020 00430021 0
33 66 00420020 00440022 C
39 66 00410027 00430029 3
40 66 00410028 0043002A 3
41 66 00410028 0044002B F
42 66 00410029 0044002C F
43 66 0041002A 0044002D F
44 66 0041002B 0044002E F
45 66 0042002C 0044002E C
47 66 0042002F 00430031 2
48 66 00420030 00430032 2
49 66 00410030 00440033 F
50 66 00410031 00440034 F
51 66 00420032 00440034 C
53 66 00420035 00440037 6
54 66 00410035 00440038 F
55 66 00410036 00430038 9
56 66 00420037 00430039 8
57 66 00420039 0043003A 0
60 66 0041003C 0044003E 7
61 66 0041003C 0044003F F
62 66 0041003D 0043003F 9
63 66 0041003E 00430040 9
64 66 00420040 00430041 0
65 66 00420041 00430042 0
66 66 00420042 00440043 4
73 66 00420049 0043004B 2
74 66 00420049 0044004B C
32 67 00430020 00440022 2
33 67 00430021 00440022 0
34 67 00430021 00450023 C
35 67 00430023 00450024 4
40 67 00420028 0044002A 3
41 67 00420029 0044002B 3
42 67 00420029 0045002C F
43 67 0042002A 0045002D F
44 67 0042002B 0045002E F
45 67 0043002C 0044002E 8
46 67 0043002D 0044002F 8
48 67 00420030 00440032 3
49 67 00420030 00450033 F
50 67 00420031 00450034 F
51 67 00430032 00450034 C
52 67 00430033 00450036 E
53 67 00430035 00450037 6
54 67 00420035 00450038 F
55 67 00420036 00450038 D
58 67 0043003A 0045003B 4
59 67 0043003B 0045003D 6
60 67 0043003C 0045003E 6
61 67 0042003C 0044003E 9
62 67 0042003D 0044003F 9
65 67 00420041 00450043 7
66 67 00430041 00450043 C
67 67 00430042 00450044 C
68 67 00430044 00450045 4
69 67 00430045 00450046 4
73 67 00430049 0044004B 2
74 67 00430049 0045004B C
75 67 0043004A 0044004C 8
33 68 00430021 00450023 3
34 68 00430022 00450024 3
35 68 00440022 00460024 C
36 68 00440023 00460025 C
37 68 00440025 00460026 4
41 68 00430029 0045002B 3
42 68 0043002A 0045002C 3
43 68 0043002A 0046002D F
44 68 0043002B 0046002E F
45 68 0043002C 0046002E D
48 68 00440030 00460032 6
49 68 00430030 00460033 F
50 68 00430031 00460034 F
51 68 00430032 00460035 F
52 68 00430033 00460036 F
53 68 00430034 00460037 F
54 68 00430035 00450037 9
55 68 00440036 00450038 8
56 68 00440038 00450039 0
57 68 00440039 0046003B 6
58 68 0044003A 0046003C 6
59 68 0043003A 0046003D F
60 68 0043003B 0046003E F
61 68 0043003C 0045003E 9
64 68 00440040 00460042 6
65 68 00440041 00460043 6
66 68 00430041 00460044 F
67 68 00430042 00460045 F
68 68 00430043 00460046 F
69 68 00440044 00460046 C
70 68 00440045 00460047 C
71 68 00440047 00460048 4
73 68 00440049 0046004B 6
74 68 00430049 0046004C F
75 68 0044004A 0045004C 8
34 69 00440022 00460023 1
35 69 00440023 00460024 1
36 69 00440024 00460025 1
37 69 00450025 00460026 0
38 69 00450026 00460027 0
39 69 00450027 00460028 0
40 69 00450028 00470029 4
42 69 0044002A 0047002C 7
43 69 0044002A 0046002C 9
44 69 0044002B 0046002E B
45 69 0045002D 0046002E 0
46 69 0045002D 0047002F C
47 69 0045002F 00470031 6
48 69 00450030 00470032 6
49 69 00440030 00470033 F
50 69 00440031 00470034 F
51 69 00440032 00470035 F
52 69 00440033 00470036 F
53 69 00440034 00470037 F
54 69 00440035 00460037 9
56 69 00440038 0046003A 3
57 69 00440038 0046003A 9
58 69 00440039 0046003B 9
59 69 0044003B 0046003D 3
60 69 0044003C 0046003E 3
61 69 0045003C 0046003E 8
63 69 0045003F 00460041 2
64 69 00450040 00460041 0
65 69 00440040 00460043 B
66 69 00440042 00460044 3
67 69 00440042 00470045 F
68 69 00440043 00470046 F
69 69 00440044 00470047 F
70 69 00440045 00460047 9
71 69 00450046 00460048 8
72 69 00450048 0046004A 2
73 69 00450049 0047004B 6
74 69 00440049 0047004C F
75 69 0045004A 0046004C 8
39 70 00450027 00470028 1
40 70 00460028 00470029 0
41 70 00460029 0047002B 2
42 70 0046002A 0047002C 2
43 70 0045002A 0048002C D
45 70 0045002D 0048002F 7
46 70 0045002D 00480030 F
47 70 0045002E 00480031 F
48 70 0045002F 00470031 9
49 70 00450030 00470033 B
50 70 00450032 00470034 3
51 70 00450032 00480035 F
52 70 00450033 00470035 9
53 70 00450034 00470037 B
54 70 00460036 00470037 0
56 70 00460038 0047003A 2
57 70 00450038 0048003A D
60 70 0045003C 0048003E 7
61 70 0046003C 0048003E C
63 70 0046003F 00470041 2
64 70 00450040 00470041 1
66 70 00450042 00480044 7
67 70 00450042 00480045 F
68 70 00450043 00480046 F
69 70 00450044 00480047 F
70 70 00450045 00470047 9
72 70 00450048 00470049 1
73 70 00450049 0047004B 3
74 70 0045004A 0047004C 3
75 70 0046004A 0047004C 8
42 71 0046002A 0048002B 1
43 71 0047002B 0048002C 0
44 71 0047002C 0048002E 2
45 71 0047002D 0049002F 6
46 71 0046002D 00490030 F
47 71 0046002E 00490031 F
48 71 0046002F 00490031 D
50 71 00460032 00480034 3
51 71 00460033 00480035 3
52 71 00460033 00490035 D
54 71 00470036 00490037 4
56 71 00470038 0048003A 2
57 71 00470039 0048003A 0
58 71 00470039 0049003B C
59 71 0047003B 0049003D 6
60 71 0047003C 0049003E 6
61 71 0047003C 0049003E C
62 71 0047003D 0048003F 8
64 71 00470040 00480041 0
65 71 00470040 00490043 E
66 71 00470042 00490044 6
67 71 00460042 00490045 F
68 71 00460043 00490046 F
69 71 00460044 00490047 F
70 71 00470045 00490047 C
74 71 0046004A 0048004C 3
75 71 0047004A 0048004C 8
44 72 0047002C 0049002D 1
45 72 0047002D 0049002E 1
46 72 0047002E 00490030 3
47 72 0047002F 00490031 3
48 72 0048002F 004A0031 C
49 72 00480030 004A0032 C
51 72 00470033 004A0035 7
52 72 00480033 00490035 8
53 72 00480034 00490037 A
54 72 00480036 00490037 0
55 72 00480036 00490038 8
57 72 00470039 0049003A 1
58 72 0047003A 0049003C 3
59 72 0047003B 0049003D 3
60 72 0047003B 004A003E F
61 72 0047003C 0049003E 9
62 72 0048003D 0049003F 8
64 72 00480040 004A0042 6
65 72 00470040 004A0043 F
66 72 00470041 004A0044 F
67 72 00470042 004A0045 F
68 72 00470043 004A0046 F
69 72 00470044 004A0047 F
70 72 00480045 004A0047 C
71 72 00480046 004A0048 C
72 72 00480048 004A0049 4
74 72 0048004A 004A004C 6
75 72 0048004A 004A004C C
47 73 0048002F 004A0030 1
48 73 00480030 004A0031 1
49 73 00490031 004A0032 0
50 73 00490032 004A0034 2
51 73 00490033 004B0035 6
52 73 00480033 004B0035 D
54 73 00480036 004B0038 7
55 73 00490036 004B0038 C
59 73 0048003B 004B003D 7
60 73 0048003B 004B003E F
61 73 0048003C 004A003E 9
63 73 0049003F 004A0041 2
64 73 00490040 004B0042 6
65 73 00480040 004B0043 F
66 73 00480041 004A0043 9
67 73 00480042 004A0045 B
68 73 00480044 004A0046 3
69 73 00480044 004B0047 F
70 73 00480045 004B0048 F
71 73 00480046 004B0049 F
72 73 00490047 004B0049 C
73 73 00490048 004A004A 8
74 73 0049004A 004A004C 2
75 73 0049004B 004A004C 0
76 73 0049004B 004A004D 8
50 74 00490032 004B0033 1
51 74 00490033 004B0034 1
52 74 004A0034 004B0035 0
53 74 004A0035 004B0037 2
54 74 004A0036 004C0038 6
55 74 004A0036 004C0038 C
56 74 004A0037 004C0039 C
58 74 004A003A 004B003B 0
59 74 004A003B 004B003D 2
60 74 0049003C 004B003E 3
61 74 004A003C 004B003E 8
63 74 004A003F 004B0041 2
64 74 0049003F 004C0042 F
65 74 00490040 004C0043 F
66 74 00490041 004B0043 9
68 74 00490044 004B0046 3
69 74 00490044 004C0047 F
70 74 00490045 004C0048 F
71 74 00490046 004C0049 F
72 74 00490047 004B0049 9
73 74 00490048 004B004A 9
75 74 0049004B 004B004D 3
76 74 004A004B 004B004D 8
53 75 004A0035 004C0036 1
54 75 004A0036 004C0037 1
55 75 004A0037 004C0039 3
56 75 004B0038 004C0039 0
57 75 004B0038 004D003A C
60 75 004A003C 004D003E 7
61 75 004B003C 004C003E 8
63 75 004B003F 004C0041 2
64 75 004A003F 004D0042 F
65 75 004A0040 004D0043 F
66 75 004B0041 004D0043 C
68 75 004B0044 004D0046 6
69 75 004A0044 004D0047 F
70 75 004A0045 004D0048 F
71 75 004A0046 004D0049 F
72 75 004A0047 004C0049 9
75 75 004B004B 004C004D 2
76 75 004B004B 004C004D 8
20 76 004C0014 004D0015 0
56 76 004B0038 004D0039 1
57 76 004C0039 004D003A 0
58 76 004C003A 004D003B 0
59 76 004C003B 004D003D 2
60 76 004C003C 004E003E 6
61 76 004C003C 004E003E C
63 76 004C003F 004D0040 0
64 76 004B003F 004D0041 9
65 76 004B0041 004D0042 1
66 76 004C0042 004D0043 0
67 76 004C0043 004D0045 2
68 76 004C0044 004D0045 0
69 76 004B0044 004D0046 9
70 76 004B0046 004D0047 1
71 76 004B0047 004D0048 1
72 76 004C0048 004D0049 0
75 76 004C004B 004D004D 2
76 76 004C004C 004D004D 0
20 77 004D0014 004E0015 0
59 77 004C003B 004E003C 1
60 77 004C003C 004E003D 1
61 77 004D003D 004E003E 0
62 77 004D003E 004E0040 2
63 77 004D003F 004F0040 4
67 77 004C0043 004E0044 1
68 77 004C0044 004E0045 1
76 77 004D004C 004E004D 0
62 78 004D003E 004F003F 1
63 78 004E003F 004F0040 0
64 78 004E0040 004F0041 0
65 78 004E0041 004F0042 0
66 78 004E0042 00500043 4
76 78 004E004C 004F004D 0
77 78 004E004C 004F004E 8
65 79 004E0041 00500042 1
66 79 004F0042 00500043 0
67 79 004F0043 00500044 0
68 79 004F0044 00510045 4
69 79 004F0045 00510046 4
76 79 004F004C 0050004E 2
77 79 004F004C 0050004E 8
40 80 00500028 00510029 0
41 80 00500029 0052002A 4
42 80 0050002A 0052002B 4
43 80 0050002B 0052002C 4
67 80 004F0043 00510044 1
68 80 004F0044 00510045 1
69 80 00500045 00510046 0
70 80 00500046 00510047 0
71 80 00500047 00510048 0
72 80 00500048 00520049 4
76 80 0050004C 0051004E 2
77 80 0050004C 0051004E 8
40 81 00510028 0052002A 2
41 81 00500028 0053002B F
42 81 00500029 0053002C F
43 81 0051002A 0053002C C
44 81 0051002B 0053002D C
45 81 0051002D 0053002E 4
46 81 0051002E 0053002F 4
71 81 00500047 00520048 1
72 81 00510048 00520049 0
73 81 00510049 0052004A 0
74 81 0051004A 0053004B 4
76 81 0051004C 0053004E 6
77 81 0051004C 0052004E 8
40 82 00520028 0053002A 2
41 82 00510028 0053002A 9
42 82 00510029 0053002B 9
43 82 0051002B 0053002D 3
44 82 0051002C 0053002E 3
45 82 0051002C 0054002F F
46 82 0052002D 0054002F C
47 82 0052002E 00540030 C
48 82 00520030 00540031 4
49 82 00520031 00540032 4
73 82 00510049 0053004A 1
74 82 0052004A 0053004B 0
75 82 0052004B 0053004C 0
76 82 0052004C 0053004D 0
77 82 0052004D 0053004E 0
40 83 00530028 0054002A 2
41 83 00520028 0054002A 9
44 83 0052002C 0054002E 3
45 83 0052002C 0054002E 9
46 83 0052002D 0054002F 9
47 83 0052002F 00540031 3
48 83 00520030 00540032 3
49 83 00530030 00550032 C
50 83 00530031 00550033 C
51 83 00530033 00550034 4
52 83 00530034 00550035 4
40 84 00540028 0055002A 2
41 84 00540028 0055002A 8
44 84 0054002C 0055002D 0
45 84 0053002D 0055002E 1
48 84 00530030 00550031 1
49 84 00530031 00550032 1
50 84 00530032 00550034 3
51 84 00530033 00550035 3
52 84 00540033 00560035 C
53 84 00540034 00560036 C
54 84 00540036 00560037 4
40 85 00550028 0056002A 2
41 85 00550028 0056002A 8
46 85 0055002E 0056002F 0
47 85 0055002F 00560030 0
51 85 00540033 00560034 1
52 85 00540034 00560035 1
53 85 00540035 00560036 1
54 85 00550036 00560037 0
55 85 00550037 00560038 0
56 85 00550038 00570039 4
40 86 00560028 0057002A 2
41 86 00560028 0057002A 8
46 86 0056002E 0057002F 0
47 86 0056002F 00570030 0
50 86 00560032 00570033 0
55 86 00550037 00570038 1
56 86 00560038 00570039 0
57 86 00560039 0057003A 0
58 86 0056003A 0057003B 0
59 86 0056003B 0058003C 4
61 86 0056003D 0058003E 4
40 87 00570028 0058002A 2
41 87 00570028 0058002A 8
50 87 00570032 00580033 0
51 87 00570032 00580034 8
53 87 00570035 00580036 0
54 87 00570036 00580037 0
58 87 0056003A 0059003C 7
59 87 0057003A 0058003C 8
60 87 0057003B 0058003E A
61 87 0057003D 0058003E 0
62 87 0057003D 0059003F C
63 87 0057003F 00590040 4
64 87 00570040 00590041 4
40 88 00580028 0059002A 2
41 88 00580028 0059002A 8
47 88 0058002F 00590030 0
48 88 00580030 00590031 0
50 88 00580032 00590033 0
51 88 00580033 00590034 0
56 88 00580038 005A0039 4
57 88 00580039 005A003B 6
58 88 0058003A 005A003C 6
59 88 0057003A 0059003C 9
61 88 0057003D 0059003F 3
62 88 0057003E 0059003F 1
63 88 0057003E 00590041 B
64 88 00580040 00590041 0
65 88 00580040 005A0042 C
66 88 00580042 005A0043 4
67 88 00580043 005A0044 4
40 89 00590028 005A002A 2
41 89 00590028 005A002A 8
47 89 0059002F 005A0031 2
48 89 0059002F 005A0031 8
54 89 00590036 005A0037 0
55 89 00590037 005A0039 2
56 89 00590038 005A003A 2
57 89 00580038 005A003A 9
58 89 00580039 005A003C B
59 89 0059003B 005A003C 0
62 89 0058003E 005A003F 1
64 89 00580040 005A0041 1
65 89 00580041 005A0043 3
66 89 00580042 005A0044 3
67 89 00590042 005B0044 C
68 89 00590043 005B0045 C
69 89 00590045 005B0046 4
70 89 00590046 005B0047 4
40 90 005A0028 005B002A 2
41 90 005A0028 005B002A 8
47 90 005A002F 005B0031 2
48 90 005A0030 005B0031 0
51 90 005A0033 005C0034 4
54 90 005A0036 005B0037 0
56 90 00590038 005B0039 1
57 90 00590038 005B003A 9
59 90 005A003B 005B003C 0
62 90 005A003E 005B003F 0
66 90 00590042 005B0044 3
67 90 00590042 005B0044 9
68 90 00590043 005B0045 9
69 90 00590045 005B0047 3
70 90 005A0046 005B0047 0
71 90 005A0046 005C0048 C
40 91 005B0028 005C002A 2
41 91 005B0028 005C002A 8
43 91 005B002B 005C002C 0
44 91 005B002C 005C002D 0
48 91 005B0030 005C0031 0
49 91 005B0031 005C0032 0
50 91 005B0032 005C0034 2
51 91 005B0033 005C0034 0
52 91 005B0033 005D0035 C
56 91 005B0038 005C0039 0
62 91 005B003E 005C003F 0
64 91 005B0040 005C0041 0
66 91 005B0042 005D0044 6
67 91 005A0042 005D0044 D
70 91 005A0046 005C0047 1
71 91 005B0047 005C0048 0
72 91 005B0048 005C0049 0
40 92 005C0028 005D002A 2
41 92 005C0028 005D002A 8
43 92 005C002B 005D002D 2
44 92 005C002B 005D002D 8
46 92 005C002E 005D002F 0
47 92 005C002F 005D0030 0
51 92 005B0033 005D0034 1
52 92 005C0034 005D0035 0
53 92 005C0035 005D0036 0
54 92 005C0036 005D0037 0
55 92 005C0037 005D0039 2
56 92 005C0038 005D0039 0
64 92 005C0040 005D0041 0
65 92 005C0040 005D0042 8
66 92 005C0042 005D0043 0
67 92 005C0043 005D0044 0
68 92 005C0044 005D0045 0
69 92 005C0045 005D0046 0
72 92 005C0048 005D0049 0
40 93 005D0028 005E002A 2
41 93 005D0029 005E002A 0
43 93 005D002B 005E002C 0
44 93 005D002C 005E002D 0
47 93 005D002F 005E0030 0
49 93 005D0031 005E0032 0
50 93 005D0032 005E0033 0
55 93 005C0037 005E0038 1
56 93 005D0038 005E0039 0
61 93 005D003D 005F003E 4
63 93 005D003F 005F0041 6
64 93 005D0040 005E0041 0
68 93 005C0044 005E0045 1
69 93 005D0044 005E0046 8
72 93 005D0048 005E0049 0
73 93 005D0048 005E004A 8
41 94 005E0029 005F002A 0
46 94 005E002E 005F0030 2
47 94 005E002F 005F0030 0
49 94 005E0031 005F0033 2
50 94 005E0031 005F0033 8
52 94 005E0034 005F0035 0
53 94 005E0035 005F0036 0
58 94 005E003A 0060003B 4
59 94 005E003B 0060003C 4
60 94 005E003C 0060003E 6
61 94 005E003D 0060003E 4
62 94 005E003D 00600040 E
63 94 005E003F 00600041 6
64 94 005E003F 005F0041 8
67 94 005E0043 005F0045 2
68 94 005E0044 005F0045 0
72 94 005E0048 005F004A 2
73 94 005E0048 005F004A 8
41 95 005F0029 0060002A 0
46 95 005F002E 0060002F 0
47 95 005F002F 00600030 0
49 95 005F0031 00600032 0
50 95 005F0032 00600033 0
52 95 005F0034 00600036 2
53 95 005F0034 00600036 8
57 95 005F0039 0060003B 2
58 95 005F003A 0060003B 0
59 95 005E003A 0060003C 9
60 95 005E003C 0060003D 1
61 95 005E003D 0060003E 1
62 95 005E003E 00600040 3
63 95 005E003F 00600041 3
64 95 005F003F 00610041 C
67 95 005F0043 00610045 6
68 95 005F0043 00600045 8
72 95 005F0048 0060004A 2
73 95 005F0048 0060004A 8
41 96 00600029 0061002A 0
42 96 00600029 0061002B 8
52 96 00600034 00610035 0
53 96 00600035 00610036 0
57 96 00600039 0062003B 6
58 96 005F0039 0061003B 9
63 96 005F003F 00610040 1
64 96 0060003F 00610041 8
65 96 00600041 00610042 0
66 96 00600042 00610044 2
67 96 00600043 00620045 6
68 96 00600043 00610045 8
72 96 00600048 0061004A 2
73 96 00600048 0061004A 8
41 97 00610029 0062002B 2
42 97 00610029 0062002B 8
51 97 00610033 00630034 4
55 97 00610037 00620038 0
56 97 00610038 0062003A 2
57 97 00610039 0062003B 2
58 97 00610039 0063003B C
63 97 0061003F 00620040 0
66 97 00600042 00620043 1
67 97 00600043 00620044 1
68 97 00610044 00620045 0
72 97 00610048 0062004A 2
73 97 00610048 0062004A 8
41 98 00620029 0063002B 2
42 98 00620029 0063002B 8
50 98 00620032 00630034 2
51 98 00620033 00640034 4
52 98 00620033 00640035 C
53 98 00620035 00640036 4
54 98 00620036 00640038 6
55 98 00620037 00640038 4
57 98 00610039 0063003A 1
58 98 00620039 0063003B 8
59 98 0062003B 0063003C 0
69 98 00620045 00640046 4
72 98 00620048 0064004A 6
73 98 00620048 0063004A 8
41 99 00630029 0064002B 2
42 99 00630029 0064002B 8
50 99 00630032 00640034 2
51 99 00620032 00650035 F
52 99 00620033 00650036 F
53 99 00620034 00650037 F
54 99 00620035 00650038 F
55 99 00630036 00650038 C
56 99 00630037 00640039 8
57 99 00630039 0064003A 0
62 99 0063003E 0064003F 0
63 99 0063003F 00640040 0
64 99 00630040 00640041 0
68 99 00630044 00650046 6
69 99 00630045 00650046 4
70 99 00630045 00650047 C
71 99 00630047 00640048 0
72 99 00630048 0064004A 2
73 99 00630049 0064004A 0
41 100 00640029 0065002B 2
42 100 00640029 0065002B 8
46 100 0064002E 0066002F 4
47 100 0064002F 00660030 4
50 100 00640032 00650034 2
51 100 00630033 00650034 1
52 100 00630033 00650036 B
53 100 00630035 00650037 3
54 100 00630035 00650037 9
55 100 00630036 00650038 9
56 100 00630038 00650039 1
58 100 0064003A 0066003B 4
59 100 0064003B 0065003C 0
61 100 0064003D 0065003E 0
63 100 0063003F 00660041 7
64 100 0064003F 00650041 8
66 100 00640042 00650043 0
67 100 00640043 00650045 2
68 100 00640044 00660046 6
69 100 00630044 00650046 9
70 100 00630045 00650048 B
71 100 00630047 00650048 1
73 100 00640049 0065004A 0
41 101 00650029 0066002B 2
42 101 00650029 0066002B 8
45 101 0065002D 0066002F 2
46 101 0065002E 00670030 6
47 101 0065002E 00670030 C
48 101 0065002F 00670031 C
51 101 00640033 00660034 1
53 101 00640035 00660036 1
54 101 00640036 00660037 1
57 101 00650039 0066003B 2
58 101 0065003A 0066003C 2
59 101 0065003A 0067003C C
61 101 0065003D 0067003E 4
62 101 0065003D 00670040 E
63 101 0065003F 00670041 6
64 101 0065003F 00670041 C
67 101 00640043 00660044 1
68 101 00640044 00660045 1
69 101 00640045 00660046 1
71 101 00650047 00660048 0
73 101 00650049 0067004A 4
74 101 00650049 0066004B 8
41 102 00660029 0067002B 2
42 102 00660029 0067002B 8
45 102 0066002D 0067002F 2
46 102 0065002D 00680030 F
47 102 0065002E 00680031 F
48 102 0066002F 00680031 C
49 102 00660030 00680032 C
50 102 00660032 00680033 4
52 102 00660034 00680035 4
58 102 0065003A 0067003B 1
59 102 0066003B 0067003C 0
60 102 0066003C 0067003E 2
61 102 0066003D 0067003F 2
62 102 0065003D 00680040 F
63 102 0065003E 00680041 F
64 102 0066003F 00670041 8
65 102 00660040 00670042 8
66 102 00660042 00670043 0
71 102 00660047 00670048 0
72 102 00660048 0067004A 2
73 102 00660049 0067004B 2
74 102 00660049 0067004B 8
41 103 00670029 0068002B 2
42 103 00670029 0068002B 8
45 103 0067002D 0068002F 2
46 103 0066002E 00680030 3
47 103 0066002E 00690031 F
48 103 0066002F 00690032 F
49 103 00660030 00690033 F
50 103 00670031 00690033 C
51 103 00670032 00690035 E
52 103 00670034 00690035 4
53 103 00670034 00690036 C
54 103 00670036 00690037 4
61 103 0066003D 0068003E 1
62 103 0066003D 00680040 B
63 103 0066003F 00680041 3
64 103 0066003F 00680041 9
66 103 00670042 00680043 0
67 103 00670042 00680044 8
73 103 00660049 0068004B 3
74 103 00670049 0068004B 8
41 104 00680029 0069002B 2
42 104 00680029 0069002B 8
46 104 0067002E 0069002F 1
47 104 0067002F 00690030 1
48 104 00670030 00690032 3
49 104 00670031 00690033 3
50 104 00670031 006A0034 F
51 104 00670032 006A0035 F
52 104 00670033 006A0036 F
53 104 00670034 006A0037 F
54 104 00680035 006A0037 C
55 104 00680036 00690038 8
60 104 0068003C 0069003E 2
61 104 0068003D 006A003E 4
63 104 0067003F 006A0041 7
64 104 0068003F 00690041 8
66 104 00680042 00690043 0
67 104 00680043 00690044 0
73 104 00680049 0069004B 2
74 104 00680049 0069004B 8
41 105 00690029 006A002B 2
42 105 00690029 006A002B 8
49 105 00680031 006A0032 1
50 105 00680032 006A0033 1
51 105 00680033 006A0034 1
52 105 00680034 006A0036 3
53 105 00680035 006A0036 1
54 105 00680035 006A0038 B
55 105 00690037 006A0038 0
57 105 00690039 006A003A 0
58 105 0069003A 006A003B 0
60 105 0069003C 006A003E 2
61 105 0069003D 006A003E 0
62 105 0069003D 006B0040 E
63 105 0069003F 006B0041 6
64 105 0069003F 006A0041 8
73 105 00690049 006A004B 2
74 105 00690049 006A004B 8
41 106 006A0029 006B002B 2
42 106 006A0029 006B002B 8
47 106 006A002F 006B0030 0
53 106 00690035 006B0036 1
55 106 006A0037 006B0038 0
58 106 006A003A 006B003B 0
61 106 0069003D 006B003F 3
62 106 0069003D 006C0040 F
63 106 0069003E 006C0041 F
64 106 006A003F 006B0041 8
66 106 006A0042 006B0043 0
67 106 006A0043 006C0044 4
73 106 006A0049 006B004B 2
74 106 006A004A 006B004B 0
41 107 006B0029 006C002B 2
42 107 006B0029 006C002B 8
46 107 006B002E 006C0030 2
47 107 006B002F 006D0030 4
49 107 006B0031 006C0032 0
51 107 006B0033 006C0034 0
61 107 006B003D 006C003E 0
62 107 006A003E 006C0040 3
63 107 006A003F 006C0041 3
64 107 006B003F 006D0041 C
66 107 006B0042 006D0044 6
67 107 006B0042 006D0044 C
68 107 006B0043 006D0045 C
69 107 006B0045 006D0046 4
70 107 006B0046 006D0047 4
71 107 006B0047 006C0048 0
74 107 006B004A 006C004B 0
41 108 006C0029 006D002B 2
42 108 006C0029 006D002B 8
46 108 006C002E 006D0030 2
47 108 006C002F 006D0030 0
48 108 006C002F 006E0032 E
49 108 006C0031 006E0032 4
51 108 006C0033 006E0034 4
52 108 006C0033 006E0035 C
53 108 006C0035 006E0036 4
54 108 006C0036 006D0037 0
63 108 006B003F 006D0041 3
64 108 006C0040 006D0041 0
65 108 006C0040 006D0043 A
66 108 006C0042 006D0044 2
67 108 006B0042 006E0045 F
68 108 006B0043 006E0046 F
69 108 006B0044 006D0046 9
70 108 006B0045 006D0048 B
71 108 006C0047 006D0048 0
74 108 006C004A 006D004B 0
75 108 006C004A 006D004C 8
41 109 006D0029 006E002B 2
42 109 006D0029 006E002B 8
47 109 006C002F 006E0030 1
48 109 006C0030 006E0031 1
49 109 006D0031 006E0032 0
50 109 006D0032 006E0034 2
51 109 006D0033 006E0034 0
52 109 006C0033 006E0036 B
53 109 006C0035 006E0037 3
54 109 006D0035 006E0037 8
56 109 006D0038 006E0039 0
57 109 006D0039 006F003A 4
58 109 006D003A 006F003B 4
59 109 006D003B 006E003C 0
64 109 006C0040 006E0041 1
66 109 006C0042 006E0044 3
67 109 006C0042 006E0044 9
68 109 006C0043 006E0045 9
69 109 006C0045 006E0046 1
71 109 006D0047 006E0048 0
72 109 006D0047 006E0049 8
74 109 006D004A 006E004C 2
75 109 006D004A 006E004C 8
41 110 006E0029 006F002B 2
42 110 006E0029 006F002B 8
51 110 006D0033 006F0034 1
53 110 006D0035 006F0036 1
54 110 006E0036 006F0037 0
56 110 006E0038 006F003A 2
57 110 006D0038 0070003B F
58 110 006D0039 0070003C F
59 110 006E003A 006F003C 8
66 110 006E0042 006F0043 0
67 110 006D0043 006F0044 1
71 110 006E0047 006F0048 0
72 110 006E0048 006F0049 0
74 110 006E004A 006F004C 2
75 110 006E004A 006F004C 8
41 111 006F0029 0070002B 2
42 111 006F0029 0070002B 8
56 111 006F0038 0070003A 2
57 111 006E0038 0070003A 9
58 111 006E0039 0070003B 9
59 111 006F003B 0070003C 0
61 111 006F003D 0070003E 0
62 111 006F003E 0070003F 0
68 111 006F0044 00700045 0
74 111 006F004A 0070004C 2
75 111 006F004A 0070004C 8
41 112 00700029 0071002B 2
42 112 00700029 0071002B 8
56 112 00700038 0071003A 2
57 112 006F0038 0072003A D
61 112 0070003D 0071003F 2
62 112 0070003E 0071003F 0
64 112 00700040 00720041 4
68 112 00700044 00720045 4
69 112 00700044 00720046 C
70 112 00700046 00720047 4
71 112 00700047 00710048 0
74 112 0070004A 0071004C 2
75 112 0070004A 0071004C 8
41 113 00710029 0072002B 2
42 113 0071002A 0072002B 0
45 113 0071002D 0072002E 0
47 113 0071002F 00720030 0
54 113 00710036 00720037 0
56 113 00710038 0073003A 6
57 113 00710038 0073003A C
58 113 00710039 0073003B C
59 113 0071003B 0073003C 4
62 113 0071003E 0073003F 4
63 113 0071003E 00730041 E
64 113 00710040 00730041 4
65 113 00710040 00730042 C
66 113 00710042 00720043 0
67 113 00710043 00720045 2
68 113 00710044 00720046 2
69 113 00700044 00730047 F
70 113 00700045 00730048 F
71 113 00710046 00720048 8
74 113 0071004A 0072004C 2
75 113 0071004B 0072004C 0
42 114 0072002A 0073002B 0
45 114 0072002D 0074002E 4
46 114 0072002D 0073002F 8
47 114 0072002F 00730030 0
50 114 00720032 00740033 4
54 114 00720036 00730037 0
55 114 00720037 00730039 2
56 114 00720038 0073003A 2
57 114 00710038 0074003B F
58 114 00710039 0074003C F
59 114 0072003A 0074003C C
60 114 0072003B 0074003D C
61 114 0072003D 0074003F 6
62 114 0072003E 00740040 6
63 114 0071003E 00740041 F
64 114 0071003F 00740042 F
65 114 00710040 00730042 9
66 114 00710041 00730043 9
68 114 00710044 00730045 1
69 114 00710045 00730046 1
70 114 00710046 00730047 1
71 114 00720047 00730048 0
75 114 0072004B 0073004C 0
42 115 0073002A 0074002B 0
44 115 0073002C 0074002E 2
45 115 0073002D 0075002F 6
46 115 0072002D 0075002F D
49 115 00730031 00740033 2
50 115 00730032 00750033 4
51 115 00730032 00740034 8
52 115 00730034 00740035 0
56 115 00720038 0074003A 3
57 115 00720038 0075003B F
58 115 00720039 0075003C F
59 115 0072003A 0074003C 9
60 115 0072003B 0074003D 9
61 115 0072003D 0074003F 3
62 115 0072003E 00740040 3
63 115 0072003E 00750041 F
64 115 0072003F 00750042 F
65 115 00720040 00740042 9
75 115 0073004B 0074004C 0
76 115 0073004B 0074004D 8
42 116 0074002A 0075002B 0
44 116 0074002C 0076002E 6
45 116 0073002C 0075002E 9
46 116 0074002D 0075002F 8
47 116 0074002F 00750030 0
49 116 00740031 00750033 2
50 116 00730032 00750034 3
51 116 00730032 00760034 D
56 116 00740038 0075003A 2
57 116 00730038 0076003B F
58 116 00730039 0076003C F
59 116 0073003A 0076003C D
62 116 0073003E 00760040 7
63 116 0073003E 00760041 F
64 116 0073003F 00760042 F
65 116 00740040 00750042 8
75 116 0074004B 0075004D 2
76 116 0074004B 0075004D 8
42 117 0075002A 0076002B 0
43 117 0075002B 0076002D 2
44 117 0075002C 0077002E 6
45 117 0074002C 0077002E D
50 117 00740032 00760033 1
51 117 00750032 00760034 8
52 117 00750034 00760035 0
53 117 00750035 00770036 4
54 117 00750036 00760037 0
56 117 00750038 0076003A 2
57 117 00740038 0077003B F
58 117 00740039 0077003C F
59 117 0075003A 0077003C C
60 117 0075003B 0077003D C
61 117 0075003D 0077003F 6
62 117 0075003E 00770040 6
63 117 0074003E 00770041 F
64 117 0074003F 00770042 F
65 117 00750040 00770042 C
75 117 0075004B 0076004D 2
76 117 0075004B 0076004D 8
43 118 0075002B 0077002C 1
44 118 0075002C 0077002D 1
45 118 0076002D 0077002E 0
46 118 0076002E 0077002F 0
47 118 0076002F 00770030 0
48 118 00760030 00780031 4
49 118 00760031 00780033 6
50 118 00760032 00780033 4
52 118 00750034 00780036 7
53 118 00750034 00780037 F
54 118 00760035 00780037 C
56 118 00760038 00770039 0
57 118 00750039 0077003A 1
58 118 0075003A 0077003B 1
59 118 0075003B 0077003C 1
60 118 0075003C 0077003D 1
61 118 0075003D 0077003F 3
62 118 0075003E 00770040 3
63 118 0075003E 00780041 F
64 118 0075003F 00780042 F
65 118 00760040 00780042 C
66 118 00760041 00780043 C
67 118 00760043 00770044 0
68 118 00760044 00770045 0
75 118 0076004B 0077004D 2
76 118 0076004B 0077004D 8
47 119 0076002F 00780030 1
48 119 00760030 00780031 1
49 119 00760031 00780032 1
50 119 00770032 00780033 0
51 119 00770033 00780035 2
52 119 00770034 00780036 2
53 119 00760034 00790037 F
54 119 00770035 00790037 C
55 119 00770036 00790038 C
62 119 0076003E 00780040 3
63 119 0076003E 00790041 F
64 119 0076003F 00780041 9
65 119 00760040 00780042 9
66 119 00760042 00780044 3
67 119 00760043 00780044 1
75 119 0077004B 0078004D 2
76 119 0077004C 0078004D 0
52 120 00770034 00790035 1
53 120 00770035 00790036 1
54 120 00770036 00790037 1
55 120 00780037 00790038 0
56 120 00780038 00790039 0
57 120 00780039 0079003A 0
58 120 0078003A 0079003B 0
59 120 0078003B 007A003C 4
60 120 0078003C 007A003D 4
62 120 0078003E 007A0040 6
63 120 0077003E 007A0041 F
64 120 0077003F 007A0041 D
67 120 00780043 00790044 0
76 120 0078004C 0079004D 0
58 121 0078003A 007A003B 1
59 121 0078003B 007A003C 1
60 121 0079003C 007A003D 0
61 121 0079003D 007A003F 2
62 121 0079003E 007A0040 2
63 121 0078003E 007B0041 F
64 121 0079003F 007B0041 C
65 121 00790040 007B0042 C
76 121 0079004C 007A004D 0
62 122 0079003E 007B003F 1
63 122 0079003F 007B0040 1
64 122 00790040 007B0041 1
65 122 007A0041 007B0042 0
66 122 007A0042 007B0043 0
67 122 007A0043 007B0044 0
68 122 007A0044 007C0045 4
69 122 007A0045 007C0046 4
70 122 007A0046 007C0047 4
76 122 007A004C 007C004D 4
77 122 007A004C 007B004E 8
67 123 007A0043 007C0044 1
68 123 007A0044 007C0045 1
69 123 007A0045 007C0046 1
70 123 007B0046 007C0047 0
71 123 007B0047 007C0048 0
72 123 007B0048 007C0049 0
73 123 007B0049 007C004A 0
74 123 007B004A 007D004B 4
75 123 007B004B 007D004D 6
76 123 007B004C 007C004D 0
77 123 007B004C 007C004E 8
73 124 007B0049 007D004A 1
74 124 007B004A 007D004B 1
75 124 007B004B 007D004C 1
76 124 007B004C 007D004D 1
58 127 007F003A 0080003B 0
59 127 007F003B 0080003C 0
60 127 007F003C 0080003D 0
58 128 0080003A 0082003C 6
59 128 007F003A 0082003C D
56 129 00810038 00820039 0
57 129 00810039 0082003B 2
58 129 0081003A 0083003C 6
59 129 0081003A 0083003C C
60 129 0081003B 0082003D 8
57 130 00810039 0083003A 1
58 130 0081003A 0083003B 1
59 130 0081003B 0083003C 1
60 130 0082003C 0083003D 0
62 141 008D003E 008E003F 0
62 142 008E003E 008F003F 0
62 143 008F003E 0090003F 0
62 144 0090003E 0091003F 0
62 145 0091003E 0092003F 0
62 146 0092003E 0093003F 0
62 148 0094003E 0096003F 4
63 148 0094003F 00950040 0
61 149 0095003D 0097003F 6
62 149 0095003E 0096003F 0
63 149 0095003E 00960040 8
59 150 0096003B 0097003C 0
60 150 0096003C 0097003E 2
61 150 0096003D 0098003F 6
62 150 0095003D 0097003F 9
60 151 0096003C 0099003E 7
61 151 0096003C 0099003F F
62 151 0097003D 0099003F C
59 152 0098003B 0099003D 2
60 152 0098003C 0099003E 2
61 152 0097003C 009A003F F
62 152 0098003D 009A003F C
63 152 0098003E 00990040 8
60 153 0098003C 009A003D 1
61 153 0098003D 009A003E 1
62 153 0098003E 009A003F 1
63 153 0099003F 009A0040 0
