1 0 00000001 00020002 4
2 0 00000002 00020003 4
3 0 00000003 00020004 4
4 0 00000004 00020005 4
5 0 00000005 00020006 4
6 0 00000006 00020007 4
7 0 00000007 00020008 4
8 0 00000008 00020009 4
9 0 00000009 0002000A 4
10 0 0000000A 0002000B 4
11 0 0000000B 0002000C 4
12 0 0000000C 0002000D 4
13 0 0000000D 0002000E 4
14 0 0000000E 0002000F 4
15 0 0000000F 00020010 4
16 0 00000010 00020011 4
17 0 00000011 00020012 4
18 0 00000012 00020013 4
19 0 00000013 00020014 4
20 0 00000014 00020015 4
21 0 00000015 00020016 4
22 0 00000016 00020017 4
23 0 00000017 00020018 4
24 0 00000018 00020019 4
25 0 00000019 0002001A 4
26 0 0000001A 0002001B 4
27 0 0000001B 0002001C 4
28 0 0000001C 0002001D 4
29 0 0000001D 0002001E 4
30 0 0000001E 0002001F 4
31 0 0000001F 00020020 4
32 0 00000020 00020021 4
33 0 00000021 00020022 4
34 0 00000022 00020023 4
35 0 00000023 00020024 4
36 0 00000024 00020025 4
37 0 00000025 00020026 4
38 0 00000026 00020027 4
39 0 00000027 00020028 4
40 0 00000028 00020029 4
41 0 00000029 0002002A 4
42 0 0000002A 0002002B 4
43 0 0000002B 0002002C 4
44 0 0000002C 0002002D 4
45 0 0000002D 0002002E 4
46 0 0000002E 0002002F 4
47 0 0000002F 00020030 4
48 0 00000030 00020031 4
49 0 00000031 00020032 4
50 0 00000032 00020033 4
51 0 00000033 00020034 4
52 0 00000034 00020035 4
53 0 00000035 00020036 4
54 0 00000036 00020037 4
55 0 00000037 00020038 4
56 0 00000038 00020039 4
57 0 00000039 0002003A 4
58 0 0000003A 0002003B 4
59 0 0000003B 0002003C 4
60 0 0000003C 0002003D 4
61 0 0000003D 0002003E 4
62 0 0000003E 0002003F 4
63 0 0000003F 00020040 4
64 0 00000040 00020041 4
65 0 00000041 00020042 4
66 0 00000042 00020043 4
67 0 00000043 00020044 4
68 0 00000044 00020045 4
69 0 00000045 00020046 4
70 0 00000046 00020047 4
71 0 00000047 00020048 4
72 0 00000048 00020049 4
73 0 00000049 0002004A 4
74 0 0000004A 0002004B 4
75 0 0000004B 0002004C 4
76 0 0000004C 0002004D 4
77 0 0000004D 0002004E 4
78 0 0000004E 0002004F 4
79 0 0000004F 00020050 4
80 0 00000050 00020051 4
81 0 00000051 00020052 4
82 0 00000052 00020053 4
83 0 00000053 00020054 4
84 0 00000054 00020055 4
85 0 00000055 00020056 4
86 0 00000056 00020057 4
87 0 00000057 00020058 4
88 0 00000058 00020059 4
89 0 00000059 0002005A 4
90 0 0000005A 0002005B 4
91 0 0000005B 0002005C 4
92 0 0000005C 0002005D 4
93 0 0000005D 0002005E 4
94 0 0000005E 0002005F 4
95 0 0000005F 00020060 4
96 0 00000060 00020061 4
97 0 00000061 00020062 4
98 0 00000062 00020063 4
99 0 00000063 00020064 4
100 0 00000064 00020065 4
101 0 00000065 00020066 4
102 0 00000066 00020067 4
103 0 00000067 00020068 4
104 0 00000068 00020069 4
105 0 00000069 0002006A 4
106 0 0000006A 0002006B 4
107 0 0000006B 0002006C 4
108 0 0000006C 0002006D 4
109 0 0000006D 0002006E 4
110 0 0000006E 0002006F 4
111 0 0000006F 00020070 4
112 0 00000070 00020071 4
113 0 00000071 00020072 4
114 0 00000072 00020073 4
115 0 00000073 00020074 4
116 0 00000074 00020075 4
117 0 00000075 00020076 4
118 0 00000076 00020077 4
119 0 00000077 00020078 4
120 0 00000078 00020079 4
121 0 00000079 0002007A 4
122 0 0000007A 0002007B 4
123 0 0000007B 0002007C 4
124 0 0000007C 0002007D 4
125 0 0000007D 0002007E 4
126 0 0000007E 0002007F 4
127 0 0000007F 00020080 4
128 0 00000080 00020081 4
129 0 00000081 00020082 4
130 0 00000082 00020083 4
131 0 00000083 00020084 4
132 0 00000084 00020085 4
133 0 00000085 00020086 4
134 0 00000086 00020087 4
135 0 00000087 00020088 4
136 0 00000088 00020089 4
137 0 00000089 0002008A 4
138 0 0000008A 0002008B 4
139 0 0000008B 0002008C 4
140 0 0000008C 0002008D 4
141 0 0000008D 0002008E 4
142 0 0000008E 0002008F 4
143 0 0000008F 00020090 4
144 0 00000090 00020091 4
145 0 00000091 00020092 4
146 0 00000092 00020093 4
147 0 00000093 00020094 4
148 0 00000094 00020095 4
149 0 00000095 00020096 4
150 0 00000096 00020097 4
151 0 00000097 00020098 4
152 0 00000098 00020099 4
153 0 00000099 0002009A 4
154 0 0000009A 0002009B 4
155 0 0000009B 0002009C 4
156 0 0000009C 0002009D 4
157 0 0000009D 0002009E 4
0 1 00010000 00020002 2
1 1 00010001 00030003 6
2 1 00000001 00030004 F
3 1 00000002 00030005 F
4 1 00000003 00030006 F
5 1 00000004 00030007 F
6 1 00000005 00030008 F
7 1 00000006 00030009 F
8 1 00000007 0003000A F
9 1 00000008 0003000B F
10 1 00000009 0003000C F
11 1 0000000A 0003000D F
12 1 0000000B 0003000E F
13 1 0000000C 0003000F F
14 1 0000000D 00030010 F
15 1 0000000E 00030011 F
16 1 0000000F 00030012 F
17 1 00000010 00030013 F
18 1 00000011 00030014 F
19 1 00000012 00030015 F
20 1 00000013 00030016 F
21 1 00000014 00030017 F
22 1 00000015 00030018 F
23 1 00000016 00030019 F
24 1 00000017 0003001A F
25 1 00000018 0003001B F
26 1 00000019 0003001C F
27 1 0000001A 0003001D F
28 1 0000001B 0003001E F
29 1 0000001C 0003001F F
30 1 0000001D 00030020 F
31 1 0000001E 00030021 F
32 1 0000001F 00030022 F
33 1 00000020 00030023 F
34 1 00000021 00030024 F
35 1 00000022 00030025 F
36 1 00000023 00030026 F
37 1 00000024 00030027 F
38 1 00000025 00030028 F
39 1 00000026 00030029 F
40 1 00000027 0003002A F
41 1 00000028 0003002B F
42 1 00000029 0003002C F
43 1 0000002A 0003002D F
44 1 0000002B 0003002E F
45 1 0000002C 0003002F F
46 1 0000002D 00030030 F
47 1 0000002E 00030031 F
48 1 0000002F 00030032 F
49 1 00000030 00030033 F
50 1 00000031 00030034 F
51 1 00000032 00030035 F
52 1 00000033 00030036 F
53 1 00000034 00030037 F
54 1 00000035 00030038 F
55 1 00000036 00030039 F
56 1 00000037 0003003A F
57 1 00000038 0003003B F
58 1 00000039 0003003C F
59 1 0000003A 0003003D F
60 1 0000003B 0003003E F
61 1 0000003C 0003003F F
62 1 0000003D 00030040 F
63 1 0000003E 00030041 F
64 1 0000003F 00030042 F
65 1 00000040 00030043 F
66 1 00000041 00030044 F
67 1 00000042 00030045 F
68 1 00000043 00030046 F
69 1 00000044 00030047 F
70 1 00000045 00030048 F
71 1 00000046 00030049 F
72 1 00000047 0003004A F
73 1 00000048 0003004B F
74 1 00000049 0003004C F
75 1 0000004A 0003004D F
76 1 0000004B 0003004E F
77 1 0000004C 0003004F F
78 1 0000004D 00030050 F
79 1 0000004E 00030051 F
80 1 0000004F 00030052 F
81 1 00000050 00030053 F
82 1 00000051 00030054 F
83 1 00000052 00030055 F
84 1 00000053 00030056 F
85 1 00000054 00030057 F
86 1 00000055 00030058 F
87 1 00000056 00030059 F
88 1 00000057 0003005A F
89 1 00000058 0003005B F
90 1 00000059 0003005C F
91 1 0000005A 0003005D F
92 1 0000005B 0003005E F
93 1 0000005C 0003005F F
94 1 0000005D 00030060 F
95 1 0000005E 00030061 F
96 1 0000005F 00030062 F
97 1 00000060 00030063 F
98 1 00000061 00030064 F
99 1 00000062 00030065 F
100 1 00000063 00030066 F
101 1 00000064 00030067 F
102 1 00000065 00030068 F
103 1 00000066 00030069 F
104 1 00000067 0003006A F
105 1 00000068 0003006B F
106 1 00000069 0003006C F
107 1 0000006A 0003006D F
108 1 0000006B 0003006E F
109 1 0000006C 0003006F F
110 1 0000006D 00030070 F
111 1 0000006E 00030071 F
112 1 0000006F 00030072 F
113 1 00000070 00030073 F
114 1 00000071 00030074 F
115 1 00000072 00030075 F
116 1 00000073 00030076 F
117 1 00000074 00030077 F
118 1 00000075 00030078 F
119 1 00000076 00030079 F
120 1 00000077 0003007A F
121 1 00000078 0003007B F
122 1 00000079 0003007C F
123 1 0000007A 0003007D F
124 1 0000007B 0003007E F
125 1 0000007C 0003007F F
126 1 0000007D 00030080 F
127 1 0000007E 00030081 F
128 1 0000007F 00030082 F
129 1 00000080 00030083 F
130 1 00000081 00030084 F
131 1 00000082 00030085 F
132 1 00000083 00030086 F
133 1 00000084 00030087 F
134 1 00000085 00030088 F
135 1 00000086 00030089 F
136 1 00000087 0003008A F
137 1 00000088 0003008B F
138 1 00000089 0003008C F
139 1 0000008A 0003008D F
140 1 0000008B 0003008E F
141 1 0000008C 0003008F F
142 1 0000008D 00030090 F
143 1 0000008E 00030091 F
144 1 0000008F 00030092 F
145 1 00000090 00030093 F
146 1 00000091 00030094 F
147 1 00000092 00030095 F
148 1 00000093 00030096 F
149 1 00000094 00030097 F
150 1 00000095 00030098 F
151 1 00000096 00030099 F
152 1 00000097 0003009A F
153 1 00000098 0003009B F
154 1 00000099 0003009C F
155 1 0000009A 0003009D F
156 1 0000009B 0003009E F
157 1 0001009C 0003009E C
158 1 0001009D 0002009F 8
0 2 00020000 00030002 2
1 2 00010000 00040003 F
2 2 00010001 00040004 F
3 2 00010002 00040005 F
4 2 00010003 00040006 F
5 2 00010004 00040007 F
6 2 00010005 00040008 F
7 2 00010006 00040009 F
8 2 00010007 0004000A F
9 2 00010008 0004000B F
10 2 00010009 0004000C F
11 2 0001000A 0003000C 9
12 2 0001000B 0003000E B
13 2 0001000D 0003000F 3
14 2 0001000D 00040010 F
15 2 0001000E 00040011 F
16 2 0001000F 00040012 F
17 2 00010010 00040013 F
18 2 00010011 00040014 F
19 2 00010012 00040015 F
20 2 00010013 00040016 F
21 2 00010014 00040017 F
22 2 00010015 00040018 F
23 2 00010016 00040019 F
24 2 00010017 0004001A F
25 2 00010018 0004001B F
26 2 00010019 0004001C F
27 2 0001001A 0003001C 9
28 2 0001001B 0003001D 9
29 2 0001001D 0003001E 1
30 2 0001001E 0003001F 1
31 2 0001001F 00030020 1
32 2 00010020 00030021 1
33 2 00010021 00030022 1
34 2 00010022 00030023 1
35 2 00010023 00030024 1
36 2 00010024 00030025 1
37 2 00010025 00030026 1
38 2 00010026 00030027 1
39 2 00010027 00030028 1
40 2 00010028 00030029 1
41 2 00010029 0003002A 1
42 2 0001002A 0003002B 1
43 2 0001002B 0003002C 1
44 2 0001002C 0003002D 1
45 2 0001002D 0003002E 1
46 2 0001002E 0003002F 1
47 2 0001002F 00030030 1
48 2 00010030 00030031 1
49 2 00010031 00030032 1
50 2 00010032 00030033 1
51 2 00010033 00030034 1
52 2 00010034 00030035 1
53 2 00010035 00030036 1
54 2 00010036 00030037 1
55 2 00010037 00030038 1
56 2 00010038 00030039 1
57 2 00010039 0003003A 1
58 2 0001003A 0003003B 1
59 2 0001003B 0003003C 1
60 2 0001003C 0003003D 1
61 2 0001003D 0003003E 1
62 2 0001003E 0003003F 1
63 2 0001003F 00030040 1
64 2 00010040 00030041 1
65 2 00010041 00030042 1
66 2 00010042 00030044 3
67 2 00010043 00030045 3
68 2 00010043 00040046 F
69 2 00010044 00040047 F
70 2 00010045 00040048 F
71 2 00010046 00040049 F
72 2 00010047 0004004A F
73 2 00010048 0004004B F
74 2 00010049 0004004C F
75 2 0001004A 0004004D F
76 2 0001004B 0004004E F
77 2 0001004C 0004004F F
78 2 0001004D 00040050 F
79 2 0001004E 00040051 F
80 2 0001004F 00040052 F
81 2 00010050 00040053 F
82 2 00010051 00040054 F
83 2 00010052 00040055 F
84 2 00010053 00040056 F
85 2 00010054 00040057 F
86 2 00010055 00040058 F
87 2 00010056 00040059 F
88 2 00010057 0004005A F
89 2 00010058 0004005B F
90 2 00010059 0004005C F
91 2 0001005A 0004005D F
92 2 0001005B 0004005E F
93 2 0001005C 0004005F F
94 2 0001005D 00040060 F
95 2 0001005E 00040061 F
96 2 0001005F 00040062 F
97 2 00010060 00040063 F
98 2 00010061 00040064 F
99 2 00010062 00040065 F
100 2 00010063 00040066 F
101 2 00010064 00040067 F
102 2 00010065 00040068 F
103 2 00010066 00040069 F
104 2 00010067 0004006A F
105 2 00010068 0004006B F
106 2 00010069 0004006C F
107 2 0001006A 0004006D F
108 2 0001006B 0004006E F
109 2 0001006C 0004006F F
110 2 0001006D 00040070 F
111 2 0001006E 00040071 F
112 2 0001006F 00040072 F
113 2 00010070 00040073 F
114 2 00010071 00040074 F
115 2 00010072 00040075 F
116 2 00010073 00040076 F
117 2 00010074 00040077 F
118 2 00010075 00040078 F
119 2 00010076 00040079 F
120 2 00010077 0004007A F
121 2 00010078 0004007B F
122 2 00010079 0004007C F
123 2 0001007A 0004007D F
124 2 0001007B 0004007E F
125 2 0001007C 0004007F F
126 2 0001007D 00040080 F
127 2 0001007E 00040081 F
128 2 0001007F 00040082 F
129 2 00010080 00040083 F
130 2 00010081 00040084 F
131 2 00010082 00040085 F
132 2 00010083 00040086 F
133 2 00010084 00040087 F
134 2 00010085 00040088 F
135 2 00010086 00040089 F
136 2 00010087 0004008A F
137 2 00010088 0004008B F
138 2 00010089 0004008C F
139 2 0001008A 0004008D F
140 2 0001008B 0004008E F
141 2 0001008C 0004008F F
142 2 0001008D 00040090 F
143 2 0001008E 00040091 F
144 2 0001008F 00040092 F
145 2 00010090 00040093 F
146 2 00010091 00040094 F
147 2 00010092 00040095 F
148 2 00010093 00040096 F
149 2 00010094 00040097 F
150 2 00010095 00040098 F
151 2 00010096 00040099 F
152 2 00010097 0004009A F
153 2 00010098 0004009B F
154 2 00010099 0004009C F
155 2 0001009A 0004009D F
156 2 0001009B 0004009E F
157 2 0001009C 0004009F F
158 2 0002009D 0003009F 8
0 3 00030000 00040002 2
1 3 00020000 00050003 F
2 3 00020001 00050004 F
3 3 00020002 00040004 9
4 3 00020003 00040005 9
5 3 00020005 00040006 1
6 3 00020006 00040007 1
7 3 00020007 00040008 1
8 3 00020008 00040009 1
9 3 00020009 0004000A 1
10 3 0002000A 0004000B 1
11 3 0002000B 0004000C 1
13 3 0002000D 0004000E 1
14 3 0002000E 0004000F 1
15 3 0002000F 00040011 3
16 3 00020010 00040012 3
17 3 00020010 00050013 F
18 3 00020011 00040013 9
19 3 00020012 00040014 9
20 3 00020014 00040015 1
21 3 00020015 00040016 1
22 3 00020016 00040017 1
23 3 00020017 00040018 1
24 3 00020018 00040019 1
25 3 00020019 0004001A 1
26 3 0002001A 0004001B 1
27 3 0002001B 0004001C 1
67 3 00020043 00040044 1
68 3 00020044 00040045 1
69 3 00020045 00040047 3
70 3 00020046 00040047 1
71 3 00020046 00040048 9
72 3 00020048 00040049 1
73 3 00020049 0004004A 1
74 3 0002004A 0004004B 1
75 3 0002004B 0004004C 1
76 3 0002004C 0004004D 1
77 3 0002004D 0004004E 1
78 3 0002004E 0004004F 1
79 3 0002004F 00040050 1
80 3 00020050 00040051 1
81 3 00020051 00040052 1
82 3 00020052 00040053 1
83 3 00020053 00040054 1
84 3 00020054 00040055 1
85 3 00020055 00040056 1
86 3 00020056 00040057 1
87 3 00020057 00040058 1
88 3 00020058 00040059 1
89 3 00020059 0004005A 1
90 3 0002005A 0004005B 1
91 3 0002005B 0004005C 1
92 3 0002005C 0004005D 1
93 3 0002005D 0004005E 1
94 3 0002005E 0004005F 1
95 3 0002005F 00040060 1
96 3 00020060 00040061 1
97 3 00020061 00040062 1
98 3 00020062 00040063 1
99 3 00020063 00040064 1
100 3 00020064 00040065 1
101 3 00020065 00040066 1
102 3 00020066 00040067 1
103 3 00020067 00040068 1
104 3 00020068 00040069 1
105 3 00020069 0004006A 1
106 3 0002006A 0004006B 1
107 3 0002006B 0004006C 1
108 3 0002006C 0004006D 1
109 3 0002006D 0004006E 1
110 3 0002006E 0004006F 1
111 3 0002006F 00040070 1
112 3 00020070 00040071 1
113 3 00020071 00040072 1
114 3 00020072 00040073 1
115 3 00020073 00040074 1
116 3 00020074 00040075 1
117 3 00020075 00040076 1
118 3 00020076 00040077 1
119 3 00020077 00040078 1
120 3 00020078 00040079 1
121 3 00020079 0004007A 1
122 3 0002007A 0004007B 1
123 3 0002007B 0004007C 1
124 3 0002007C 0004007D 1
125 3 0002007D 0004007E 1
126 3 0002007E 0004007F 1
127 3 0002007F 00040080 1
128 3 00020080 00040081 1
129 3 00020081 00040082 1
130 3 00020082 00040083 1
131 3 00020083 00040084 1
132 3 00020084 00040085 1
133 3 00020085 00040086 1
134 3 00020086 00040087 1
135 3 00020087 00040088 1
136 3 00020088 00040089 1
137 3 00020089 0004008A 1
138 3 0002008A 0004008B 1
139 3 0002008B 0004008C 1
140 3 0002008C 0004008D 1
141 3 0002008D 0004008E 1
142 3 0002008E 0004008F 1
143 3 0002008F 00040090 1
144 3 00020090 00040091 1
145 3 00020091 00040092 1
146 3 00020092 00040093 1
147 3 00020093 00040094 1
148 3 00020094 00040095 1
149 3 00020095 00040096 1
150 3 00020096 00040097 1
151 3 00020097 00040098 1
152 3 00020098 00040099 1
153 3 00020099 0004009A 1
154 3 0002009A 0004009B 1
155 3 0002009B 0004009D 3
156 3 0002009C 0004009E 3
157 3 0002009C 0005009F F
158 3 0003009D 0004009F 8
0 4 00040000 00050002 2
1 4 00030000 00060003 F
2 4 00030001 00050003 9
3 4 00030002 00050004 9
16 4 00030010 00050012 3
17 4 00030010 00060013 F
18 4 00030011 00060013 D
70 4 00030046 00050047 1
156 4 0003009C 0005009E 3
157 4 0003009C 0006009F F
158 4 0004009D 0005009F 8
0 5 00050000 00060002 2
1 5 00040000 00070003 F
2 5 00040001 00060003 9
16 5 00050010 00060011 0
17 5 00040011 00060013 3
18 5 00050012 00060013 0
19 5 00050012 00070014 C
70 5 00050046 00060047 0
71 5 00050047 00060048 0
156 5 0005009C 0006009E 2
157 5 0004009C 0007009F F
158 5 0005009D 0006009F 8
0 6 00060000 00070002 2
1 6 00050000 00080003 F
2 6 00060001 00070003 8
18 6 00050012 00070013 1
19 6 00060013 00070014 0
20 6 00060014 00070015 0
21 6 00060015 00080016 4
71 6 00060047 00070048 0
72 6 00060048 00070049 0
156 6 0006009C 0007009E 2
157 6 0005009C 0008009F F
158 6 0006009D 0007009F 8
0 7 00070000 00080002 2
1 7 00060000 00090003 F
2 7 00070001 00080003 8
20 7 00060014 00080016 3
21 7 00070015 00080016 0
22 7 00070015 00090017 C
23 7 00070017 00090018 4
73 7 00070049 0008004A 0
156 7 0007009C 0008009E 2
157 7 0006009C 0009009F F
158 7 0007009D 0008009F 8
0 8 00080000 00090002 2
1 8 00070000 000A0003 F
2 8 00080001 00090003 8
21 8 00070015 00090017 3
22 8 00070016 00090018 3
23 8 00080016 000A0018 C
24 8 00080017 000A0019 C
73 8 00080049 0009004A 0
74 8 0008004A 0009004B 0
75 8 0008004B 0009004C 0
156 8 0008009C 0009009E 2
157 8 0007009C 000A009F F
158 8 0008009D 0009009F 8
0 9 00090000 000A0002 2
1 9 00080000 000B0003 F
2 9 00090001 000A0003 8
22 9 00080016 000A0017 1
23 9 00080017 000A0019 3
24 9 00090018 000A0019 0
25 9 00090018 000B001A C
26 9 0009001A 000B001B 4
74 9 0008004A 000A004C 3
75 9 0009004B 000A004C 0
156 9 0009009C 000A009E 2
157 9 0008009C 000B009F F
158 9 0009009D 000A009F 8
0 10 000A0000 000B0002 2
1 10 00090000 000C0003 F
2 10 000A0001 000B0003 8
24 10 00090018 000B001A 3
25 10 00090019 000B001B 3
26 10 000A0019 000C001B C
27 10 000A001A 000C001C C
75 10 000A004B 000B004C 0
76 10 000A004C 000B004D 0
156 10 000A009C 000B009E 2
157 10 0009009C 000C009F F
158 10 000A009D 000B009F 8
0 11 000B0000 000C0002 2
1 11 000A0000 000D0003 F
2 11 000B0001 000C0003 8
25 11 000A0019 000C001B 3
26 11 000A001A 000C001C 3
27 11 000B001A 000D001C C
28 11 000B001B 000D001D C
29 11 000B001D 000D001E 4
76 11 000B004C 000C004D 0
77 11 000B004D 000C004E 0
156 11 000B009C 000C009E 2
157 11 000A009C 000D009F F
158 11 000B009D 000C009F 8
0 12 000C0000 000D0002 2
1 12 000B0000 000E0003 F
2 12 000C0001 000D0003 8
26 12 000B001A 000D001B 1
27 12 000B001B 000D001D 3
28 12 000B001C 000D001E 3
29 12 000C001C 000E001E C
30 12 000C001D 000E001F C
77 12 000C004D 000D004E 0
78 12 000C004E 000D004F 0
79 12 000C004F 000D0050 0
156 12 000C009C 000D009E 2
157 12 000B009C 000E009F F
158 12 000C009D 000D009F 8
0 13 000D0000 000E0002 2
1 13 000C0000 000F0003 F
2 13 000D0001 000E0003 8
28 13 000C001C 000E001E 3
29 13 000C001D 000E001F 3
30 13 000D001D 000F001F C
31 13 000D001E 000F0020 C
78 13 000C004E 000E004F 1
79 13 000D004F 000E0050 0
156 13 000D009C 000E009E 2
157 13 000C009C 000F009F F
158 13 000D009D 000E009F 8
0 14 000E0000 000F0002 2
1 14 000D0000 00100003 F
2 14 000E0001 000F0003 8
29 14 000D001D 000F001E 1
30 14 000D001E 000F0020 3
31 14 000E001F 000F0020 0
32 14 000E001F 00100021 C
33 14 000E0021 00100022 4
82 14 000E0052 00100053 4
83 14 000E0053 00100054 4
156 14 000E009C 000F009E 2
157 14 000D009C 0010009F F
158 14 000E009D 000F009F 8
0 15 000F0000 00100002 2
1 15 000E0000 00110003 F
2 15 000F0001 00100003 8
31 15 000E001F 00100021 3
32 15 000E0020 00100022 3
33 15 000F0020 00110022 C
34 15 000F0021 00110023 C
81 15 000F0051 00110053 6
82 15 000F0052 00110054 6
83 15 000F0052 00110054 C
84 15 000F0053 00110055 C
156 15 000F009C 0010009E 2
157 15 000E009C 0011009F F
158 15 000F009D 0010009F 8
0 16 00100000 00110002 2
1 16 000F0000 00120003 F
2 16 00100001 00110003 8
32 16 000F0020 00110022 3
33 16 000F0021 00110023 3
34 16 00100021 00120023 C
35 16 00100022 00120024 C
80 16 00100050 00110052 2
81 16 00100051 00120053 6
82 16 000F0051 00120054 F
83 16 000F0052 00120055 F
84 16 00100053 00120055 C
85 16 00100054 00120056 C
156 16 0010009C 0011009E 2
157 16 000F009C 0012009F F
158 16 0010009D 0011009F 8
0 17 00110000 00120002 2
1 17 00100000 00130003 F
2 17 00110001 00120003 8
33 17 00100021 00120023 3
34 17 00100021 00130024 F
35 17 00110022 00130024 C
36 17 00110023 00130025 C
80 17 00110050 00120052 2
81 17 00100050 00130053 F
82 17 00100051 00130054 F
83 17 00100052 00120054 9
84 17 00100053 00120056 B
85 17 00110055 00120056 0
86 17 00110055 00120057 8
156 17 0011009C 0012009E 2
157 17 0010009C 0013009F F
158 17 0011009D 0012009F 8
0 18 00120000 00130002 2
1 18 00110000 00140003 F
2 18 00120001 00130003 8
33 18 00120021 00130022 0
34 18 00110022 00130024 3
35 18 00110023 00130025 3
36 18 00120023 00140025 C
37 18 00120024 00140026 C
38 18 00120026 00140027 4
80 18 00120050 00140052 6
81 18 00110050 00140053 F
82 18 00110051 00140054 F
83 18 00110052 00140054 D
85 18 00110055 00140057 7
86 18 00120055 00140057 C
156 18 0012009C 0013009E 2
157 18 0011009C 0014009F F
158 18 0012009D 0013009F 8
0 19 00130000 00140002 2
1 19 00120000 00150003 F
2 19 00130001 00140003 8
35 19 00120023 00140024 1
36 19 00120024 00140026 3
37 19 00120025 00140027 3
38 19 00130025 00150027 C
39 19 00130026 00150028 C
79 19 0013004F 00140051 2
80 19 00130050 00150052 6
81 19 00120050 00150053 F
82 19 00120051 00150054 F
83 19 00130052 00150054 C
84 19 00130053 00150056 E
85 19 00130055 00140056 0
86 19 00130055 00140057 8
87 19 00130057 00140058 0
156 19 0013009C 0014009E 2
157 19 0012009C 0015009F F
158 19 0013009D 0014009F 8
0 20 00140000 00150002 2
1 20 00130000 00160003 F
2 20 00140001 00150003 8
37 20 00130025 00150027 3
38 20 00130026 00150028 3
39 20 00140026 00160028 C
40 20 00140027 00160029 C
41 20 00140029 0016002A 4
79 20 0014004F 00150051 2
80 20 0013004F 00150051 9
81 20 00130050 00150052 9
82 20 00130052 00150053 1
83 20 00130053 00150055 3
84 20 00130054 00150056 3
85 20 00130054 00160056 D
87 20 00140057 00160058 4
88 20 00140057 00150059 8
156 20 0014009C 0015009E 2
157 20 0013009C 0016009F F
158 20 0014009D 0015009F 8
0 21 00150000 00160002 2
1 21 00140000 00170003 F
2 21 00150001 00160003 8
38 21 00140026 00160027 1
39 21 00140027 00160029 3
40 21 00140028 0016002A 3
41 21 00150028 0017002A C
42 21 00150029 0017002B C
79 21 0015004F 00160050 0
80 21 0014004F 00160051 9
84 21 00140054 00160055 1
85 21 00150055 00160056 0
86 21 00150056 00160057 0
87 21 00150057 00160058 0
88 21 00150058 00160059 0
156 21 0015009C 0016009E 2
157 21 0014009C 0017009F F
158 21 0015009D 0016009F 8
0 22 00160000 00170002 2
1 22 00150000 00180003 F
2 22 00160001 00170003 8
40 22 00150028 0017002A 3
41 22 00150029 0017002B 3
42 22 00160029 0018002B C
43 22 0016002A 0018002C C
78 22 0016004E 00170050 2
79 22 0016004F 00170050 0
89 22 00160059 0018005A 4
156 22 0016009C 0017009E 2
157 22 0015009C 0018009F F
158 22 0016009D 0017009F 8
0 23 00170000 00180002 2
1 23 00160000 00190003 F
2 23 00170001 00180003 8
41 23 00160029 0018002B 3
42 23 0016002A 0018002C 3
43 23 0017002A 0019002C C
44 23 0017002B 0019002D C
78 23 0017004E 0018004F 0
79 23 0017004E 00180050 8
88 23 00170058 0018005A 2
89 23 00170059 0018005A 0
90 23 00170059 0018005B 8
156 23 0017009C 0018009E 2
157 23 0016009C 0019009F F
158 23 0017009D 0018009F 8
0 24 00180000 00190002 2
1 24 00170000 001A0003 F
2 24 00180001 00190003 8
42 24 0017002A 0019002B 1
43 24 0017002B 0019002D 3
44 24 0018002C 0019002D 0
45 24 0018002C 001A002E C
77 24 0018004D 0019004F 2
78 24 0018004E 0019004F 0
89 24 00170059 0019005B 3
90 24 0018005A 0019005B 0
156 24 0018009C 0019009E 2
157 24 0017009C 001A009F F
158 24 0018009D 0019009F 8
0 25 00190000 001A0002 2
1 25 00180000 001B0003 F
2 25 00190001 001A0003 8
44 25 0018002C 001A002E 3
45 25 0019002D 001A002E 0
46 25 0019002D 001B002F C
47 25 0019002F 001B0030 4
77 25 0019004D 001A004E 0
78 25 0019004D 001A004F 8
90 25 0019005A 001A005B 0
91 25 0019005A 001A005C 8
156 25 0019009C 001A009E 2
157 25 0018009C 001B009F F
158 25 0019009D 001A009F 8
0 26 001A0000 001B0002 2
1 26 00190000 001C0003 F
2 26 001A0001 001B0003 8
45 26 0019002D 001B002F 3
46 26 0019002E 001B0030 3
47 26 001A002E 001C0030 C
48 26 001A002F 001C0031 C
76 26 001A004C 001B004E 2
77 26 001A004D 001B004E 0
90 26 001A005A 001B005C 2
91 26 001A005B 001B005C 0
156 26 001A009C 001B009E 2
157 26 0019009C 001C009F F
158 26 001A009D 001B009F 8
0 27 001B0000 001C0002 2
1 27 001A0000 001D0003 F
2 27 001B0001 001C0003 8
46 27 001A002E 001C0030 3
47 27 001A002F 001C0031 3
48 27 001B002F 001D0031 C
49 27 001B0030 001D0032 C
76 27 001B004C 001D004E 6
77 27 001B004C 001C004E 8
91 27 001B005B 001C005C 0
92 27 001B005C 001C005D 0
156 27 001B009C 001C009E 2
157 27 001A009C 001D009F F
158 27 001B009D 001C009F 8
0 28 001C0000 001D0002 2
1 28 001B0000 001E0003 F
2 28 001C0001 001D0003 8
47 28 001B002F 001D0030 1
48 28 001B0030 001D0031 1
49 28 001C0031 001D0032 0
50 28 001C0032 001D0033 0
75 28 001C004B 001D004D 2
76 28 001C004C 001D004D 0
77 28 001C004C 001D004E 8
92 28 001C005C 001D005D 0
93 28 001C005C 001E005E C
156 28 001C009C 001D009E 2
157 28 001B009C 001E009F F
158 28 001C009D 001D009F 8
0 29 001D0000 001E0002 2
1 29 001C0000 001F0003 F
2 29 001D0001 001E0003 8
50 29 001D0032 001E0033 0
51 29 001D0033 001E0034 0
52 29 001D0034 001F0035 4
75 29 001D004B 001F004D 6
76 29 001C004B 001E004D 9
92 29 001D005C 001E005D 0
93 29 001D005D 001E005E 0
94 29 001D005E 001E005F 0
95 29 001D005F 001E0060 0
156 29 001D009C 001E009E 2
157 29 001C009C 001F009F F
158 29 001D009D 001E009F 8
0 30 001E0000 001F0002 2
1 30 001D0000 00200003 F
2 30 001E0001 001F0003 8
51 30 001D0033 001F0035 3
52 30 001E0034 001F0035 0
53 30 001E0034 00200036 C
74 30 001E004A 001F004C 2
75 30 001E004B 001F004C 0
76 30 001E004B 001F004D 8
95 30 001E005F 001F0060 0
96 30 001E0060 001F0061 0
156 30 001E009C 001F009E 2
157 30 001D009C 0020009F F
158 30 001E009D 001F009F 8
0 31 001F0000 00200002 2
1 31 001E0000 00210003 F
2 31 001F0001 00200003 8
52 31 001E0034 00200036 3
53 31 001F0035 00200036 0
54 31 001F0035 00210037 C
74 31 001F004A 0020004B 0
75 31 001E004A 0020004C 9
96 31 001F0060 00200061 0
97 31 001F0061 00200062 0
156 31 001F009C 0020009E 2
157 31 001E009C 0021009F F
158 31 001F009D 0020009F 8
0 32 00200000 00210002 2
1 32 001F0000 00220003 F
2 32 00200001 00210003 8
53 32 001F0035 00210037 3
54 32 00200036 00210037 0
55 32 00200036 00220038 C
56 32 00200038 00220039 4
73 32 00200049 0021004B 2
74 32 0020004A 0021004B 0
97 32 00200061 00210062 0
98 32 00200061 00220063 C
156 32 0020009C 0021009E 2
157 32 001F009C 0022009F F
158 32 0020009D 0021009F 8
0 33 00210000 00220002 2
1 33 00200000 00230003 F
2 33 00210001 00220003 8
54 33 00200036 00220037 1
55 33 00200037 00220039 3
56 33 00210038 00220039 0
57 33 00210038 0023003A C
73 33 00210049 0022004A 0
74 33 00210049 0022004B 8
97 33 00210061 00220062 0
98 33 00210062 00220063 0
99 33 00210063 00220064 0
156 33 0021009C 0022009E 2
157 33 0020009C 0023009F F
158 33 0021009D 0022009F 8
0 34 00220000 00230002 2
1 34 00210000 00240003 F
2 34 00220001 00230003 8
56 34 00210038 0023003A 3
57 34 00220039 0023003A 0
58 34 00220039 0024003B C
72 34 00220048 0023004A 2
73 34 00220049 0023004A 0
99 34 00220063 00230064 0
156 34 0022009C 0023009E 2
157 34 0021009C 0024009F F
158 34 0022009D 0023009F 8
0 35 00230000 00240002 2
1 35 00220000 00250003 F
2 35 00230001 00240003 8
57 35 00220039 0024003A 1
58 35 0023003A 0024003B 0
59 35 0023003B 0024003C 0
60 35 0023003C 0025003D 4
72 35 00230048 00240049 0
73 35 00230048 0024004A 8
99 35 00230063 00240064 0
100 35 00230064 00240065 0
156 35 0023009C 0024009E 2
157 35 0022009C 0025009F F
158 35 0023009D 0024009F 8
0 36 00240000 00250002 2
1 36 00230000 00260003 F
2 36 00240001 00250003 8
59 36 0023003B 0025003C 1
60 36 0024003C 0025003D 0
61 36 0024003D 0025003E 0
71 36 00240047 00250049 2
72 36 00240048 00250049 0
100 36 00240064 00250065 0
101 36 00240065 00250066 0
156 36 0024009C 0025009E 2
157 36 0023009C 0026009F F
158 36 0024009D 0025009F 8
0 37 00250000 00260002 2
1 37 00240000 00270003 F
2 37 00250001 00260003 8
61 37 0025003D 0026003E 0
62 37 0025003E 0026003F 0
71 37 00250047 00260048 0
72 37 00250047 00260049 8
101 37 00250065 00260066 0
102 37 00250066 00260067 0
156 37 0025009C 0026009E 2
157 37 0024009C 0027009F F
158 37 0025009D 0026009F 8
0 38 00260000 00270002 2
1 38 00250000 00280003 F
2 38 00260001 00270003 8
62 38 0026003E 0027003F 0
63 38 0026003F 00270040 0
70 38 00260046 00280048 6
71 38 00260047 00270048 0
102 38 00260066 00270067 0
103 38 00260067 00270068 0
156 38 0026009C 0027009E 2
157 38 0025009C 0028009F F
158 38 0026009D 0027009F 8
0 39 00270000 00280002 2
1 39 00260000 00290003 F
2 39 00270001 00280003 8
63 39 0027003F 00280040 0
64 39 00270040 00280041 0
65 39 00270041 00280042 0
69 39 00270045 00280047 2
70 39 00270046 00280047 0
71 39 00270046 00280048 8
103 39 00270067 00280068 0
156 39 0027009C 0028009E 2
157 39 0026009C 0029009F F
158 39 0027009D 0028009F 8
0 40 00280000 00290002 2
1 40 00270000 002A0003 F
2 40 00280001 00290003 8
65 40 00280041 00290042 0
66 40 00280042 00290043 0
69 40 00280045 002A0047 6
70 40 00270045 00290047 9
103 40 00280067 00290068 0
104 40 00280068 00290069 0
156 40 0028009C 0029009E 2
157 40 0027009C 002A009F F
158 40 0028009D 0029009F 8
0 41 00290000 002A0002 2
1 41 00280000 002B0003 F
2 41 00290001 002A0003 8
66 41 00290042 002A0043 0
67 41 00290043 002A0044 0
68 41 00290044 002A0045 0
69 41 00290045 002A0047 2
70 41 00290046 002A0047 0
104 41 00290068 002A0069 0
105 41 00290069 002A006A 0
156 41 0029009C 002A009E 2
157 41 0028009C 002B009F F
158 41 0029009D 002A009F 8
0 42 002A0000 002B0002 2
1 42 00290000 002C0003 F
2 42 002A0001 002B0003 8
67 42 00290043 002B0044 1
68 42 00290044 002B0045 1
70 42 002A0046 002B0047 0
71 42 002A0046 002C0048 C
105 42 002A0069 002B006A 0
106 42 002A006A 002B006B 0
156 42 002A009C 002B009E 2
157 42 0029009C 002C009F F
158 42 002A009D 002B009F 8
0 43 002B0000 002C0002 2
1 43 002A0000 002D0003 F
2 43 002B0001 002C0003 8
70 43 002B0046 002C0048 2
71 43 002B0047 002C0048 0
72 43 002B0047 002D0049 C
106 43 002B006A 002C006B 0
156 43 002B009C 002C009E 2
157 43 002A009C 002D009F F
158 43 002B009D 002C009F 8
0 44 002C0000 002D0002 2
1 44 002B0000 002E0003 F
2 44 002C0001 002D0003 8
71 44 002B0047 002D0048 1
72 44 002C0048 002D0049 0
73 44 002C0049 002D004A 0
74 44 002C004A 002E004B 4
106 44 002C006A 002D006B 0
107 44 002C006B 002D006C 0
156 44 002C009C 002D009E 2
157 44 002B009C 002E009F F
158 44 002C009D 002D009F 8
0 45 002D0000 002E0002 2
1 45 002C0000 002F0003 F
2 45 002D0001 002E0003 8
73 45 002C0049 002E004A 1
74 45 002D004A 002E004B 0
75 45 002D004B 002E004C 0
107 45 002D006B 002E006C 0
108 45 002D006B 002E006D 8
156 45 002D009C 002E009E 2
157 45 002C009C 002F009F F
158 45 002D009D 002E009F 8
0 46 002E0000 002F0002 2
1 46 002D0000 00300003 F
2 46 002E0001 002F0003 8
75 46 002E004B 002F004C 0
76 46 002E004C 002F004D 0
103 46 002E0067 00300068 4
104 46 002E0068 002F0069 0
105 46 002E0069 002F006A 0
107 46 002E006B 002F006D 2
108 46 002E006B 002F006D 8
156 46 002E009C 002F009E 2
157 46 002D009C 0030009F F
158 46 002E009D 002F009F 8
0 47 002F0000 00300002 2
1 47 002E0000 00310003 F
2 47 002F0001 00310003 C
76 47 002F004C 0030004D 0
77 47 002F004D 0030004E 0
78 47 002F004E 0031004F 4
101 47 002F0065 00300066 0
102 47 002F0066 00300067 0
103 47 002F0067 00300068 0
104 47 002E0068 00300069 1
107 47 002F006B 0030006D 2
108 47 002F006B 0030006D 8
156 47 002F009C 0030009E 2
157 47 002E009C 0031009F F
158 47 002F009D 0030009F 8
0 48 00300000 00310002 2
1 48 002F0000 00320003 F
2 48 00300001 00320003 C
3 48 00300002 00310004 8
77 48 002F004D 0031004F 3
78 48 0030004E 0031004F 0
79 48 0030004E 00320050 C
97 48 00300061 00310062 0
107 48 0030006B 0031006D 2
108 48 0030006B 0031006D 8
156 48 0030009C 0031009E 2
157 48 002F009C 0032009F F
158 48 0030009D 0031009F 8
0 49 00310000 00320002 2
1 49 00300000 00330003 F
2 49 00300001 00320003 9
3 49 00310002 00320004 8
78 49 0030004E 0032004F 1
79 49 0031004F 00320050 0
80 49 00310050 00320051 0
97 49 00310061 00320062 0
107 49 0031006B 0032006D 2
108 49 0031006B 0032006D 8
156 49 0031009C 0032009E 2
157 49 0030009C 0033009F F
158 49 0031009D 0032009F 8
0 50 00320000 00330002 2
1 50 00310000 00340003 F
2 50 00310001 00330003 9
80 50 00320050 00330051 0
81 50 00320051 00330052 0
82 50 00320052 00340053 4
85 50 00320055 00340056 4
93 50 0032005D 0033005E 0
94 50 0032005E 0033005F 0
95 50 0032005F 00330060 0
107 50 0032006B 0033006D 2
108 50 0032006B 0033006D 8
156 50 0032009C 0033009E 2
157 50 0031009C 0034009F F
158 50 0032009D 0033009F 8
0 51 00330000 00340002 2
1 51 00320000 00350003 F
2 51 00330001 00340003 8
81 51 00320051 00340053 3
82 51 00330052 00340053 0
83 51 00330052 00350054 C
84 51 00330054 00350056 6
85 51 00330055 00350056 4
86 51 00330055 00340057 8
107 51 0033006B 0034006D 2
108 51 0033006C 0034006D 0
156 51 0033009C 0034009E 2
157 51 0032009C 0035009F F
158 51 0033009D 0034009F 8
0 52 00340000 00350002 2
1 52 00330000 00360003 F
2 52 00340001 00350003 8
82 52 00330052 00350054 3
83 52 00330053 00350055 3
84 52 00330053 00360056 F
85 52 00330054 00360057 F
86 52 00340055 00360057 C
108 52 0034006C 0035006D 0
156 52 0034009C 0035009E 2
157 52 0033009C 0036009F F
158 52 0034009D 0035009F 8
0 53 00350000 00360002 2
1 53 00340000 00370003 F
2 53 00350001 00360003 8
83 53 00340053 00360054 1
84 53 00340054 00360056 3
85 53 00340055 00360057 3
86 53 00350055 00360057 8
87 53 00350056 00360058 8
89 53 00350059 0036005A 0
90 53 0035005A 0036005B 0
108 53 0035006C 0036006D 0
109 53 0035006C 0037006E C
156 53 0035009C 0036009E 2
157 53 0034009C 0037009F F
158 53 0035009D 0036009F 8
0 54 00360000 00370002 2
1 54 00350000 00380003 F
2 54 00360001 00370003 8
85 54 00350055 00370057 3
86 54 00350055 00370057 9
89 54 00360059 0037005B 2
90 54 00360059 0037005B 8
108 54 0036006C 0037006E 2
109 54 0036006C 0038006E C
110 54 0036006D 0037006F 8
156 54 0036009C 0037009E 2
157 54 0035009C 0038009F F
158 54 0036009D 0037009F 8
0 55 00370000 00380002 2
1 55 00360000 00390003 F
2 55 00370001 00380003 8
82 55 00370052 00380053 0
85 55 00370055 00380056 0
86 55 00370055 00380057 8
89 55 00370059 0038005B 2
90 55 00370059 0038005B 8
108 55 0037006C 0039006E 6
109 55 0036006C 0038006E 9
110 55 0037006D 0038006F 8
123 55 0037007B 0039007C 4
124 55 0037007C 0038007D 0
156 55 0037009C 0038009E 2
157 55 0036009C 0039009F F
158 55 0037009D 0038009F 8
0 56 00380000 00390002 2
1 56 00370000 003A0003 F
2 56 00380001 00390003 8
82 56 00380052 00390053 0
85 56 00380055 00390056 0
89 56 00380059 0039005B 2
90 56 0038005A 0039005B 0
107 56 0038006B 003A006D 6
108 56 0038006C 0039006D 0
109 56 0037006C 0039006E 9
121 56 00380079 003A007A 4
122 56 0038007A 003A007C 6
123 56 0038007B 0039007C 0
124 56 0038007B 0039007D 8
156 56 0038009C 0039009E 2
157 56 0037009C 003A009F F
158 56 0038009D 0039009F 8
0 57 00390000 003A0002 2
1 57 00380000 003B0003 F
2 57 00390001 003A0003 8
82 57 00390052 003A0053 0
85 57 00390055 003A0056 0
90 57 0039005A 003A005B 0
103 57 00390067 003A0068 0
106 57 0039006A 003A006C 2
107 57 0039006B 003A006C 0
108 57 0038006B 003A006D 9
120 57 00390078 003A007A 2
121 57 00390079 003A007A 0
122 57 00380079 003A007B 9
123 57 0038007B 003A007C 1
156 57 0039009C 003A009E 2
157 57 0038009C 003B009F F
158 57 0039009D 003A009F 8
0 58 003A0000 003B0002 2
1 58 00390000 003C0003 F
2 58 003A0001 003B0003 8
81 58 003A0051 003B0053 2
82 58 003A0052 003B0053 0
84 58 003A0054 003B0056 2
85 58 003A0055 003B0056 0
90 58 003A005A 003B005B 0
91 58 003A005A 003B005C 8
103 58 003A0067 003B0068 0
106 58 003A006A 003B006B 0
107 58 0039006A 003B006C 9
120 58 003A0078 003B0079 0
121 58 00390078 003B007A 9
156 58 003A009C 003B009E 2
157 58 0039009C 003C009F F
158 58 003A009D 003B009F 8
0 59 003B0000 003C0002 2
1 59 003A0000 003D0003 F
2 59 003B0001 003C0003 8
81 59 003B0051 003C0052 0
82 59 003B0051 003C0053 8
84 59 003B0054 003C0055 0
85 59 003B0055 003C0056 0
90 59 003B005A 003C005C 2
91 59 003B005A 003C005C 8
105 59 003B0069 003C006A 0
106 59 003B006A 003C006B 0
117 59 003B0075 003C0076 0
118 59 003B0076 003D0077 4
119 59 003B0077 003C0078 0
120 59 003B0078 003C0079 0
156 59 003B009C 003C009E 2
157 59 003A009C 003D009F F
158 59 003B009D 003C009F 8
0 60 003C0000 003D0002 2
1 60 003B0000 003E0003 F
2 60 003C0001 003D0003 8
81 60 003C0051 003D0052 0
90 60 003C005A 003D005C 2
91 60 003C005A 003D005C 8
103 60 003C0067 003D0068 0
104 60 003C0068 003D006A 2
105 60 003C0069 003D006A 0
117 60 003C0075 003E0077 6
118 60 003B0075 003D0077 9
119 60 003B0076 003D0078 9
156 60 003C009C 003D009E 2
157 60 003B009C 003E009F F
158 60 003C009D 003D009F 8
0 61 003D0000 003E0002 2
1 61 003C0000 003F0003 F
2 61 003D0001 003E0003 8
81 61 003D0051 003E0052 0
84 61 003D0054 003E0055 0
85 61 003D0055 003E0056 0
90 61 003D005A 003E005C 2
91 61 003D005B 003E005C 0
104 61 003C0068 003E0069 1
105 61 003D0068 003E006A 8
115 61 003D0073 003F0074 4
116 61 003D0074 003F0076 6
117 61 003D0075 003E0076 0
118 61 003C0075 003E0077 9
156 61 003D009C 003E009E 2
157 61 003C009C 003F009F F
158 61 003D009D 003E009F 8
0 62 003E0000 003F0002 2
1 62 003D0000 00400003 F
2 62 003E0001 003F0003 8
81 62 003E0051 003F0052 0
82 62 003E0051 00400053 C
84 62 003E0054 003F0055 0
91 62 003E005B 003F005C 0
104 62 003E0068 003F0069 0
114 62 003E0072 00400074 6
115 62 003E0073 003F0074 0
116 62 003D0073 003F0075 9
117 62 003D0075 003F0076 1
156 62 003E009C 003F009E 2
157 62 003D009C 0040009F F
158 62 003E009D 003F009F 8
0 63 003F0000 00400002 2
1 63 003E0000 00410003 F
2 63 003F0001 00400003 8
81 63 003F0051 00400053 2
82 63 003F0051 00410053 C
83 63 003F0052 00400054 8
84 63 003F0054 00400055 0
91 63 003F005B 0040005C 0
92 63 003F005B 0040005D 8
103 63 003F0067 00400069 2
104 63 003F0068 00400069 0
113 63 003F0071 00410073 6
114 63 003F0072 00410074 6
115 63 003E0072 00400074 9
156 63 003F009C 0040009E 2
157 63 003E009C 0041009F F
158 63 003F009D 0040009F 8
0 64 00400000 00410002 2
1 64 003F0000 00420003 F
2 64 00400001 00410003 8
81 64 00400051 00410053 2
82 64 003F0051 00410053 9
83 64 003F0052 00410054 9
91 64 0040005B 0041005D 2
92 64 0040005C 0041005D 0
103 64 00400067 00410069 2
104 64 00400067 00410069 8
112 64 00400070 00420072 6
113 64 00400071 00410072 0
114 64 003F0071 00410073 9
115 64 00400073 00410074 0
129 64 00400081 00410082 0
156 64 0040009C 0041009E 2
157 64 003F009C 0042009F F
158 64 0040009D 0041009F 8
0 65 00410000 00420002 2
1 65 00400000 00430003 F
2 65 00410001 00420003 8
81 65 00410051 00420053 2
82 65 00400051 00420053 9
92 65 0041005C 0042005D 0
103 65 00410067 00420069 2
104 65 00410067 00430069 C
111 65 0041006F 00430071 6
112 65 00410070 00420071 0
113 65 00400070 00420072 9
128 65 00410080 00420081 0
129 65 00410081 00420082 0
138 65 0041008A 0043008B 4
156 65 0041009C 0042009E 2
157 65 0040009C 0043009F F
158 65 0041009D 0042009F 8
0 66 00420000 00430002 2
1 66 00410000 00440003 F
2 66 00420001 00430003 8
81 66 00420051 00430053 2
82 66 00420052 00430053 0
92 66 0042005C 0043005D 0
93 66 0042005C 0043005E 8
103 66 00420067 00430068 0
104 66 00420068 00430069 0
105 66 00420069 0043006A 0
106 66 0042006A 0044006B 4
108 66 0042006C 0044006D 4
109 66 0042006D 0044006E 4
110 66 0042006E 00440070 6
111 66 0042006F 00430070 0
112 66 0041006F 00430071 9
126 66 0042007E 0043007F 0
127 66 0042007F 00430080 0
128 66 00420080 00430081 0
135 66 00420087 00440088 4
136 66 00420088 00440089 4
137 66 00420089 0044008B 6
138 66 0042008A 0044008B 4
139 66 0042008A 0044008C C
140 66 0042008C 0043008D 0
156 66 0042009C 0043009E 2
157 66 0041009C 0044009F F
158 66 0042009D 0043009F 8
0 67 00430000 00440002 2
1 67 00420000 00450003 F
2 67 00430001 00440003 8
82 67 00430052 00440053 0
83 67 00430052 00440054 8
92 67 0043005C 0044005E 2
93 67 0043005C 0044005E 8
105 67 00420069 0044006B 3
106 67 0043006A 0044006B 0
107 67 0043006A 0045006D E
108 67 0043006C 0045006E 6
109 67 0042006C 0045006F F
110 67 0042006D 0044006F 9
111 67 0042006E 00440070 9
124 67 0043007C 0045007D 4
125 67 0043007D 0044007E 0
126 67 0043007E 0044007F 0
133 67 00430085 00440086 0
134 67 00430086 00440088 2
135 67 00430087 00440088 0
136 67 00420087 00440089 9
137 67 00420089 0044008A 1
138 67 0042008A 0044008C 3
139 67 0042008B 0044008D 3
140 67 0043008B 0045008D C
156 67 0043009C 0044009E 2
157 67 0042009C 0045009F F
158 67 0043009D 0044009F 8
0 68 00440000 00450002 2
1 68 00430000 00460003 F
2 68 00440001 00450003 8
82 68 00440052 00450054 2
83 68 00440052 00450054 8
92 68 0044005C 0045005E 2
93 68 0044005D 0045005E 0
106 68 0043006A 0045006C 3
107 68 0043006A 0046006D F
108 68 0043006B 0045006D 9
109 68 0043006C 0045006E 9
110 68 0043006E 0045006F 1
122 68 0044007A 0046007B 4
123 68 0044007B 0045007C 0
124 68 0044007C 0045007D 0
125 68 0043007D 0045007E 1
131 68 00440083 00450084 0
132 68 00440084 00450085 0
134 68 00430086 00450087 1
135 68 00430087 00450088 1
139 68 0043008B 0045008C 1
140 68 0044008C 0045008D 0
141 68 0044008D 0045008E 0
156 68 0044009C 0045009E 2
157 68 0043009C 0046009F F
158 68 0044009D 0045009F 8
0 69 00450000 00460002 2
1 69 00440000 00470003 F
2 69 00450001 00460003 8
82 69 00450052 00460054 2
83 69 00450052 00460054 8
93 69 0045005D 0046005E 0
106 69 0045006A 0046006C 2
107 69 0044006A 0046006C 9
108 69 0044006B 0046006D 9
121 69 00450079 0047007B 6
122 69 0045007A 0046007B 0
123 69 0044007A 0046007C 9
130 69 00450082 00460083 0
131 69 00450083 00460084 0
141 69 0045008D 0046008E 0
156 69 0045009C 0046009E 2
157 69 0044009C 0047009F F
158 69 0045009D 0046009F 8
0 70 00460000 00470002 2
1 70 00450000 00480003 F
2 70 00460001 00470003 8
82 70 00460052 00470054 2
83 70 00460053 00470054 0
106 70 0046006A 0047006B 0
107 70 0045006A 0047006C 9
120 70 00460078 0048007A 6
121 70 00460079 0047007A 0
122 70 00450079 0047007B 9
129 70 00460081 00470082 0
141 70 0046008D 0047008E 0
142 70 0046008D 0047008F 8
156 70 0046009C 0047009E 2
157 70 0045009C 0048009F F
158 70 0046009D 0047009F 8
0 71 00470000 00480002 2
1 71 00460000 00490003 F
2 71 00470001 00480003 8
83 71 00470053 00480054 0
84 71 00470053 00480055 8
105 71 00470069 0048006A 0
106 71 0047006A 0048006B 0
119 71 00470077 00480078 0
120 71 00470078 00480079 0
121 71 00460079 0048007A 1
127 71 0047007F 00480080 0
128 71 00470080 00480081 0
129 71 00470081 00480082 0
141 71 0047008D 0048008F 2
142 71 0047008D 0048008F 8
156 71 0047009C 0048009E 2
157 71 0046009C 0049009F F
158 71 0047009D 0048009F 8
0 72 00480000 00490002 2
1 72 00470000 004A0003 F
2 72 00480001 00490003 8
83 72 00480053 00490055 2
84 72 00480053 00490055 8
88 72 00480058 00490059 0
93 72 0048005D 0049005E 0
94 72 0048005E 0049005F 0
104 72 00480068 0049006A 2
105 72 00480069 0049006A 0
118 72 00480076 00490077 0
119 72 00480077 00490078 0
126 72 0048007E 0049007F 0
127 72 0048007F 00490080 0
141 72 0048008D 0049008F 2
142 72 0048008D 0049008F 8
156 72 0048009C 0049009E 2
157 72 0047009C 004A009F F
158 72 0048009D 0049009F 8
0 73 00490000 004A0002 2
1 73 00480000 004B0003 F
2 73 00490001 004A0003 8
83 73 00490053 004A0055 2
84 73 00490054 004A0055 0
88 73 00490058 004A0059 0
93 73 0049005D 004B005F 6
94 73 0049005D 004B005F C
104 73 00490068 004A0069 0
105 73 00490069 004A006A 0
116 73 00490074 004B0075 4
117 73 00490075 004A0076 0
118 73 00490076 004A0077 0
125 73 0049007D 004A007E 0
126 73 0049007E 004A007F 0
141 73 0049008D 004A008F 2
142 73 0049008D 004B008F C
156 73 0049009C 004A009E 2
157 73 0048009C 004B009F F
158 73 0049009D 004A009F 8
0 74 004A0000 004B0002 2
1 74 00490000 004C0003 F
2 74 004A0001 004B0003 8
84 74 004A0054 004B0055 0
85 74 004A0054 004B0056 8
92 74 004A005C 004C005E 6
93 74 004A005D 004C005F 6
94 74 004A005D 004C005F C
95 74 004A005E 004B0060 8
115 74 004A0073 004B0074 0
116 74 004A0074 004B0075 0
117 74 00490075 004B0076 1
123 74 004A007B 004C007C 4
124 74 004A007C 004B007D 0
125 74 004A007D 004B007E 0
141 74 004A008D 004C008F 6
142 74 004A008D 004C008F C
143 74 004A008E 004C0090 C
156 74 004A009C 004B009E 2
157 74 0049009C 004C009F F
158 74 004A009D 004B009F 8
0 75 004B0000 004C0002 2
1 75 004A0000 004D0003 F
2 75 004B0001 004C0003 8
84 75 004B0054 004C0056 2
85 75 004B0054 004D0056 C
91 75 004B005B 004D005D 6
92 75 004B005C 004C005D 0
93 75 004A005C 004C005F B
94 75 004A005E 004C0060 3
95 75 004B005E 004C0060 8
104 75 004B0068 004C0069 0
105 75 004B0069 004C006A 0
113 75 004B0071 004D0072 4
114 75 004B0072 004C0073 0
115 75 004B0073 004C0074 0
122 75 004B007A 004D007C 6
123 75 004B007B 004C007C 0
124 75 004A007B 004C007D 9
139 75 004B008B 004D008C 4
140 75 004B008C 004D008E 6
141 75 004B008D 004D008F 6
142 75 004A008D 004D0090 F
143 75 004B008E 004C0090 8
144 75 004B008F 004C0091 8
156 75 004B009C 004C009E 2
157 75 004A009C 004D009F F
158 75 004B009D 004C009F 8
0 76 004C0000 004D0002 2
1 76 004B0000 004E0003 F
2 76 004C0001 004D0003 8
84 76 004C0054 004D0056 2
85 76 004C0054 004E0056 C
86 76 004C0055 004E0057 C
89 76 004C0059 004E005A 4
90 76 004C005A 004D005B 0
91 76 004C005B 004D005C 0
92 76 004B005C 004D005D 1
94 76 004B005E 004D0060 3
95 76 004C005F 004D0060 0
105 76 004C0069 004D006A 0
106 76 004C0069 004E006B C
107 76 004C006B 004E006C 4
108 76 004C006C 004E006D 4
109 76 004C006D 004E006E 4
110 76 004C006E 004E006F 4
112 76 004C0070 004D0071 0
113 76 004C0071 004D0072 0
114 76 004B0072 004D0073 1
121 76 004C0079 004D007A 0
122 76 004C007A 004D007B 0
123 76 004B007B 004D007C 1
137 76 004C0089 004E008A 4
138 76 004C008A 004E008C 6
139 76 004C008B 004E008D 6
140 76 004B008B 004E008E F
141 76 004B008C 004D008E 9
142 76 004B008D 004D008F 9
143 76 004B008F 004D0090 1
156 76 004C009C 004D009E 2
157 76 004B009C 004E009F F
158 76 004C009D 004D009F 8
0 77 004D0000 004E0002 2
1 77 004C0000 004F0003 F
2 77 004D0001 004E0003 8
84 77 004D0054 004E0056 2
85 77 004C0055 004E0057 3
86 77 004D0055 004F0057 C
87 77 004D0056 004F0058 C
88 77 004D0058 004F005A 6
89 77 004D0059 004E005A 0
90 77 004C0059 004E005B 9
95 77 004D005F 004E0060 0
105 77 004D0069 004E006A 0
106 77 004C006A 004E006C 3
107 77 004C006B 004E006D 3
108 77 004C006B 004E006D 9
109 77 004C006C 004E006E 9
110 77 004D006E 004E006F 0
111 77 004D006F 004E0070 0
112 77 004D0070 004E0071 0
120 77 004D0078 004E0079 0
121 77 004D0079 004E007A 0
135 77 004D0087 004F0088 4
136 77 004D0088 004F008A 6
137 77 004D0089 004F008B 6
138 77 004C0089 004F008C F
139 77 004C008A 004E008C 9
140 77 004C008B 004E008D 9
141 77 004C008D 004E008E 1
156 77 004D009C 004E009E 2
157 77 004C009C 004F009F F
158 77 004D009D 004E009F 8
0 78 004E0000 004F0002 2
1 78 004D0000 00500003 F
2 78 004E0001 004F0003 8
85 78 004D0055 004F0056 1
86 78 004D0056 004F0057 1
87 78 004D0057 004F0059 3
88 78 004D0058 004F005A 3
89 78 004D0058 0050005A D
107 78 004D006B 004F006C 1
108 78 004D006C 004F006D 1
119 78 004E0077 004F0078 0
120 78 004E0078 004F0079 0
133 78 004E0085 00500086 4
134 78 004E0086 00500088 6
135 78 004E0087 004F0088 0
136 78 004D0087 004F0089 9
137 78 004D0089 004F008A 1
138 78 004D008A 004F008B 1
139 78 004D008B 004F008C 1
156 78 004E009C 004F009E 2
157 78 004D009C 0050009F F
158 78 004E009D 004F009F 8
0 79 004F0000 00500002 2
1 79 004E0000 00510003 F
2 79 004F0001 00500003 8
88 79 004E0058 00500059 1
89 79 004F0059 0050005A 0
90 79 004F005A 0050005B 0
132 79 004F0084 00510086 6
133 79 004F0085 00510087 6
134 79 004E0085 00500087 9
135 79 004E0086 00500088 9
156 79 004F009C 0050009E 2
157 79 004E009C 0051009F F
158 79 004F009D 0050009F 8
0 80 00500000 00510002 2
1 80 004F0000 00520003 F
2 80 00500001 00510003 8
90 80 0050005A 0051005B 0
91 80 0050005B 0051005C 0
92 80 0050005C 0051005D 0
115 80 00500073 00520074 4
116 80 00500074 00510075 0
131 80 00500083 00520085 6
132 80 00500084 00510085 0
133 80 004F0084 00510086 9
134 80 004F0086 00510087 1
156 80 0050009C 0051009E 2
157 80 004F009C 0052009F F
158 80 0050009D 0051009F 8
0 81 00510000 00520002 2
1 81 00500000 00530003 F
2 81 00510001 00520003 8
92 81 0051005C 0052005D 0
93 81 0051005D 0052005E 0
94 81 0051005E 0052005F 0
95 81 0051005F 00520060 0
114 81 00510072 00520073 0
115 81 00510073 00520074 0
116 81 00510074 00520075 0
129 81 00510081 00530082 4
130 81 00510082 00520083 0
131 81 00510083 00520084 0
132 81 00500084 00520085 1
156 81 0051009C 0052009E 2
157 81 0050009C 0053009F F
158 81 0051009D 0052009F 8
0 82 00520000 00530002 2
1 82 00510000 00540003 F
2 82 00520001 00530003 8
93 82 0051005D 0053005E 1
94 82 0051005E 0053005F 1
113 82 00520071 00530072 0
114 82 00520072 00530073 0
127 82 0052007F 00540080 4
128 82 00520080 00530081 0
129 82 00520081 00530082 0
130 82 00510082 00530083 1
156 82 0052009C 0053009E 2
157 82 0051009C 0054009F F
158 82 0052009D 0053009F 8
0 83 00530000 00540002 2
1 83 00520000 00550003 F
2 83 00530001 00540003 8
112 83 00530070 00540071 0
113 83 00530071 00540072 0
126 83 0053007E 00550080 6
127 83 0053007F 00540080 0
128 83 0052007F 00540081 9
156 83 0053009C 0054009E 2
157 83 0052009C 0055009F F
158 83 0053009D 0054009F 8
0 84 00540000 00550002 2
1 84 00530000 00560003 F
2 84 00540001 00550003 8
111 84 0054006F 00550070 0
112 84 00540070 00550071 0
125 84 0054007D 0055007E 0
126 84 0054007E 0055007F 0
127 84 0053007F 00550080 1
156 84 0054009C 0055009E 2
157 84 0053009C 0056009F F
158 84 0054009D 0055009F 8
0 85 00550000 00560002 2
1 85 00540000 00570003 F
2 85 00550001 00560003 8
110 85 0055006E 0056006F 0
111 85 0055006F 00560070 0
124 85 0055007C 0056007D 0
125 85 0055007D 0056007E 0
156 85 0055009C 0056009E 2
157 85 0054009C 0057009F F
158 85 0055009D 0056009F 8
0 86 00560000 00570002 2
1 86 00550000 00580003 F
2 86 00560001 00570003 8
94 86 0056005E 0057005F 0
109 86 0056006D 0057006F 2
110 86 0056006E 0057006F 0
122 86 0056007A 0057007B 0
123 86 0056007B 0057007C 0
124 86 0056007C 0057007D 0
140 86 0056008C 0058008D 4
141 86 0056008D 0057008E 0
156 86 0056009C 0057009E 2
157 86 0055009C 0058009F F
158 86 0056009D 0057009F 8
0 87 00570000 00580002 2
1 87 00560000 00590003 F
2 87 00570001 00580003 8
94 87 0057005E 0059005F 4
95 87 0057005E 00590060 C
109 87 0057006D 0058006F 2
110 87 0057006E 0058006F 0
121 87 00570079 0058007A 0
122 87 0057007A 0058007B 0
138 87 0057008A 0059008B 4
139 87 0057008B 0058008C 0
140 87 0057008C 0058008D 0
141 87 0057008D 0058008E 0
156 87 0057009C 0058009E 2
157 87 0056009C 0059009F F
158 87 0057009D 0058009F 8
0 88 00580000 00590002 2
1 88 00570000 005A0003 F
2 88 00580001 00590003 8
93 88 0058005D 0059005F 2
94 88 0058005E 00590060 2
95 88 0058005E 005A0060 C
96 88 0058005F 00590061 8
110 88 0058006E 0059006F 0
119 88 00580077 005A0078 4
120 88 00580078 00590079 0
121 88 00580079 0059007A 0
136 88 00580088 005A0089 4
137 88 00580089 0059008A 0
138 88 0058008A 0059008B 0
139 88 0057008B 0059008C 1
156 88 0058009C 0059009E 2
157 88 0057009C 005A009F F
158 88 0058009D 0059009F 8
0 89 00590000 005A0002 2
1 89 00580000 005B0003 F
2 89 00590001 005A0003 8
94 89 0058005E 005A0060 3
95 89 0058005E 005B0061 F
96 89 0059005F 005A0061 8
110 89 0059006E 005A006F 0
111 89 0059006F 005A0070 0
117 89 00590075 005B0076 4
118 89 00590076 005A0077 0
119 89 00590077 005A0078 0
120 89 00580078 005A0079 1
134 89 00590086 005B0087 4
135 89 00590087 005A0088 0
136 89 00590088 005A0089 0
137 89 00580089 005A008A 1
156 89 0059009C 005A009E 2
157 89 0058009C 005B009F F
158 89 0059009D 005A009F 8
0 90 005A0000 005B0002 2
1 90 00590000 005C0003 F
2 90 005A0001 005B0003 8
94 90 005A005E 005B0060 2
95 90 0059005F 005B0061 3
96 90 005A005F 005C0061 C
111 90 005A006F 005B0070 0
112 90 005A0070 005B0071 0
113 90 005A0071 005C0072 4
114 90 005A0072 005C0073 4
115 90 005A0073 005C0074 4
116 90 005A0074 005B0075 0
117 90 005A0075 005B0077 2
118 90 00590076 005B0077 1
132 90 005A0084 005C0085 4
133 90 005A0085 005B0086 0
134 90 005A0086 005B0087 0
135 90 00590087 005B0088 1
156 90 005A009C 005B009E 2
157 90 0059009C 005C009F F
158 90 005A009D 005B009F 8
0 91 005B0000 005C0002 2
1 91 005A0000 005D0003 F
2 91 005B0001 005C0003 8
95 91 005A005F 005C0061 3
96 91 005B005F 005D0061 C
97 91 005B0060 005C0062 8
112 91 005A0070 005C0071 1
113 91 005A0071 005C0072 1
114 91 005A0072 005C0073 1
115 91 005A0073 005C0074 1
116 91 005A0074 005C0075 1
118 91 005B0076 005C0077 0
130 91 005B0082 005D0083 4
131 91 005B0083 005C0084 0
132 91 005B0084 005C0085 0
133 91 005A0085 005C0086 1
156 91 005B009C 005C009E 2
157 91 005A009C 005D009F F
158 91 005B009D 005C009F 8
0 92 005C0000 005D0002 2
1 92 005B0000 005E0003 F
2 92 005C0001 005D0003 8
95 92 005C005F 005D0061 2
96 92 005B005F 005D0061 9
97 92 005C0060 005D0062 8
117 92 005C0075 005D0076 0
118 92 005C0076 005D0077 0
129 92 005C0081 005E0083 6
130 92 005C0082 005D0083 0
131 92 005B0082 005D0084 9
156 92 005C009C 005D009E 2
157 92 005B009C 005E009F F
158 92 005C009D 005D009F 8
0 93 005D0000 005E0002 2
1 93 005C0000 005F0003 F
2 93 005D0001 005E0003 8
95 93 005D005F 005E0061 2
96 93 005C005F 005E0061 9
116 93 005D0074 005E0076 2
117 93 005D0075 005E0076 0
128 93 005D0080 005F0082 6
129 93 005D0081 005E0082 0
130 93 005C0081 005E0083 9
156 93 005D009C 005E009E 2
157 93 005C009C 005F009F F
158 93 005D009D 005E009F 8
0 94 005E0000 005F0002 2
1 94 005D0000 00600003 F
2 94 005E0001 005F0003 8
95 94 005E005F 005F0061 2
96 94 005E005F 005F0061 8
116 94 005E0074 005F0076 2
117 94 005E0075 005F0076 0
126 94 005E007E 0060007F 4
127 94 005E007F 005F0080 0
128 94 005E0080 005F0081 0
129 94 005D0081 005F0082 1
156 94 005E009C 005F009E 2
157 94 005D009C 0060009F F
158 94 005E009D 005F009F 8
0 95 005F0000 00600002 2
1 95 005E0000 00610003 F
2 95 005F0001 00600003 8
95 95 005F005F 00600061 2
96 95 005F005F 00600061 8
100 95 005F0064 00600065 0
117 95 005F0075 00600076 0
118 95 005F0076 00600077 0
119 95 005F0077 00610078 4
120 95 005F0078 00610079 4
121 95 005F0079 0061007A 4
122 95 005F007A 0061007B 4
123 95 005F007B 0061007C 4
124 95 005F007C 0061007D 4
125 95 005F007D 0060007E 0
126 95 005F007E 0060007F 0
127 95 005E007F 00600080 1
156 95 005F009C 0060009E 2
157 95 005E009C 0061009F F
158 95 005F009D 0060009F 8
0 96 00600000 00610002 2
1 96 005F0000 00620003 F
2 96 00600001 00610003 8
95 96 0060005F 00610061 2
96 96 0060005F 00610061 8
100 96 00600064 00610065 0
118 96 005F0076 00610078 3
119 96 005F0077 00610079 3
120 96 005F0077 00610079 9
121 96 005F0078 0061007A 9
122 96 005F007A 0061007B 1
123 96 005F007B 0061007C 1
124 96 005F007C 0061007D 1
125 96 005F007D 0061007E 1
156 96 0060009C 0061009E 2
157 96 005F009C 0062009F F
158 96 0060009D 0061009F 8
0 97 00610000 00620002 2
1 97 00600000 00630003 F
2 97 00610001 00620003 8
95 97 0061005F 00620061 2
96 97 0061005F 00620061 8
119 97 00600077 00620078 1
120 97 00600078 00620079 1
156 97 0061009C 0062009E 2
157 97 0060009C 0063009F F
158 97 0061009D 0062009F 8
0 98 00620000 00630002 2
1 98 00610000 00640003 F
2 98 00620001 00630003 8
95 98 0062005F 00630061 2
96 98 0062005F 00630061 8
156 98 0062009C 0063009E 2
157 98 0061009C 0064009F F
158 98 0062009D 0063009F 8
0 99 00630000 00640002 2
1 99 00620000 00650003 F
2 99 00630001 00640003 8
95 99 0063005F 00640061 2
96 99 0063005F 00640061 8
146 99 00630092 00650093 4
147 99 00630093 00650094 4
148 99 00630094 00650095 4
156 99 0063009C 0064009E 2
157 99 0062009C 0065009F F
158 99 0063009D 0064009F 8
0 100 00640000 00650002 2
1 100 00630000 00660003 F
2 100 00640001 00650003 8
95 100 0064005F 00650061 2
96 100 0064005F 00650061 8
145 100 00640091 00650093 2
146 100 00640092 00660094 6
147 100 00630092 00660095 F
148 100 00640093 00660095 C
149 100 00640094 00650096 8
156 100 0064009C 0065009E 2
157 100 0063009C 0066009F F
158 100 0064009D 0065009F 8
0 101 00650000 00660002 2
1 101 00640000 00670003 F
2 101 00650001 00660003 8
95 101 0065005F 00660061 2
96 101 0065005F 00660061 8
121 101 00650079 0066007A 0
122 101 0065007A 0067007B 4
123 101 0065007B 0067007C 4
145 101 00650091 00670093 6
146 101 00640091 00670094 F
147 101 00640092 00660094 9
148 101 00640093 00660096 B
149 101 00650095 00660096 0
156 101 0065009C 0066009E 2
157 101 0064009C 0067009F F
158 101 0065009D 0066009F 8
0 102 00660000 00670002 2
1 102 00650000 00680003 F
2 102 00660001 00670003 8
95 102 0066005F 00670061 2
96 102 0066005F 00670061 8
121 102 00660079 0067007B 2
122 102 0065007A 0067007C 3
123 102 0066007A 0068007C C
124 102 0066007B 0068007D C
143 102 0066008F 00670090 0
144 102 00660090 00680092 6
145 102 00660091 00680093 6
146 102 00650091 00680094 F
147 102 00650092 00670094 9
149 102 00660095 00670096 0
150 102 00660095 00670097 8
156 102 0066009C 0067009E 2
157 102 0065009C 0068009F F
158 102 0066009D 0067009F 8
0 103 00670000 00680002 2
1 103 00660000 00690003 F
2 103 00670001 00680003 8
95 103 0067005F 00680060 0
96 103 00670060 00680061 0
122 103 0066007A 0068007C 3
123 103 0066007A 0068007C 9
124 103 0067007B 0068007D 8
125 103 0067007D 0068007E 0
126 103 0067007E 0069007F 4
127 103 0067007F 00690080 4
143 103 0067008F 00680091 2
144 103 00660090 00680092 3
145 103 00660090 00690093 F
146 103 00660091 00690094 F
147 103 00670092 00680094 8
149 103 00670095 00680097 2
150 103 00670095 00680097 8
156 103 0067009C 0068009E 2
157 103 0066009C 0069009F F
158 103 0067009D 0068009F 8
0 104 00680000 00690002 2
1 104 00670000 006A0003 F
2 104 00680001 00690003 8
122 104 0068007A 0069007C 2
123 104 0067007A 0069007C 9
125 104 0067007D 0069007F 3
126 104 0067007E 00690080 3
127 104 0068007E 006A0080 C
128 104 0068007F 006A0081 C
129 104 00680081 006A0082 4
144 104 00670090 00690092 3
145 104 00670090 006A0093 F
146 104 00670091 006A0094 F
147 104 00680092 00690094 8
149 104 00680095 00690096 0
150 104 00680096 00690097 0
156 104 0068009C 0069009E 2
157 104 0067009C 006A009F F
158 104 0068009D 0069009F 8
0 105 00690000 006A0002 2
1 105 00680000 006B0003 F
2 105 00690001 006A0003 8
104 105 00690068 006A0069 0
105 105 00690069 006A006A 0
122 105 0069007A 006A007C 2
123 105 0069007A 006A007C 8
126 105 0068007E 006A007F 1
127 105 0068007F 006A0080 1
128 105 00680080 006A0082 3
129 105 00690081 006A0082 0
130 105 00690081 006B0083 C
131 105 00690083 006B0084 4
144 105 00690090 006B0092 6
145 105 00680090 006B0093 F
146 105 00680091 006B0094 F
147 105 00690092 006A0094 8
156 105 0069009C 006A009E 2
157 105 0068009C 006B009F F
158 105 0069009D 006A009F 8
0 106 006A0000 006B0002 2
1 106 00690000 006C0003 F
2 106 006A0001 006B0003 8
97 106 006A0061 006B0062 0
98 106 006A0062 006B0063 0
104 106 006A0068 006B0069 0
105 106 006A0068 006B006A 8
122 106 006A007A 006B007C 2
123 106 006A007A 006B007C 8
129 106 00690081 006B0082 1
130 106 00690082 006B0084 3
131 106 006A0083 006B0084 0
132 106 006A0083 006C0085 C
133 106 006A0085 006C0086 4
134 106 006A0086 006C0087 4
143 106 006A008F 006B0091 2
144 106 006A0090 006B0091 0
145 106 00690090 006B0093 B
146 106 00690092 006B0094 3
147 106 006A0092 006B0094 8
156 106 006A009C 006B009E 2
157 106 0069009C 006C009F F
158 106 006A009D 006B009F 8
0 107 006B0000 006C0002 2
1 107 006A0000 006D0003 F
2 107 006B0001 006C0003 8
97 107 006B0061 006C0063 2
98 107 006B0061 006C0063 8
104 107 006B0068 006C0069 0
122 107 006B007A 006C007C 2
123 107 006B007A 006C007C 8
131 107 006A0083 006C0084 1
132 107 006A0084 006C0086 3
133 107 006A0085 006C0087 3
134 107 006B0085 006D0087 C
135 107 006B0086 006D0088 C
136 107 006B0088 006D0089 4
143 107 006B008F 006C0090 0
144 107 006A008F 006C0091 9
146 107 006A0092 006C0093 1
147 107 006B0092 006C0094 8
156 107 006B009C 006C009E 2
157 107 006A009C 006D009F F
158 107 006B009D 006C009F 8
0 108 006C0000 006D0002 2
1 108 006B0000 006E0003 F
2 108 006C0001 006D0003 8
97 108 006C0061 006D0063 2
98 108 006C0061 006D0063 8
104 108 006C0068 006D0069 0
122 108 006C007A 006D007C 2
123 108 006C007A 006D007C 8
133 108 006B0085 006D0086 1
134 108 006B0086 006D0088 3
135 108 006B0087 006D0089 3
136 108 006C0087 006E0089 C
137 108 006C0088 006E008A C
138 108 006C008A 006E008B 4
142 108 006C008E 006D0090 2
143 108 006C008F 006D0090 0
146 108 006C0092 006D0093 0
156 108 006C009C 006D009E 2
157 108 006B009C 006E009F F
158 108 006C009D 006D009F 8
0 109 006D0000 006E0002 2
1 109 006C0000 006F0003 F
2 109 006D0001 006E0003 8
97 109 006D0061 006E0063 2
98 109 006D0061 006E0063 8
103 109 006D0067 006E0069 2
104 109 006D0068 006E0069 0
122 109 006D007A 006E007C 2
123 109 006D007A 006E007C 8
135 109 006C0087 006E0088 1
136 109 006C0088 006E0089 1
137 109 006C0089 006E008B 3
138 109 006D008A 006E008B 0
139 109 006D008A 006F008C C
142 109 006D008E 006E008F 0
143 109 006D008E 006E0090 8
145 109 006D0091 006E0093 2
146 109 006D0092 006E0093 0
156 109 006D009C 006E009E 2
157 109 006C009C 006F009F F
158 109 006D009D 006E009F 8
0 110 006E0000 006F0002 2
1 110 006D0000 00700003 F
2 110 006E0001 006F0003 8
97 110 006E0061 006F0063 2
98 110 006E0061 006F0063 8
103 110 006E0067 006F0068 0
104 110 006E0067 006F0069 8
122 110 006E007A 006F007C 2
123 110 006E007A 006F007C 8
138 110 006D008A 006F008C 3
139 110 006E008B 006F008C 0
140 110 006E008B 0070008D C
141 110 006E008D 0070008F 6
142 110 006E008E 006F008F 0
145 110 006E0091 006F0093 2
146 110 006E0091 006F0093 8
156 110 006E009C 006F009E 2
157 110 006D009C 0070009F F
158 110 006E009D 006F009F 8
0 111 006F0000 00700002 2
1 111 006E0000 00710003 F
2 111 006F0001 00700003 8
16 111 006F0010 00700011 0
17 111 006F0011 00700012 0
69 111 006F0045 00710046 4
70 111 006F0046 00710047 4
71 111 006F0047 00710048 4
72 111 006F0048 00710049 4
73 111 006F0049 0071004A 4
74 111 006F004A 0071004B 4
75 111 006F004B 0071004C 4
76 111 006F004C 0071004D 4
77 111 006F004D 0071004E 4
78 111 006F004E 0071004F 4
79 111 006F004F 00710050 4
80 111 006F0050 00710051 4
81 111 006F0051 00710052 4
82 111 006F0052 00710053 4
97 111 006F0061 00700063 2
98 111 006F0061 00700063 8
102 111 006F0066 00700068 2
103 111 006F0067 00700068 0
122 111 006F007A 0070007B 0
123 111 006F007A 0070007C 8
139 111 006E008B 0070008D 3
140 111 006E008C 0070008E 3
141 111 006E008C 0070008E 9
142 111 006F008D 0070008F 8
145 111 006F0091 00700092 0
146 111 006F0091 00700093 8
156 111 006F009C 0070009E 2
157 111 006E009C 0071009F F
158 111 006F009D 0070009F 8
0 112 00700000 00710002 2
1 112 006F0000 00720003 F
2 112 00700001 00710003 8
16 112 00700010 00710011 0
17 112 00700011 00710012 0
65 112 00700041 00720042 4
67 112 00700043 00720044 4
68 112 00700044 00720046 6
69 112 00700045 00720047 6
70 112 006F0045 00710047 9
71 112 006F0046 00710048 9
72 112 006F0048 00710049 1
73 112 006F0049 0071004A 1
74 112 006F004A 0071004B 1
75 112 006F004B 0071004D 3
76 112 006F004C 0071004D 1
77 112 006F004C 0071004F B
78 112 006F004E 00710050 3
79 112 006F004E 00720051 F
80 112 006F004F 00720052 F
81 112 006F0050 00720053 F
82 112 00700051 00720053 C
83 112 00700052 00720054 C
84 112 00700054 00720055 4
85 112 00700055 00720056 4
86 112 00700056 00720057 4
87 112 00700057 00720058 4
88 112 00700058 00720059 4
89 112 00700059 0072005A 4
90 112 0070005A 0072005B 4
91 112 0070005B 0072005C 4
97 112 00700061 00710063 2
98 112 00700061 00710063 8
102 112 00700066 00720068 6
103 112 00700066 00710068 8
122 112 0070007A 0071007B 0
140 112 006F008C 0071008D 1
141 112 006F008C 0071008E 9
145 112 00700091 00710092 0
156 112 0070009C 0071009E 2
157 112 006F009C 0072009F F
158 112 0070009D 0071009F 8
0 113 00710000 00720002 2
1 113 00700000 00730003 F
2 113 00710001 00720003 8
64 113 00710040 00730042 6
65 113 00710041 00730042 4
66 113 00710041 00730044 E
67 113 00710043 00730045 6
68 113 00700043 00720045 9
69 113 00700044 00720046 9
70 113 00700046 00720047 1
76 113 0070004C 0072004D 1
78 113 0070004E 0072004F 1
79 113 0070004F 00720050 1
80 113 00700050 00720051 1
81 113 00700051 00720052 1
82 113 00700052 00720053 1
83 113 00700053 00720054 1
84 113 00700054 00720055 1
85 113 00700055 00720056 1
86 113 00700056 00720057 1
87 113 00700057 00720058 1
88 113 00700058 00720059 1
89 113 00700059 0072005B 3
90 113 0070005A 0072005C 3
91 113 0071005A 0073005C C
92 113 0071005B 0073005D C
93 113 0071005D 0073005E 4
94 113 0071005E 0073005F 4
95 113 0071005F 00730060 4
97 113 00710061 00730063 6
98 113 00710061 00720063 8
101 113 00710065 00730067 6
102 113 00710066 00720067 0
103 113 00710066 00720068 8
140 113 0071008C 0072008D 0
144 113 00710090 00720092 2
145 113 00710091 00720092 0
156 113 0071009C 0072009E 2
157 113 0070009C 0073009F F
158 113 0071009D 0072009F 8
0 114 00720000 00730002 2
1 114 00710000 00740003 F
2 114 00720001 00730003 8
15 114 0072000F 00730010 0
16 114 00720010 00730011 0
60 114 0072003C 0074003D 4
61 114 0072003D 0074003E 4
62 114 0072003E 0074003F 4
63 114 0072003F 00740041 6
64 114 00720040 00730041 0
65 114 00710040 00730042 9
66 114 00710042 00730043 1
67 114 00710043 00730044 1
68 114 00710044 00730045 1
90 114 0071005A 0073005B 1
91 114 0071005B 0073005C 1
92 114 0071005C 0073005D 1
93 114 0071005D 0073005E 1
94 114 0071005E 00730060 3
95 114 0072005F 00730060 0
96 114 0072005F 00740062 E
97 114 00720061 00740063 6
98 114 00720061 00740063 C
100 114 00720064 00740066 6
101 114 00720065 00730066 0
102 114 00710065 00730067 9
139 114 0072008B 0073008C 0
140 114 0072008C 0073008D 0
144 114 00720090 00730092 2
145 114 00720090 00730092 8
156 114 0072009C 0073009E 2
157 114 0071009C 0074009F F
158 114 0072009D 0073009F 8
0 115 00730000 00740002 2
1 115 00720000 00750003 F
2 115 00730001 00740003 8
15 115 0073000F 00740010 0
58 115 0073003A 0075003B 4
59 115 0073003B 0075003D 6
60 115 0073003C 0075003E 6
61 115 0072003C 0074003E 9
62 115 0072003D 0074003F 9
63 115 0072003F 00740040 1
64 115 00720040 00740041 1
95 115 0072005F 00740060 1
96 115 00720060 00740061 1
97 115 00720061 00740063 3
98 115 00730062 00740063 0
99 115 00730062 00750065 E
100 115 00730064 00740065 0
101 115 00720064 00740066 9
139 115 0073008B 0074008C 0
144 115 00730090 00740092 2
145 115 00730090 00740092 8
156 115 0073009C 0074009E 2
157 115 0072009C 0075009F F
158 115 0073009D 0074009F 8
0 116 00740000 00750002 2
1 116 00730000 00760003 F
2 116 00740001 00750003 8
14 116 0074000E 0075000F 0
15 116 0074000F 00750010 0
54 116 00740036 00760037 4
55 116 00740037 00760038 4
56 116 00740038 00760039 4
57 116 00740039 0076003B 6
58 116 0074003A 0075003B 0
59 116 0073003A 0075003C 9
60 116 0073003C 0075003D 1
61 116 0073003D 0075003E 1
98 116 00730062 00750063 1
99 116 00730063 00750064 1
100 116 00730064 00750065 1
138 116 0074008A 0075008B 0
139 116 0074008B 0075008C 0
144 116 00740090 00750091 0
145 116 00740090 00750092 8
156 116 0074009C 0075009E 2
157 116 0073009C 0076009F F
158 116 0074009D 0075009F 8
0 117 00750000 00760002 2
1 117 00740000 00770003 F
2 117 00750001 00760003 8
13 117 0075000D 0076000F 2
14 117 0075000E 0077000F 4
51 117 00750033 00770034 4
52 117 00750034 00770035 4
53 117 00750035 00770037 6
54 117 00750036 00760037 0
55 117 00740036 00760038 9
56 117 00740038 00760039 1
57 117 00740039 0076003A 1
58 117 0074003A 0076003B 1
138 117 0075008A 0076008B 0
144 117 00750090 00760091 0
156 117 0075009C 0076009E 2
157 117 0074009C 0077009F F
158 117 0075009D 0076009F 8
0 118 00760000 00770002 2
1 118 00750000 00780003 F
2 118 00760001 00770003 8
13 118 0076000D 0078000F 6
14 118 0076000D 0078000F C
15 118 0076000E 00780010 C
16 118 00760010 00780011 4
17 118 00760011 00780012 4
18 118 00760012 00780013 4
48 118 00760030 00780031 4
49 118 00760031 00780032 4
50 118 00760032 00780034 6
51 118 00760033 00780035 6
52 118 00750033 00770035 9
53 118 00750034 00770036 9
54 118 00750036 00770037 1
108 118 0076006C 0078006D 4
137 118 00760089 0077008B 2
138 118 0076008A 0077008B 0
143 118 0076008F 00770091 2
144 118 00760090 00770091 0
156 118 0076009C 0077009E 2
157 118 0075009C 0078009F F
158 118 0076009D 0077009F 8
0 119 00770000 00780002 2
1 119 00760000 00790003 F
2 119 00770001 00780003 8
12 119 0077000C 0078000E 2
13 119 0077000D 0078000E 0
14 119 0076000D 00780010 B
15 119 0076000F 00780011 3
16 119 0076000F 00790012 F
17 119 00760010 00790013 F
18 119 00770011 00790013 C
19 119 00770012 00790014 C
20 119 00770014 00790015 4
21 119 00770015 00790016 4
22 119 00770016 00790017 4
23 119 00770017 00790018 4
24 119 00770018 00790019 4
25 119 00770019 0079001A 4
26 119 0077001A 0079001B 4
27 119 0077001B 0079001C 4
28 119 0077001C 0079001D 4
29 119 0077001D 0079001E 4
30 119 0077001E 0079001F 4
31 119 0077001F 00790020 4
43 119 0077002B 0079002C 4
44 119 0077002C 0079002D 4
45 119 0077002D 0079002E 4
46 119 0077002E 0079002F 4
47 119 0077002F 00790031 6
48 119 00770030 00790032 6
49 119 00760030 00780032 9
50 119 00760031 00780033 9
51 119 00760033 00780034 1
52 119 00760034 00780035 1
105 119 00770069 0078006A 0
106 119 0077006A 0078006B 0
107 119 0077006B 0078006D 2
108 119 0077006C 0078006D 0
109 119 0077006C 0079006E C
110 119 0077006E 0078006F 0
113 119 00770071 00790072 4
114 119 00770072 00790073 4
115 119 00770073 00790074 4
116 119 00770074 00790075 4
117 119 00770075 00780076 0
137 119 00770089 0078008A 0
138 119 00770089 0078008B 8
143 119 0077008F 00780091 2
144 119 0077008F 00780091 8
156 119 0077009C 0078009E 2
157 119 0076009C 0079009F F
158 119 0077009D 0078009F 8
0 120 00780000 00790002 2
1 120 00770000 007A0003 F
2 120 00780001 00790003 8
12 120 0078000C 0079000E 2
13 120 0077000C 0079000E 9
15 120 0077000F 00790010 1
16 120 00770010 00790011 1
17 120 00770011 00790012 1
18 120 00770012 00790013 1
19 120 00770013 00790014 1
20 120 00770014 00790015 1
21 120 00770015 00790016 1
22 120 00770016 00790017 1
23 120 00770017 00790019 3
24 120 00770018 0079001A 3
25 120 00770018 007A001B F
26 120 00770019 007A001C F
27 120 0077001A 007A001D F
28 120 0077001B 007A001E F
29 120 0077001C 007A001F F
30 120 0077001D 007A0020 F
31 120 0078001E 007A0020 C
32 120 0078001F 007A0021 C
33 120 00780021 007A0022 4
34 120 00780022 007A0023 4
35 120 00780023 007A0024 4
38 120 00780026 007A0027 4
39 120 00780027 007A0028 4
40 120 00780028 007A0029 4
41 120 00780029 007A002A 4
42 120 0078002A 007A002C 6
43 120 0078002B 007A002D 6
44 120 0077002B 0079002D 9
45 120 0077002C 0079002E 9
46 120 0077002E 0079002F 1
47 120 0077002F 00790030 1
48 120 00770030 00790031 1
49 120 00770031 00790032 1
106 120 0077006A 0079006B 1
108 120 0077006C 0079006D 1
109 120 0077006D 0079006F 3
110 120 0078006E 0079006F 0
112 120 00780070 00790071 0
113 120 00780071 00790072 0
114 120 00770072 00790073 1
115 120 00770073 00790075 3
116 120 00770074 00790075 1
117 120 00780074 00790076 8
136 120 00780088 0079008A 2
137 120 00780089 0079008A 0
143 120 0078008F 00790091 2
144 120 0078008F 00790091 8
156 120 0078009C 0079009E 2
157 120 0077009C 007A009F F
158 120 0078009D 0079009F 8
0 121 00790000 007A0002 2
1 121 00780000 007B0003 F
2 121 00790001 007A0003 8
12 121 0079000C 007A000D 0
13 121 0079000C 007A000E 8
24 121 00780018 007A0019 1
25 121 00780019 007A001A 1
26 121 0078001A 007A001B 1
27 121 0078001B 007A001C 1
28 121 0078001C 007A001D 1
29 121 0078001D 007A001F 3
30 121 0078001E 007A0020 3
31 121 0078001E 007B0021 F
32 121 0078001F 007B0022 F
33 121 00780020 007B0023 F
34 121 00780021 007B0024 F
35 121 00790022 007B0024 C
36 121 00790023 007B0025 C
37 121 00790025 007B0027 6
38 121 00790026 007B0028 6
39 121 00780026 007B0029 F
40 121 00780027 007A0029 9
41 121 00780028 007A002A 9
42 121 0078002A 007A002B 1
43 121 0078002B 007A002C 1
44 121 0078002C 007A002D 1
110 121 0079006E 007A006F 0
111 121 0079006E 007B0071 E
112 121 00790070 007A0071 0
116 121 00780074 007A0075 1
136 121 00790088 007A008A 2
137 121 00790088 007A008A 8
143 121 0079008F 007A0090 0
144 121 0079008F 007A0091 8
156 121 0079009C 007A009E 2
157 121 0078009C 007B009F F
158 121 0079009D 007A009F 8
0 122 007A0000 007B0002 2
1 122 00790000 007C0003 F
2 122 007A0001 007B0003 8
11 122 007A000B 007B000D 2
12 122 007A000C 007B000D 0
20 122 007A0014 007C0015 4
21 122 007A0015 007C0016 4
22 122 007A0016 007C0017 4
23 122 007A0017 007C0018 4
30 122 0079001E 007C0020 7
31 122 0079001E 007C0021 F
32 122 0079001F 007C0022 F
33 122 00790020 007C0023 F
34 122 00790021 007B0023 9
35 122 00790022 007B0024 9
36 122 00790024 007B0025 1
37 122 00790025 007B0026 1
38 122 00790026 007B0027 1
39 122 00790027 007B0028 1
40 122 00790028 007B0029 1
110 122 007A006E 007C0070 6
111 122 0079006E 007B0070 9
112 122 007A006F 007B0071 8
136 122 007A0088 007B0089 0
137 122 007A0088 007B008A 8
143 122 007A008F 007B0090 0
156 122 007A009C 007B009E 2
157 122 0079009C 007C009F F
158 122 007A009D 007B009F 8
0 123 007B0000 007C0002 2
1 123 007A0000 007D0003 F
2 123 007B0001 007C0003 8
11 123 007B000B 007C000C 0
12 123 007B000B 007C000D 8
18 123 007B0012 007D0013 4
19 123 007B0013 007D0015 6
20 123 007B0014 007D0016 6
21 123 007A0014 007D0017 F
22 123 007A0015 007D0018 F
23 123 007B0016 007D0018 C
24 123 007B0017 007C0019 8
28 123 007B001C 007C001D 0
29 123 007B001D 007C001F 2
30 123 007B001E 007C001F 0
31 123 007A001E 007C0020 9
32 123 007A0020 007C0021 1
33 123 007A0021 007C0022 1
34 123 007A0022 007C0023 1
109 123 007B006D 007C006F 2
110 123 007B006E 007D0070 6
111 123 007A006E 007D0070 D
115 123 007B0073 007C0074 0
135 123 007B0087 007C0089 2
136 123 007B0088 007C0089 0
142 123 007B008E 007C0090 2
143 123 007B008F 007C0090 0
156 123 007B009C 007C009E 2
157 123 007A009C 007D009F F
158 123 007B009D 007C009F 8
0 124 007C0000 007D0002 2
1 124 007B0000 007E0003 F
2 124 007C0001 007D0003 8
10 124 007C000A 007D000C 2
11 124 007C000B 007D000C 0
16 124 007C0010 007D0011 0
17 124 007C0011 007E0013 6
18 124 007C0012 007E0014 6
19 124 007B0012 007E0015 F
20 124 007B0013 007E0016 F
21 124 007B0014 007E0017 F
22 124 007B0015 007D0017 9
23 124 007B0016 007D0018 9
24 124 007C0018 007D0019 0
29 124 007B001D 007D001E 1
30 124 007B001E 007D001F 1
109 124 007C006D 007E006F 6
110 124 007B006D 007E0070 F
111 124 007C006E 007E0070 C
112 124 007C006F 007E0071 C
113 124 007C0071 007E0072 4
114 124 007C0072 007D0073 0
115 124 007C0073 007D0074 0
135 124 007C0087 007D0089 2
136 124 007C0087 007D0089 8
142 124 007C008E 007D0090 2
143 124 007C008E 007D0090 8
156 124 007C009C 007D009E 2
157 124 007B009C 007E009F F
158 124 007C009D 007D009F 8
0 125 007D0000 007E0002 2
1 125 007C0000 007F0003 F
2 125 007D0001 007E0003 8
10 125 007D000A 007F000C 6
11 125 007D000A 007E000C 8
16 125 007D0010 007E0011 0
17 125 007C0011 007E0012 1
18 125 007C0012 007E0013 1
19 125 007C0013 007E0015 3
20 125 007C0014 007E0016 3
21 125 007C0014 007E0016 9
22 125 007C0015 007E0017 9
108 125 007D006C 007E006E 2
109 125 007D006D 007F006F 6
110 125 007C006D 007F0070 F
111 125 007C006E 007F0071 F
112 125 007C006F 007F0072 F
113 125 007C0070 007F0073 F
114 125 007C0071 007E0073 9
135 125 007D0087 007E0089 2
136 125 007D0087 007E0089 8
142 125 007D008E 007E0090 2
143 125 007D008E 007E0090 8
156 125 007D009C 007E009E 2
157 125 007C009C 007F009F F
158 125 007D009D 007E009F 8
0 126 007E0000 007F0002 2
1 126 007D0000 00800003 F
2 126 007E0001 007F0003 8
9 126 007E0009 007F000B 2
10 126 007E000A 007F000B 0
11 126 007E000A 007F000C 8
20 126 007D0014 007F0015 1
21 126 007D0015 007F0016 1
108 126 007E006C 007F006E 2
109 126 007D006C 0080006F F
110 126 007D006D 00800070 F
111 126 007D006E 00800071 F
112 126 007D006F 00800072 F
113 126 007D0070 007F0072 9
114 126 007E0071 007F0073 8
135 126 007E0087 007F0089 2
136 126 007E0087 007F0089 8
142 126 007E008E 007F008F 0
143 126 007E008E 007F0090 8
156 126 007E009C 007F009E 2
157 126 007D009C 0080009F F
158 126 007E009D 007F009F 8
0 127 007F0000 00800002 2
1 127 007E0000 00810003 F
2 127 007F0001 00800003 8
9 127 007F0009 0081000B 6
10 127 007E0009 0080000B 9
108 127 007F006C 0080006E 2
109 127 007E006C 0081006F F
110 127 007E006D 00810070 F
111 127 007E006E 00810071 F
112 127 007E006F 00810072 F
113 127 007E0070 00800072 9
135 127 007F0087 00800089 2
136 127 007F0087 00800089 8
142 127 007F008E 0080008F 0
156 127 007F009C 0080009E 2
157 127 007E009C 0081009F F
158 127 007F009D 0080009F 8
0 128 00800000 00810002 2
1 128 007F0000 00820003 F
2 128 00800001 00810003 8
8 128 00800008 0081000A 2
9 128 00800009 0081000A 0
10 128 00800009 0081000B 8
108 128 0080006C 0081006E 2
109 128 007F006D 0081006F 3
110 128 007F006D 00820070 F
111 128 007F006E 00820071 F
112 128 007F006F 00820072 F
113 128 00800070 00820072 C
135 128 00800087 00820089 6
136 128 00800087 00810089 8
141 128 0080008D 0081008F 2
142 128 0080008E 0081008F 0
156 128 0080009C 0081009E 2
157 128 007F009C 0082009F F
158 128 0080009D 0081009F 8
0 129 00810000 00820002 2
1 129 00800000 00830003 F
2 129 00810001 00830003 C
8 129 00810008 0082000A 2
9 129 00800008 0082000A 9
109 129 0080006D 0083006F 7
110 129 0080006D 00830070 F
111 129 0080006E 00830071 F
112 129 0080006F 00830072 F
113 129 00810070 00830072 C
114 129 00810071 00820073 8
134 129 00810086 00820088 2
135 129 00810087 00820089 2
136 129 00810087 00820089 8
141 129 0081008D 0082008F 2
142 129 0081008D 0082008F 8
156 129 0081009C 0082009E 2
157 129 0080009C 0083009F F
158 129 0081009D 0082009F 8
0 130 00820000 00830002 2
1 130 00810000 00840003 F
2 130 00820001 00840003 C
3 130 00820002 00830004 8
8 130 00820008 00830009 0
9 130 00820008 0083000A 8
108 130 0082006C 0083006E 2
109 130 0082006D 0084006F 6
110 130 0081006D 00840070 F
111 130 0081006E 00840071 F
112 130 0081006F 00840072 F
113 130 00810070 00840073 F
114 130 00820071 00830073 8
135 130 00810087 00830089 3
136 130 00820087 00830089 8
141 130 0082008D 0083008F 2
142 130 0082008D 0083008F 8
156 130 0082009C 0083009E 2
157 130 0081009C 0084009F F
158 130 0082009D 0083009F 8
0 131 00830000 00840002 2
1 131 00820000 00850003 F
2 131 00820001 00850004 F
3 131 00830002 00840004 8
7 131 00830007 00840009 2
8 131 00830008 00840009 0
108 131 0083006C 0084006E 2
109 131 0082006C 0085006F F
110 131 0082006D 00850070 F
111 131 0082006E 00850071 F
112 131 0082006F 00850072 F
113 131 00820070 00840072 9
114 131 00830071 00840073 8
135 131 00830087 00840089 2
136 131 00830087 00840089 8
141 131 0083008D 0084008F 2
142 131 0083008D 0084008F 8
156 131 0083009C 0084009E 2
157 131 0082009C 0085009F F
158 131 0083009D 0084009F 8
0 132 00840000 00850002 2
1 132 00830000 00860003 F
2 132 00830001 00860004 F
3 132 00840002 00850004 8
7 132 00840007 00850008 0
8 132 00840007 00850009 8
108 132 0084006C 0085006E 2
109 132 0083006C 0086006F F
110 132 0083006D 00860070 F
111 132 0083006E 00860071 F
112 132 0083006F 00860072 F
113 132 00830070 00850072 9
135 132 00840087 00850089 2
136 132 00840087 00850089 8
141 132 0084008D 0085008F 2
142 132 0084008D 0085008F 8
156 132 0084009C 0085009E 2
157 132 0083009C 0086009F F
158 132 0084009D 0085009F 8
0 133 00850000 00860002 2
1 133 00840000 00870003 F
2 133 00840001 00870004 F
3 133 00850002 00860004 8
6 133 00850006 00860008 2
7 133 00850007 00860008 0
108 133 0085006C 0086006E 2
109 133 0084006C 0087006F F
110 133 0084006D 00870070 F
111 133 0084006E 00870071 F
112 133 0084006F 00870072 F
113 133 00850070 00860072 8
135 133 00850087 00860089 2
136 133 00850087 00860089 8
141 133 0085008D 0086008F 2
142 133 0085008D 0086008F 8
156 133 0085009C 0086009E 2
157 133 0084009C 0087009F F
158 133 0085009D 0086009F 8
0 134 00860000 00870002 2
1 134 00850000 00880003 F
2 134 00850001 00880004 F
3 134 00860002 00870004 8
6 134 00860006 00870007 0
7 134 00860006 00870008 8
108 134 0086006C 0087006E 2
109 134 0085006C 0088006F F
110 134 0085006D 00880070 F
111 134 0085006E 00880071 F
112 134 0085006F 00870071 9
113 134 00860070 00870072 8
135 134 00860087 00870089 2
136 134 00860087 00870089 8
141 134 0086008D 0087008F 2
142 134 0086008D 0087008F 8
156 134 0086009C 0087009E 2
157 134 0085009C 0088009F F
158 134 0086009D 0087009F 8
0 135 00870000 00880002 2
1 135 00860000 00890003 F
2 135 00860001 00890004 F
3 135 00870002 00880004 8
5 135 00870005 00880007 2
6 135 00870006 00880007 0
108 135 0087006C 0089006E 6
109 135 0086006C 0089006F F
110 135 0086006D 00890070 F
111 135 0086006E 00890071 F
112 135 0086006F 00880071 9
135 135 00870087 00880089 2
136 135 00870087 00880089 8
141 135 0087008D 0088008F 2
142 135 0087008D 0088008F 8
156 135 0087009C 0088009E 2
157 135 0086009C 0089009F F
158 135 0087009D 0088009F 8
0 136 00880000 00890002 2
1 136 00870000 008A0003 F
2 136 00870001 008A0004 F
3 136 00880002 008A0004 C
5 136 00880005 00890006 0
6 136 00880005 00890007 8
107 136 0088006B 0089006D 2
108 136 0088006C 0089006E 2
109 136 0087006C 008A006F F
110 136 0087006D 008A0070 F
111 136 0087006E 008A0071 F
112 136 0088006F 00890071 8
135 136 00880087 00890089 2
136 136 00880087 00890089 8
141 136 0088008D 0089008F 2
142 136 0088008D 0089008F 8
156 136 0088009C 0089009E 2
157 136 0087009C 008A009F F
158 136 0088009D 0089009F 8
0 137 00890000 008A0002 2
1 137 00880000 008B0003 F
2 137 00880001 008B0004 F
3 137 00890002 008B0004 C
4 137 00890003 008B0006 E
5 137 00890005 008A0006 0
108 137 0088006C 008B006E 7
109 137 0088006C 008B006F F
110 137 0088006D 008B0070 F
111 137 0088006E 008B0071 F
112 137 0089006F 008A0071 8
135 137 00890087 008A0089 2
136 137 00890087 008A0089 8
141 137 0089008D 008A008F 2
142 137 0089008D 008A008F 8
156 137 0089009C 008A009E 2
157 137 0088009C 008B009F F
158 137 0089009D 008A009F 8
0 138 008A0000 008B0002 2
1 138 00890000 008C0003 F
2 138 00890001 008C0004 F
3 138 00890002 008C0005 F
4 138 00890003 008B0005 9
5 138 008A0004 008B0006 8
107 138 008A006B 008B006D 2
108 138 008A006C 008B006E 2
109 138 0089006C 008C006F F
110 138 0089006D 008C0070 F
111 138 0089006E 008C0071 F
112 138 008A006F 008B0071 8
135 138 008A0087 008B0089 2
136 138 008A0087 008B0089 8
141 138 008A008D 008B008F 2
142 138 008A008D 008B008F 8
156 138 008A009C 008B009E 2
157 138 0089009C 008C009F F
158 138 008A009D 008B009F 8
0 139 008B0000 008C0002 2
1 139 008A0000 008D0003 F
2 139 008A0001 008D0004 F
3 139 008A0002 008D0005 F
4 139 008A0003 008C0005 9
108 139 008A006C 008D006E 7
109 139 008A006C 008D006F F
110 139 008A006D 008D0070 F
111 139 008A006E 008D0071 F
112 139 008B006F 008C0071 8
135 139 008B0087 008C0089 2
136 139 008B0088 008C0089 0
141 139 008B008D 008C008F 2
142 139 008B008D 008C008F 8
156 139 008B009C 008C009E 2
157 139 008A009C 008D009F F
158 139 008B009D 008C009F 8
0 140 008C0000 008D0002 2
1 140 008B0000 008E0003 F
2 140 008B0001 008E0004 F
3 140 008B0002 008D0004 9
4 140 008C0003 008D0005 8
107 140 008C006B 008D006D 2
108 140 008C006C 008E006E 6
109 140 008B006C 008E006F F
110 140 008B006D 008E0070 F
111 140 008B006E 008E0071 F
112 140 008C006F 008D0071 8
136 140 008C0088 008D0089 0
141 140 008C008D 008D008F 2
142 140 008C008D 008D008F 8
156 140 008C009C 008D009E 2
157 140 008B009C 008E009F F
158 140 008C009D 008D009F 8
0 141 008D0000 008E0002 2
1 141 008C0000 008F0003 F
2 141 008C0001 008F0004 F
3 141 008C0002 008E0004 9
107 141 008D006B 008E006D 2
108 141 008C006B 008F006E F
109 141 008C006C 008F006F F
110 141 008C006D 008F0070 F
111 141 008C006E 008F0071 F
112 141 008D006F 008E0071 8
135 141 008D0087 008E0089 2
136 141 008D0088 008E0089 0
141 141 008D008D 008E008F 2
142 141 008D008D 008E008F 8
156 141 008D009C 008E009E 2
157 141 008C009C 008F009F F
158 141 008D009D 008E009F 8
0 142 008E0000 008F0002 2
1 142 008D0000 00900003 F
2 142 008D0001 00900004 F
3 142 008E0002 008F0004 8
107 142 008E006B 008F006D 2
108 142 008D006B 0090006E F
109 142 008D006C 0090006F F
110 142 008D006D 00900070 F
111 142 008D006E 00900071 F
112 142 008E006F 008F0071 8
136 142 008E0088 008F0089 0
141 142 008E008D 008F008F 2
142 142 008E008D 008F008F 8
156 142 008E009C 008F009E 2
157 142 008D009C 0090009F F
158 142 008E009D 008F009F 8
0 143 008F0000 00900002 2
1 143 008E0000 00910003 F
2 143 008E0001 00910004 F
3 143 008F0002 00900004 8
107 143 008F006B 0090006D 2
108 143 008E006B 0091006E F
109 143 008E006C 0091006F F
110 143 008E006D 00910070 F
111 143 008E006E 00910071 F
112 143 008F006F 00900071 8
141 143 008F008D 0090008F 2
142 143 008F008D 0090008F 8
156 143 008F009C 0090009E 2
157 143 008E009C 0091009F F
158 143 008F009D 0090009F 8
0 144 00900000 00910002 2
1 144 008F0000 00920003 F
2 144 008F0001 00920004 F
3 144 00900002 00920004 C
107 144 0090006B 0092006D 6
108 144 008F006B 0092006E F
109 144 008F006C 0092006F F
110 144 008F006D 00920070 F
111 144 008F006E 00920071 F
112 144 0090006F 00920071 C
136 144 00900088 00920089 4
137 144 00900089 0092008A 4
141 144 0090008D 0091008F 2
142 144 0090008D 0092008F C
156 144 0090009C 0092009E 6
157 144 008F009C 0092009F F
158 144 0090009D 0091009F 8
0 145 00910000 00920002 2
1 145 00900000 00930003 F
2 145 00900001 00930004 F
3 145 00910002 00930004 C
4 145 00910003 00930005 C
5 145 00910005 00930006 4
6 145 00910006 00930007 4
7 145 00910007 00930008 4
8 145 00910008 00930009 4
9 145 00910009 0093000A 4
10 145 0091000A 0093000B 4
11 145 0091000B 0093000C 4
12 145 0091000C 0093000D 4
13 145 0091000D 0093000E 4
14 145 0091000E 0093000F 4
15 145 0091000F 00930010 4
16 145 00910010 00930011 4
17 145 00910011 00930012 4
18 145 00910012 00930013 4
19 145 00910013 00930014 4
20 145 00910014 00930015 4
21 145 00910015 00930016 4
22 145 00910016 00930017 4
23 145 00910017 00930018 4
24 145 00910018 00930019 4
25 145 00910019 0093001A 4
26 145 0091001A 0093001B 4
27 145 0091001B 0093001C 4
28 145 0091001C 0093001D 4
29 145 0091001D 0093001E 4
30 145 0091001E 0093001F 4
31 145 0091001F 00930020 4
32 145 00910020 00930021 4
33 145 00910021 00930022 4
34 145 00910022 00930023 4
35 145 00910023 00930024 4
36 145 00910024 00930025 4
37 145 00910025 00930026 4
38 145 00910026 00930027 4
39 145 00910027 00930028 4
40 145 00910028 00930029 4
41 145 00910029 0093002A 4
42 145 0091002A 0093002B 4
43 145 0091002B 0093002C 4
44 145 0091002C 0093002D 4
45 145 0091002D 0093002E 4
46 145 0091002E 0093002F 4
47 145 0091002F 00930030 4
48 145 00910030 00930031 4
49 145 00910031 00930032 4
50 145 00910032 00930033 4
51 145 00910033 00930034 4
52 145 00910034 00930035 4
53 145 00910035 00930036 4
54 145 00910036 00930037 4
55 145 00910037 00930038 4
56 145 00910038 00930039 4
57 145 00910039 0093003A 4
58 145 0091003A 0093003B 4
59 145 0091003B 0093003C 4
60 145 0091003C 0093003D 4
61 145 0091003D 0093003E 4
62 145 0091003E 0093003F 4
63 145 0091003F 00930040 4
64 145 00910040 00930041 4
65 145 00910041 00930042 4
66 145 00910042 00930043 4
67 145 00910043 00930044 4
68 145 00910044 00930045 4
69 145 00910045 00930046 4
70 145 00910046 00930047 4
71 145 00910047 00930048 4
72 145 00910048 00930049 4
73 145 00910049 0093004A 4
74 145 0091004A 0093004B 4
75 145 0091004B 0093004C 4
76 145 0091004C 0093004D 4
77 145 0091004D 0093004E 4
78 145 0091004E 0093004F 4
79 145 0091004F 00930050 4
80 145 00910050 00930051 4
81 145 00910051 00930052 4
82 145 00910052 00930053 4
83 145 00910053 00930054 4
84 145 00910054 00930055 4
85 145 00910055 00930056 4
86 145 00910056 00930057 4
87 145 00910057 00930058 4
88 145 00910058 00930059 4
89 145 00910059 0093005A 4
90 145 0091005A 0093005B 4
91 145 0091005B 0093005C 4
92 145 0091005C 0093005D 4
93 145 0091005D 0093005E 4
94 145 0091005E 0093005F 4
95 145 0091005F 00930060 4
96 145 00910060 00930061 4
97 145 00910061 00930062 4
98 145 00910062 00930063 4
99 145 00910063 00930064 4
100 145 00910064 00930065 4
101 145 00910065 00930066 4
102 145 00910066 00930067 4
103 145 00910067 00930068 4
104 145 00910068 00930069 4
105 145 00910069 0093006A 4
106 145 0091006A 0093006C 6
107 145 0091006B 0093006D 6
108 145 0090006B 0093006E F
109 145 0090006C 0093006F F
110 145 0090006D 00930070 F
111 145 0090006E 00930071 F
112 145 0091006F 00930071 C
113 145 00910070 00930072 C
114 145 00910072 00930073 4
115 145 00910073 00930074 4
116 145 00910074 00930075 4
117 145 00910075 00930076 4
118 145 00910076 00930077 4
119 145 00910077 00930078 4
120 145 00910078 00930079 4
121 145 00910079 0093007A 4
122 145 0091007A 0093007B 4
123 145 0091007B 0093007C 4
124 145 0091007C 0093007D 4
125 145 0091007D 0093007E 4
126 145 0091007E 0093007F 4
127 145 0091007F 00930080 4
128 145 00910080 00930081 4
129 145 00910081 00930082 4
130 145 00910082 00930083 4
131 145 00910083 00930084 4
132 145 00910084 00930085 4
133 145 00910085 00930086 4
134 145 00910086 00930087 4
135 145 00910087 00930089 6
136 145 00910088 0093008A 6
137 145 00910088 0093008A C
138 145 00910089 0093008B C
139 145 0091008B 0093008C 4
141 145 0091008D 0093008F 6
142 145 0091008D 0093008F C
143 145 0091008E 00930090 C
144 145 00910090 00930091 4
145 145 00910091 00930092 4
146 145 00910092 00930093 4
147 145 00910093 00930094 4
148 145 00910094 00930095 4
149 145 00910095 00930096 4
150 145 00910096 00930097 4
151 145 00910097 00930098 4
152 145 00910098 00930099 4
153 145 00910099 0093009A 4
154 145 0091009A 0093009B 4
155 145 0091009B 0093009D 6
156 145 0091009C 0093009E 6
157 145 0090009C 0093009F F
158 145 0091009D 0092009F 8
0 146 00920000 00930002 2
1 146 00910001 00930003 3
2 146 00910001 00940004 F
3 146 00910002 00940005 F
4 146 00910003 00940006 F
5 146 00910004 00940007 F
6 146 00910005 00940008 F
7 146 00910006 00940009 F
8 146 00910007 0094000A F
9 146 00910008 0094000B F
10 146 00910009 0094000C F
11 146 0091000A 0094000D F
12 146 0091000B 0094000E F
13 146 0091000C 0094000F F
14 146 0091000D 00940010 F
15 146 0091000E 00940011 F
16 146 0091000F 00940012 F
17 146 00910010 00940013 F
18 146 00910011 00940014 F
19 146 00910012 00940015 F
20 146 00910013 00940016 F
21 146 00910014 00940017 F
22 146 00910015 00940018 F
23 146 00910016 00940019 F
24 146 00910017 0094001A F
25 146 00910018 0094001B F
26 146 00910019 0094001C F
27 146 0091001A 0094001D F
28 146 0091001B 0094001E F
29 146 0091001C 0094001F F
30 146 0091001D 00940020 F
31 146 0091001E 00940021 F
32 146 0091001F 00940022 F
33 146 00910020 00940023 F
34 146 00910021 00940024 F
35 146 00910022 00940025 F
36 146 00910023 00940026 F
37 146 00910024 00940027 F
38 146 00910025 00940028 F
39 146 00910026 00940029 F
40 146 00910027 0094002A F
41 146 00910028 0094002B F
42 146 00910029 0094002C F
43 146 0091002A 0094002D F
44 146 0091002B 0094002E F
45 146 0091002C 0094002F F
46 146 0091002D 00940030 F
47 146 0091002E 00940031 F
48 146 0091002F 00940032 F
49 146 00910030 00940033 F
50 146 00910031 00940034 F
51 146 00910032 00940035 F
52 146 00910033 00940036 F
53 146 00910034 00940037 F
54 146 00910035 00940038 F
55 146 00910036 00940039 F
56 146 00910037 0094003A F
57 146 00910038 0094003B F
58 146 00910039 0094003C F
59 146 0091003A 0094003D F
60 146 0091003B 0094003E F
61 146 0091003C 0094003F F
62 146 0091003D 00940040 F
63 146 0091003E 00940041 F
64 146 0091003F 00940042 F
65 146 00910040 00940043 F
66 146 00910041 00940044 F
67 146 00910042 00940045 F
68 146 00910043 00940046 F
69 146 00910044 00940047 F
70 146 00910045 00940048 F
71 146 00910046 00940049 F
72 146 00910047 0094004A F
73 146 00910048 0094004B F
74 146 00910049 0094004C F
75 146 0091004A 0094004D F
76 146 0091004B 0094004E F
77 146 0091004C 0094004F F
78 146 0091004D 00940050 F
79 146 0091004E 00940051 F
80 146 0091004F 00940052 F
81 146 00910050 00940053 F
82 146 00910051 00940054 F
83 146 00910052 00940055 F
84 146 00910053 00940056 F
85 146 00910054 00940057 F
86 146 00910055 00940058 F
87 146 00910056 00940059 F
88 146 00910057 0094005A F
89 146 00910058 0094005B F
90 146 00910059 0094005C F
91 146 0091005A 0094005D F
92 146 0091005B 0094005E F
93 146 0091005C 0094005F F
94 146 0091005D 00940060 F
95 146 0091005E 00940061 F
96 146 0091005F 00940062 F
97 146 00910060 00940063 F
98 146 00910061 00940064 F
99 146 00910062 00940065 F
100 146 00910063 00940066 F
101 146 00910064 00940067 F
102 146 00910065 00940068 F
103 146 00910066 00940069 F
104 146 00910067 0094006A F
105 146 00910068 0094006B F
106 146 00910069 0094006C F
107 146 0091006A 0094006D F
108 146 0091006B 0094006E F
109 146 0091006C 0094006F F
110 146 0091006D 00940070 F
111 146 0091006E 00940071 F
112 146 0091006F 00940072 F
113 146 00910070 00940073 F
114 146 00910071 00940074 F
115 146 00910072 00940075 F
116 146 00910073 00940076 F
117 146 00910074 00940077 F
118 146 00910075 00940078 F
119 146 00910076 00940079 F
120 146 00910077 0094007A F
121 146 00910078 0094007B F
122 146 00910079 0094007C F
123 146 0091007A 0094007D F
124 146 0091007B 0094007E F
125 146 0091007C 0094007F F
126 146 0091007D 00940080 F
127 146 0091007E 00940081 F
128 146 0091007F 00940082 F
129 146 00910080 00940083 F
130 146 00910081 00940084 F
131 146 00910082 00940085 F
132 146 00910083 00940086 F
133 146 00910084 00940087 F
134 146 00910085 00940088 F
135 146 00910086 00940089 F
136 146 00910087 0094008A F
137 146 00910088 0094008B F
138 146 00910089 0094008C F
139 146 0092008A 0094008C C
140 146 0092008B 0094008E E
141 146 0092008D 0094008F 6
142 146 0091008D 00940090 F
143 146 0091008E 00940091 F
144 146 0091008F 00940092 F
145 146 00910090 00940093 F
146 146 00910091 00940094 F
147 146 00910092 00940095 F
148 146 00910093 00940096 F
149 146 00910094 00940097 F
150 146 00910095 00940098 F
151 146 00910096 00940099 F
152 146 00910097 0094009A F
153 146 00910098 0094009B F
154 146 00910099 0094009C F
155 146 0091009A 0094009D F
156 146 0091009B 0094009E F
157 146 0091009C 0094009F F
158 146 0092009D 0093009F 8
1 147 00920001 00940002 1
2 147 00920002 00940003 1
3 147 00920003 00940004 1
4 147 00920004 00940005 1
5 147 00920005 00940006 1
6 147 00920006 00940007 1
7 147 00920007 00940008 1
8 147 00920008 00940009 1
9 147 00920009 0094000A 1
10 147 0092000A 0094000B 1
11 147 0092000B 0094000C 1
12 147 0092000C 0094000D 1
13 147 0092000D 0094000E 1
14 147 0092000E 0094000F 1
15 147 0092000F 00940010 1
16 147 00920010 00940011 1
17 147 00920011 00940012 1
18 147 00920012 00940013 1
19 147 00920013 00940014 1
20 147 00920014 00940015 1
21 147 00920015 00940016 1
22 147 00920016 00940017 1
23 147 00920017 00940018 1
24 147 00920018 00940019 1
25 147 00920019 0094001A 1
26 147 0092001A 0094001B 1
27 147 0092001B 0094001C 1
28 147 0092001C 0094001D 1
29 147 0092001D 0094001E 1
30 147 0092001E 0094001F 1
31 147 0092001F 00940020 1
32 147 00920020 00940021 1
33 147 00920021 00940022 1
34 147 00920022 00940023 1
35 147 00920023 00940024 1
36 147 00920024 00940025 1
37 147 00920025 00940026 1
38 147 00920026 00940027 1
39 147 00920027 00940028 1
40 147 00920028 00940029 1
41 147 00920029 0094002A 1
42 147 0092002A 0094002B 1
43 147 0092002B 0094002C 1
44 147 0092002C 0094002D 1
45 147 0092002D 0094002E 1
46 147 0092002E 0094002F 1
47 147 0092002F 00940030 1
48 147 00920030 00940031 1
49 147 00920031 00940032 1
50 147 00920032 00940033 1
51 147 00920033 00940034 1
52 147 00920034 00940035 1
53 147 00920035 00940036 1
54 147 00920036 00940037 1
55 147 00920037 00940038 1
56 147 00920038 00940039 1
57 147 00920039 0094003A 1
58 147 0092003A 0094003B 1
59 147 0092003B 0094003C 1
60 147 0092003C 0094003D 1
61 147 0092003D 0094003E 1
62 147 0092003E 0094003F 1
63 147 0092003F 00940040 1
64 147 00920040 00940041 1
65 147 00920041 00940042 1
66 147 00920042 00940043 1
67 147 00920043 00940044 1
68 147 00920044 00940045 1
69 147 00920045 00940046 1
70 147 00920046 00940047 1
71 147 00920047 00940048 1
72 147 00920048 00940049 1
73 147 00920049 0094004A 1
74 147 0092004A 0094004B 1
75 147 0092004B 0094004C 1
76 147 0092004C 0094004D 1
77 147 0092004D 0094004E 1
78 147 0092004E 0094004F 1
79 147 0092004F 00940050 1
80 147 00920050 00940051 1
81 147 00920051 00940052 1
82 147 00920052 00940053 1
83 147 00920053 00940054 1
84 147 00920054 00940055 1
85 147 00920055 00940056 1
86 147 00920056 00940057 1
87 147 00920057 00940058 1
88 147 00920058 00940059 1
89 147 00920059 0094005A 1
90 147 0092005A 0094005B 1
91 147 0092005B 0094005C 1
92 147 0092005C 0094005D 1
93 147 0092005D 0094005E 1
94 147 0092005E 0094005F 1
95 147 0092005F 00940060 1
96 147 00920060 00940061 1
97 147 00920061 00940062 1
98 147 00920062 00940063 1
99 147 00920063 00940064 1
100 147 00920064 00940065 1
101 147 00920065 00940066 1
102 147 00920066 00940067 1
103 147 00920067 00940068 1
104 147 00920068 00940069 1
105 147 00920069 0094006A 1
106 147 0092006A 0094006B 1
107 147 0092006B 0094006C 1
108 147 0092006C 0094006D 1
109 147 0092006D 0094006E 1
110 147 0092006E 0094006F 1
111 147 0092006F 00940070 1
112 147 00920070 00940071 1
113 147 00920071 00940072 1
114 147 00920072 00940073 1
115 147 00920073 00940074 1
116 147 00920074 00940075 1
117 147 00920075 00940076 1
118 147 00920076 00940077 1
119 147 00920077 00940078 1
120 147 00920078 00940079 1
121 147 00920079 0094007A 1
122 147 0092007A 0094007B 1
123 147 0092007B 0094007C 1
124 147 0092007C 0094007D 1
125 147 0092007D 0094007E 1
126 147 0092007E 0094007F 1
127 147 0092007F 00940080 1
128 147 00920080 00940081 1
129 147 00920081 00940082 1
130 147 00920082 00940083 1
131 147 00920083 00940084 1
132 147 00920084 00940085 1
133 147 00920085 00940086 1
134 147 00920086 00940087 1
135 147 00920087 00940088 1
136 147 00920088 00940089 1
137 147 00920089 0094008A 1
138 147 0092008A 0094008B 1
139 147 0092008B 0094008C 1
140 147 0092008C 0094008D 1
141 147 0092008D 0094008E 1
142 147 0092008E 0094008F 1
143 147 0092008F 00940090 1
144 147 00920090 00940091 1
145 147 00920091 00940092 1
146 147 00920092 00940093 1
147 147 00920093 00940094 1
148 147 00920094 00940095 1
149 147 00920095 00940096 1
150 147 00920096 00940097 1
151 147 00920097 00940098 1
152 147 00920098 00940099 1
153 147 00920099 0094009A 1
154 147 0092009A 0094009B 1
155 147 0092009B 0094009C 1
156 147 0092009C 0094009D 1
157 147 0092009D 0094009E 1
158 147 0093009E 0094009F 0
