image: 000000147328 (640x480)
layer0: 1.06487ms
layer1: 13.708627ms
layer2: 507.203µs
layer3: 237.456µs
layer4: 345.84µs
layer5: 3.316419ms
total: 24.284841ms

image: 000000414738 (640x573)
layer0: 1.228117ms
layer1: 9.107796ms
layer2: 563.959µs
layer3: 461.748µs
layer4: 255.279µs
layer5: 3.190262ms
total: 19.504423ms

image: 000000281563 (500x332)
layer0: 737.525µs
layer1: 5.967418ms
layer2: 214.793µs
layer3: 135.585µs
layer4: 72.085µs
layer5: 2.958937ms
total: 13.134529ms

image: 000000063879 (640x365)
layer0: 404.229µs
layer1: 6.574308ms
layer2: 203.693µs
layer3: 222.428µs
layer4: 135.294µs
layer5: 2.97656ms
total: 14.123005ms

image: 000000531349 (640x640)
layer0: 1.444623ms
layer1: 9.900766ms
layer2: 545.945µs
layer3: 268.404µs
layer4: 334.137µs
layer5: 5.112102ms
total: 23.262391ms

image: 000000340329 (640x480)
layer0: 843.875µs
layer1: 8.081108ms
layer2: 420.921µs
layer3: 249.97µs
layer4: 256.051µs
layer5: 3.24285ms
total: 17.785083ms

image: 000000182236 (640x480)
layer0: 1.070911ms
layer1: 8.248391ms
layer2: 577.354µs
layer3: 277.01µs
layer4: 262.924µs
layer5: 3.357416ms
total: 18.786825ms

image: 000000326820 (548x640)
layer0: 1.439785ms
layer1: 10.232248ms
layer2: 502.884µs
layer3: 220.474µs
layer4: 175.891µs
layer5: 3.677046ms
total: 22.066114ms

image: 000000149364 (640x410)
layer0: 1.156011ms
layer1: 8.356174ms
layer2: 389.171µs
layer3: 231.004µs
layer4: 254.598µs
layer5: 3.564424ms
total: 19.703717ms

image: 000000166598 (480x640)
layer0: 1.211105ms
layer1: 8.681415ms
layer2: 290.726µs
layer3: 167.995µs
layer4: 158.638µs
layer5: 3.59422ms
total: 18.015116ms

image: 000000424792 (640x487)
layer0: 617.69µs
layer1: 9.890056ms
layer2: 585.249µs
layer3: 285.577µs
layer4: 124.364µs
layer5: 4.393141ms
total: 20.890285ms

image: 000000178388 (640x480)
layer0: 1.264776ms
layer1: 9.261815ms
layer2: 354.826µs
layer3: 246.312µs
layer4: 91.813µs
layer5: 3.330846ms
total: 18.972244ms

image: 000000568154 (427x640)
layer0: 883.489µs
layer1: 8.50296ms
layer2: 436.941µs
layer3: 248.086µs
layer4: 254.909µs
layer5: 3.571158ms
total: 19.072211ms

image: 000000268150 (640x480)
layer0: 1.257151ms
layer1: 9.164041ms
layer2: 479.09µs
layer3: 278.573µs
layer4: 149.33µs
layer5: 3.329504ms
total: 18.787085ms

image: 000000138473 (427x640)
layer0: 530.467µs
layer1: 8.995546ms
layer2: 303.711µs
layer3: 197.571µs
layer4: 114.414µs
layer5: 3.642281ms
total: 19.898463ms

image: 000000382699 (500x375)
layer0: 837.453µs
layer1: 6.607269ms
layer2: 290.716µs
layer3: 152.637µs
layer4: 102.944µs
layer5: 3.008491ms
total: 15.042422ms

image: 000000493952 (640x427)
layer0: 842.843µs
layer1: 8.890127ms
layer2: 385.333µs
layer3: 250.13µs
layer4: 248.307µs
layer5: 3.480406ms
total: 19.505966ms

image: 000000348522 (640x426)
layer0: 634.622µs
layer1: 7.835627ms
layer2: 286.448µs
layer3: 158.828µs
layer4: 105.689µs
layer5: 3.133335ms
total: 16.451058ms

image: 000000066862 (640x480)
layer0: 918.215µs
layer1: 8.752088ms
layer2: 339.097µs
layer3: 266.851µs
layer4: 146.205µs
layer5: 3.211152ms
total: 18.631794ms

image: 000000024457 (640x429)
layer0: 506.902µs
layer1: 8.219557ms
layer2: 274.575µs
layer3: 411.263µs
layer4: 147.748µs
layer5: 3.266074ms
total: 16.759547ms

image: 000000160437 (640x480)
layer0: 1.020096ms
layer1: 9.106664ms
layer2: 333.356µs
layer3: 244.169µs
layer4: 147.126µs
layer5: 3.48726ms
total: 18.921799ms

image: 000000487414 (640x425)
layer0: 1.056865ms
layer1: 8.13523ms
layer2: 388.77µs
layer3: 303.169µs
layer4: 217.909µs
layer5: 3.172919ms
total: 17.611418ms

image: 000000329541 (480x640)
layer0: 1.088464ms
layer1: 8.628596ms
layer2: 313.619µs
layer3: 249.519µs
layer4: 143.35µs
layer5: 3.544948ms
total: 18.047106ms

image: 000000092064 (640x427)
layer0: 1.242554ms
layer1: 9.035591ms
layer2: 368.021µs
layer3: 237.757µs
layer4: 248.416µs
layer5: 3.265664ms
total: 18.256519ms

image: 000000281262 (640x478)
layer0: 492.495µs
layer1: 8.189511ms
layer2: 253.496µs
layer3: 158.978µs
layer4: 220.604µs
layer5: 3.2481ms
total: 16.371167ms

image: 000000145337 (640x480)
layer0: 846.48µs
layer1: 8.741047ms
layer2: 300.655µs
layer3: 162.515µs
layer4: 87.855µs
layer5: 3.622304ms
total: 18.40597ms

image: 000000372147 (427x640)
layer0: 495.821µs
layer1: 8.151079ms
layer2: 360.807µs
layer3: 238.669µs
layer4: 143.76µs
layer5: 3.29592ms
total: 17.270597ms

image: 000000559184 (640x597)
layer0: 1.131935ms
layer1: 10.404782ms
layer2: 410.802µs
layer3: 285.406µs
layer4: 264.056µs
layer5: 3.221942ms
total: 20.955128ms

image: 000000511141 (640x426)
layer0: 1.018303ms
layer1: 7.552165ms
layer2: 333.076µs
layer3: 251.442µs
layer4: 135.054µs
layer5: 2.936275ms
total: 15.826666ms

image: 000000228974 (640x425)
layer0: 1.154799ms
layer1: 7.962976ms
layer2: 351.521µs
layer3: 239.62µs
layer4: 143.67µs
layer5: 3.17849ms
total: 16.942642ms

image: 000000092658 (426x640)
layer0: 1.045294ms
layer1: 7.85843ms
layer2: 235.141µs
layer3: 237.947µs
layer4: 152.136µs
layer5: 3.217032ms
total: 16.76086ms

image: 000000528299 (640x480)
layer0: 587.113µs
layer1: 8.110493ms
layer2: 357.552µs
layer3: 264.126µs
layer4: 146.185µs
layer5: 3.003451ms
total: 16.28731ms

image: 000000494811 (640x360)
layer0: 365.035µs
layer1: 6.578075ms
layer2: 253.877µs
layer3: 133.421µs
layer4: 85.471µs
layer5: 3.089883ms
total: 14.021225ms

image: 000000063873 (640x551)
layer0: 898.126µs
layer1: 9.959947ms
layer2: 352.011µs
layer3: 259.498µs
layer4: 263.074µs
layer5: 3.427186ms
total: 19.570516ms

image: 000000156073 (640x480)
layer0: 1.110416ms
layer1: 8.149967ms
layer2: 318.067µs
layer3: 250.801µs
layer4: 144.381µs
layer5: 3.026384ms
total: 16.979911ms

image: 000000406342 (425x640)
layer0: 578.035µs
layer1: 7.841218ms
layer2: 346.451µs
layer3: 228.85µs
layer4: 137.408µs
layer5: 2.982742ms
total: 16.394381ms

image: 000000126288 (481x640)
layer0: 1.072354ms
layer1: 8.235908ms
layer2: 302.758µs
layer3: 261.081µs
layer4: 250.871µs
layer5: 2.996889ms
total: 17.040996ms

image: 000000550547 (640x480)
layer0: 587.965µs
layer1: 9.209126ms
layer2: 392.087µs
layer3: 235.672µs
layer4: 252.243µs
layer5: 4.73815ms
total: 20.013008ms

image: 000000420414 (640x480)
layer0: 1.266118ms
layer1: 9.298303ms
layer2: 424.808µs
layer3: 270.588µs
layer4: 248.196µs
layer5: 3.273558ms
total: 19.948166ms

image: 000000240755 (640x480)
layer0: 832.794µs
layer1: 9.459837ms
layer2: 594.016µs
layer3: 256.041µs
layer4: 270.869µs
layer5: 3.633314ms
total: 20.004202ms

image: 000000218357 (480x640)
layer0: 1.275115ms
layer1: 10.997656ms
layer2: 287.32µs
layer3: 162.986µs
layer4: 118.593µs
layer5: 2.776705ms
total: 19.394246ms

image: 000000209073 (480x640)
layer0: 501.592µs
layer1: 8.630029ms
layer2: 329.779µs
layer3: 256.812µs
layer4: 139.342µs
layer5: 3.845092ms
total: 18.786234ms

image: 000000250607 (480x640)
layer0: 509.257µs
layer1: 9.570796ms
layer2: 619.513µs
layer3: 466.767µs
layer4: 278.052µs
layer5: 4.263066ms
total: 21.848836ms

image: 000000327818 (640x427)
layer0: 834.177µs
layer1: 10.72868ms
layer2: 586.582µs
layer3: 323.678µs
layer4: 346.842µs
layer5: 4.247498ms
total: 22.951958ms

image: 000000175111 (640x478)
layer0: 1.42123ms
layer1: 12.023482ms
layer2: 580.01µs
layer3: 326.383µs
layer4: 249.389µs
layer5: 4.396648ms
total: 26.230586ms

image: 000000242755 (464x640)
layer0: 1.01714ms
layer1: 10.402187ms
layer2: 548.229µs
layer3: 220.945µs
layer4: 251.051µs
layer5: 3.309646ms
total: 21.740492ms

image: 000000236173 (450x350)
layer0: 354.726µs
layer1: 6.380354ms
layer2: 397.307µs
layer3: 210.264µs
layer4: 127.68µs
layer5: 3.717091ms
total: 17.612119ms

image: 000000460918 (364x640)
layer0: 1.299782ms
layer1: 9.715838ms
layer2: 395.403µs
layer3: 202.981µs
layer4: 213µs
layer5: 4.669911ms
total: 23.097461ms

image: 000000029716 (480x640)
layer0: 1.476583ms
layer1: 11.421362ms
layer2: 492.976µs
layer3: 369.084µs
layer4: 253.947µs
layer5: 4.122262ms
total: 23.507802ms

image: 000000572289 (640x427)
layer0: 1.206326ms
layer1: 10.77115ms
layer2: 536.918µs
layer3: 332.574µs
layer4: 228.429µs
layer5: 4.438316ms
total: 25.179562ms

image: 000000181356 (500x375)
layer0: 982.796µs
layer1: 8.94489ms
layer2: 423.505µs
layer3: 235.422µs
layer4: 302.448µs
layer5: 4.228923ms
total: 19.582269ms

image: 000000554271 (427x640)
layer0: 1.279774ms
layer1: 11.850387ms
layer2: 510.499µs
layer3: 323.898µs
layer4: 681.81µs
layer5: 4.54163ms
total: 28.110767ms

image: 000000117770 (480x360)
layer0: 988.126µs
layer1: 6.752943ms
layer2: 241.493µs
layer3: 136.036µs
layer4: 97.964µs
layer5: 2.717383ms
total: 14.380039ms

image: 000000483760 (640x426)
layer0: 872.678µs
layer1: 8.054347ms
layer2: 323.447µs
layer3: 231.665µs
layer4: 246.033µs
layer5: 2.798797ms
total: 17.262983ms

image: 000000318929 (640x480)
layer0: 949.233µs
layer1: 8.0235ms
layer2: 278.644µs
layer3: 260.92µs
layer4: 147.948µs
layer5: 2.796722ms
total: 16.327687ms

image: 000000265544 (640x640)
layer0: 1.102411ms
layer1: 10.280359ms
layer2: 358.043µs
layer3: 253.586µs
layer4: 173.676µs
layer5: 3.533146ms
total: 20.166096ms

image: 000000302823 (640x478)
layer0: 485.431µs
layer1: 8.467373ms
layer2: 316.214µs
layer3: 162.936µs
layer4: 136.607µs
layer5: 3.329283ms
total: 16.900352ms

image: 000000205477 (640x427)
layer0: 1.280485ms
layer1: 8.561129ms
layer2: 358.824µs
layer3: 145.623µs
layer4: 112.842µs
layer5: 3.698076ms
total: 19.687948ms

image: 000000353536 (640x443)
layer0: 1.409748ms
layer1: 11.326113ms
layer2: 584.608µs
layer3: 330.6µs
layer4: 205.055µs
layer5: 5.129394ms
total: 26.57369ms

image: 000000352660 (640x480)
layer0: 1.522379ms
layer1: 10.667115ms
layer2: 381.347µs
layer3: 211.758µs
layer4: 238.218µs
layer5: 4.958673ms
total: 23.75696ms

image: 000000260566 (500x334)
layer0: 1.029383ms
layer1: 8.549447ms
layer2: 335.51µs
layer3: 145.213µs
layer4: 188.554µs
layer5: 4.281782ms
total: 19.424663ms

image: 000000351903 (480x640)
layer0: 814.36µs
layer1: 10.143321ms
layer2: 562.366µs
layer3: 335.841µs
layer4: 347.062µs
layer5: 5.200387ms
total: 23.517951ms

image: 000000038226 (640x426)
layer0: 1.122148ms
layer1: 9.241457ms
layer2: 291.307µs
layer3: 140.544µs
layer4: 81.563µs
layer5: 3.166678ms
total: 17.952608ms

image: 000000096539 (640x480)
layer0: 933.493µs
layer1: 8.605683ms
layer2: 416.262µs
layer3: 243.648µs
layer4: 142.037µs
layer5: 3.059316ms
total: 17.57024ms

image: 000000580121 (640x354)
layer0: 374.743µs
layer1: 6.376577ms
layer2: 239.239µs
layer3: 390.283µs
layer4: 127.089µs
layer5: 2.756026ms
total: 13.531846ms

image: 000000340218 (477x558)
layer0: 427.523µs
layer1: 7.905197ms
layer2: 244.79µs
layer3: 391.576µs
layer4: 134.122µs
layer5: 3.036974ms
total: 15.896857ms

image: 000000175102 (640x480)
layer0: 1.185697ms
layer1: 8.558434ms
layer2: 250.54µs
layer3: 381.857µs
layer4: 340.119µs
layer5: 4.005162ms
total: 18.712025ms

image: 000000033300 (427x640)
layer0: 469.743µs
layer1: 7.595797ms
layer2: 333.145µs
layer3: 255.36µs
layer4: 280.086µs
layer5: 2.972152ms
total: 16.417355ms

image: 000000090488 (640x427)
layer0: 782.79µs
layer1: 7.392614ms
layer2: 273.073µs
layer3: 180.529µs
layer4: 94.758µs
layer5: 4.452542ms
total: 16.864123ms

image: 000000155782 (500x375)
layer0: 860.646µs
layer1: 6.519344ms
layer2: 285.596µs
layer3: 152.126µs
layer4: 112.902µs
layer5: 3.020894ms
total: 14.680483ms

image: 000000568878 (480x640)
layer0: 651.894µs
layer1: 8.679722ms
layer2: 337.924µs
layer3: 240.592µs
layer4: 169.809µs
layer5: 3.030722ms
total: 17.566633ms

image: 000000527480 (640x360)
layer0: 990.951µs
layer1: 6.730171ms
layer2: 211.197µs
layer3: 112.601µs
layer4: 92.344µs
layer5: 2.622335ms
total: 14.21079ms

image: 000000304292 (640x554)
layer0: 1.337613ms
layer1: 9.165785ms
layer2: 362.401µs
layer3: 252.394µs
layer4: 152.797µs
layer5: 3.441193ms
total: 19.134168ms

image: 000000069121 (450x290)
layer0: 412.324µs
layer1: 4.813951ms
layer2: 207.6µs
layer3: 136.597µs
layer4: 65.222µs
layer5: 2.099984ms
total: 10.440159ms

image: 000000257341 (640x480)
layer0: 455.296µs
layer1: 8.031093ms
layer2: 258.726µs
layer3: 198.924µs
layer4: 122.53µs
layer5: 3.54018ms
total: 16.330232ms

