image: 000000147328 (640x480)
layer0: 1.776046ms
layer1: 4.137211ms
layer2: 2.082842ms
  l2_clear: 378.04µs
  l2_group_reduce: 638.95µs
  l2_expand: 441.099µs
  l2_emit: 184.967µs
total: 339.501209ms

image: 000000414738 (640x573)
layer0: 2.910216ms
layer1: 3.642382ms
layer2: 2.446665ms
  l2_clear: 731.635µs
  l2_group_reduce: 423.725µs
  l2_expand: 535.476µs
  l2_emit: 144.712µs
total: 35.61717ms

image: 000000281563 (500x332)
layer0: 1.21921ms
layer1: 2.923782ms
layer2: 2.461133ms
  l2_clear: 420.981µs
  l2_group_reduce: 497.995µs
  l2_expand: 1.152275ms
  l2_emit: 334.729µs
total: 68.915565ms

image: 000000063879 (640x365)
layer0: 1.253044ms
layer1: 4.39769ms
layer2: 4.254952ms
  l2_clear: 437.101µs
  l2_group_reduce: 292.5µs
  l2_expand: 3.031795ms
  l2_emit: 390.203µs
total: 79.775494ms

image: 000000531349 (640x640)
layer0: 3.749803ms
layer1: 3.935963ms
layer2: 1.673153ms
  l2_clear: 379.834µs
  l2_group_reduce: 415.32µs
  l2_expand: 500.891µs
  l2_emit: 157.326µs
total: 146.979573ms

image: 000000340329 (640x480)
layer0: 3.638845ms
layer1: 3.740476ms
layer2: 1.728968ms
  l2_clear: 363.674µs
  l2_group_reduce: 586.191µs
  l2_expand: 466.937µs
  l2_emit: 165.251µs
total: 326.754828ms

image: 000000182236 (640x480)
layer0: 1.878328ms
layer1: 4.185491ms
layer2: 4.995814ms
  l2_clear: 3.687988ms
  l2_group_reduce: 329.579µs
  l2_expand: 712.909µs
  l2_emit: 237.286µs
total: 91.405809ms

image: 000000326820 (548x640)
layer0: 1.911811ms
layer1: 4.260282ms
layer2: 2.279952ms
  l2_clear: 891.404µs
  l2_group_reduce: 475.283µs
  l2_expand: 663.065µs
  l2_emit: 229.712µs
total: 87.063152ms

image: 000000149364 (640x410)
layer0: 1.726002ms
layer1: 4.495334ms
layer2: 4.548213ms
  l2_clear: 1.424686ms
  l2_group_reduce: 506.852µs
  l2_expand: 516.671µs
  l2_emit: 180.85µs
total: 443.719504ms

image: 000000166598 (480x640)
layer0: 1.469751ms
layer1: 2.714649ms
layer2: 838.475µs
  l2_clear: 294.744µs
  l2_group_reduce: 124.474µs
  l2_expand: 313.159µs
  l2_emit: 91.021µs
total: 25.011369ms

image: 000000424792 (640x487)
layer0: 1.607108ms
layer1: 4.618215ms
layer2: 2.27368ms
  l2_clear: 700.616µs
  l2_group_reduce: 381.557µs
  l2_expand: 950.946µs
  l2_emit: 219.973µs
total: 40.537432ms

image: 000000178388 (640x480)
layer0: 1.661851ms
layer1: 3.845483ms
layer2: 2.6725ms
  l2_clear: 711.817µs
  l2_group_reduce: 571.784µs
  l2_expand: 984.309µs
  l2_emit: 380.514µs
total: 65.770027ms

image: 000000568154 (427x640)
layer0: 1.375904ms
layer1: 3.190984ms
layer2: 1.62366ms
  l2_clear: 289.033µs
  l2_group_reduce: 396.294µs
  l2_expand: 475.563µs
  l2_emit: 202.39µs
total: 105.509389ms

image: 000000268150 (640x480)
layer0: 903.697µs
layer1: 3.774961ms
layer2: 1.662252ms
  l2_clear: 486.634µs
  l2_group_reduce: 419.218µs
  l2_expand: 582.484µs
  l2_emit: 128.221µs
total: 134.463234ms

image: 000000138473 (427x640)
layer0: 1.493495ms
layer1: 4.271052ms
layer2: 2.061112ms
  l2_clear: 658.226µs
  l2_group_reduce: 400.362µs
  l2_expand: 770.206µs
  l2_emit: 209.073µs
total: 48.16519ms

image: 000000382699 (500x375)
layer0: 2.651881ms
layer1: 3.915434ms
layer2: 1.644849ms
  l2_clear: 457.69µs
  l2_group_reduce: 376.587µs
  l2_expand: 581.772µs
  l2_emit: 209.994µs
total: 51.338149ms

image: 000000493952 (640x427)
layer0: 2.759213ms
layer1: 5.453794ms
layer2: 4.335404ms
  l2_clear: 607.281µs
  l2_group_reduce: 1.193732ms
  l2_expand: 1.175748ms
  l2_emit: 432.923µs
total: 401.847786ms

image: 000000348522 (640x426)
layer0: 1.637706ms
layer1: 4.040059ms
layer2: 2.474919ms
  l2_clear: 673.365µs
  l2_group_reduce: 467.408µs
  l2_expand: 741.102µs
  l2_emit: 217.269µs
total: 44.090906ms

image: 000000066862 (640x480)
layer0: 1.659818ms
layer1: 3.222543ms
layer2: 1.76741ms
  l2_clear: 646.955µs
  l2_group_reduce: 261.802µs
  l2_expand: 658.967µs
  l2_emit: 182.303µs
total: 22.092587ms

image: 000000024457 (640x429)
layer0: 1.625734ms
layer1: 3.273058ms
layer2: 2.35819ms
  l2_clear: 767.832µs
  l2_group_reduce: 530.997µs
  l2_expand: 801.455µs
  l2_emit: 167.935µs
total: 59.421572ms

image: 000000160437 (640x480)
layer0: 1.954541ms
layer1: 4.42432ms
layer2: 2.132506ms
  l2_clear: 311.495µs
  l2_group_reduce: 673.135µs
  l2_expand: 412.074µs
  l2_emit: 177.263µs
total: 248.522042ms

image: 000000487414 (640x425)
layer0: 1.514645ms
layer1: 5.135126ms
layer2: 2.680114ms
  l2_clear: 642.297µs
  l2_group_reduce: 716.886µs
  l2_expand: 613.102µs
  l2_emit: 290.586µs
total: 134.90282ms

image: 000000329541 (480x640)
layer0: 816.775µs
layer1: 2.717825ms
layer2: 1.358381ms
  l2_clear: 445.698µs
  l2_group_reduce: 350.248µs
  l2_expand: 405.161µs
  l2_emit: 132.78µs
total: 96.330299ms

image: 000000092064 (640x427)
layer0: 1.695946ms
layer1: 3.157391ms
layer2: 1.094676ms
  l2_clear: 287.7µs
  l2_group_reduce: 254.918µs
  l2_expand: 396.174µs
  l2_emit: 141.366µs
total: 182.791039ms

image: 000000281262 (640x478)
layer0: 1.789422ms
layer1: 4.019319ms
layer2: 2.497642ms
  l2_clear: 612.12µs
  l2_group_reduce: 526.439µs
  l2_expand: 600.668µs
  l2_emit: 249.289µs
total: 97.633076ms

image: 000000145337 (640x480)
layer0: 1.738565ms
layer1: 3.850382ms
layer2: 2.737602ms
  l2_clear: 698.171µs
  l2_group_reduce: 438.323µs
  l2_expand: 834.658µs
  l2_emit: 232.286µs
total: 78.562876ms

image: 000000372147 (427x640)
layer0: 1.648647ms
layer1: 4.675351ms
layer2: 2.368929ms
  l2_clear: 598.353µs
  l2_group_reduce: 499.338µs
  l2_expand: 648.438µs
  l2_emit: 243.878µs
total: 20.155618ms

image: 000000559184 (640x597)
layer0: 890.583µs
layer1: 2.475119ms
layer2: 1.10163ms
  l2_clear: 387.598µs
  l2_group_reduce: 200.827µs
  l2_expand: 373.281µs
  l2_emit: 125.707µs
total: 26.07103ms

image: 000000511141 (640x426)
layer0: 2.596227ms
layer1: 3.921806ms
layer2: 2.249535ms
  l2_clear: 609.345µs
  l2_group_reduce: 508.115µs
  l2_expand: 860.276µs
  l2_emit: 252.865µs
total: 131.900911ms

image: 000000228974 (640x425)
layer0: 2.749415ms
layer1: 4.229525ms
layer2: 2.227904ms
  l2_clear: 619.604µs
  l2_group_reduce: 467.798µs
  l2_expand: 873.08µs
  l2_emit: 249.418µs
total: 52.493951ms

image: 000000092658 (426x640)
layer0: 2.584214ms
layer1: 4.947944ms
layer2: 1.701937ms
  l2_clear: 396.786µs
  l2_group_reduce: 482.136µs
  l2_expand: 585.78µs
  l2_emit: 209.303µs
total: 189.803791ms

image: 000000528299 (640x480)
layer0: 1.660168ms
layer1: 2.618448ms
layer2: 1.113632ms
  l2_clear: 326.082µs
  l2_group_reduce: 199.394µs
  l2_expand: 443.704µs
  l2_emit: 130.024µs
total: 74.451693ms

image: 000000494811 (640x360)
layer0: 3.289398ms
layer1: 3.772917ms
layer2: 2.130481ms
  l2_clear: 583.025µs
  l2_group_reduce: 490.562µs
  l2_expand: 789.312µs
  l2_emit: 246.002µs
total: 113.680116ms

image: 000000063873 (640x551)
layer0: 3.107777ms
layer1: 5.340742ms
layer2: 3.722171ms
  l2_clear: 768.604µs
  l2_group_reduce: 886.425µs
  l2_expand: 1.353192ms
  l2_emit: 398.338µs
total: 464.909506ms

image: 000000156073 (640x480)
layer0: 2.944911ms
layer1: 4.6056ms
layer2: 3.078652ms
  l2_clear: 734.269µs
  l2_group_reduce: 656.012µs
  l2_expand: 1.035394ms
  l2_emit: 317.696µs
total: 218.552369ms

image: 000000406342 (425x640)
layer0: 1.441077ms
layer1: 5.524467ms
layer2: 3.339643ms
  l2_clear: 702.44µs
  l2_group_reduce: 833.125µs
  l2_expand: 1.01651ms
  l2_emit: 411.463µs
total: 130.606039ms

image: 000000126288 (481x640)
layer0: 1.808697ms
layer1: 6.216266ms
layer2: 3.58303ms
  l2_clear: 414.639µs
  l2_group_reduce: 1.480321ms
  l2_expand: 597.702µs
  l2_emit: 278.393µs
total: 156.87504ms

image: 000000550547 (640x480)
layer0: 1.822353ms
layer1: 5.45167ms
layer2: 1.798899ms
  l2_clear: 379.162µs
  l2_group_reduce: 325.121µs
  l2_expand: 511.21µs
  l2_emit: 155.192µs
total: 104.827398ms

image: 000000420414 (640x480)
layer0: 1.590447ms
layer1: 4.070836ms
layer2: 1.271087ms
  l2_clear: 344.237µs
  l2_group_reduce: 406.253µs
  l2_expand: 361.69µs
  l2_emit: 140.203µs
total: 118.082265ms

image: 000000240755 (640x480)
layer0: 1.95427ms
layer1: 2.588582ms
layer2: 1.032629ms
  l2_clear: 497.625µs
  l2_group_reduce: 112.542µs
  l2_expand: 290.847µs
  l2_emit: 96.902µs
total: 11.832425ms

image: 000000218357 (480x640)
layer0: 1.32076ms
layer1: 3.677728ms
layer2: 1.801033ms
  l2_clear: 1.036727ms
  l2_group_reduce: 154.77µs
  l2_expand: 399.841µs
  l2_emit: 128.612µs
total: 16.868564ms

image: 000000209073 (480x640)
layer0: 1.077163ms
layer1: 2.638616ms
layer2: 940.918µs
  l2_clear: 414.097µs
  l2_group_reduce: 172.624µs
  l2_expand: 239.59µs
  l2_emit: 95.168µs
total: 14.89106ms

image: 000000250607 (480x640)
layer0: 1.342291ms
layer1: 2.457175ms
layer2: 867.129µs
  l2_clear: 312.958µs
  l2_group_reduce: 153.669µs
  l2_expand: 279.996µs
  l2_emit: 101.911µs
total: 38.508651ms

image: 000000327818 (640x427)
layer0: 1.524433ms
layer1: 3.228685ms
layer2: 1.918003ms
  l2_clear: 606.689µs
  l2_group_reduce: 342.493µs
  l2_expand: 735.792µs
  l2_emit: 212.779µs
total: 53.875324ms

image: 000000175111 (640x478)
layer0: 1.545843ms
layer1: 3.133997ms
layer2: 2.155248ms
  l2_clear: 680.578µs
  l2_group_reduce: 234.27µs
  l2_expand: 915.851µs
  l2_emit: 304.331µs
total: 30.187872ms

image: 000000242755 (464x640)
layer0: 1.573566ms
layer1: 3.411979ms
layer2: 1.516929ms
  l2_clear: 630.694µs
  l2_group_reduce: 249.859µs
  l2_expand: 469.411µs
  l2_emit: 150.343µs
total: 14.521866ms

image: 000000236173 (450x350)
layer0: 1.148377ms
layer1: 1.788259ms
layer2: 1.356618ms
  l2_clear: 417.584µs
  l2_group_reduce: 186.29µs
  l2_expand: 585.299µs
  l2_emit: 151.214µs
total: 15.70548ms

image: 000000460918 (364x640)
layer0: 1.04338ms
layer1: 3.48705ms
layer2: 2.120202ms
  l2_clear: 552.708µs
  l2_group_reduce: 532.821µs
  l2_expand: 761.951µs
  l2_emit: 254.799µs
total: 106.555364ms

image: 000000029716 (480x640)
layer0: 1.745769ms
layer1: 3.819956ms
layer2: 1.651191ms
  l2_clear: 317.126µs
  l2_group_reduce: 500.59µs
  l2_expand: 432.011µs
  l2_emit: 257.573µs
total: 250.087062ms

image: 000000572289 (640x427)
layer0: 1.502472ms
layer1: 2.259484ms
layer2: 1.69867ms
  l2_clear: 391.205µs
  l2_group_reduce: 328.337µs
  l2_expand: 393.64µs
  l2_emit: 105.277µs
total: 30.733367ms

