image: 000000147328 (640x480)
layer0: 1.868781ms
layer1: 1.667603ms
layer2: 262.615013ms
total: 1.505484146s

image: 000000414738 (640x573)
layer0: 2.050923ms
layer1: 1.399119ms
layer2: 48.778959ms
total: 102.779808ms

image: 000000281563 (500x332)
layer0: 1.473648ms
layer1: 2.069378ms
layer2: 54.069448ms
total: 263.358439ms

image: 000000063879 (640x365)
layer0: 2.767069ms
layer1: 2.025946ms
layer2: 48.878065ms
total: 287.720749ms

image: 000000531349 (640x640)
layer0: 4.184983ms
layer1: 3.109632ms
layer2: 126.100639ms
total: 743.405062ms

image: 000000340329 (640x480)
layer0: 2.517429ms
layer1: 2.057736ms
layer2: 248.712646ms
total: 1.663982901s

image: 000000182236 (640x480)
layer0: 3.788858ms
layer1: 2.017881ms
layer2: 39.080208ms
total: 283.658216ms

image: 000000326820 (548x640)
layer0: 1.814239ms
layer1: 2.121105ms
layer2: 82.185679ms
total: 406.662419ms

image: 000000149364 (640x410)
layer0: 1.685006ms
layer1: 2.146492ms
layer2: 139.644775ms
total: 1.399038651s

image: 000000166598 (480x640)
layer0: 818.197µs
layer1: 2.204361ms
layer2: 23.763193ms
total: 75.046496ms

image: 000000424792 (640x487)
layer0: 1.827003ms
layer1: 1.5704ms
layer2: 34.755613ms
total: 149.137909ms

image: 000000178388 (640x480)
layer0: 1.652785ms
layer1: 2.071362ms
layer2: 84.479879ms
total: 229.098026ms

image: 000000568154 (427x640)
layer0: 1.499407ms
layer1: 1.903426ms
layer2: 102.973742ms
total: 392.543453ms

image: 000000268150 (640x480)
layer0: 1.743074ms
layer1: 2.060901ms
layer2: 69.393387ms
total: 621.730126ms

image: 000000138473 (427x640)
layer0: 1.479439ms
layer1: 1.907132ms
layer2: 42.421234ms
total: 162.731336ms

image: 000000382699 (500x375)
layer0: 593.736µs
layer1: 1.289262ms
layer2: 44.632239ms
total: 235.286953ms

image: 000000493952 (640x427)
layer0: 2.594945ms
layer1: 2.808546ms
layer2: 303.809642ms
total: 1.39245412s

image: 000000348522 (640x426)
layer0: 3.293647ms
layer1: 2.129211ms
layer2: 47.759664ms
total: 123.171196ms

image: 000000066862 (640x480)
layer0: 1.57069ms
layer1: 1.943161ms
layer2: 15.473129ms
total: 54.450865ms

image: 000000024457 (640x429)
layer0: 1.465063ms
layer1: 1.710012ms
layer2: 38.977896ms
total: 205.612335ms

image: 000000160437 (640x480)
layer0: 850.788µs
layer1: 1.714831ms
layer2: 276.49023ms
total: 1.070780627s

image: 000000487414 (640x425)
layer0: 3.285622ms
layer1: 2.320039ms
layer2: 143.575719ms
total: 462.52256ms

image: 000000329541 (480x640)
layer0: 1.189655ms
layer1: 1.655851ms
layer2: 40.378157ms
total: 388.606087ms

image: 000000092064 (640x427)
layer0: 1.260438ms
layer1: 1.82539ms
layer2: 123.938618ms
total: 674.269721ms

image: 000000281262 (640x478)
layer0: 1.430458ms
layer1: 1.507863ms
layer2: 85.197667ms
total: 319.216468ms

image: 000000145337 (640x480)
layer0: 1.773081ms
layer1: 2.231252ms
layer2: 47.758242ms
total: 358.788971ms

image: 000000372147 (427x640)
layer0: 1.829828ms
layer1: 3.068565ms
layer2: 139.210368ms
total: 150.093394ms

image: 000000559184 (640x597)
layer0: 1.107831ms
layer1: 1.251531ms
layer2: 14.867751ms
total: 53.878399ms

image: 000000511141 (640x426)
layer0: 1.119533ms
layer1: 1.366187ms
layer2: 69.120944ms
total: 617.148659ms

image: 000000228974 (640x425)
layer0: 2.893265ms
layer1: 2.276266ms
layer2: 66.093216ms
total: 178.950767ms

image: 000000092658 (426x640)
layer0: 1.778191ms
layer1: 2.307385ms
layer2: 112.659158ms
total: 661.002196ms

image: 000000528299 (640x480)
layer0: 2.767169ms
layer1: 2.410038ms
layer2: 48.083703ms
total: 369.890517ms

image: 000000494811 (640x360)
layer0: 1.5705ms
layer1: 2.385381ms
layer2: 75.494217ms
total: 481.056399ms

image: 000000063873 (640x551)
layer0: 2.543128ms
layer1: 1.856568ms
layer2: 226.502068ms
total: 2.254708488s

image: 000000156073 (640x480)
layer0: 1.110406ms
layer1: 1.635212ms
layer2: 89.26596ms
total: 842.265306ms

image: 000000406342 (425x640)
layer0: 3.979766ms
layer1: 2.464791ms
layer2: 195.398426ms
total: 556.844749ms

image: 000000126288 (481x640)
layer0: 909.639µs
layer1: 1.951176ms
layer2: 215.71194ms
total: 697.648793ms

image: 000000550547 (640x480)
layer0: 1.565361ms
layer1: 2.090026ms
layer2: 60.440497ms
total: 459.558412ms

image: 000000420414 (640x480)
layer0: 3.039831ms
layer1: 2.623378ms
layer2: 161.776702ms
total: 421.283777ms

image: 000000240755 (640x480)
layer0: 2.448189ms
layer1: 1.991442ms
layer2: 10.486781ms
total: 25.227834ms

image: 000000218357 (480x640)
layer0: 1.363973ms
layer1: 1.526648ms
layer2: 15.608653ms
total: 40.084375ms

image: 000000209073 (480x640)
layer0: 904.58µs
layer1: 1.417063ms
layer2: 60.208481ms
total: 67.661904ms

image: 000000250607 (480x640)
layer0: 879.433µs
layer1: 1.205154ms
layer2: 56.156368ms
total: 130.346667ms

image: 000000327818 (640x427)
layer0: 1.33088ms
layer1: 1.222897ms
layer2: 21.421664ms
total: 125.450258ms

image: 000000175111 (640x478)
layer0: 2.576661ms
layer1: 1.867989ms
layer2: 12.236989ms
total: 48.25219ms

image: 000000242755 (464x640)
layer0: 1.137066ms
layer1: 1.55416ms
layer2: 34.023719ms
total: 41.535872ms

image: 000000236173 (450x350)
layer0: 406.263µs
layer1: 586.162µs
layer2: 10.562222ms
total: 36.330081ms

image: 000000460918 (364x640)
layer0: 1.127769ms
layer1: 1.014135ms
layer2: 105.057205ms
total: 458.24299ms

image: 000000029716 (480x640)
layer0: 1.886284ms
layer1: 1.432892ms
layer2: 265.064185ms
total: 859.069285ms

image: 000000572289 (640x427)
layer0: 1.46399ms
layer1: 2.510767ms
layer2: 24.190626ms
total: 74.003317ms

image: 000000181356 (500x375)
layer0: 1.213429ms
layer1: 1.313968ms
layer2: 29.991373ms
total: 128.604303ms

image: 000000554271 (427x640)
layer0: 3.083242ms
layer1: 2.058878ms
layer2: 79.926154ms
total: 279.691594ms

image: 000000117770 (480x360)
layer0: 1.322394ms
layer1: 3.566641ms
layer2: 118.31852ms
total: 293.507669ms

image: 000000483760 (640x426)
layer0: 1.790103ms
layer1: 1.429245ms
layer2: 26.919583ms
total: 186.296156ms

image: 000000318929 (640x480)
layer0: 2.659236ms
layer1: 2.169175ms
layer2: 57.831235ms
total: 260.231786ms

image: 000000265544 (640x640)
layer0: 3.175566ms
layer1: 2.239457ms
layer2: 102.579352ms
total: 1.062526611s

image: 000000302823 (640x478)
layer0: 2.926949ms
layer1: 2.154007ms
layer2: 194.785324ms
total: 427.858078ms

image: 000000205477 (640x427)
layer0: 3.514392ms
layer1: 2.124972ms
layer2: 53.187811ms
total: 395.859273ms

image: 000000353536 (640x443)
layer0: 1.403096ms
layer1: 1.762081ms
layer2: 55.737672ms
total: 256.054458ms

image: 000000352660 (640x480)
layer0: 1.913695ms
layer1: 2.340397ms
layer2: 68.971123ms
total: 78.22635ms

image: 000000260566 (500x334)
layer0: 586.712µs
layer1: 987.194µs
layer2: 20.797923ms
total: 85.927698ms

image: 000000351903 (480x640)
layer0: 2.03896ms
layer1: 2.099244ms
layer2: 114.264654ms
total: 1.197142649s

image: 000000038226 (640x426)
layer0: 2.559398ms
layer1: 2.275725ms
layer2: 45.361659ms
total: 319.539304ms

image: 000000096539 (640x480)
layer0: 1.775896ms
layer1: 3.025744ms
layer2: 190.036263ms
total: 1.094672923s

image: 000000580121 (640x354)
layer0: 2.796594ms
layer1: 2.715121ms
layer2: 175.330906ms
total: 1.071227276s

image: 000000340218 (477x558)
layer0: 1.567135ms
layer1: 2.016368ms
layer2: 12.337899ms
total: 66.539285ms

image: 000000175102 (640x480)
layer0: 1.678032ms
layer1: 1.702879ms
layer2: 29.65981ms
total: 302.985215ms

image: 000000033300 (427x640)
layer0: 1.455675ms
layer1: 1.924987ms
layer2: 38.658686ms
total: 120.616517ms

image: 000000090488 (640x427)
layer0: 1.551936ms
layer1: 1.902504ms
layer2: 69.040974ms
total: 688.006067ms

image: 000000155782 (500x375)
layer0: 1.515638ms
layer1: 1.683262ms
layer2: 33.668572ms
total: 99.74129ms

image: 000000568878 (480x640)
layer0: 1.372078ms
layer1: 1.323166ms
layer2: 53.152786ms
total: 155.966988ms

image: 000000527480 (640x360)
layer0: 1.271148ms
layer1: 2.161531ms
layer2: 219.818634ms
total: 854.400094ms

image: 000000304292 (640x554)
layer0: 2.008884ms
layer1: 2.472756ms
layer2: 166.175928ms
total: 609.02055ms

image: 000000069121 (450x290)
layer0: 466.316µs
layer1: 1.047517ms
layer2: 16.487985ms
total: 29.454545ms

image: 000000257341 (640x480)
layer0: 2.352329ms
layer1: 2.026237ms
layer2: 29.756282ms
total: 184.432926ms

image: 000000093279 (427x640)
layer0: 1.571692ms
layer1: 2.468648ms
layer2: 96.482547ms
total: 303.54656ms

image: 000000536738 (500x333)
layer0: 1.640392ms
layer1: 2.040043ms
layer2: 90.283511ms
total: 201.951778ms

image: 000000101159 (640x376)
layer0: 1.959411ms
layer1: 1.593384ms
layer2: 67.090159ms
total: 182.252028ms

image: 000000254042 (495x500)
layer0: 1.553488ms
layer1: 2.388327ms
layer2: 36.021252ms
total: 165.583193ms

image: 000000040870 (640x333)
layer0: 1.457128ms
layer1: 1.999196ms
layer2: 34.175664ms
total: 120.00054ms

image: 000000331282 (640x480)
layer0: 2.927369ms
layer1: 2.295542ms
layer2: 165.429525ms
total: 454.763564ms

image: 000000116502 (480x640)
layer0: 1.696757ms
layer1: 1.855937ms
layer2: 58.965877ms
total: 354.610721ms

image: 000000020063 (427x640)
layer0: 3.104552ms
layer1: 2.15595ms
layer2: 61.9384ms
total: 71.595293ms

image: 000000144717 (640x480)
layer0: 1.513804ms
layer1: 2.205854ms
layer2: 137.823803ms
total: 178.857352ms

