image: 000000147328 (640x480)
layer0: 1.738906ms
layer1: 1.517511ms
layer2: 261.396013ms
total: 1.494687662s

image: 000000414738 (640x573)
layer0: 2.824997ms
layer1: 2.35273ms
layer2: 42.806339ms
total: 94.530761ms

image: 000000281563 (500x332)
layer0: 1.01687ms
layer1: 1.645361ms
layer2: 54.116446ms
total: 264.044398ms

image: 000000063879 (640x365)
layer0: 1.619302ms
layer1: 1.979199ms
layer2: 48.516125ms
total: 287.985976ms

image: 000000531349 (640x640)
layer0: 3.287586ms
layer1: 2.222215ms
layer2: 117.912978ms
total: 731.909175ms

image: 000000340329 (640x480)
layer0: 2.717014ms
layer1: 2.602109ms
layer2: 247.630552ms
total: 1.677729685s

image: 000000182236 (640x480)
layer0: 3.765093ms
layer1: 2.092822ms
layer2: 40.037116ms
total: 279.995835ms

image: 000000326820 (548x640)
layer0: 1.785875ms
layer1: 2.270175ms
layer2: 85.582711ms
total: 406.919321ms

image: 000000149364 (640x410)
layer0: 1.593143ms
layer1: 2.11819ms
layer2: 136.010346ms
total: 1.382338668s

image: 000000166598 (480x640)
layer0: 2.176118ms
layer1: 2.037318ms
layer2: 22.174649ms
total: 72.279518ms

image: 000000424792 (640x487)
layer0: 2.051434ms
layer1: 2.020276ms
layer2: 34.587017ms
total: 143.857308ms

image: 000000178388 (640x480)
layer0: 2.183993ms
layer1: 1.942138ms
layer2: 89.449756ms
total: 228.498751ms

image: 000000568154 (427x640)
layer0: 1.472106ms
layer1: 2.072764ms
layer2: 109.876459ms
total: 388.889949ms

image: 000000268150 (640x480)
layer0: 1.706666ms
layer1: 2.012841ms
layer2: 68.394489ms
total: 607.612874ms

image: 000000138473 (427x640)
layer0: 2.252491ms
layer1: 1.608441ms
layer2: 40.92788ms
total: 153.821527ms

image: 000000382699 (500x375)
layer0: 1.150011ms
layer1: 2.17706ms
layer2: 42.878183ms
total: 227.611344ms

image: 000000493952 (640x427)
layer0: 2.659647ms
layer1: 2.481011ms
layer2: 304.860228ms
total: 1.383943825s

image: 000000348522 (640x426)
layer0: 3.742581ms
layer1: 2.241822ms
layer2: 48.899796ms
total: 122.513511ms

image: 000000066862 (640x480)
layer0: 1.682852ms
layer1: 1.701366ms
layer2: 15.95288ms
total: 51.825232ms

image: 000000024457 (640x429)
layer0: 1.411912ms
layer1: 1.454322ms
layer2: 40.388746ms
total: 198.772515ms

image: 000000160437 (640x480)
layer0: 1.585228ms
layer1: 2.275696ms
layer2: 279.569306ms
total: 1.060062203s

image: 000000487414 (640x425)
layer0: 2.775133ms
layer1: 2.568505ms
layer2: 146.289598ms
total: 457.552203ms

image: 000000329541 (480x640)
layer0: 3.280122ms
layer1: 1.969871ms
layer2: 38.542638ms
total: 384.162329ms

image: 000000092064 (640x427)
layer0: 3.111074ms
layer1: 2.243645ms
layer2: 134.041306ms
total: 683.129503ms

image: 000000281262 (640x478)
layer0: 3.074536ms
layer1: 1.948931ms
layer2: 86.835774ms
total: 313.819007ms

image: 000000145337 (640x480)
layer0: 4.517186ms
layer1: 2.589094ms
layer2: 47.609983ms
total: 358.603002ms

image: 000000372147 (427x640)
layer0: 3.483114ms
layer1: 2.649408ms
layer2: 143.429194ms
total: 151.846587ms

image: 000000559184 (640x597)
layer0: 2.106948ms
layer1: 1.27746ms
layer2: 14.995271ms
total: 50.741616ms

image: 000000511141 (640x426)
layer0: 1.535615ms
layer1: 1.845276ms
layer2: 66.486334ms
total: 625.464542ms

image: 000000228974 (640x425)
layer0: 2.883276ms
layer1: 2.458369ms
layer2: 64.565756ms
total: 175.207815ms

image: 000000092658 (426x640)
layer0: 2.658344ms
layer1: 2.410478ms
layer2: 121.568836ms
total: 639.58572ms

image: 000000528299 (640x480)
layer0: 2.929173ms
layer1: 2.030124ms
layer2: 47.540222ms
total: 354.089201ms

image: 000000494811 (640x360)
layer0: 2.456866ms
layer1: 2.179405ms
layer2: 71.753269ms
total: 477.811513ms

image: 000000063873 (640x551)
layer0: 3.152973ms
layer1: 2.67755ms
layer2: 218.956644ms
total: 2.228904022s

image: 000000156073 (640x480)
layer0: 2.942718ms
layer1: 2.382596ms
layer2: 92.062624ms
total: 835.120594ms

image: 000000406342 (425x640)
layer0: 3.335837ms
layer1: 2.224328ms
layer2: 201.732795ms
total: 557.817907ms

image: 000000126288 (481x640)
layer0: 3.724978ms
layer1: 2.49117ms
layer2: 216.315544ms
total: 691.239763ms

image: 000000550547 (640x480)
layer0: 2.732393ms
layer1: 2.947066ms
layer2: 62.559578ms
total: 452.103426ms

image: 000000420414 (640x480)
layer0: 2.853931ms
layer1: 1.544511ms
layer2: 167.930914ms
total: 428.917538ms

image: 000000240755 (640x480)
layer0: 1.699183ms
layer1: 1.396093ms
layer2: 9.482104ms
total: 19.05589ms

image: 000000218357 (480x640)
layer0: 737.906µs
layer1: 1.122308ms
layer2: 14.911082ms
total: 34.053364ms

image: 000000209073 (480x640)
layer0: 1.528642ms
layer1: 1.724089ms
layer2: 58.335442ms
total: 64.286182ms

image: 000000250607 (480x640)
layer0: 1.527429ms
layer1: 1.159849ms
layer2: 53.734709ms
total: 127.192962ms

image: 000000327818 (640x427)
layer0: 1.466945ms
layer1: 1.775645ms
layer2: 22.701498ms
total: 131.664352ms

image: 000000175111 (640x478)
layer0: 1.293339ms
layer1: 1.279093ms
layer2: 13.789336ms
total: 49.917046ms

image: 000000242755 (464x640)
layer0: 2.113691ms
layer1: 2.36869ms
layer2: 33.806881ms
total: 40.343512ms

image: 000000236173 (450x350)
layer0: 1.82036ms
layer1: 1.454433ms
layer2: 10.17734ms
total: 36.337004ms

image: 000000460918 (364x640)
layer0: 1.090659ms
layer1: 1.590387ms
layer2: 99.825117ms
total: 472.79568ms

image: 000000029716 (480x640)
layer0: 3.525183ms
layer1: 2.429064ms
layer2: 273.021113ms
total: 861.222791ms

image: 000000572289 (640x427)
layer0: 1.867629ms
layer1: 2.02243ms
layer2: 24.580288ms
total: 72.614448ms

image: 000000181356 (500x375)
layer0: 1.078957ms
layer1: 2.311794ms
layer2: 32.492703ms
total: 128.358562ms

image: 000000554271 (427x640)
layer0: 2.834886ms
layer1: 1.977755ms
layer2: 78.750034ms
total: 281.091183ms

image: 000000117770 (480x360)
layer0: 1.063649ms
layer1: 2.072113ms
layer2: 122.924012ms
total: 297.051949ms

image: 000000483760 (640x426)
layer0: 2.718798ms
layer1: 2.203851ms
layer2: 26.484635ms
total: 189.755385ms

image: 000000318929 (640x480)
layer0: 2.670436ms
layer1: 2.047306ms
layer2: 57.016915ms
total: 260.674438ms

image: 000000265544 (640x640)
layer0: 3.504795ms
layer1: 2.326952ms
layer2: 104.937622ms
total: 1.048470364s

image: 000000302823 (640x478)
layer0: 2.840676ms
layer1: 2.438391ms
layer2: 197.367255ms
total: 420.594041ms

image: 000000205477 (640x427)
layer0: 3.748382ms
layer1: 2.541415ms
layer2: 54.946816ms
total: 405.378055ms

image: 000000353536 (640x443)
layer0: 2.921408ms
layer1: 2.576851ms
layer2: 55.648815ms
total: 255.00154ms

image: 000000352660 (640x480)
layer0: 1.454893ms
layer1: 1.320581ms
layer2: 65.852123ms
total: 72.078581ms

image: 000000260566 (500x334)
layer0: 1.060032ms
layer1: 1.917402ms
layer2: 21.309574ms
total: 85.371905ms

image: 000000351903 (480x640)
layer0: 1.461105ms
layer1: 1.628019ms
layer2: 117.166475ms
total: 1.204023575s

image: 000000038226 (640x426)
layer0: 2.450453ms
layer1: 2.201596ms
layer2: 45.923334ms
total: 323.047354ms

image: 000000096539 (640x480)
layer0: 2.642485ms
layer1: 3.229708ms
layer2: 176.238441ms
total: 1.069127272s

image: 000000580121 (640x354)
layer0: 2.710272ms
layer1: 2.228497ms
layer2: 173.593041ms
total: 1.072204803s

image: 000000340218 (477x558)
layer0: 2.970651ms
layer1: 2.063757ms
layer2: 12.707833ms
total: 64.539748ms

image: 000000175102 (640x480)
layer0: 1.665479ms
layer1: 2.172111ms
layer2: 31.108061ms
total: 306.31484ms

image: 000000033300 (427x640)
layer0: 1.384671ms
layer1: 1.183112ms
layer2: 39.180337ms
total: 120.083565ms

