image: 000000147328 (640x480)
layer0: 2.075478ms
layer1: 1.59185ms
layer2: 252.370605ms
total: 1.486072196s

image: 000000414738 (640x573)
layer0: 2.028309ms
layer1: 2.02324ms
layer2: 44.910631ms
total: 105.492477ms

image: 000000281563 (500x332)
layer0: 1.531496ms
layer1: 2.488905ms
layer2: 54.606282ms
total: 272.899583ms

image: 000000063879 (640x365)
layer0: 1.32584ms
layer1: 2.09798ms
layer2: 56.391885ms
total: 296.769475ms

image: 000000531349 (640x640)
layer0: 3.998871ms
layer1: 2.57134ms
layer2: 121.825955ms
total: 750.570679ms

image: 000000340329 (640x480)
layer0: 2.73694ms
layer1: 2.376684ms
layer2: 244.436975ms
total: 1.679495636s

image: 000000182236 (640x480)
layer0: 1.83686ms
layer1: 2.351026ms
layer2: 46.169957ms
total: 293.295881ms

image: 000000326820 (548x640)
layer0: 1.387246ms
layer1: 1.437881ms
layer2: 87.766093ms
total: 424.21213ms

image: 000000149364 (640x410)
layer0: 2.602198ms
layer1: 2.401691ms
layer2: 137.978613ms
total: 1.39614873s

image: 000000166598 (480x640)
layer0: 2.780482ms
layer1: 2.081459ms
layer2: 22.500541ms
total: 80.298948ms

image: 000000424792 (640x487)
layer0: 2.888525ms
layer1: 2.941875ms
layer2: 33.738398ms
total: 152.513763ms

image: 000000178388 (640x480)
layer0: 2.721201ms
layer1: 2.371634ms
layer2: 84.018244ms
total: 234.600218ms

image: 000000568154 (427x640)
layer0: 3.019011ms
layer1: 1.471865ms
layer2: 99.341474ms
total: 399.067152ms

image: 000000268150 (640x480)
layer0: 2.81089ms
layer1: 2.185054ms
layer2: 69.101397ms
total: 611.322532ms

image: 000000138473 (427x640)
layer0: 2.718536ms
layer1: 2.013412ms
layer2: 40.957456ms
total: 172.663949ms

image: 000000382699 (500x375)
layer0: 656.063µs
layer1: 1.386043ms
layer2: 49.070405ms
total: 240.513605ms

