image: 000000147328 (640x480)
layer0: 1.70879ms
layer1: 1.513583ms
layer2: 264.041092ms
total: 1.498370992s

image: 000000414738 (640x573)
layer0: 3.105694ms
layer1: 1.902915ms
layer2: 42.88168ms
total: 97.586892ms

image: 000000281563 (500x332)
layer0: 985.982µs
layer1: 2.007872ms
layer2: 53.093484ms
total: 261.887386ms

image: 000000063879 (640x365)
layer0: 2.49104ms
layer1: 2.361045ms
layer2: 49.643954ms
total: 286.531374ms

image: 000000531349 (640x640)
layer0: 4.464848ms
layer1: 2.497101ms
layer2: 127.416191ms
total: 740.381021ms

image: 000000340329 (640x480)
layer0: 2.9276ms
layer1: 1.795253ms
layer2: 237.20127ms
total: 1.656943816s

image: 000000182236 (640x480)
layer0: 2.799049ms
layer1: 2.093083ms
layer2: 39.713668ms
total: 286.943969ms

image: 000000326820 (548x640)
layer0: 1.763142ms
layer1: 1.790164ms
layer2: 83.080169ms
total: 413.802772ms

image: 000000149364 (640x410)
layer0: 2.491931ms
layer1: 2.274313ms
layer2: 140.514938ms
total: 1.394307432s

image: 000000166598 (480x640)
layer0: 2.015997ms
layer1: 2.498914ms
layer2: 22.025208ms
total: 78.927638ms

image: 000000424792 (640x487)
layer0: 1.52773ms
layer1: 1.699704ms
layer2: 34.201884ms
total: 144.839613ms

image: 000000178388 (640x480)
layer0: 2.825939ms
layer1: 1.876285ms
layer2: 81.764647ms
total: 229.123995ms

image: 000000568154 (427x640)
layer0: 1.770997ms
layer1: 1.566493ms
layer2: 103.804743ms
total: 395.338364ms

image: 000000268150 (640x480)
layer0: 1.814018ms
layer1: 1.351348ms
layer2: 71.087569ms
total: 628.223015ms

image: 000000138473 (427x640)
layer0: 1.333696ms
layer1: 1.219381ms
layer2: 43.098087ms
total: 159.169505ms

image: 000000382699 (500x375)
layer0: 1.34156ms
layer1: 2.145331ms
layer2: 43.660823ms
total: 232.435656ms

image: 000000493952 (640x427)
layer0: 3.675385ms
layer1: 2.855464ms
layer2: 299.593323ms
total: 1.394632924s

image: 000000348522 (640x426)
layer0: 1.446387ms
layer1: 1.445005ms
layer2: 49.692876ms
total: 125.096743ms

image: 000000066862 (640x480)
layer0: 1.306314ms
layer1: 1.105246ms
layer2: 15.104907ms
total: 53.565992ms

image: 000000024457 (640x429)
layer0: 2.835938ms
layer1: 2.436327ms
layer2: 39.679304ms
total: 204.874258ms

image: 000000160437 (640x480)
layer0: 2.770946ms
layer1: 1.686959ms
layer2: 281.244483ms
total: 1.072011832s

image: 000000487414 (640x425)
layer0: 3.330867ms
layer1: 2.492443ms
layer2: 145.792915ms
total: 462.343043ms

image: 000000329541 (480x640)
layer0: 2.955201ms
layer1: 2.101478ms
layer2: 39.110775ms
total: 390.403022ms

image: 000000092064 (640x427)
layer0: 1.715472ms
layer1: 2.412773ms
layer2: 133.145795ms
total: 686.067574ms

image: 000000281262 (640x478)
layer0: 3.457716ms
layer1: 2.016238ms
layer2: 88.090532ms
total: 321.030455ms

image: 000000145337 (640x480)
layer0: 2.776406ms
layer1: 2.276658ms
layer2: 47.94962ms
total: 362.178709ms

image: 000000372147 (427x640)
layer0: 2.937198ms
layer1: 2.325208ms
layer2: 138.296571ms
total: 149.82588ms

image: 000000559184 (640x597)
layer0: 1.162414ms
layer1: 1.1924ms
layer2: 13.985614ms
total: 52.59626ms

image: 000000511141 (640x426)
layer0: 3.547224ms
layer1: 1.986662ms
layer2: 67.976474ms
total: 616.86688ms

image: 000000228974 (640x425)
layer0: 2.649077ms
layer1: 2.428232ms
layer2: 66.593516ms
total: 179.31986ms

image: 000000092658 (426x640)
layer0: 2.507491ms
layer1: 2.304379ms
layer2: 122.016547ms
total: 641.819227ms

image: 000000528299 (640x480)
layer0: 1.529383ms
layer1: 1.644019ms
layer2: 44.963732ms
total: 355.104629ms

image: 000000494811 (640x360)
layer0: 1.555492ms
layer1: 2.271247ms
layer2: 72.483682ms
total: 484.87842ms

image: 000000063873 (640x551)
layer0: 1.990058ms
layer1: 2.598832ms
layer2: 213.8549ms
total: 2.239493616s

image: 000000156073 (640x480)
layer0: 3.479236ms
layer1: 2.181679ms
layer2: 95.912236ms
total: 845.123996ms

image: 000000406342 (425x640)
layer0: 1.347492ms
layer1: 1.32537ms
layer2: 201.302238ms
total: 558.697009ms

image: 000000126288 (481x640)
layer0: 1.620985ms
layer1: 2.004576ms
layer2: 217.097152ms
total: 696.857576ms

image: 000000550547 (640x480)
layer0: 1.478237ms
layer1: 1.287889ms
layer2: 61.677611ms
total: 459.538996ms

image: 000000420414 (640x480)
layer0: 3.158253ms
layer1: 2.779442ms
layer2: 173.859671ms
total: 437.296549ms

image: 000000240755 (640x480)
layer0: 2.819948ms
layer1: 2.048519ms
layer2: 10.091528ms
total: 24.087231ms

image: 000000218357 (480x640)
layer0: 2.875392ms
layer1: 1.797467ms
layer2: 15.359696ms
total: 40.370392ms

image: 000000209073 (480x640)
layer0: 2.841518ms
layer1: 1.874833ms
layer2: 59.395694ms
total: 69.902573ms

image: 000000250607 (480x640)
layer0: 2.421178ms
layer1: 1.057327ms
layer2: 53.669075ms
total: 127.092513ms

image: 000000327818 (640x427)
layer0: 2.784011ms
layer1: 1.973167ms
layer2: 21.594949ms
total: 126.502395ms

image: 000000175111 (640x478)
layer0: 1.318898ms
layer1: 1.079918ms
layer2: 12.075004ms
total: 45.932812ms

image: 000000242755 (464x640)
layer0: 2.817012ms
layer1: 2.084355ms
layer2: 33.236991ms
total: 45.230994ms

image: 000000236173 (450x350)
layer0: 1.057507ms
layer1: 1.149299ms
layer2: 10.732422ms
total: 37.165261ms

image: 000000460918 (364x640)
layer0: 1.170138ms
layer1: 1.135443ms
layer2: 99.102569ms
total: 458.006727ms

image: 000000029716 (480x640)
layer0: 1.81475ms
layer1: 1.533601ms
layer2: 272.799466ms
total: 851.717975ms

image: 000000572289 (640x427)
layer0: 2.601627ms
layer1: 2.059309ms
layer2: 24.513101ms
total: 74.682392ms

image: 000000181356 (500x375)
layer0: 1.620845ms
layer1: 2.556313ms
layer2: 29.763565ms
total: 132.920622ms

image: 000000554271 (427x640)
layer0: 1.920127ms
layer1: 1.283011ms
layer2: 90.047899ms
total: 287.821958ms

image: 000000117770 (480x360)
layer0: 1.052197ms
layer1: 1.879922ms
layer2: 118.85098ms
total: 292.994445ms

image: 000000483760 (640x426)
layer0: 1.438772ms
layer1: 1.24585ms
layer2: 26.044369ms
total: 184.415813ms

image: 000000318929 (640x480)
layer0: 2.691176ms
layer1: 2.09189ms
layer2: 56.534969ms
total: 261.951777ms

image: 000000265544 (640x640)
layer0: 1.640832ms
layer1: 1.640953ms
layer2: 112.534233ms
total: 1.077410302s

image: 000000302823 (640x478)
layer0: 1.982495ms
layer1: 1.623641ms
layer2: 200.855969ms
total: 427.238244ms

image: 000000205477 (640x427)
layer0: 3.360553ms
layer1: 2.154367ms
layer2: 54.539551ms
total: 420.975949ms

image: 000000353536 (640x443)
layer0: 1.390051ms
layer1: 1.916841ms
layer2: 55.448779ms
total: 259.731115ms

image: 000000352660 (640x480)
layer0: 1.381976ms
layer1: 1.348294ms
layer2: 68.757151ms
total: 79.359199ms

image: 000000260566 (500x334)
layer0: 655.491µs
layer1: 1.501561ms
layer2: 20.466269ms
total: 88.625737ms

image: 000000351903 (480x640)
layer0: 3.907702ms
layer1: 2.035704ms
layer2: 117.368094ms
total: 1.221218519s

image: 000000038226 (640x426)
layer0: 2.788959ms
layer1: 2.176719ms
layer2: 46.120986ms
total: 317.415253ms

image: 000000096539 (640x480)
layer0: 3.184272ms
layer1: 1.691938ms
layer2: 189.290993ms
total: 1.065535894s

image: 000000580121 (640x354)
layer0: 3.131022ms
layer1: 2.410067ms
layer2: 178.380044ms
total: 1.075284249s

image: 000000340218 (477x558)
layer0: 1.631595ms
layer1: 2.082092ms
layer2: 12.384987ms
total: 73.725995ms

image: 000000175102 (640x480)
layer0: 2.957306ms
layer1: 2.096008ms
layer2: 29.75501ms
total: 305.557989ms

image: 000000033300 (427x640)
layer0: 2.569036ms
layer1: 1.990509ms
layer2: 38.893998ms
total: 124.262426ms

image: 000000090488 (640x427)
layer0: 1.811624ms
layer1: 1.500028ms
layer2: 71.627563ms
total: 689.901307ms

image: 000000155782 (500x375)
layer0: 1.177592ms
layer1: 2.82638ms
layer2: 32.521176ms
total: 100.462324ms

image: 000000568878 (480x640)
layer0: 2.794951ms
layer1: 2.924123ms
layer2: 54.393236ms
total: 160.240477ms

image: 000000527480 (640x360)
layer0: 1.663886ms
layer1: 2.275004ms
layer2: 229.970735ms
total: 867.316318ms

image: 000000304292 (640x554)
layer0: 2.896592ms
layer1: 2.295172ms
layer2: 166.738124ms
total: 606.912579ms

image: 000000069121 (450x290)
layer0: 741.473µs
layer1: 1.083986ms
layer2: 15.970654ms
total: 29.009999ms

image: 000000257341 (640x480)
layer0: 2.197428ms
layer1: 2.139069ms
layer2: 31.577063ms
total: 176.053223ms

image: 000000093279 (427x640)
layer0: 2.56019ms
layer1: 2.207006ms
layer2: 97.471615ms
total: 306.841038ms

image: 000000536738 (500x333)
layer0: 1.360346ms
layer1: 1.909908ms
layer2: 96.230694ms
total: 203.95975ms

image: 000000101159 (640x376)
layer0: 1.643648ms
layer1: 2.519724ms
layer2: 67.065322ms
total: 182.52426ms

image: 000000254042 (495x500)
layer0: 1.649739ms
layer1: 2.081871ms
layer2: 34.762707ms
total: 164.41545ms

image: 000000040870 (640x333)
layer0: 1.554721ms
layer1: 1.938682ms
layer2: 33.20977ms
total: 117.879665ms

image: 000000331282 (640x480)
layer0: 3.511757ms
layer1: 2.354754ms
layer2: 159.3856ms
total: 450.065868ms

image: 000000116502 (480x640)
layer0: 2.817202ms
layer1: 2.483015ms
layer2: 59.236054ms
total: 346.408743ms

image: 000000020063 (427x640)
layer0: 2.73041ms
layer1: 2.016348ms
layer2: 62.44383ms
total: 71.597056ms

image: 000000144717 (640x480)
layer0: 1.317585ms
layer1: 1.449503ms
layer2: 127.401865ms
total: 166.555821ms

image: 000000564088 (640x424)
layer0: 2.650079ms
layer1: 2.312985ms
layer2: 92.250938ms
total: 484.583265ms

image: 000000553051 (640x480)
layer0: 2.708489ms
layer1: 2.346738ms
layer2: 24.2249ms
total: 139.853096ms

image: 000000203372 (640x428)
layer0: 2.796093ms
layer1: 2.220532ms
layer2: 61.405089ms
total: 356.283003ms

image: 000000117093 (640x451)
layer0: 2.745608ms
layer1: 2.462856ms
layer2: 184.448815ms
total: 552.287097ms

image: 000000536419 (480x640)
layer0: 1.364273ms
layer1: 1.345528ms
layer2: 118.349378ms
total: 127.517491ms

image: 000000500152 (640x480)
layer0: 1.292688ms
layer1: 1.202659ms
layer2: 104.578206ms
total: 509.585676ms

image: 000000463771 (640x480)
layer0: 1.977896ms
layer1: 1.385453ms
layer2: 38.943351ms
total: 339.589712ms

image: 000000520799 (375x500)
layer0: 1.227226ms
layer1: 1.516879ms
layer2: 17.221102ms
total: 23.342312ms

image: 000000458103 (640x427)
layer0: 1.369002ms
layer1: 955.535µs
layer2: 23.703731ms
total: 155.028825ms

image: 000000259712 (375x500)
layer0: 1.29366ms
layer1: 1.846148ms
layer2: 85.347468ms
total: 553.679483ms

image: 000000445643 (640x480)
layer0: 2.887735ms
layer1: 2.659697ms
layer2: 27.192415ms
total: 144.413072ms

image: 000000184155 (375x500)
layer0: 1.10207ms
layer1: 2.011509ms
layer2: 98.943992ms
total: 671.723737ms

image: 000000042404 (640x486)
layer0: 1.653476ms
layer1: 1.453791ms
layer2: 114.251559ms
total: 225.758242ms

image: 000000459184 (640x640)
layer0: 3.265886ms
layer1: 2.346218ms
layer2: 44.699445ms
total: 205.880508ms

image: 000000564602 (640x426)
layer0: 2.680466ms
layer1: 2.154518ms
layer2: 79.117614ms
total: 348.001155ms

image: 000000029161 (640x480)
layer0: 2.9704ms
layer1: 2.474189ms
layer2: 152.558113ms
total: 884.485182ms

image: 000000102290 (563x640)
layer0: 2.112729ms
layer1: 2.497452ms
layer2: 182.202335ms
total: 671.729889ms

image: 000000061834 (640x480)
layer0: 1.988937ms
layer1: 2.444262ms
layer2: 15.832964ms
total: 106.171089ms

image: 000000147226 (427x640)
layer0: 3.110033ms
layer1: 1.328896ms
layer2: 38.631415ms
total: 130.777526ms

image: 000000568559 (500x375)
layer0: 570.461µs
layer1: 1.058077ms
layer2: 20.759079ms
total: 78.388094ms

image: 000000383047 (346x500)
layer0: 2.238144ms
layer1: 2.517569ms
layer2: 71.077519ms
total: 273.220977ms

image: 000000083755 (640x480)
layer0: 1.573636ms
layer1: 1.623129ms
layer2: 58.066136ms
total: 134.411613ms

image: 000000367048 (640x425)
layer0: 1.633689ms
layer1: 1.638808ms
layer2: 72.207994ms
total: 478.348902ms

image: 000000402562 (500x375)
layer0: 827.815µs
layer1: 1.190346ms
layer2: 28.288494ms
total: 207.85587ms

image: 000000388235 (640x478)
layer0: 2.75734ms
layer1: 2.059699ms
layer2: 70.925094ms
total: 909.750798ms

image: 000000529065 (425x640)
layer0: 2.650189ms
layer1: 1.960293ms
layer2: 46.109173ms
total: 85.441135ms

image: 000000146510 (640x480)
layer0: 2.476102ms
layer1: 2.19847ms
layer2: 112.118111ms
total: 620.264373ms

image: 000000370207 (640x466)
layer0: 2.153044ms
layer1: 1.225442ms
layer2: 71.234896ms
total: 355.187345ms

