image: 000000147328 (640x480)
layer0: 1.572884ms
layer1: 1.505989ms
layer2: 261.37693ms
total: 913.46071ms

image: 000000414738 (640x573)
layer0: 2.919132ms
layer1: 3.134047ms
layer2: 43.896627ms
total: 88.881257ms

image: 000000281563 (500x332)
layer0: 797.828µs
layer1: 1.158726ms
layer2: 53.028198ms
total: 195.868973ms

image: 000000063879 (640x365)
layer0: 2.861294ms
layer1: 2.333483ms
layer2: 51.889259ms
total: 212.827485ms

image: 000000531349 (640x640)
layer0: 3.996356ms
layer1: 3.058374ms
layer2: 129.007334ms
total: 565.674616ms

image: 000000340329 (640x480)
layer0: 2.595165ms
layer1: 2.49676ms
layer2: 244.442384ms
total: 998.212984ms

image: 000000182236 (640x480)
layer0: 2.790291ms
layer1: 2.427248ms
layer2: 40.440887ms
total: 225.81587ms

image: 000000326820 (548x640)
layer0: 1.271629ms
layer1: 1.324258ms
layer2: 85.12366ms
total: 258.210945ms

image: 000000149364 (640x410)
layer0: 1.764925ms
layer1: 1.880232ms
layer2: 146.433121ms
total: 956.523621ms

image: 000000166598 (480x640)
layer0: 2.709479ms
layer1: 2.014604ms
layer2: 22.968881ms
total: 59.435422ms

image: 000000424792 (640x487)
layer0: 3.224005ms
layer1: 2.080046ms
layer2: 34.891454ms
total: 123.56442ms

image: 000000178388 (640x480)
layer0: 1.508764ms
layer1: 1.48053ms
layer2: 84.401002ms
total: 162.075041ms

image: 000000568154 (427x640)
layer0: 1.225261ms
layer1: 1.497854ms
layer2: 96.734217ms
total: 238.108267ms

image: 000000268150 (640x480)
layer0: 1.283891ms
layer1: 1.211917ms
layer2: 75.276826ms
total: 463.495963ms

image: 000000138473 (427x640)
layer0: 1.215823ms
layer1: 1.296205ms
layer2: 45.567686ms
total: 113.933391ms

image: 000000382699 (500x375)
layer0: 586.171µs
layer1: 1.056053ms
layer2: 45.797056ms
total: 168.358743ms

image: 000000493952 (640x427)
layer0: 1.824738ms
layer1: 1.620724ms
layer2: 304.76912ms
total: 921.790145ms

image: 000000348522 (640x426)
layer0: 796.065µs
layer1: 1.104064ms
layer2: 57.715792ms
total: 105.464925ms

image: 000000066862 (640x480)
layer0: 1.366557ms
layer1: 1.381375ms
layer2: 17.119083ms
total: 49.65364ms

image: 000000024457 (640x429)
layer0: 1.680746ms
layer1: 1.317244ms
layer2: 42.579182ms
total: 175.988503ms

image: 000000160437 (640x480)
layer0: 1.847751ms
layer1: 2.585476ms
layer2: 277.143333ms
total: 596.754791ms

image: 000000487414 (640x425)
layer0: 1.262581ms
layer1: 1.608791ms
layer2: 155.433757ms
total: 333.613446ms

image: 000000329541 (480x640)
layer0: 1.308067ms
layer1: 1.379271ms
layer2: 42.721089ms
total: 289.788273ms

image: 000000092064 (640x427)
layer0: 2.921027ms
layer1: 2.335045ms
layer2: 139.047079ms
total: 386.764194ms

image: 000000281262 (640x478)
layer0: 2.032507ms
layer1: 1.396082ms
layer2: 82.235466ms
total: 236.502832ms

image: 000000145337 (640x480)
layer0: 2.61398ms
layer1: 1.861356ms
layer2: 46.984046ms
total: 251.899631ms

image: 000000372147 (427x640)
layer0: 1.416491ms
layer1: 1.496711ms
layer2: 148.00254ms
total: 164.031145ms

image: 000000559184 (640x597)
layer0: 2.211063ms
layer1: 2.027088ms
layer2: 15.908619ms
total: 53.053505ms

image: 000000511141 (640x426)
layer0: 1.445766ms
layer1: 1.454211ms
layer2: 64.494254ms
total: 415.958337ms

image: 000000228974 (640x425)
layer0: 2.645999ms
layer1: 1.868149ms
layer2: 66.046069ms
total: 126.343801ms

image: 000000092658 (426x640)
layer0: 1.318436ms
layer1: 1.444543ms
layer2: 112.480261ms
total: 427.269322ms

image: 000000528299 (640x480)
layer0: 1.230761ms
layer1: 1.279504ms
layer2: 45.525336ms
total: 266.841234ms

image: 000000494811 (640x360)
layer0: 1.459993ms
layer1: 3.331337ms
layer2: 84.917944ms
total: 374.14308ms

image: 000000063873 (640x551)
layer0: 1.620914ms
layer1: 2.214069ms
layer2: 228.412797ms
total: 1.35678655s

image: 000000156073 (640x480)
layer0: 2.784821ms
layer1: 2.569436ms
layer2: 89.744229ms
total: 637.246102ms

image: 000000406342 (425x640)
layer0: 1.796374ms
layer1: 2.354743ms
layer2: 204.921745ms
total: 434.492778ms

image: 000000126288 (481x640)
layer0: 3.212655ms
layer1: 2.636081ms
layer2: 227.979352ms
total: 425.423694ms

image: 000000550547 (640x480)
layer0: 1.765075ms
layer1: 2.04446ms
layer2: 68.03837ms
total: 339.171284ms

image: 000000420414 (640x480)
layer0: 1.853501ms
layer1: 2.386532ms
layer2: 186.646772ms
total: 276.175876ms

image: 000000240755 (640x480)
layer0: 1.167373ms
layer1: 1.475652ms
layer2: 10.931472ms
total: 21.44595ms

image: 000000218357 (480x640)
layer0: 1.312875ms
layer1: 927.722µs
layer2: 16.259679ms
total: 31.069215ms

image: 000000209073 (480x640)
layer0: 1.279944ms
layer1: 1.040905ms
layer2: 61.954273ms
total: 69.42759ms

image: 000000250607 (480x640)
layer0: 2.705552ms
layer1: 1.108221ms
layer2: 55.265601ms
total: 88.726587ms

image: 000000327818 (640x427)
layer0: 1.712626ms
layer1: 1.055372ms
layer2: 22.181351ms
total: 100.718049ms

image: 000000175111 (640x478)
layer0: 2.686917ms
layer1: 1.925286ms
layer2: 12.849544ms
total: 46.294281ms

image: 000000242755 (464x640)
layer0: 2.564026ms
layer1: 1.904106ms
layer2: 32.915933ms
total: 42.012408ms

image: 000000236173 (450x350)
layer0: 1.935996ms
layer1: 1.440556ms
layer2: 10.511603ms
total: 34.805532ms

image: 000000460918 (364x640)
layer0: 2.354883ms
layer1: 2.27367ms
layer2: 99.71769ms
total: 269.225121ms

image: 000000029716 (480x640)
layer0: 2.797754ms
layer1: 2.497872ms
layer2: 286.648766ms
total: 559.581391ms

image: 000000572289 (640x427)
layer0: 1.355505ms
layer1: 1.420828ms
layer2: 26.857373ms
total: 63.117508ms

image: 000000181356 (500x375)
layer0: 1.158786ms
layer1: 1.832702ms
layer2: 32.440701ms
total: 97.909985ms

image: 000000554271 (427x640)
layer0: 2.390229ms
layer1: 2.451976ms
layer2: 83.725825ms
total: 215.421426ms

