image: 000000147328 (640x480)
layer0: 1.70365ms
layer1: 4.230497ms
layer2: 28.894382ms
  l2_clear: 318.358µs
  l2_group_reduce: 635.825µs
  l2_expand: 26.855352ms
  l2_emit: 657.625µs
total: 386.490539ms

image: 000000414738 (640x573)
layer0: 2.867576ms
layer1: 4.002779ms
layer2: 13.827963ms
  l2_clear: 721.385µs
  l2_group_reduce: 270.529µs
  l2_expand: 12.296686ms
  l2_emit: 107.512µs
total: 50.59429ms

image: 000000281563 (500x332)
layer0: 1.218689ms
layer1: 3.351345ms
layer2: 17.213302ms
  l2_clear: 3.035251ms
  l2_group_reduce: 281.77µs
  l2_expand: 13.557334ms
  l2_emit: 281.929µs
total: 87.376869ms

image: 000000063879 (640x365)
layer0: 3.733232ms
layer1: 3.503812ms
layer2: 18.495279ms
  l2_clear: 532.8µs
  l2_group_reduce: 436.199µs
  l2_expand: 17.103706ms
  l2_emit: 396.114µs
total: 98.519598ms

image: 000000531349 (640x640)
layer0: 4.039788ms
layer1: 4.004371ms
layer2: 45.537412ms
  l2_clear: 375.135µs
  l2_group_reduce: 488.528µs
  l2_expand: 43.115232ms
  l2_emit: 1.338615ms
total: 217.924394ms

image: 000000340329 (640x480)
layer0: 1.900901ms
layer1: 4.308512ms
layer2: 45.257276ms
  l2_clear: 381.907µs
  l2_group_reduce: 620.385µs
  l2_expand: 42.081ms
  l2_emit: 1.694262ms
total: 387.932398ms

image: 000000182236 (640x480)
layer0: 2.808265ms
layer1: 3.97717ms
layer2: 27.798794ms
  l2_clear: 650.552µs
  l2_group_reduce: 449.625µs
  l2_expand: 26.490968ms
  l2_emit: 185.479µs
total: 122.993777ms

image: 000000326820 (548x640)
layer0: 2.000578ms
layer1: 4.459005ms
layer2: 20.753321ms
  l2_clear: 774.394µs
  l2_group_reduce: 487.185µs
  l2_expand: 19.222626ms
  l2_emit: 249.078µs
total: 116.015139ms

image: 000000149364 (640x410)
layer0: 2.781545ms
layer1: 4.529418ms
layer2: 65.125504ms
  l2_clear: 564.17µs
  l2_group_reduce: 779.293µs
  l2_expand: 63.022184ms
  l2_emit: 341.341µs
total: 501.092104ms

image: 000000166598 (480x640)
layer0: 864.133µs
layer1: 2.276355ms
layer2: 8.65649ms
  l2_clear: 353.414µs
  l2_group_reduce: 176.571µs
  l2_expand: 8.006909ms
  l2_emit: 100.589µs
total: 35.83601ms

image: 000000424792 (640x487)
layer0: 1.584015ms
layer1: 3.588721ms
layer2: 27.72198ms
  l2_clear: 674.236µs
  l2_group_reduce: 355.067µs
  l2_expand: 25.978475ms
  l2_emit: 690.827µs
total: 72.65134ms

image: 000000178388 (640x480)
layer0: 2.840475ms
layer1: 3.899353ms
layer2: 14.547454ms
  l2_clear: 665.58µs
  l2_group_reduce: 373.912µs
  l2_expand: 13.126896ms
  l2_emit: 358.404µs
total: 76.710204ms

image: 000000568154 (427x640)
layer0: 4.050307ms
layer1: 5.029517ms
layer2: 17.447712ms
  l2_clear: 575.231µs
  l2_group_reduce: 604.054µs
  l2_expand: 15.666717ms
  l2_emit: 386.826µs
total: 142.821439ms

image: 000000268150 (640x480)
layer0: 2.661669ms
layer1: 4.071537ms
layer2: 30.523853ms
  l2_clear: 660.2µs
  l2_group_reduce: 560.543µs
  l2_expand: 29.032191ms
  l2_emit: 246.173µs
total: 189.796021ms

image: 000000138473 (427x640)
layer0: 1.009046ms
layer1: 2.174564ms
layer2: 11.672354ms
  l2_clear: 340.99µs
  l2_group_reduce: 196.689µs
  l2_expand: 10.99417ms
  l2_emit: 115.367µs
total: 54.439283ms

image: 000000382699 (500x375)
layer0: 1.292117ms
layer1: 3.414824ms
layer2: 11.989871ms
  l2_clear: 507.293µs
  l2_group_reduce: 265.318µs
  l2_expand: 10.989872ms
  l2_emit: 207.78µs
total: 65.60765ms

image: 000000493952 (640x427)
layer0: 2.702666ms
layer1: 5.624865ms
layer2: 56.504361ms
  l2_clear: 577.074µs
  l2_group_reduce: 1.111157ms
  l2_expand: 53.579688ms
  l2_emit: 285.636µs
total: 472.12246ms

image: 000000348522 (640x426)
layer0: 1.526157ms
layer1: 3.619328ms
layer2: 12.79313ms
  l2_clear: 579.709µs
  l2_group_reduce: 363.032µs
  l2_expand: 11.019538ms
  l2_emit: 319.961µs
total: 59.71412ms

image: 000000066862 (640x480)
layer0: 2.464709ms
layer1: 3.073473ms
layer2: 11.691951ms
  l2_clear: 642.717µs
  l2_group_reduce: 283.442µs
  l2_expand: 10.543343ms
  l2_emit: 202.681µs
total: 36.106307ms

image: 000000024457 (640x429)
layer0: 1.788139ms
layer1: 2.903353ms
layer2: 27.863386ms
  l2_clear: 640.513µs
  l2_group_reduce: 295.485µs
  l2_expand: 26.699078ms
  l2_emit: 204.394µs
total: 94.682771ms

image: 000000160437 (640x480)
layer0: 2.740838ms
layer1: 4.615229ms
layer2: 19.929614ms
  l2_clear: 326.824µs
  l2_group_reduce: 729.56µs
  l2_expand: 17.692672ms
  l2_emit: 364.034µs
total: 266.182156ms

image: 000000487414 (640x425)
layer0: 1.82642ms
layer1: 4.724905ms
layer2: 18.400251ms
  l2_clear: 620.486µs
  l2_group_reduce: 636.866µs
  l2_expand: 16.433958ms
  l2_emit: 358.954µs
total: 152.928112ms

image: 000000329541 (480x640)
layer0: 1.014496ms
layer1: 3.113078ms
layer2: 11.448233ms
  l2_clear: 335.741µs
  l2_group_reduce: 186.189µs
  l2_expand: 10.785538ms
  l2_emit: 120.486µs
total: 106.227586ms

image: 000000092064 (640x427)
layer0: 2.782045ms
layer1: 4.390566ms
layer2: 22.348837ms
  l2_clear: 637.267µs
  l2_group_reduce: 676.702µs
  l2_expand: 20.716451ms
  l2_emit: 294.112µs
total: 213.468835ms

image: 000000281262 (640x478)
layer0: 1.833564ms
layer1: 4.137241ms
layer2: 18.711225ms
  l2_clear: 668.275µs
  l2_group_reduce: 535.906µs
  l2_expand: 16.398211ms
  l2_emit: 429.797µs
total: 117.749477ms

image: 000000145337 (640x480)
layer0: 1.727925ms
layer1: 3.978082ms
layer2: 21.669792ms
  l2_clear: 619.865µs
  l2_group_reduce: 438.233µs
  l2_expand: 19.885691ms
  l2_emit: 338.496µs
total: 105.930318ms

image: 000000372147 (427x640)
layer0: 2.215952ms
layer1: 4.719254ms
layer2: 5.159371ms
  l2_clear: 580.4µs
  l2_group_reduce: 431.721µs
  l2_expand: 3.534338ms
  l2_emit: 241.464µs
total: 25.398706ms

image: 000000559184 (640x597)
layer0: 1.955663ms
layer1: 3.724706ms
layer2: 14.941314ms
  l2_clear: 764.056µs
  l2_group_reduce: 327.886µs
  l2_expand: 13.606146ms
  l2_emit: 224.803µs
total: 48.121055ms

image: 000000511141 (640x426)
layer0: 1.668013ms
layer1: 2.892042ms
layer2: 20.432098ms
  l2_clear: 319.19µs
  l2_group_reduce: 242.666µs
  l2_expand: 19.602729ms
  l2_emit: 248.217µs
total: 160.255505ms

image: 000000228974 (640x425)
layer0: 1.722385ms
layer1: 2.562522ms
layer2: 12.171631ms
  l2_clear: 278.533µs
  l2_group_reduce: 173.526µs
  l2_expand: 11.56378ms
  l2_emit: 140.073µs
total: 62.223043ms

image: 000000092658 (426x640)
layer0: 2.713878ms
layer1: 4.591444ms
layer2: 34.612782ms
  l2_clear: 596.941µs
  l2_group_reduce: 616.127µs
  l2_expand: 33.240976ms
  l2_emit: 139.412µs
total: 237.274599ms

image: 000000528299 (640x480)
layer0: 1.449563ms
layer1: 2.870772ms
layer2: 28.284687ms
  l2_clear: 322.406µs
  l2_group_reduce: 178.715µs
  l2_expand: 27.606192ms
  l2_emit: 161.003µs
total: 108.736668ms

image: 000000494811 (640x360)
layer0: 1.152264ms
layer1: 2.626594ms
layer2: 31.889147ms
  l2_clear: 315.393µs
  l2_group_reduce: 255.48µs
  l2_expand: 30.939363ms
  l2_emit: 355.547µs
total: 154.16731ms

image: 000000063873 (640x551)
layer0: 1.546946ms
layer1: 3.847366ms
layer2: 58.189878ms
  l2_clear: 365.858µs
  l2_group_reduce: 384.643µs
  l2_expand: 56.549486ms
  l2_emit: 357.331µs
total: 521.47059ms

image: 000000156073 (640x480)
layer0: 1.846107ms
layer1: 4.550387ms
layer2: 51.854387ms
  l2_clear: 432.232µs
  l2_group_reduce: 508.375µs
  l2_expand: 50.019982ms
  l2_emit: 604.165µs
total: 285.96843ms

image: 000000406342 (425x640)
layer0: 843.835µs
layer1: 4.134826ms
layer2: 22.43547ms
  l2_clear: 347.683µs
  l2_group_reduce: 486.594µs
  l2_expand: 20.912089ms
  l2_emit: 238.307µs
total: 166.275433ms

image: 000000126288 (481x640)
layer0: 1.940715ms
layer1: 5.287682ms
layer2: 18.145292ms
  l2_clear: 469.542µs
  l2_group_reduce: 1.263884ms
  l2_expand: 15.911426ms
  l2_emit: 193.082µs
total: 184.046682ms

image: 000000550547 (640x480)
layer0: 1.918804ms
layer1: 5.489842ms
layer2: 29.75585ms
  l2_clear: 342.173µs
  l2_group_reduce: 324.139µs
  l2_expand: 28.300526ms
  l2_emit: 406.594µs
total: 142.747059ms

image: 000000420414 (640x480)
layer0: 1.640261ms
layer1: 4.657287ms
layer2: 11.748097ms
  l2_clear: 1.308878ms
  l2_group_reduce: 652.535µs
  l2_expand: 9.353248ms
  l2_emit: 298.1µs
total: 131.026355ms

image: 000000240755 (640x480)
layer0: 1.679164ms
layer1: 2.683791ms
layer2: 6.168135ms
  l2_clear: 648.939µs
  l2_group_reduce: 166.964µs
  l2_expand: 5.184868ms
  l2_emit: 146.265µs
total: 17.163718ms

image: 000000218357 (480x640)
layer0: 1.24612ms
layer1: 1.90577ms
layer2: 3.8702ms
  l2_clear: 380.425µs
  l2_group_reduce: 103.183µs
  l2_expand: 3.255334ms
  l2_emit: 111.36µs
total: 18.746882ms

image: 000000209073 (480x640)
layer0: 1.225221ms
layer1: 2.651571ms
layer2: 4.160424ms
  l2_clear: 379.603µs
  l2_group_reduce: 246.584µs
  l2_expand: 3.220038ms
  l2_emit: 295.766µs
total: 18.600887ms

image: 000000250607 (480x640)
layer0: 1.794621ms
layer1: 3.298776ms
layer2: 6.934676ms
  l2_clear: 658.757µs
  l2_group_reduce: 327.385µs
  l2_expand: 5.644772ms
  l2_emit: 285.376µs
total: 48.138378ms

image: 000000327818 (640x427)
layer0: 1.404539ms
layer1: 2.739646ms
layer2: 32.187257ms
  l2_clear: 405.151µs
  l2_group_reduce: 286.057µs
  l2_expand: 31.175056ms
  l2_emit: 287.48µs
total: 88.176691ms

image: 000000175111 (640x478)
layer0: 1.619001ms
layer1: 3.855051ms
layer2: 15.527926ms
  l2_clear: 627.278µs
  l2_group_reduce: 311.095µs
  l2_expand: 14.340626ms
  l2_emit: 227.688µs
total: 48.379321ms

image: 000000242755 (464x640)
layer0: 1.571913ms
layer1: 3.523008ms
layer2: 4.261945ms
  l2_clear: 624.253µs
  l2_group_reduce: 171.633µs
  l2_expand: 3.256126ms
  l2_emit: 188.664µs
total: 17.741735ms

image: 000000236173 (450x350)
layer0: 1.115185ms
layer1: 1.959511ms
layer2: 7.486151ms
  l2_clear: 414.198µs
  l2_group_reduce: 198.432µs
  l2_expand: 6.693692ms
  l2_emit: 163.267µs
total: 23.854827ms

image: 000000460918 (364x640)
layer0: 607.712µs
layer1: 2.715861ms
layer2: 14.506447ms
  l2_clear: 239.82µs
  l2_group_reduce: 211.597µs
  l2_expand: 13.784371ms
  l2_emit: 256.041µs
total: 125.062453ms

image: 000000029716 (480x640)
layer0: 3.717463ms
layer1: 5.360358ms
layer2: 22.340121ms
  l2_clear: 290.436µs
  l2_group_reduce: 543.571µs
  l2_expand: 21.076608ms
  l2_emit: 264.968µs
total: 285.461979ms

image: 000000572289 (640x427)
layer0: 1.492684ms
layer1: 3.448848ms
layer2: 10.381169ms
  l2_clear: 749.167µs
  l2_group_reduce: 335.099µs
  l2_expand: 8.597699ms
  l2_emit: 239.149µs
total: 41.270848ms

