image: 000000147328 (640x480)
layer0: 1.691988ms
layer1: 2.048377ms
layer2: 274.66586ms
total: 920.572518ms

image: 000000414738 (640x573)
layer0: 1.327754ms
layer1: 1.280625ms
layer2: 51.630022ms
total: 99.43482ms

image: 000000281563 (500x332)
layer0: 1.023162ms
layer1: 1.899297ms
layer2: 53.819996ms
total: 200.6007ms

image: 000000063879 (640x365)
layer0: 1.583444ms
layer1: 2.283098ms
layer2: 50.408778ms
total: 212.363764ms

image: 000000531349 (640x640)
layer0: 3.253311ms
layer1: 2.716102ms
layer2: 119.384459ms
total: 555.449181ms

image: 000000340329 (640x480)
layer0: 1.791846ms
layer1: 1.589896ms
layer2: 246.356429ms
total: 1.016279145s

image: 000000182236 (640x480)
layer0: 3.373616ms
layer1: 2.18299ms
layer2: 40.054701ms
total: 232.912729ms

image: 000000326820 (548x640)
layer0: 2.458037ms
layer1: 1.292548ms
layer2: 84.152005ms
total: 267.00451ms

image: 000000149364 (640x410)
layer0: 1.555261ms
layer1: 1.660098ms
layer2: 142.526425ms
total: 950.781878ms

image: 000000166598 (480x640)
layer0: 2.603199ms
layer1: 2.014213ms
layer2: 23.896012ms
total: 64.633746ms

image: 000000424792 (640x487)
layer0: 2.594032ms
layer1: 1.971373ms
layer2: 34.951055ms
total: 122.738639ms

image: 000000178388 (640x480)
layer0: 2.863939ms
layer1: 2.144708ms
layer2: 92.599721ms
total: 175.224818ms

image: 000000568154 (427x640)
layer0: 2.789118ms
layer1: 2.152753ms
layer2: 104.802822ms
total: 251.397287ms

image: 000000268150 (640x480)
layer0: 2.930354ms
layer1: 2.21498ms
layer2: 70.408642ms
total: 436.119313ms

image: 000000138473 (427x640)
layer0: 2.6513ms
layer1: 4.320615ms
layer2: 46.850435ms
total: 121.629455ms

image: 000000382699 (500x375)
layer0: 1.202228ms
layer1: 2.251719ms
layer2: 49.269479ms
total: 179.826913ms

image: 000000493952 (640x427)
layer0: 1.242294ms
layer1: 2.684692ms
layer2: 346.728439ms
total: 971.732738ms

image: 000000348522 (640x426)
layer0: 2.405348ms
layer1: 2.33728ms
layer2: 56.326333ms
total: 108.549338ms

image: 000000066862 (640x480)
layer0: 1.667321ms
layer1: 1.877397ms
layer2: 18.066222ms
total: 55.76057ms

image: 000000024457 (640x429)
layer0: 1.204703ms
layer1: 1.09679ms
layer2: 42.203688ms
total: 176.142302ms

image: 000000160437 (640x480)
layer0: 1.757191ms
layer1: 5.822957ms
layer2: 325.892174ms
total: 659.824609ms

image: 000000487414 (640x425)
layer0: 1.258684ms
layer1: 1.444904ms
layer2: 168.199524ms
total: 325.718648ms

image: 000000329541 (480x640)
layer0: 1.935285ms
layer1: 2.058185ms
layer2: 40.117499ms
total: 277.548395ms

image: 000000092064 (640x427)
layer0: 2.627505ms
layer1: 2.835245ms
layer2: 132.768157ms
total: 366.868516ms

image: 000000281262 (640x478)
layer0: 2.301974ms
layer1: 2.351156ms
layer2: 82.6693ms
total: 225.028521ms

image: 000000145337 (640x480)
layer0: 1.781857ms
layer1: 2.200944ms
layer2: 47.890859ms
total: 247.388979ms

image: 000000372147 (427x640)
layer0: 2.695673ms
layer1: 2.246369ms
layer2: 148.152902ms
total: 160.841604ms

image: 000000559184 (640x597)
layer0: 1.156452ms
layer1: 1.049712ms
layer2: 14.019972ms
total: 47.200202ms

image: 000000511141 (640x426)
layer0: 1.346509ms
layer1: 1.516208ms
layer2: 65.401868ms
total: 416.282746ms

image: 000000228974 (640x425)
layer0: 3.208045ms
layer1: 2.235659ms
layer2: 67.552698ms
total: 132.297092ms

image: 000000092658 (426x640)
layer0: 2.619309ms
layer1: 2.308736ms
layer2: 112.392397ms
total: 425.295845ms

image: 000000528299 (640x480)
layer0: 1.795833ms
layer1: 2.056342ms
layer2: 45.765117ms
total: 265.57205ms

image: 000000494811 (640x360)
layer0: 1.194093ms
layer1: 1.224199ms
layer2: 72.996192ms
total: 351.301207ms

image: 000000063873 (640x551)
layer0: 1.965452ms
layer1: 4.000754ms
layer2: 205.586314ms
total: 1.33641598s

image: 000000156073 (640x480)
layer0: 3.589222ms
layer1: 2.17247ms
layer2: 94.042652ms
total: 626.055875ms

image: 000000406342 (425x640)
layer0: 3.339542ms
layer1: 2.270976ms
layer2: 188.535509ms
total: 435.674388ms

image: 000000126288 (481x640)
layer0: 2.003242ms
layer1: 2.305611ms
layer2: 204.781322ms
total: 400.79701ms

image: 000000550547 (640x480)
layer0: 1.900359ms
layer1: 2.354813ms
layer2: 63.368629ms
total: 333.780429ms

image: 000000420414 (640x480)
layer0: 3.169513ms
layer1: 2.370463ms
layer2: 166.334271ms
total: 260.823491ms

image: 000000240755 (640x480)
layer0: 1.585658ms
layer1: 1.690175ms
layer2: 10.158139ms
total: 23.588534ms

image: 000000218357 (480x640)
layer0: 712.308µs
layer1: 1.185597ms
layer2: 15.451732ms
total: 32.380668ms

image: 000000209073 (480x640)
layer0: 859.074µs
layer1: 1.038781ms
layer2: 59.155657ms
total: 71.793553ms

image: 000000250607 (480x640)
layer0: 1.709901ms
layer1: 3.111745ms
layer2: 55.729993ms
total: 97.995085ms

image: 000000327818 (640x427)
layer0: 835.319µs
layer1: 1.23515ms
layer2: 21.37111ms
total: 101.420148ms

image: 000000175111 (640x478)
layer0: 2.728304ms
layer1: 1.951406ms
layer2: 12.965001ms
total: 47.345845ms

image: 000000242755 (464x640)
layer0: 1.510648ms
layer1: 2.094043ms
layer2: 34.165069ms
total: 44.199947ms

image: 000000236173 (450x350)
layer0: 880.434µs
layer1: 1.086711ms
layer2: 11.474221ms
total: 34.887476ms

image: 000000460918 (364x640)
layer0: 1.199472ms
layer1: 1.138539ms
layer2: 102.069538ms
total: 272.167819ms

image: 000000029716 (480x640)
layer0: 2.315449ms
layer1: 1.787898ms
layer2: 267.314172ms
total: 546.372032ms

image: 000000572289 (640x427)
layer0: 2.317623ms
layer1: 1.651532ms
layer2: 25.823102ms
total: 65.117905ms

image: 000000181356 (500x375)
layer0: 1.071783ms
layer1: 1.972715ms
layer2: 29.706435ms
total: 99.336966ms

image: 000000554271 (427x640)
layer0: 2.783859ms
layer1: 4.237268ms
layer2: 82.260813ms
total: 216.384005ms

image: 000000117770 (480x360)
layer0: 588.866µs
layer1: 1.182941ms
layer2: 117.478058ms
total: 229.854325ms

image: 000000483760 (640x426)
layer0: 4.397179ms
layer1: 1.989487ms
layer2: 27.091323ms
total: 167.331564ms

image: 000000318929 (640x480)
layer0: 2.804728ms
layer1: 1.900389ms
layer2: 58.285743ms
total: 192.135711ms

image: 000000265544 (640x640)
layer0: 3.441023ms
layer1: 2.237633ms
layer2: 103.357557ms
total: 826.801146ms

image: 000000302823 (640x478)
layer0: 2.775983ms
layer1: 2.373067ms
layer2: 204.92939ms
total: 341.030877ms

image: 000000205477 (640x427)
layer0: 3.545289ms
layer1: 1.881625ms
layer2: 53.583741ms
total: 288.739584ms

image: 000000353536 (640x443)
layer0: 3.322541ms
layer1: 2.07649ms
layer2: 53.861453ms
total: 131.353249ms

image: 000000352660 (640x480)
layer0: 2.899485ms
layer1: 2.094604ms
layer2: 74.124201ms
total: 85.536114ms

image: 000000260566 (500x334)
layer0: 518.754µs
layer1: 935.276µs
layer2: 21.225617ms
total: 78.487606ms

image: 000000351903 (480x640)
layer0: 1.375954ms
layer1: 1.374792ms
layer2: 122.815714ms
total: 757.49788ms

image: 000000038226 (640x426)
layer0: 1.709781ms
layer1: 2.40119ms
layer2: 45.878881ms
total: 255.335353ms

image: 000000096539 (640x480)
layer0: 1.6934ms
layer1: 2.176828ms
layer2: 203.984656ms
total: 655.188171ms

