image: 000000147328 (640x480)
layer0: 1.790023ms
layer1: 1.641053ms
layer2: 271.43334ms
total: 812.414097ms

image: 000000414738 (640x573)
layer0: 3.536814ms
layer1: 1.403317ms
layer2: 50.237148ms
total: 93.281413ms

image: 000000281563 (500x332)
layer0: 601.77µs
layer1: 1.327114ms
layer2: 62.650699ms
total: 194.022031ms

image: 000000063879 (640x365)
layer0: 1.473188ms
layer1: 1.776267ms
layer2: 49.547753ms
total: 187.216896ms

image: 000000531349 (640x640)
layer0: 4.4073ms
layer1: 3.097669ms
layer2: 121.902412ms
total: 514.412233ms

image: 000000340329 (640x480)
layer0: 2.827031ms
layer1: 2.434664ms
layer2: 235.08265ms
total: 842.71398ms

image: 000000182236 (640x480)
layer0: 1.18159ms
layer1: 1.858882ms
layer2: 40.217966ms
total: 209.051355ms

image: 000000326820 (548x640)
layer0: 3.010967ms
layer1: 2.573134ms
layer2: 85.441876ms
total: 228.672206ms

image: 000000149364 (640x410)
layer0: 2.70395ms
layer1: 2.333554ms
layer2: 142.495059ms
total: 815.352627ms

image: 000000166598 (480x640)
layer0: 1.773091ms
layer1: 1.343564ms
layer2: 25.079296ms
total: 68.414458ms

image: 000000424792 (640x487)
layer0: 1.941608ms
layer1: 1.677401ms
layer2: 37.432793ms
total: 115.494354ms

image: 000000178388 (640x480)
layer0: 3.883967ms
layer1: 1.693271ms
layer2: 90.184306ms
total: 161.170283ms

image: 000000568154 (427x640)
layer0: 2.771948ms
layer1: 2.263002ms
layer2: 101.229535ms
total: 218.312364ms

image: 000000268150 (640x480)
layer0: 1.955293ms
layer1: 1.453271ms
layer2: 72.707342ms
total: 399.57305ms

image: 000000138473 (427x640)
layer0: 2.706164ms
layer1: 4.148123ms
layer2: 43.225366ms
total: 104.972226ms

image: 000000382699 (500x375)
layer0: 1.542558ms
layer1: 2.229578ms
layer2: 43.629074ms
total: 156.160281ms

image: 000000493952 (640x427)
layer0: 1.832362ms
layer1: 1.872388ms
layer2: 293.648905ms
total: 804.497342ms

image: 000000348522 (640x426)
layer0: 1.507883ms
layer1: 1.830349ms
layer2: 49.874267ms
total: 92.163043ms

image: 000000066862 (640x480)
layer0: 2.844183ms
layer1: 2.531786ms
layer2: 16.284954ms
total: 53.289513ms

image: 000000024457 (640x429)
layer0: 2.7841ms
layer1: 2.022189ms
layer2: 40.677459ms
total: 160.264652ms

image: 000000160437 (640x480)
layer0: 2.753102ms
layer1: 2.742071ms
layer2: 282.723018ms
total: 507.877166ms

image: 000000487414 (640x425)
layer0: 720.895µs
layer1: 1.278522ms
layer2: 144.058035ms
total: 269.332042ms

image: 000000329541 (480x640)
layer0: 1.775055ms
layer1: 2.044962ms
layer2: 38.65004ms
total: 232.786435ms

image: 000000092064 (640x427)
layer0: 1.883338ms
layer1: 2.309108ms
layer2: 128.521167ms
total: 304.218091ms

image: 000000281262 (640x478)
layer0: 1.774404ms
layer1: 2.199753ms
layer2: 82.274716ms
total: 200.033294ms

image: 000000145337 (640x480)
layer0: 1.316023ms
layer1: 1.457047ms
layer2: 48.989415ms
total: 216.706697ms

image: 000000372147 (427x640)
layer0: 1.888318ms
layer1: 2.269654ms
layer2: 144.402743ms
total: 153.156969ms

image: 000000559184 (640x597)
layer0: 1.157495ms
layer1: 1.120976ms
layer2: 14.077296ms
total: 51.950487ms

image: 000000511141 (640x426)
layer0: 1.770656ms
layer1: 1.47469ms
layer2: 67.272041ms
total: 349.437603ms

image: 000000228974 (640x425)
layer0: 1.688793ms
layer1: 2.151041ms
layer2: 68.816773ms
total: 116.29025ms

image: 000000092658 (426x640)
layer0: 1.624642ms
layer1: 1.936899ms
layer2: 109.836154ms
total: 372.067316ms

image: 000000528299 (640x480)
layer0: 1.729398ms
layer1: 2.335027ms
layer2: 46.108151ms
total: 228.829551ms

image: 000000494811 (640x360)
layer0: 1.322124ms
layer1: 1.941577ms
layer2: 72.270381ms
total: 304.801307ms

image: 000000063873 (640x551)
layer0: 3.052995ms
layer1: 3.485538ms
layer2: 212.269321ms
total: 1.097069014s

image: 000000156073 (640x480)
layer0: 1.820641ms
layer1: 2.342651ms
layer2: 91.352751ms
total: 549.726196ms

image: 000000406342 (425x640)
layer0: 1.742053ms
layer1: 2.961143ms
layer2: 204.642923ms
total: 410.310762ms

image: 000000126288 (481x640)
layer0: 1.92688ms
layer1: 1.779133ms
layer2: 208.603444ms
total: 355.210197ms

image: 000000550547 (640x480)
layer0: 3.166128ms
layer1: 2.785302ms
layer2: 61.506509ms
total: 299.790082ms

image: 000000420414 (640x480)
layer0: 1.886294ms
layer1: 2.49662ms
layer2: 163.691019ms
total: 229.800366ms

image: 000000240755 (640x480)
layer0: 1.705213ms
layer1: 1.902464ms
layer2: 10.301944ms
total: 21.52096ms

image: 000000218357 (480x640)
layer0: 2.801924ms
layer1: 1.987805ms
layer2: 15.447761ms
total: 31.520967ms

image: 000000209073 (480x640)
layer0: 2.887735ms
layer1: 1.590067ms
layer2: 62.697747ms
total: 74.010109ms

image: 000000250607 (480x640)
layer0: 1.310402ms
layer1: 1.082855ms
layer2: 56.014592ms
total: 80.937864ms

image: 000000327818 (640x427)
layer0: 2.640561ms
layer1: 1.988495ms
layer2: 22.236385ms
total: 100.270133ms

image: 000000175111 (640x478)
layer0: 2.645139ms
layer1: 2.081972ms
layer2: 12.967461ms
total: 44.51089ms

image: 000000242755 (464x640)
layer0: 2.871374ms
layer1: 2.095857ms
layer2: 35.75431ms
total: 46.021248ms

image: 000000236173 (450x350)
layer0: 2.173703ms
layer1: 1.800523ms
layer2: 11.229356ms
total: 33.046043ms

image: 000000460918 (364x640)
layer0: 2.49112ms
layer1: 1.844746ms
layer2: 111.568228ms
total: 242.026825ms

image: 000000029716 (480x640)
layer0: 1.711184ms
layer1: 1.705324ms
layer2: 275.181941ms
total: 494.224016ms

image: 000000572289 (640x427)
layer0: 2.079536ms
layer1: 2.2195ms
layer2: 24.889148ms
total: 55.686225ms

image: 000000181356 (500x375)
layer0: 1.052898ms
layer1: 2.31007ms
layer2: 29.445397ms
total: 87.038245ms

image: 000000554271 (427x640)
layer0: 2.888436ms
layer1: 1.228328ms
layer2: 80.128163ms
total: 193.051246ms

image: 000000117770 (480x360)
layer0: 1.073517ms
layer1: 1.984909ms
layer2: 124.742749ms
total: 220.365982ms

image: 000000483760 (640x426)
layer0: 1.753254ms
layer1: 1.111027ms
layer2: 26.461412ms
total: 149.060303ms

image: 000000318929 (640x480)
layer0: 3.133657ms
layer1: 2.261558ms
layer2: 58.334791ms
total: 172.316774ms

image: 000000265544 (640x640)
layer0: 2.569327ms
layer1: 2.196707ms
layer2: 120.039103ms
total: 722.900431ms

image: 000000302823 (640x478)
layer0: 1.655099ms
layer1: 3.361755ms
layer2: 196.636783ms
total: 305.438314ms

image: 000000205477 (640x427)
layer0: 2.872125ms
layer1: 2.333253ms
layer2: 56.193247ms
total: 266.649532ms

image: 000000353536 (640x443)
layer0: 1.161261ms
layer1: 1.345658ms
layer2: 59.082576ms
total: 113.110967ms

image: 000000352660 (640x480)
layer0: 3.219699ms
layer1: 1.315802ms
layer2: 80.16413ms
total: 91.329337ms

image: 000000260566 (500x334)
layer0: 511.21µs
layer1: 1.136706ms
layer2: 21.240985ms
total: 65.783013ms

image: 000000351903 (480x640)
layer0: 1.705704ms
layer1: 2.155981ms
layer2: 124.041852ms
total: 661.9634ms

image: 000000038226 (640x426)
layer0: 1.800242ms
layer1: 2.245008ms
layer2: 46.049431ms
total: 241.998472ms

image: 000000096539 (640x480)
layer0: 1.702128ms
layer1: 2.797175ms
layer2: 183.458806ms
total: 538.684592ms

image: 000000580121 (640x354)
layer0: 1.629852ms
layer1: 2.275666ms
layer2: 173.416229ms
total: 516.434974ms

image: 000000340218 (477x558)
layer0: 3.887874ms
layer1: 2.277679ms
layer2: 12.54621ms
total: 57.292172ms

image: 000000175102 (640x480)
layer0: 2.723487ms
layer1: 1.228247ms
layer2: 31.460013ms
total: 250.105322ms

image: 000000033300 (427x640)
layer0: 2.629259ms
layer1: 1.959331ms
layer2: 40.646121ms
total: 93.132544ms

image: 000000090488 (640x427)
layer0: 3.254083ms
layer1: 2.270977ms
layer2: 68.876034ms
total: 434.032257ms

image: 000000155782 (500x375)
layer0: 1.410289ms
layer1: 1.944724ms
layer2: 33.483965ms
total: 68.528661ms

image: 000000568878 (480x640)
layer0: 2.792326ms
layer1: 2.067524ms
layer2: 54.208479ms
total: 107.424835ms

image: 000000527480 (640x360)
layer0: 648.528µs
layer1: 1.664477ms
layer2: 233.013071ms
total: 430.470916ms

image: 000000304292 (640x554)
layer0: 4.479235ms
layer1: 2.730059ms
layer2: 174.76891ms
total: 362.456571ms

image: 000000069121 (450x290)
layer0: 1.094416ms
layer1: 1.988405ms
layer2: 17.499385ms
total: 27.845583ms

image: 000000257341 (640x480)
layer0: 1.691598ms
layer1: 1.178775ms
layer2: 30.203943ms
total: 118.538954ms

image: 000000093279 (427x640)
layer0: 1.668905ms
layer1: 1.54344ms
layer2: 92.003553ms
total: 190.268749ms

image: 000000536738 (500x333)
layer0: 997.374µs
layer1: 2.050783ms
layer2: 91.591579ms
total: 135.351408ms

image: 000000101159 (640x376)
layer0: 1.522971ms
layer1: 2.446446ms
layer2: 69.551783ms
total: 119.648468ms

image: 000000254042 (495x500)
layer0: 2.424685ms
layer1: 2.606296ms
layer2: 35.426854ms
total: 121.345686ms

image: 000000040870 (640x333)
layer0: 2.747552ms
layer1: 2.252192ms
layer2: 32.780623ms
total: 88.454145ms

image: 000000331282 (640x480)
layer0: 3.646681ms
layer1: 2.516588ms
layer2: 174.062825ms
total: 267.409551ms

image: 000000116502 (480x640)
layer0: 2.677871ms
layer1: 2.026267ms
layer2: 67.262823ms
total: 199.935339ms

image: 000000020063 (427x640)
layer0: 2.942228ms
layer1: 2.654106ms
layer2: 67.447811ms
total: 79.053655ms

image: 000000144717 (640x480)
layer0: 2.759514ms
layer1: 1.980261ms
layer2: 134.258024ms
total: 160.275072ms

image: 000000564088 (640x424)
layer0: 1.151022ms
layer1: 1.17637ms
layer2: 90.64457ms
total: 300.512449ms

image: 000000553051 (640x480)
layer0: 3.084054ms
layer1: 1.838534ms
layer2: 24.651611ms
total: 109.679069ms

image: 000000203372 (640x428)
layer0: 2.80011ms
layer1: 2.078615ms
layer2: 69.654798ms
total: 228.312341ms

image: 000000117093 (640x451)
layer0: 3.448238ms
layer1: 2.356777ms
layer2: 201.260159ms
total: 376.347347ms

