image: degleex-ganzorig-wQImoykAwGs-unsplash (3456x5184)
layer0: 22.659052ms
layer1: 270.467136ms
layer2: 8.007104ms
layer3: 1.526839ms
layer4: 1.435788ms
layer5: 69.064919ms
total: 533.833921ms

image: marita-kavelashvili-ugnrXk1129g-unsplash (4288x2848)
layer0: 16.937583ms
layer1: 188.228795ms
layer2: 5.426646ms
layer3: 1.219161ms
layer4: 1.093535ms
layer5: 57.814783ms
total: 385.375887ms

image: sebastian-unrau-sp-p7uuT0tw-unsplash (6000x4000)
layer0: 32.840521ms
layer1: 372.363821ms
layer2: 9.862119ms
layer3: 1.923042ms
layer4: 2.020356ms
layer5: 89.675062ms
total: 709.242781ms

