image: 000000147328 (640x480)
layer0: 1.640512ms
layer1: 1.468909ms
layer2: 258.47327ms
total: 1.487477025s

image: 000000414738 (640x573)
layer0: 2.947367ms
layer1: 2.110275ms
layer2: 49.473884ms
total: 104.251212ms

image: 000000281563 (500x332)
layer0: 583.636µs
layer1: 1.128019ms
layer2: 61.399238ms
total: 270.876924ms

image: 000000063879 (640x365)
layer0: 1.499167ms
layer1: 4.072922ms
layer2: 55.5397ms
total: 292.089446ms

image: 000000531349 (640x640)
layer0: 3.090275ms
layer1: 2.34745ms
layer2: 135.83107ms
total: 745.580138ms

image: 000000340329 (640x480)
layer0: 1.778462ms
layer1: 2.310841ms
layer2: 231.547948ms
total: 1.653343051s

image: 000000182236 (640x480)
layer0: 2.800952ms
layer1: 2.082082ms
layer2: 41.64137ms
total: 290.27701ms

image: 000000326820 (548x640)
layer0: 1.775756ms
layer1: 1.928804ms
layer2: 80.146207ms
total: 408.464965ms

image: 000000149364 (640x410)
layer0: 954.964µs
layer1: 1.450335ms
layer2: 136.650399ms
total: 1.382731415s

image: 000000166598 (480x640)
layer0: 1.726303ms
layer1: 1.813888ms
layer2: 22.579549ms
total: 74.942471ms

image: 000000424792 (640x487)
layer0: 1.610155ms
layer1: 1.45298ms
layer2: 34.513459ms
total: 143.310641ms

image: 000000178388 (640x480)
layer0: 1.52765ms
layer1: 1.816122ms
layer2: 87.622272ms
total: 231.176982ms

image: 000000568154 (427x640)
layer0: 1.999706ms
layer1: 3.495266ms
layer2: 102.736687ms
total: 391.762167ms

image: 000000268150 (640x480)
layer0: 1.575179ms
layer1: 2.025235ms
layer2: 69.317754ms
total: 619.297827ms

image: 000000138473 (427x640)
layer0: 773.382µs
layer1: 1.186579ms
layer2: 45.963059ms
total: 164.550815ms

image: 000000382699 (500x375)
layer0: 1.116177ms
layer1: 1.924235ms
layer2: 42.719325ms
total: 235.781011ms

image: 000000493952 (640x427)
layer0: 1.164708ms
layer1: 1.590538ms
layer2: 291.327584ms
total: 1.384563697s

image: 000000348522 (640x426)
layer0: 2.392315ms
layer1: 2.014885ms
layer2: 47.367407ms
total: 121.395991ms

image: 000000066862 (640x480)
layer0: 1.98567ms
layer1: 1.631866ms
layer2: 15.603684ms
total: 53.606628ms

image: 000000024457 (640x429)
layer0: 1.397015ms
layer1: 1.249197ms
layer2: 39.227024ms
total: 205.047433ms

