image: 000000147328 (640x480)
layer0: 1.973687ms
layer1: 4.38189ms
layer2: 1.997953ms
  l2_clear: 327.324µs
  l2_group_reduce: 654.279µs
  l2_expand: 367.891µs
  l2_emit: 185.769µs
total: 309.690896ms

image: 000000414738 (640x573)
layer0: 2.728786ms
layer1: 2.579324ms
layer2: 1.151703ms
  l2_clear: 343.305µs
  l2_group_reduce: 156.825µs
  l2_expand: 345.068µs
  l2_emit: 120.477µs
total: 33.474145ms

image: 000000281563 (500x332)
layer0: 1.262541ms
layer1: 3.316399ms
layer2: 1.720922ms
  l2_clear: 398.95µs
  l2_group_reduce: 328.177µs
  l2_expand: 677.643µs
  l2_emit: 261.862µs
total: 64.431783ms

image: 000000063879 (640x365)
layer0: 1.344275ms
layer1: 3.5188ms
layer2: 1.649378ms
  l2_clear: 547.257µs
  l2_group_reduce: 278.794µs
  l2_expand: 584.147µs
  l2_emit: 219.232µs
total: 72.088374ms

image: 000000531349 (640x640)
layer0: 3.113658ms
layer1: 4.210889ms
layer2: 1.665308ms
  l2_clear: 422.804µs
  l2_group_reduce: 466.115µs
  l2_expand: 438.183µs
  l2_emit: 159.019µs
total: 143.956004ms

image: 000000340329 (640x480)
layer0: 2.899015ms
layer1: 5.446249ms
layer2: 1.699342ms
  l2_clear: 320.382µs
  l2_group_reduce: 596.561µs
  l2_expand: 383.921µs
  l2_emit: 166.031µs
total: 311.889406ms

image: 000000182236 (640x480)
layer0: 1.670357ms
layer1: 3.78568ms
layer2: 4.071117ms
  l2_clear: 2.770934ms
  l2_group_reduce: 419.588µs
  l2_expand: 634.382µs
  l2_emit: 224.842µs
total: 86.299116ms

image: 000000326820 (548x640)
layer0: 1.959821ms
layer1: 6.495981ms
layer2: 2.146222ms
  l2_clear: 734.629µs
  l2_group_reduce: 468.05µs
  l2_expand: 670.82µs
  l2_emit: 251.663µs
total: 88.745782ms

image: 000000149364 (640x410)
layer0: 2.604112ms
layer1: 4.543274ms
layer2: 2.864891ms
  l2_clear: 545.715µs
  l2_group_reduce: 778.242µs
  l2_expand: 765.598µs
  l2_emit: 339.448µs
total: 409.953852ms

image: 000000166598 (480x640)
layer0: 2.769321ms
layer1: 3.717252ms
layer2: 1.830498ms
  l2_clear: 666.141µs
  l2_group_reduce: 322.906µs
  l2_expand: 632.168µs
  l2_emit: 189.185µs
total: 27.165937ms

image: 000000424792 (640x487)
layer0: 1.61316ms
layer1: 3.982671ms
layer2: 2.131814ms
  l2_clear: 706.407µs
  l2_group_reduce: 379.132µs
  l2_expand: 777.009µs
  l2_emit: 251.523µs
total: 39.46612ms

image: 000000178388 (640x480)
layer0: 1.654537ms
layer1: 3.333772ms
layer2: 1.961896ms
  l2_clear: 630.064µs
  l2_group_reduce: 485.492µs
  l2_expand: 584.608µs
  l2_emit: 248.778µs
total: 54.573676ms

image: 000000568154 (427x640)
layer0: 3.753671ms
layer1: 5.415802ms
layer2: 2.564306ms
  l2_clear: 617.971µs
  l2_group_reduce: 571.354µs
  l2_expand: 664.528µs
  l2_emit: 276.67µs
total: 102.794881ms

image: 000000268150 (640x480)
layer0: 2.906529ms
layer1: 4.389074ms
layer2: 2.393636ms
  l2_clear: 674.847µs
  l2_group_reduce: 558.88µs
  l2_expand: 863.692µs
  l2_emit: 278.413µs
total: 133.320778ms

image: 000000138473 (427x640)
layer0: 1.473207ms
layer1: 3.784659ms
layer2: 1.876815ms
  l2_clear: 614.253µs
  l2_group_reduce: 378.922µs
  l2_expand: 630.495µs
  l2_emit: 233.468µs
total: 41.304853ms

image: 000000382699 (500x375)
layer0: 1.336791ms
layer1: 3.584984ms
layer2: 1.705173ms
  l2_clear: 473.539µs
  l2_group_reduce: 372.64µs
  l2_expand: 621.458µs
  l2_emit: 219.763µs
total: 48.281377ms

image: 000000493952 (640x427)
layer0: 2.664034ms
layer1: 5.578949ms
layer2: 4.004041ms
  l2_clear: 594.767µs
  l2_group_reduce: 1.189805ms
  l2_expand: 883.68µs
  l2_emit: 419.709µs
total: 371.794025ms

image: 000000348522 (640x426)
layer0: 1.836089ms
layer1: 3.46077ms
layer2: 2.415087ms
  l2_clear: 594.197µs
  l2_group_reduce: 428.165µs
  l2_expand: 638.099µs
  l2_emit: 334.528µs
total: 41.044855ms

image: 000000066862 (640x480)
layer0: 1.574697ms
layer1: 3.285331ms
layer2: 1.566954ms
  l2_clear: 626.637µs
  l2_group_reduce: 249.899µs
  l2_expand: 491.012µs
  l2_emit: 180.66µs
total: 21.298164ms

image: 000000024457 (640x429)
layer0: 1.432801ms
layer1: 2.755296ms
layer2: 1.624702ms
  l2_clear: 547.338µs
  l2_group_reduce: 246.473µs
  l2_expand: 592.253µs
  l2_emit: 225.313µs
total: 56.55613ms

image: 000000160437 (640x480)
layer0: 2.934702ms
layer1: 5.791739ms
layer2: 2.972694ms
  l2_clear: 619.053µs
  l2_group_reduce: 1.120625ms
  l2_expand: 608.333µs
  l2_emit: 376.737µs
total: 217.430983ms

image: 000000487414 (640x425)
layer0: 1.566513ms
layer1: 4.498309ms
layer2: 2.589484ms
  l2_clear: 644.751µs
  l2_group_reduce: 663.215µs
  l2_expand: 560.403µs
  l2_emit: 270.628µs
total: 124.699375ms

image: 000000329541 (480x640)
layer0: 1.802085ms
layer1: 4.272385ms
layer2: 1.992122ms
  l2_clear: 660.56µs
  l2_group_reduce: 438.053µs
  l2_expand: 664.819µs
  l2_emit: 209.313µs
total: 88.494801ms

image: 000000092064 (640x427)
layer0: 2.747019ms
layer1: 4.728782ms
layer2: 2.115494ms
  l2_clear: 598.715µs
  l2_group_reduce: 656.914µs
  l2_expand: 561.685µs
  l2_emit: 279.325µs
total: 173.04323ms

image: 000000281262 (640x478)
layer0: 2.040623ms
layer1: 3.743972ms
layer2: 2.01244ms
  l2_clear: 488.688µs
  l2_group_reduce: 298.01µs
  l2_expand: 394.18µs
  l2_emit: 179.387µs
total: 97.452396ms

image: 000000145337 (640x480)
layer0: 2.005597ms
layer1: 3.821248ms
layer2: 2.308636ms
  l2_clear: 657.696µs
  l2_group_reduce: 422.383µs
  l2_expand: 605.066µs
  l2_emit: 243.527µs
total: 74.570206ms

image: 000000372147 (427x640)
layer0: 1.667271ms
layer1: 5.906764ms
layer2: 2.268661ms
  l2_clear: 384.362µs
  l2_group_reduce: 295.946µs
  l2_expand: 253.856µs
  l2_emit: 115.476µs
total: 20.409675ms

image: 000000559184 (640x597)
layer0: 922.874µs
layer1: 2.440644ms
layer2: 926.871µs
  l2_clear: 338.306µs
  l2_group_reduce: 148.539µs
  l2_expand: 327.485µs
  l2_emit: 98.084µs
total: 24.479821ms

image: 000000511141 (640x426)
layer0: 2.747981ms
layer1: 3.699559ms
layer2: 1.862719ms
  l2_clear: 555.223µs
  l2_group_reduce: 345.299µs
  l2_expand: 717.427µs
  l2_emit: 225.623µs
total: 129.801688ms

image: 000000228974 (640x425)
layer0: 2.605554ms
layer1: 3.960148ms
layer2: 1.973377ms
  l2_clear: 615.456µs
  l2_group_reduce: 483.739µs
  l2_expand: 617.24µs
  l2_emit: 239.54µs
total: 48.642256ms

image: 000000092658 (426x640)
layer0: 2.739055ms
layer1: 5.013397ms
layer2: 2.645519ms
  l2_clear: 623.882µs
  l2_group_reduce: 817.696µs
  l2_expand: 863.101µs
  l2_emit: 322.746µs
total: 180.097269ms

image: 000000528299 (640x480)
layer0: 1.346499ms
layer1: 2.574336ms
layer2: 1.098253ms
  l2_clear: 397.136µs
  l2_group_reduce: 215.004µs
  l2_expand: 340.569µs
  l2_emit: 121.939µs
total: 72.556523ms

image: 000000494811 (640x360)
layer0: 1.896342ms
layer1: 3.398753ms
layer2: 917.823µs
  l2_clear: 250.761µs
  l2_group_reduce: 190.969µs
  l2_expand: 339.939µs
  l2_emit: 120.135µs
total: 107.647636ms

image: 000000063873 (640x551)
layer0: 3.084083ms
layer1: 5.67527ms
layer2: 3.26335ms
  l2_clear: 840.338µs
  l2_group_reduce: 906.312µs
  l2_expand: 803.699µs
  l2_emit: 362.271µs
total: 424.986718ms

image: 000000156073 (640x480)
layer0: 1.292278ms
layer1: 2.99218ms
layer2: 1.640351ms
  l2_clear: 304.943µs
  l2_group_reduce: 341.752µs
  l2_expand: 479.221µs
  l2_emit: 166.082µs
total: 209.252923ms

image: 000000406342 (425x640)
layer0: 1.653647ms
layer1: 5.144803ms
layer2: 2.415567ms
  l2_clear: 396.495µs
  l2_group_reduce: 1.251781ms
  l2_expand: 355.578µs
  l2_emit: 154.721µs
total: 130.827926ms

image: 000000126288 (481x640)
layer0: 1.862088ms
layer1: 5.613915ms
layer2: 3.724757ms
  l2_clear: 745µs
  l2_group_reduce: 937.37µs
  l2_expand: 951.287µs
  l2_emit: 366.018µs
total: 151.195282ms

image: 000000550547 (640x480)
layer0: 3.000907ms
layer1: 4.342146ms
layer2: 2.647052ms
  l2_clear: 682.272µs
  l2_group_reduce: 483.248µs
  l2_expand: 790.104µs
  l2_emit: 265.929µs
total: 107.157846ms

image: 000000420414 (640x480)
layer0: 2.048599ms
layer1: 2.962674ms
layer2: 1.11807ms
  l2_clear: 367.169µs
  l2_group_reduce: 292.369µs
  l2_expand: 310.854µs
  l2_emit: 131.848µs
total: 119.566754ms

image: 000000240755 (640x480)
layer0: 1.307947ms
layer1: 1.870684ms
layer2: 780.817µs
  l2_clear: 357.993µs
  l2_group_reduce: 71.214µs
  l2_expand: 258.376µs
  l2_emit: 72.215µs
total: 9.482581ms

image: 000000218357 (480x640)
layer0: 1.468939ms
layer1: 2.048698ms
layer2: 753.766µs
  l2_clear: 296.316µs
  l2_group_reduce: 92.814µs
  l2_expand: 269.396µs
  l2_emit: 80.141µs
total: 14.84807ms

image: 000000209073 (480x640)
layer0: 1.15546ms
layer1: 2.950842ms
layer2: 953.01µs
  l2_clear: 301.737µs
  l2_group_reduce: 198.102µs
  l2_expand: 290.355µs
  l2_emit: 143.52µs
total: 16.474274ms

image: 000000250607 (480x640)
layer0: 1.664096ms
layer1: 3.198288ms
layer2: 964.461µs
  l2_clear: 345.709µs
  l2_group_reduce: 218.771µs
  l2_expand: 275.888µs
  l2_emit: 106.21µs
total: 41.221617ms

image: 000000327818 (640x427)
layer0: 1.525986ms
layer1: 3.012668ms
layer2: 1.08073ms
  l2_clear: 350.809µs
  l2_group_reduce: 214.352µs
  l2_expand: 391.686µs
  l2_emit: 107.642µs
total: 50.504644ms

image: 000000175111 (640x478)
layer0: 1.752111ms
layer1: 3.364049ms
layer2: 1.912983ms
  l2_clear: 651.444µs
  l2_group_reduce: 325.782µs
  l2_expand: 693.282µs
  l2_emit: 222.317µs
total: 31.809138ms

image: 000000242755 (464x640)
layer0: 2.278921ms
layer1: 3.504563ms
layer2: 1.723387ms
  l2_clear: 746.723µs
  l2_group_reduce: 274.366µs
  l2_expand: 510.289µs
  l2_emit: 175.399µs
total: 14.771746ms

image: 000000236173 (450x350)
layer0: 1.008935ms
layer1: 1.508243ms
layer2: 1.316293ms
  l2_clear: 526.679µs
  l2_group_reduce: 193.884µs
  l2_expand: 450.075µs
  l2_emit: 131.748µs
total: 14.818454ms

image: 000000460918 (364x640)
layer0: 1.386985ms
layer1: 4.060477ms
layer2: 2.063486ms
  l2_clear: 625.344µs
  l2_group_reduce: 624.413µs
  l2_expand: 538.482µs
  l2_emit: 256.602µs
total: 104.437837ms

image: 000000029716 (480x640)
layer0: 2.130131ms
layer1: 4.197404ms
layer2: 2.035073ms
  l2_clear: 305.594µs
  l2_group_reduce: 760.899µs
  l2_expand: 565.102µs
  l2_emit: 216.176µs
total: 238.018954ms

image: 000000572289 (640x427)
layer0: 733.047µs
layer1: 2.389768ms
layer2: 1.972505ms
  l2_clear: 554.001µs
  l2_group_reduce: 179.667µs
  l2_expand: 526.739µs
  l2_emit: 124.534µs
total: 26.357548ms

