image: degleex-ganzorig-wQImoykAwGs-unsplash (3456x5184)
layer0: 22.866693ms
layer1: 275.951561ms
layer2: 11.826168ms
layer3: 1.537328ms
layer4: 1.594005ms
layer5: 73.545237ms
total: 400.912258ms

image: marita-kavelashvili-ugnrXk1129g-unsplash (4288x2848)
layer0: 18.244588ms
layer1: 205.841918ms
layer2: 6.45131ms
layer3: 1.226324ms
layer4: 1.261019ms
layer5: 48.604949ms
total: 291.643703ms

image: sebastian-unrau-sp-p7uuT0tw-unsplash (6000x4000)
layer0: 31.269689ms
layer1: 397.562684ms
layer2: 11.855915ms
layer3: 1.966745ms
layer4: 1.921911ms
layer5: 96.339002ms
total: 554.481415ms

