image: 000000147328 (640x480)
layer0: 1.747904ms
layer1: 4.614102ms
layer2: 366.926024ms
  l2_clear: 302.907µs
  l2_bin_count: 363.561µs
  l2_scan: 65.643µs
  l2_bin_fill: 250.89µs
  l2_label_init: 109.095µs
  l2_label_prop: 351.727496ms
  l2_label_compress: 11.677614ms
  l2_reduce: 1.206831ms
  l2_emit: 749.875µs
total: 11.743781732s

image: 000000414738 (640x573)
layer0: 2.875706ms
layer1: 4.119987ms
layer2: 110.028716ms
  l2_clear: 309.249µs
  l2_bin_count: 277.62µs
  l2_scan: 122.91µs
  l2_bin_fill: 211.596µs
  l2_label_init: 129.823µs
  l2_label_prop: 106.458549ms
  l2_label_compress: 1.469493ms
  l2_reduce: 538.328µs
  l2_emit: 472.135µs
total: 892.483282ms

image: 000000281563 (500x332)
layer0: 2.289098ms
layer1: 3.2994ms
layer2: 97.562877ms
  l2_clear: 295.383µs
  l2_bin_count: 153.929µs
  l2_scan: 65.412µs
  l2_bin_fill: 184.887µs
  l2_label_init: 93.806µs
  l2_label_prop: 94.77248ms
  l2_label_compress: 894.395µs
  l2_reduce: 575.428µs
  l2_emit: 484.237µs
total: 2.081125946s

image: 000000063879 (640x365)
layer0: 3.08564ms
layer1: 4.605667ms
layer2: 83.540681ms
  l2_clear: 381.604µs
  l2_bin_count: 278.291µs
  l2_scan: 95.91µs
  l2_bin_fill: 194.765µs
  l2_label_init: 95.058µs
  l2_label_prop: 80.472975ms
  l2_label_compress: 771.105µs
  l2_reduce: 579.315µs
  l2_emit: 475.2µs
total: 2.377445617s

