image: 000000147328 (640x480)
layer0: 1.711936ms
layer1: 1.485471ms
layer2: 260.7028ms
total: 1.483880318s

image: 000000414738 (640x573)
layer0: 3.232282ms
layer1: 1.285034ms
layer2: 46.922802ms
total: 97.320752ms

image: 000000281563 (500x332)
layer0: 947.681µs
layer1: 2.444272ms
layer2: 52.589658ms
total: 259.636748ms

image: 000000063879 (640x365)
layer0: 1.718679ms
layer1: 2.781675ms
layer2: 49.543716ms
total: 286.237241ms

image: 000000531349 (640x640)
layer0: 5.763307ms
layer1: 2.595445ms
layer2: 130.693787ms
total: 740.120941ms

image: 000000340329 (640x480)
layer0: 2.771547ms
layer1: 2.435426ms
layer2: 250.720968ms
total: 1.674103333s

image: 000000182236 (640x480)
layer0: 3.001489ms
layer1: 2.426809ms
layer2: 40.051122ms
total: 281.147329ms

image: 000000326820 (548x640)
layer0: 1.413325ms
layer1: 1.403858ms
layer2: 78.825155ms
total: 398.149265ms

image: 000000149364 (640x410)
layer0: 2.551283ms
layer1: 2.396001ms
layer2: 144.880781ms
total: 1.385487523s

image: 000000166598 (480x640)
layer0: 1.656993ms
layer1: 1.746081ms
layer2: 23.161522ms
total: 75.887196ms

image: 000000424792 (640x487)
layer0: 955.846µs
layer1: 1.089217ms
layer2: 34.21643ms
total: 141.463661ms

image: 000000178388 (640x480)
layer0: 1.754466ms
layer1: 2.085848ms
layer2: 82.581251ms
total: 222.967329ms

image: 000000568154 (427x640)
layer0: 1.526207ms
layer1: 2.100617ms
layer2: 99.205693ms
total: 378.652177ms

image: 000000268150 (640x480)
layer0: 1.667683ms
layer1: 2.057686ms
layer2: 68.868801ms
total: 608.90906ms

image: 000000138473 (427x640)
layer0: 3.118298ms
layer1: 1.995328ms
layer2: 41.754653ms
total: 161.465488ms

image: 000000382699 (500x375)
layer0: 1.342903ms
layer1: 1.899799ms
layer2: 49.603228ms
total: 244.347886ms

image: 000000493952 (640x427)
layer0: 3.636652ms
layer1: 2.434754ms
layer2: 293.544909ms
total: 1.378923912s

image: 000000348522 (640x426)
layer0: 1.008995ms
layer1: 1.466045ms
layer2: 47.581349ms
total: 119.771308ms

image: 000000066862 (640x480)
layer0: 1.680297ms
layer1: 1.895551ms
layer2: 16.593944ms
total: 53.096861ms

image: 000000024457 (640x429)
layer0: 1.467056ms
layer1: 1.356659ms
layer2: 39.255538ms
total: 198.802381ms

image: 000000160437 (640x480)
layer0: 1.657474ms
layer1: 2.431929ms
layer2: 281.678737ms
total: 1.070782692s

image: 000000487414 (640x425)
layer0: 1.317025ms
layer1: 1.752642ms
layer2: 141.504037ms
total: 459.235065ms

image: 000000329541 (480x640)
layer0: 1.871305ms
layer1: 1.926799ms
layer2: 39.085028ms
total: 385.122833ms

image: 000000092064 (640x427)
layer0: 2.945994ms
layer1: 2.273301ms
layer2: 134.640201ms
total: 684.12282ms

image: 000000281262 (640x478)
layer0: 3.042055ms
layer1: 2.452859ms
layer2: 84.21971ms
total: 312.651464ms

image: 000000145337 (640x480)
layer0: 2.953329ms
layer1: 2.076992ms
layer2: 49.255093ms
total: 357.064602ms

image: 000000372147 (427x640)
layer0: 3.658182ms
layer1: 2.184604ms
layer2: 143.740129ms
total: 151.363219ms

image: 000000559184 (640x597)
layer0: 1.4156ms
layer1: 1.238417ms
layer2: 14.321495ms
total: 48.820167ms

image: 000000511141 (640x426)
layer0: 1.574859ms
layer1: 1.500819ms
layer2: 65.168249ms
total: 609.214574ms

image: 000000228974 (640x425)
layer0: 2.646121ms
layer1: 2.56569ms
layer2: 63.937306ms
total: 177.920201ms

image: 000000092658 (426x640)
layer0: 2.626213ms
layer1: 2.631003ms
layer2: 119.636937ms
total: 639.431982ms

image: 000000528299 (640x480)
layer0: 2.974258ms
layer1: 1.901602ms
layer2: 46.435075ms
total: 355.654632ms

image: 000000494811 (640x360)
layer0: 3.208387ms
layer1: 2.422882ms
layer2: 73.669489ms
total: 478.737383ms

image: 000000063873 (640x551)
layer0: 1.90586ms
layer1: 2.565589ms
layer2: 210.387786ms
total: 2.241676517s

image: 000000156073 (640x480)
layer0: 3.642773ms
layer1: 2.258443ms
layer2: 91.969699ms
total: 843.549117ms

image: 000000406342 (425x640)
layer0: 2.604082ms
layer1: 2.744236ms
layer2: 195.519963ms
total: 550.964891ms

image: 000000126288 (481x640)
layer0: 3.585566ms
layer1: 2.668944ms
layer2: 215.090291ms
total: 694.436276ms

image: 000000550547 (640x480)
layer0: 3.186786ms
layer1: 2.380442ms
layer2: 71.471771ms
total: 493.036835ms

image: 000000420414 (640x480)
layer0: 1.731402ms
layer1: 2.489026ms
layer2: 160.275492ms
total: 417.301225ms

image: 000000240755 (640x480)
layer0: 2.814076ms
layer1: 2.247983ms
layer2: 10.787316ms
total: 21.530498ms

image: 000000218357 (480x640)
layer0: 1.461967ms
layer1: 2.101057ms
layer2: 16.035025ms
total: 37.18039ms

image: 000000209073 (480x640)
layer0: 1.715713ms
layer1: 1.296385ms
layer2: 58.279778ms
total: 63.800589ms

image: 000000250607 (480x640)
layer0: 1.716635ms
layer1: 1.881455ms
layer2: 56.007729ms
total: 135.914326ms

image: 000000327818 (640x427)
layer0: 1.54904ms
layer1: 1.813838ms
layer2: 21.059373ms
total: 120.285746ms

image: 000000175111 (640x478)
layer0: 3.519743ms
layer1: 2.751659ms
layer2: 13.432555ms
total: 48.229106ms

image: 000000242755 (464x640)
layer0: 1.443472ms
layer1: 2.349023ms
layer2: 33.11403ms
total: 39.477975ms

image: 000000236173 (450x350)
layer0: 969.822µs
layer1: 874.252µs
layer2: 11.237491ms
total: 35.450249ms

image: 000000460918 (364x640)
layer0: 1.270577ms
layer1: 1.236713ms
layer2: 109.336788ms
total: 459.345212ms

image: 000000029716 (480x640)
layer0: 2.868669ms
layer1: 2.414967ms
layer2: 266.677547ms
total: 844.128157ms

image: 000000572289 (640x427)
layer0: 1.628529ms
layer1: 1.775255ms
layer2: 25.025374ms
total: 71.878695ms

image: 000000181356 (500x375)
layer0: 1.269745ms
layer1: 2.707487ms
layer2: 30.231675ms
total: 126.670851ms

